[0.414s] DEBUG:colcon:Command line arguments: ['/usr/bin/colcon', 'build', '--packages-select', 'akushon']
[0.414s] DEBUG:colcon:Parsed command line arguments: Namespace(allow_overriding=[], ament_cmake_args=None, base_paths=['.'], build_base='build', catkin_cmake_args=None, catkin_skip_building_tests=False, cmake_args=None, cmake_clean_cache=False, cmake_clean_first=False, cmake_force_configure=False, cmake_target=None, cmake_target_skip_unavailable=False, continue_on_error=False, event_handlers=None, executor='parallel', ignore_user_meta=False, install_base='install', log_base=None, log_level=None, main=<bound method BuildVerb.main of <colcon_core.verb.build.BuildVerb object at 0x7fcd3fa3c1f0>>, merge_install=False, metas=['./colcon.meta'], packages_above=None, packages_above_and_dependencies=None, packages_above_depth=None, packages_end=None, packages_ignore=None, packages_ignore_regex=None, packages_select=['akushon'], packages_select_build_failed=False, packages_select_by_dep=None, packages_select_regex=None, packages_select_test_failures=False, packages_skip=None, packages_skip_build_finished=False, packages_skip_by_dep=None, packages_skip_regex=None, packages_skip_test_passed=False, packages_skip_up_to=None, packages_start=None, packages_up_to=None, packages_up_to_regex=None, parallel_workers=4, paths=None, symlink_install=False, test_result_base=None, verb_extension=<colcon_core.verb.build.BuildVerb object at 0x7fcd3fa3c1f0>, verb_name='build', verb_parser=<colcon_defaults.argument_parser.defaults.DefaultArgumentsDecorator object at 0x7fcd3fa3c730>)
[0.432s] Level 1:colcon.colcon_core.package_discovery:discover_packages(colcon_meta) check parameters
[0.435s] Level 1:colcon.colcon_core.package_discovery:discover_packages(recursive) check parameters
[0.435s] Level 1:colcon.colcon_core.package_discovery:discover_packages(ignore) check parameters
[0.436s] Level 1:colcon.colcon_core.package_discovery:discover_packages(path) check parameters
[0.436s] Level 1:colcon.colcon_core.package_discovery:discover_packages(colcon_meta) discover
[0.436s] Level 1:colcon.colcon_core.package_discovery:discover_packages(recursive) discover
[0.437s] INFO:colcon.colcon_core.package_discovery:Crawling recursively for packages in '/home/azriel19/Documents/File TA/File Simul ICHIRO/webots_ws'
[0.438s] Level 1:colcon.colcon_core.package_identification:_identify(.) by extensions ['ignore', 'ignore_ament_install']
[0.439s] Level 1:colcon.colcon_core.package_identification:_identify(.) by extension 'ignore'
[0.439s] Level 1:colcon.colcon_core.package_identification:_identify(.) by extension 'ignore_ament_install'
[0.440s] Level 1:colcon.colcon_core.package_identification:_identify(.) by extensions ['colcon_pkg']
[0.440s] Level 1:colcon.colcon_core.package_identification:_identify(.) by extension 'colcon_pkg'
[0.440s] Level 1:colcon.colcon_core.package_identification:_identify(.) by extensions ['colcon_meta']
[0.440s] Level 1:colcon.colcon_core.package_identification:_identify(.) by extension 'colcon_meta'
[0.440s] Level 1:colcon.colcon_core.package_identification:_identify(.) by extensions ['ros']
[0.441s] Level 1:colcon.colcon_core.package_identification:_identify(.) by extension 'ros'
[0.478s] Level 1:colcon.colcon_core.package_identification:_identify(.) by extensions ['cmake', 'python']
[0.479s] Level 1:colcon.colcon_core.package_identification:_identify(.) by extension 'cmake'
[0.479s] Level 1:colcon.colcon_core.package_identification:_identify(.) by extension 'python'
[0.479s] Level 1:colcon.colcon_core.package_identification:_identify(.) by extensions ['python_setup_py']
[0.479s] Level 1:colcon.colcon_core.package_identification:_identify(.) by extension 'python_setup_py'
[0.480s] Level 1:colcon.colcon_core.package_identification:_identify(build) by extensions ['ignore', 'ignore_ament_install']
[0.481s] Level 1:colcon.colcon_core.package_identification:_identify(build) by extension 'ignore'
[0.481s] Level 1:colcon.colcon_core.package_identification:_identify(build) ignored
[0.481s] Level 1:colcon.colcon_core.package_identification:_identify(install) by extensions ['ignore', 'ignore_ament_install']
[0.482s] Level 1:colcon.colcon_core.package_identification:_identify(install) by extension 'ignore'
[0.482s] Level 1:colcon.colcon_core.package_identification:_identify(install) ignored
[0.483s] Level 1:colcon.colcon_core.package_identification:_identify(log) by extensions ['ignore', 'ignore_ament_install']
[0.484s] Level 1:colcon.colcon_core.package_identification:_identify(log) by extension 'ignore'
[0.485s] Level 1:colcon.colcon_core.package_identification:_identify(log) ignored
[0.485s] Level 1:colcon.colcon_core.package_identification:_identify(src) by extensions ['ignore', 'ignore_ament_install']
[0.485s] Level 1:colcon.colcon_core.package_identification:_identify(src) by extension 'ignore'
[0.485s] Level 1:colcon.colcon_core.package_identification:_identify(src) by extension 'ignore_ament_install'
[0.486s] Level 1:colcon.colcon_core.package_identification:_identify(src) by extensions ['colcon_pkg']
[0.486s] Level 1:colcon.colcon_core.package_identification:_identify(src) by extension 'colcon_pkg'
[0.487s] Level 1:colcon.colcon_core.package_identification:_identify(src) by extensions ['colcon_meta']
[0.487s] Level 1:colcon.colcon_core.package_identification:_identify(src) by extension 'colcon_meta'
[0.488s] Level 1:colcon.colcon_core.package_identification:_identify(src) by extensions ['ros']
[0.488s] Level 1:colcon.colcon_core.package_identification:_identify(src) by extension 'ros'
[0.488s] Level 1:colcon.colcon_core.package_identification:_identify(src) by extensions ['cmake', 'python']
[0.489s] Level 1:colcon.colcon_core.package_identification:_identify(src) by extension 'cmake'
[0.489s] Level 1:colcon.colcon_core.package_identification:_identify(src) by extension 'python'
[0.489s] Level 1:colcon.colcon_core.package_identification:_identify(src) by extensions ['python_setup_py']
[0.489s] Level 1:colcon.colcon_core.package_identification:_identify(src) by extension 'python_setup_py'
[0.489s] Level 1:colcon.colcon_core.package_identification:_identify(src/akushon) by extensions ['ignore', 'ignore_ament_install']
[0.490s] Level 1:colcon.colcon_core.package_identification:_identify(src/akushon) by extension 'ignore'
[0.490s] Level 1:colcon.colcon_core.package_identification:_identify(src/akushon) by extension 'ignore_ament_install'
[0.490s] Level 1:colcon.colcon_core.package_identification:_identify(src/akushon) by extensions ['colcon_pkg']
[0.491s] Level 1:colcon.colcon_core.package_identification:_identify(src/akushon) by extension 'colcon_pkg'
[0.491s] Level 1:colcon.colcon_core.package_identification:_identify(src/akushon) by extensions ['colcon_meta']
[0.491s] Level 1:colcon.colcon_core.package_identification:_identify(src/akushon) by extension 'colcon_meta'
[0.492s] Level 1:colcon.colcon_core.package_identification:_identify(src/akushon) by extensions ['ros']
[0.492s] Level 1:colcon.colcon_core.package_identification:_identify(src/akushon) by extension 'ros'
[0.502s] DEBUG:colcon.colcon_core.package_identification:Package 'src/akushon' with type 'ros.ament_cmake' and name 'akushon'
[0.502s] Level 1:colcon.colcon_core.package_identification:_identify(src/aruku) by extensions ['ignore', 'ignore_ament_install']
[0.502s] Level 1:colcon.colcon_core.package_identification:_identify(src/aruku) by extension 'ignore'
[0.502s] Level 1:colcon.colcon_core.package_identification:_identify(src/aruku) by extension 'ignore_ament_install'
[0.503s] Level 1:colcon.colcon_core.package_identification:_identify(src/aruku) by extensions ['colcon_pkg']
[0.503s] Level 1:colcon.colcon_core.package_identification:_identify(src/aruku) by extension 'colcon_pkg'
[0.503s] Level 1:colcon.colcon_core.package_identification:_identify(src/aruku) by extensions ['colcon_meta']
[0.503s] Level 1:colcon.colcon_core.package_identification:_identify(src/aruku) by extension 'colcon_meta'
[0.503s] Level 1:colcon.colcon_core.package_identification:_identify(src/aruku) by extensions ['ros']
[0.503s] Level 1:colcon.colcon_core.package_identification:_identify(src/aruku) by extension 'ros'
[0.507s] DEBUG:colcon.colcon_core.package_identification:Package 'src/aruku' with type 'ros.ament_cmake' and name 'aruku'
[0.508s] Level 1:colcon.colcon_core.package_identification:_identify(src/framework_common) by extensions ['ignore', 'ignore_ament_install']
[0.508s] Level 1:colcon.colcon_core.package_identification:_identify(src/framework_common) by extension 'ignore'
[0.508s] Level 1:colcon.colcon_core.package_identification:_identify(src/framework_common) by extension 'ignore_ament_install'
[0.509s] Level 1:colcon.colcon_core.package_identification:_identify(src/framework_common) by extensions ['colcon_pkg']
[0.509s] Level 1:colcon.colcon_core.package_identification:_identify(src/framework_common) by extension 'colcon_pkg'
[0.509s] Level 1:colcon.colcon_core.package_identification:_identify(src/framework_common) by extensions ['colcon_meta']
[0.509s] Level 1:colcon.colcon_core.package_identification:_identify(src/framework_common) by extension 'colcon_meta'
[0.509s] Level 1:colcon.colcon_core.package_identification:_identify(src/framework_common) by extensions ['ros']
[0.509s] Level 1:colcon.colcon_core.package_identification:_identify(src/framework_common) by extension 'ros'
[0.511s] DEBUG:colcon.colcon_core.package_identification:Package 'src/framework_common' with type 'ros.ament_cmake' and name 'framework_common'
[0.512s] Level 1:colcon.colcon_core.package_identification:_identify(src/framework_math) by extensions ['ignore', 'ignore_ament_install']
[0.512s] Level 1:colcon.colcon_core.package_identification:_identify(src/framework_math) by extension 'ignore'
[0.512s] Level 1:colcon.colcon_core.package_identification:_identify(src/framework_math) by extension 'ignore_ament_install'
[0.512s] Level 1:colcon.colcon_core.package_identification:_identify(src/framework_math) by extensions ['colcon_pkg']
[0.512s] Level 1:colcon.colcon_core.package_identification:_identify(src/framework_math) by extension 'colcon_pkg'
[0.513s] Level 1:colcon.colcon_core.package_identification:_identify(src/framework_math) by extensions ['colcon_meta']
[0.513s] Level 1:colcon.colcon_core.package_identification:_identify(src/framework_math) by extension 'colcon_meta'
[0.513s] Level 1:colcon.colcon_core.package_identification:_identify(src/framework_math) by extensions ['ros']
[0.513s] Level 1:colcon.colcon_core.package_identification:_identify(src/framework_math) by extension 'ros'
[0.514s] DEBUG:colcon.colcon_core.package_identification:Package 'src/framework_math' with type 'ros.ament_cmake' and name 'framework_math'
[0.514s] Level 1:colcon.colcon_core.package_identification:_identify(src/kansei) by extensions ['ignore', 'ignore_ament_install']
[0.515s] Level 1:colcon.colcon_core.package_identification:_identify(src/kansei) by extension 'ignore'
[0.515s] Level 1:colcon.colcon_core.package_identification:_identify(src/kansei) by extension 'ignore_ament_install'
[0.515s] Level 1:colcon.colcon_core.package_identification:_identify(src/kansei) by extensions ['colcon_pkg']
[0.515s] Level 1:colcon.colcon_core.package_identification:_identify(src/kansei) by extension 'colcon_pkg'
[0.515s] Level 1:colcon.colcon_core.package_identification:_identify(src/kansei) by extensions ['colcon_meta']
[0.515s] Level 1:colcon.colcon_core.package_identification:_identify(src/kansei) by extension 'colcon_meta'
[0.516s] Level 1:colcon.colcon_core.package_identification:_identify(src/kansei) by extensions ['ros']
[0.516s] Level 1:colcon.colcon_core.package_identification:_identify(src/kansei) by extension 'ros'
[0.518s] DEBUG:colcon.colcon_core.package_identification:Package 'src/kansei' with type 'ros.ament_cmake' and name 'kansei'
[0.519s] Level 1:colcon.colcon_core.package_identification:_identify(src/kansei_interfaces) by extensions ['ignore', 'ignore_ament_install']
[0.519s] Level 1:colcon.colcon_core.package_identification:_identify(src/kansei_interfaces) by extension 'ignore'
[0.519s] Level 1:colcon.colcon_core.package_identification:_identify(src/kansei_interfaces) by extension 'ignore_ament_install'
[0.519s] Level 1:colcon.colcon_core.package_identification:_identify(src/kansei_interfaces) by extensions ['colcon_pkg']
[0.519s] Level 1:colcon.colcon_core.package_identification:_identify(src/kansei_interfaces) by extension 'colcon_pkg'
[0.520s] Level 1:colcon.colcon_core.package_identification:_identify(src/kansei_interfaces) by extensions ['colcon_meta']
[0.520s] Level 1:colcon.colcon_core.package_identification:_identify(src/kansei_interfaces) by extension 'colcon_meta'
[0.520s] Level 1:colcon.colcon_core.package_identification:_identify(src/kansei_interfaces) by extensions ['ros']
[0.520s] Level 1:colcon.colcon_core.package_identification:_identify(src/kansei_interfaces) by extension 'ros'
[0.522s] DEBUG:colcon.colcon_core.package_identification:Package 'src/kansei_interfaces' with type 'ros.ament_cmake' and name 'kansei_interfaces'
[0.522s] Level 1:colcon.colcon_core.package_identification:_identify(src/keisan) by extensions ['ignore', 'ignore_ament_install']
[0.523s] Level 1:colcon.colcon_core.package_identification:_identify(src/keisan) by extension 'ignore'
[0.523s] Level 1:colcon.colcon_core.package_identification:_identify(src/keisan) by extension 'ignore_ament_install'
[0.523s] Level 1:colcon.colcon_core.package_identification:_identify(src/keisan) by extensions ['colcon_pkg']
[0.523s] Level 1:colcon.colcon_core.package_identification:_identify(src/keisan) by extension 'colcon_pkg'
[0.523s] Level 1:colcon.colcon_core.package_identification:_identify(src/keisan) by extensions ['colcon_meta']
[0.523s] Level 1:colcon.colcon_core.package_identification:_identify(src/keisan) by extension 'colcon_meta'
[0.524s] Level 1:colcon.colcon_core.package_identification:_identify(src/keisan) by extensions ['ros']
[0.524s] Level 1:colcon.colcon_core.package_identification:_identify(src/keisan) by extension 'ros'
[0.527s] DEBUG:colcon.colcon_core.package_identification:Package 'src/keisan' with type 'ros.ament_cmake' and name 'keisan'
[0.527s] Level 1:colcon.colcon_core.package_identification:_identify(src/musen) by extensions ['ignore', 'ignore_ament_install']
[0.528s] Level 1:colcon.colcon_core.package_identification:_identify(src/musen) by extension 'ignore'
[0.529s] Level 1:colcon.colcon_core.package_identification:_identify(src/musen) by extension 'ignore_ament_install'
[0.530s] Level 1:colcon.colcon_core.package_identification:_identify(src/musen) by extensions ['colcon_pkg']
[0.530s] Level 1:colcon.colcon_core.package_identification:_identify(src/musen) by extension 'colcon_pkg'
[0.530s] Level 1:colcon.colcon_core.package_identification:_identify(src/musen) by extensions ['colcon_meta']
[0.530s] Level 1:colcon.colcon_core.package_identification:_identify(src/musen) by extension 'colcon_meta'
[0.530s] Level 1:colcon.colcon_core.package_identification:_identify(src/musen) by extensions ['ros']
[0.531s] Level 1:colcon.colcon_core.package_identification:_identify(src/musen) by extension 'ros'
[0.533s] DEBUG:colcon.colcon_core.package_identification:Package 'src/musen' with type 'ros.ament_cmake' and name 'musen'
[0.534s] Level 1:colcon.colcon_core.package_identification:_identify(src/robocup_client) by extensions ['ignore', 'ignore_ament_install']
[0.534s] Level 1:colcon.colcon_core.package_identification:_identify(src/robocup_client) by extension 'ignore'
[0.534s] Level 1:colcon.colcon_core.package_identification:_identify(src/robocup_client) by extension 'ignore_ament_install'
[0.534s] Level 1:colcon.colcon_core.package_identification:_identify(src/robocup_client) by extensions ['colcon_pkg']
[0.534s] Level 1:colcon.colcon_core.package_identification:_identify(src/robocup_client) by extension 'colcon_pkg'
[0.535s] Level 1:colcon.colcon_core.package_identification:_identify(src/robocup_client) by extensions ['colcon_meta']
[0.535s] Level 1:colcon.colcon_core.package_identification:_identify(src/robocup_client) by extension 'colcon_meta'
[0.535s] Level 1:colcon.colcon_core.package_identification:_identify(src/robocup_client) by extensions ['ros']
[0.535s] Level 1:colcon.colcon_core.package_identification:_identify(src/robocup_client) by extension 'ros'
[0.538s] DEBUG:colcon.colcon_core.package_identification:Package 'src/robocup_client' with type 'ros.ament_cmake' and name 'robocup_client'
[0.539s] Level 1:colcon.colcon_core.package_identification:_identify(src/tachimawari) by extensions ['ignore', 'ignore_ament_install']
[0.539s] Level 1:colcon.colcon_core.package_identification:_identify(src/tachimawari) by extension 'ignore'
[0.539s] Level 1:colcon.colcon_core.package_identification:_identify(src/tachimawari) by extension 'ignore_ament_install'
[0.540s] Level 1:colcon.colcon_core.package_identification:_identify(src/tachimawari) by extensions ['colcon_pkg']
[0.540s] Level 1:colcon.colcon_core.package_identification:_identify(src/tachimawari) by extension 'colcon_pkg'
[0.541s] Level 1:colcon.colcon_core.package_identification:_identify(src/tachimawari) by extensions ['colcon_meta']
[0.541s] Level 1:colcon.colcon_core.package_identification:_identify(src/tachimawari) by extension 'colcon_meta'
[0.541s] Level 1:colcon.colcon_core.package_identification:_identify(src/tachimawari) by extensions ['ros']
[0.541s] Level 1:colcon.colcon_core.package_identification:_identify(src/tachimawari) by extension 'ros'
[0.544s] DEBUG:colcon.colcon_core.package_identification:Package 'src/tachimawari' with type 'ros.ament_cmake' and name 'tachimawari'
[0.544s] Level 1:colcon.colcon_core.package_identification:_identify(src/tachimawari_interfaces) by extensions ['ignore', 'ignore_ament_install']
[0.545s] Level 1:colcon.colcon_core.package_identification:_identify(src/tachimawari_interfaces) by extension 'ignore'
[0.545s] Level 1:colcon.colcon_core.package_identification:_identify(src/tachimawari_interfaces) by extension 'ignore_ament_install'
[0.545s] Level 1:colcon.colcon_core.package_identification:_identify(src/tachimawari_interfaces) by extensions ['colcon_pkg']
[0.545s] Level 1:colcon.colcon_core.package_identification:_identify(src/tachimawari_interfaces) by extension 'colcon_pkg'
[0.545s] Level 1:colcon.colcon_core.package_identification:_identify(src/tachimawari_interfaces) by extensions ['colcon_meta']
[0.545s] Level 1:colcon.colcon_core.package_identification:_identify(src/tachimawari_interfaces) by extension 'colcon_meta'
[0.546s] Level 1:colcon.colcon_core.package_identification:_identify(src/tachimawari_interfaces) by extensions ['ros']
[0.546s] Level 1:colcon.colcon_core.package_identification:_identify(src/tachimawari_interfaces) by extension 'ros'
[0.547s] DEBUG:colcon.colcon_core.package_identification:Package 'src/tachimawari_interfaces' with type 'ros.ament_cmake' and name 'tachimawari_interfaces'
[0.547s] Level 1:colcon.colcon_core.package_discovery:discover_packages(recursive) using defaults
[0.547s] Level 1:colcon.colcon_core.package_discovery:discover_packages(ignore) discover
[0.547s] Level 1:colcon.colcon_core.package_discovery:discover_packages(ignore) using defaults
[0.548s] Level 1:colcon.colcon_core.package_discovery:discover_packages(path) discover
[0.548s] Level 1:colcon.colcon_core.package_discovery:discover_packages(path) using defaults
[0.597s] INFO:colcon.colcon_core.package_selection:Skipping not selected package 'framework_common' in 'src/framework_common'
[0.597s] INFO:colcon.colcon_core.package_selection:Skipping not selected package 'framework_math' in 'src/framework_math'
[0.597s] INFO:colcon.colcon_core.package_selection:Skipping not selected package 'kansei_interfaces' in 'src/kansei_interfaces'
[0.597s] INFO:colcon.colcon_core.package_selection:Skipping not selected package 'keisan' in 'src/keisan'
[0.597s] INFO:colcon.colcon_core.package_selection:Skipping not selected package 'musen' in 'src/musen'
[0.597s] INFO:colcon.colcon_core.package_selection:Skipping not selected package 'tachimawari_interfaces' in 'src/tachimawari_interfaces'
[0.597s] INFO:colcon.colcon_core.package_selection:Skipping not selected package 'kansei' in 'src/kansei'
[0.597s] INFO:colcon.colcon_core.package_selection:Skipping not selected package 'robocup_client' in 'src/robocup_client'
[0.597s] INFO:colcon.colcon_core.package_selection:Skipping not selected package 'tachimawari' in 'src/tachimawari'
[0.597s] INFO:colcon.colcon_core.package_selection:Skipping not selected package 'aruku' in 'src/aruku'
[0.599s] Level 5:colcon.colcon_core.verb:set package 'akushon' build argument 'cmake_args' from command line to 'None'
[0.599s] Level 5:colcon.colcon_core.verb:set package 'akushon' build argument 'cmake_target' from command line to 'None'
[0.599s] Level 5:colcon.colcon_core.verb:set package 'akushon' build argument 'cmake_target_skip_unavailable' from command line to 'False'
[0.599s] Level 5:colcon.colcon_core.verb:set package 'akushon' build argument 'cmake_clean_cache' from command line to 'False'
[0.600s] Level 5:colcon.colcon_core.verb:set package 'akushon' build argument 'cmake_clean_first' from command line to 'False'
[0.600s] Level 5:colcon.colcon_core.verb:set package 'akushon' build argument 'cmake_force_configure' from command line to 'False'
[0.600s] Level 5:colcon.colcon_core.verb:set package 'akushon' build argument 'ament_cmake_args' from command line to 'None'
[0.600s] Level 5:colcon.colcon_core.verb:set package 'akushon' build argument 'catkin_cmake_args' from command line to 'None'
[0.600s] Level 5:colcon.colcon_core.verb:set package 'akushon' build argument 'catkin_skip_building_tests' from command line to 'False'
[0.600s] DEBUG:colcon.colcon_core.verb:Building package 'akushon' with the following arguments: {'ament_cmake_args': None, 'build_base': '/home/azriel19/Documents/File TA/File Simul ICHIRO/webots_ws/build/akushon', 'catkin_cmake_args': None, 'catkin_skip_building_tests': False, 'cmake_args': None, 'cmake_clean_cache': False, 'cmake_clean_first': False, 'cmake_force_configure': False, 'cmake_target': None, 'cmake_target_skip_unavailable': False, 'install_base': '/home/azriel19/Documents/File TA/File Simul ICHIRO/webots_ws/install/akushon', 'merge_install': False, 'path': '/home/azriel19/Documents/File TA/File Simul ICHIRO/webots_ws/src/akushon', 'symlink_install': False, 'test_result_base': None}
[0.610s] WARNING:colcon.colcon_core.verb:Some selected packages are already built in one or more underlay workspaces:
	'akushon' is in: /home/azriel19/Documents/File TA/File Simul ICHIRO/webots_ws/install/akushon
If a package in a merged underlay workspace is overridden and it installs headers, then all packages in the overlay must sort their include directories by workspace order. Failure to do so may result in build failures or undefined behavior at run time.
If the overridden package is used by another package in any underlay, then the overriding package in the overlay must be API and ABI compatible or undefined behavior at run time may occur.

If you understand the risks and want to override a package anyways, add the following to the command line:
	--allow-overriding akushon

This may be promoted to an error in a future release of colcon-core.
[0.611s] INFO:colcon.colcon_core.executor:Executing jobs using 'parallel' executor
[0.617s] DEBUG:colcon.colcon_parallel_executor.executor.parallel:run_until_complete
[0.617s] INFO:colcon.colcon_ros.task.ament_cmake.build:Building ROS package in '/home/azriel19/Documents/File TA/File Simul ICHIRO/webots_ws/src/akushon' with build type 'ament_cmake'
[0.618s] INFO:colcon.colcon_cmake.task.cmake.build:Building CMake package in '/home/azriel19/Documents/File TA/File Simul ICHIRO/webots_ws/src/akushon'
[0.645s] INFO:colcon.colcon_core.plugin_system:Skipping extension 'colcon_core.shell.bat': Not used on non-Windows systems
[0.646s] INFO:colcon.colcon_core.shell:Skip shell extension 'powershell' for command environment: Not usable outside of PowerShell
[0.647s] DEBUG:colcon.colcon_core.shell:Skip shell extension 'dsv' for command environment
[0.715s] DEBUG:colcon.colcon_core.event_handler.log_command:Invoking command in '/home/azriel19/Documents/File TA/File Simul ICHIRO/webots_ws/build/akushon': CMAKE_PREFIX_PATH=/home/azriel19/Documents/File TA/File Simul ICHIRO/webots_ws/install/tachimawari:/home/azriel19/Documents/File TA/File Simul ICHIRO/webots_ws/install/robocup_client:/home/azriel19/Documents/File TA/File Simul ICHIRO/webots_ws/install/tachimawari_interfaces:/home/azriel19/Documents/File TA/File Simul ICHIRO/webots_ws/install/musen:/home/azriel19/Documents/File TA/File Simul ICHIRO/webots_ws/install/keisan:/home/azriel19/Documents/File TA/File Simul ICHIRO/webots_ws/install/aruku:/home/azriel19/Documents/File TA/File Simul ICHIRO/webots_ws/install/akushon:/home/azriel19/Documents/File TA/File Simul ICHIRO/webots_ws/install/kansei:/home/azriel19/Documents/File TA/File Simul ICHIRO/webots_ws/install/kansei_interfaces:/home/azriel19/Documents/File TA/File Simul ICHIRO/webots_ws/install/framework_math:/home/azriel19/Documents/File TA/File Simul ICHIRO/webots_ws/install/framework_common:/opt/ros/foxy LD_LIBRARY_PATH=/home/azriel19/Documents/File TA/File Simul ICHIRO/webots_ws/install/tachimawari/lib:/home/azriel19/Documents/File TA/File Simul ICHIRO/webots_ws/install/robocup_client/lib:/home/azriel19/Documents/File TA/File Simul ICHIRO/webots_ws/install/tachimawari_interfaces/lib:/home/azriel19/Documents/File TA/File Simul ICHIRO/webots_ws/install/musen/lib:/home/azriel19/Documents/File TA/File Simul ICHIRO/webots_ws/install/keisan/lib:/home/azriel19/Documents/File TA/File Simul ICHIRO/webots_ws/install/aruku/lib:/home/azriel19/Documents/File TA/File Simul ICHIRO/webots_ws/install/akushon/lib:/home/azriel19/Documents/File TA/File Simul ICHIRO/webots_ws/install/kansei/lib:/home/azriel19/Documents/File TA/File Simul ICHIRO/webots_ws/install/kansei_interfaces/lib:/home/azriel19/Documents/File TA/File Simul ICHIRO/webots_ws/install/framework_math/lib:/home/azriel19/Documents/File TA/File Simul ICHIRO/webots_ws/install/framework_common/lib:/opt/ros/foxy/opt/yaml_cpp_vendor/lib:/opt/ros/foxy/opt/rviz_ogre_vendor/lib:/opt/ros/foxy/lib/x86_64-linux-gnu:/opt/ros/foxy/lib /usr/bin/cmake --build /home/azriel19/Documents/File TA/File Simul ICHIRO/webots_ws/build/akushon -- -j4 -l4
[2.317s] DEBUG:colcon.colcon_parallel_executor.executor.parallel:run_until_complete was interrupted
[2.318s] DEBUG:colcon.colcon_parallel_executor.executor.parallel:run_until_complete again
[2.326s] DEBUG:colcon.colcon_core.event_handler.log_command:Invoked command in '/home/azriel19/Documents/File TA/File Simul ICHIRO/webots_ws/build/akushon' returned '-2': CMAKE_PREFIX_PATH=/home/azriel19/Documents/File TA/File Simul ICHIRO/webots_ws/install/tachimawari:/home/azriel19/Documents/File TA/File Simul ICHIRO/webots_ws/install/robocup_client:/home/azriel19/Documents/File TA/File Simul ICHIRO/webots_ws/install/tachimawari_interfaces:/home/azriel19/Documents/File TA/File Simul ICHIRO/webots_ws/install/musen:/home/azriel19/Documents/File TA/File Simul ICHIRO/webots_ws/install/keisan:/home/azriel19/Documents/File TA/File Simul ICHIRO/webots_ws/install/aruku:/home/azriel19/Documents/File TA/File Simul ICHIRO/webots_ws/install/akushon:/home/azriel19/Documents/File TA/File Simul ICHIRO/webots_ws/install/kansei:/home/azriel19/Documents/File TA/File Simul ICHIRO/webots_ws/install/kansei_interfaces:/home/azriel19/Documents/File TA/File Simul ICHIRO/webots_ws/install/framework_math:/home/azriel19/Documents/File TA/File Simul ICHIRO/webots_ws/install/framework_common:/opt/ros/foxy LD_LIBRARY_PATH=/home/azriel19/Documents/File TA/File Simul ICHIRO/webots_ws/install/tachimawari/lib:/home/azriel19/Documents/File TA/File Simul ICHIRO/webots_ws/install/robocup_client/lib:/home/azriel19/Documents/File TA/File Simul ICHIRO/webots_ws/install/tachimawari_interfaces/lib:/home/azriel19/Documents/File TA/File Simul ICHIRO/webots_ws/install/musen/lib:/home/azriel19/Documents/File TA/File Simul ICHIRO/webots_ws/install/keisan/lib:/home/azriel19/Documents/File TA/File Simul ICHIRO/webots_ws/install/aruku/lib:/home/azriel19/Documents/File TA/File Simul ICHIRO/webots_ws/install/akushon/lib:/home/azriel19/Documents/File TA/File Simul ICHIRO/webots_ws/install/kansei/lib:/home/azriel19/Documents/File TA/File Simul ICHIRO/webots_ws/install/kansei_interfaces/lib:/home/azriel19/Documents/File TA/File Simul ICHIRO/webots_ws/install/framework_math/lib:/home/azriel19/Documents/File TA/File Simul ICHIRO/webots_ws/install/framework_common/lib:/opt/ros/foxy/opt/yaml_cpp_vendor/lib:/opt/ros/foxy/opt/rviz_ogre_vendor/lib:/opt/ros/foxy/lib/x86_64-linux-gnu:/opt/ros/foxy/lib /usr/bin/cmake --build /home/azriel19/Documents/File TA/File Simul ICHIRO/webots_ws/build/akushon -- -j4 -l4
[2.401s] Level 1:colcon.colcon_core.environment:create_environment_scripts_only(akushon)
[2.413s] Level 1:colcon.colcon_core.environment:checking '/home/azriel19/Documents/File TA/File Simul ICHIRO/webots_ws/install/akushon' for CMake module files
[2.414s] Level 1:colcon.colcon_core.environment:checking '/home/azriel19/Documents/File TA/File Simul ICHIRO/webots_ws/install/akushon' for CMake config files
[2.415s] Level 1:colcon.colcon_core.shell:create_environment_hook('akushon', 'cmake_prefix_path')
[2.415s] INFO:colcon.colcon_core.shell:Creating environment hook '/home/azriel19/Documents/File TA/File Simul ICHIRO/webots_ws/install/akushon/share/akushon/hook/cmake_prefix_path.ps1'
[2.417s] INFO:colcon.colcon_core.shell:Creating environment descriptor '/home/azriel19/Documents/File TA/File Simul ICHIRO/webots_ws/install/akushon/share/akushon/hook/cmake_prefix_path.dsv'
[2.419s] INFO:colcon.colcon_core.shell:Creating environment hook '/home/azriel19/Documents/File TA/File Simul ICHIRO/webots_ws/install/akushon/share/akushon/hook/cmake_prefix_path.sh'
[2.422s] Level 1:colcon.colcon_core.environment:checking '/home/azriel19/Documents/File TA/File Simul ICHIRO/webots_ws/install/akushon/lib'
[2.422s] Level 1:colcon.colcon_core.shell:create_environment_hook('akushon', 'ld_library_path_lib')
[2.424s] INFO:colcon.colcon_core.shell:Creating environment hook '/home/azriel19/Documents/File TA/File Simul ICHIRO/webots_ws/install/akushon/share/akushon/hook/ld_library_path_lib.ps1'
[2.425s] INFO:colcon.colcon_core.shell:Creating environment descriptor '/home/azriel19/Documents/File TA/File Simul ICHIRO/webots_ws/install/akushon/share/akushon/hook/ld_library_path_lib.dsv'
[2.427s] INFO:colcon.colcon_core.shell:Creating environment hook '/home/azriel19/Documents/File TA/File Simul ICHIRO/webots_ws/install/akushon/share/akushon/hook/ld_library_path_lib.sh'
[2.428s] Level 1:colcon.colcon_core.environment:checking '/home/azriel19/Documents/File TA/File Simul ICHIRO/webots_ws/install/akushon/bin'
[2.428s] Level 1:colcon.colcon_core.environment:checking '/home/azriel19/Documents/File TA/File Simul ICHIRO/webots_ws/install/akushon/lib/pkgconfig/akushon.pc'
[2.428s] Level 1:colcon.colcon_core.environment:checking '/home/azriel19/Documents/File TA/File Simul ICHIRO/webots_ws/install/akushon/lib/python3.8/site-packages'
[2.431s] INFO:colcon.colcon_core.shell:Creating package script '/home/azriel19/Documents/File TA/File Simul ICHIRO/webots_ws/install/akushon/share/akushon/package.ps1'
[2.435s] INFO:colcon.colcon_core.shell:Creating package descriptor '/home/azriel19/Documents/File TA/File Simul ICHIRO/webots_ws/install/akushon/share/akushon/package.dsv'
[2.437s] INFO:colcon.colcon_core.shell:Creating package script '/home/azriel19/Documents/File TA/File Simul ICHIRO/webots_ws/install/akushon/share/akushon/package.sh'
[2.439s] INFO:colcon.colcon_core.shell:Creating package script '/home/azriel19/Documents/File TA/File Simul ICHIRO/webots_ws/install/akushon/share/akushon/package.bash'
[2.442s] INFO:colcon.colcon_core.shell:Creating package script '/home/azriel19/Documents/File TA/File Simul ICHIRO/webots_ws/install/akushon/share/akushon/package.zsh'
[2.444s] Level 1:colcon.colcon_core.environment:create_file_with_runtime_dependencies(/home/azriel19/Documents/File TA/File Simul ICHIRO/webots_ws/install/akushon/share/colcon-core/packages/akushon)
[2.455s] DEBUG:colcon.colcon_parallel_executor.executor.parallel:run_until_complete finished
[2.455s] DEBUG:colcon.colcon_parallel_executor.executor.parallel:closing loop
[2.456s] DEBUG:colcon.colcon_parallel_executor.executor.parallel:loop closed
[2.456s] DEBUG:colcon.colcon_core.event_reactor:joining thread
[2.474s] INFO:colcon.colcon_core.plugin_system:Skipping extension 'colcon_notification.desktop_notification.terminal_notifier': Not used on non-Darwin systems
[2.475s] INFO:colcon.colcon_core.plugin_system:Skipping extension 'colcon_notification.desktop_notification.win32': Not used on non-Windows systems
[2.475s] INFO:colcon.colcon_notification.desktop_notification:Sending desktop notification using 'notify2'
[2.507s] DEBUG:colcon.colcon_core.event_reactor:joined thread
[2.508s] INFO:colcon.colcon_core.shell:Creating prefix script '/home/azriel19/Documents/File TA/File Simul ICHIRO/webots_ws/install/local_setup.ps1'
[2.509s] INFO:colcon.colcon_core.shell:Creating prefix util module '/home/azriel19/Documents/File TA/File Simul ICHIRO/webots_ws/install/_local_setup_util_ps1.py'
[2.512s] INFO:colcon.colcon_core.shell:Creating prefix chain script '/home/azriel19/Documents/File TA/File Simul ICHIRO/webots_ws/install/setup.ps1'
[2.518s] INFO:colcon.colcon_core.shell:Creating prefix script '/home/azriel19/Documents/File TA/File Simul ICHIRO/webots_ws/install/local_setup.sh'
[2.522s] INFO:colcon.colcon_core.shell:Creating prefix util module '/home/azriel19/Documents/File TA/File Simul ICHIRO/webots_ws/install/_local_setup_util_sh.py'
[2.525s] INFO:colcon.colcon_core.shell:Creating prefix chain script '/home/azriel19/Documents/File TA/File Simul ICHIRO/webots_ws/install/setup.sh'
[2.531s] INFO:colcon.colcon_core.shell:Creating prefix script '/home/azriel19/Documents/File TA/File Simul ICHIRO/webots_ws/install/local_setup.bash'
[2.534s] INFO:colcon.colcon_core.shell:Creating prefix chain script '/home/azriel19/Documents/File TA/File Simul ICHIRO/webots_ws/install/setup.bash'
[2.540s] INFO:colcon.colcon_core.shell:Creating prefix script '/home/azriel19/Documents/File TA/File Simul ICHIRO/webots_ws/install/local_setup.zsh'
[2.542s] INFO:colcon.colcon_core.shell:Creating prefix chain script '/home/azriel19/Documents/File TA/File Simul ICHIRO/webots_ws/install/setup.zsh'
