-- The C compiler identification is GNU 9.4.0
-- The CXX compiler identification is GNU 9.4.0
-- Check for working C compiler: /usr/bin/cc
-- Check for working C compiler: /usr/bin/cc -- works
-- Detecting C compiler ABI info
-- Detecting C compiler ABI info - done
-- Detecting C compile features
-- Detecting C compile features - done
-- Check for working CXX compiler: /usr/bin/c++
-- Check for working CXX compiler: /usr/bin/c++ -- works
-- Detecting CXX compiler ABI info
-- Detecting CXX compiler ABI info - done
-- Detecting CXX compile features
-- Detecting CXX compile features - done
-- Found ament_cmake: 0.9.9 (/opt/ros/foxy/share/ament_cmake/cmake)
-- Found PythonInterp: /usr/bin/python3 (found suitable version "3.8.10", minimum required is "3") 
-- Using PYTHON_EXECUTABLE: /usr/bin/python3
-- Found rosidl_default_generators: 1.0.1 (/opt/ros/foxy/share/rosidl_default_generators/cmake)
-- Using all available rosidl_typesupport_c: rosidl_typesupport_fastrtps_c;rosidl_typesupport_introspection_c
-- Found rosidl_adapter: 1.2.1 (/opt/ros/foxy/share/rosidl_adapter/cmake)
-- Found OpenSSL: /usr/lib/x86_64-linux-gnu/libcrypto.so (found version "1.1.1f")  
-- Found FastRTPS: /opt/ros/foxy/include  
-- Using all available rosidl_typesupport_cpp: rosidl_typesupport_fastrtps_cpp;rosidl_typesupport_introspection_cpp
-- Found PythonInterp: /usr/bin/python3 (found version "3.8.10") 
-- Found ament_cmake_ros: 0.9.2 (/opt/ros/foxy/share/ament_cmake_ros/cmake)
-- Using all available rosidl_typesupport_c: rosidl_typesupport_fastrtps_c;rosidl_typesupport_introspection_c
-- Using all available rosidl_typesupport_cpp: rosidl_typesupport_fastrtps_cpp;rosidl_typesupport_introspection_cpp
-- Found PythonInterp: /usr/bin/python3 (found suitable version "3.8.10", minimum required is "3.5") 
-- Found python_cmake_module: 0.8.1 (/opt/ros/foxy/share/python_cmake_module/cmake)
-- Found PythonLibs: /usr/lib/x86_64-linux-gnu/libpython3.8.so (found suitable version "3.8.10", minimum required is "3.5") 
-- Using PYTHON_EXECUTABLE: /usr/bin/python3
-- Using PYTHON_INCLUDE_DIRS: /usr/include/python3.8
-- Using PYTHON_LIBRARIES: /usr/lib/x86_64-linux-gnu/libpython3.8.so
-- Found PythonExtra: .so  
-- Configuring done
-- Generating done
-- Build files have been written to: /home/azriel19/Documents/File TA/File Simul ICHIRO/webots_ws/build/tachimawari_interfaces
[35m[1mScanning dependencies of target tachimawari_interfaces__cpp[0m
[  2%] [34m[1mGenerating C++ code for ROS interfaces[0m
[  2%] Built target tachimawari_interfaces__cpp
[  5%] [34m[1mGenerating C code for ROS interfaces[0m
[35m[1mScanning dependencies of target tachimawari_interfaces__rosidl_generator_c[0m
[  7%] [32mBuilding C object CMakeFiles/tachimawari_interfaces__rosidl_generator_c.dir/rosidl_generator_c/tachimawari_interfaces/msg/detail/joint__functions.c.o[0m
[ 10%] [32mBuilding C object CMakeFiles/tachimawari_interfaces__rosidl_generator_c.dir/rosidl_generator_c/tachimawari_interfaces/srv/detail/set_joints__functions.c.o[0m
[ 12%] [32m[1mLinking C shared library libtachimawari_interfaces__rosidl_generator_c.so[0m
[ 12%] Built target tachimawari_interfaces__rosidl_generator_c
[ 15%] [34m[1mGenerating C++ type support dispatch for ROS interfaces[0m
[35m[1mScanning dependencies of target tachimawari_interfaces__rosidl_typesupport_cpp[0m
[ 17%] [32mBuilding CXX object CMakeFiles/tachimawari_interfaces__rosidl_typesupport_cpp.dir/rosidl_typesupport_cpp/tachimawari_interfaces/msg/joint__type_support.cpp.o[0m
[ 20%] [32mBuilding CXX object CMakeFiles/tachimawari_interfaces__rosidl_typesupport_cpp.dir/rosidl_typesupport_cpp/tachimawari_interfaces/srv/set_joints__type_support.cpp.o[0m
[ 23%] [32m[1mLinking CXX shared library libtachimawari_interfaces__rosidl_typesupport_cpp.so[0m
[ 23%] Built target tachimawari_interfaces__rosidl_typesupport_cpp
[ 25%] [34m[1mGenerating C type support dispatch for ROS interfaces[0m
[35m[1mScanning dependencies of target tachimawari_interfaces__rosidl_typesupport_c[0m
[ 28%] [32mBuilding CXX object CMakeFiles/tachimawari_interfaces__rosidl_typesupport_c.dir/rosidl_typesupport_c/tachimawari_interfaces/msg/joint__type_support.cpp.o[0m
[ 30%] [32mBuilding CXX object CMakeFiles/tachimawari_interfaces__rosidl_typesupport_c.dir/rosidl_typesupport_c/tachimawari_interfaces/srv/set_joints__type_support.cpp.o[0m
[ 33%] [32m[1mLinking CXX shared library libtachimawari_interfaces__rosidl_typesupport_c.so[0m
[ 33%] Built target tachimawari_interfaces__rosidl_typesupport_c
[ 35%] [34m[1mGenerating C introspection for ROS interfaces[0m
[35m[1mScanning dependencies of target tachimawari_interfaces__rosidl_typesupport_introspection_c[0m
[ 38%] [32mBuilding C object CMakeFiles/tachimawari_interfaces__rosidl_typesupport_introspection_c.dir/rosidl_typesupport_introspection_c/tachimawari_interfaces/msg/detail/joint__type_support.c.o[0m
[ 41%] [32mBuilding C object CMakeFiles/tachimawari_interfaces__rosidl_typesupport_introspection_c.dir/rosidl_typesupport_introspection_c/tachimawari_interfaces/srv/detail/set_joints__type_support.c.o[0m
[ 43%] [32m[1mLinking C shared library libtachimawari_interfaces__rosidl_typesupport_introspection_c.so[0m
[ 43%] Built target tachimawari_interfaces__rosidl_typesupport_introspection_c
[ 46%] [34m[1mGenerating C++ type support for eProsima Fast-RTPS[0m
[35m[1mScanning dependencies of target tachimawari_interfaces__rosidl_typesupport_fastrtps_cpp[0m
[ 48%] [32mBuilding CXX object CMakeFiles/tachimawari_interfaces__rosidl_typesupport_fastrtps_cpp.dir/rosidl_typesupport_fastrtps_cpp/tachimawari_interfaces/msg/detail/dds_fastrtps/joint__type_support.cpp.o[0m
[ 51%] [32mBuilding CXX object CMakeFiles/tachimawari_interfaces__rosidl_typesupport_fastrtps_cpp.dir/rosidl_typesupport_fastrtps_cpp/tachimawari_interfaces/srv/detail/dds_fastrtps/set_joints__type_support.cpp.o[0m
[ 53%] [32m[1mLinking CXX shared library libtachimawari_interfaces__rosidl_typesupport_fastrtps_cpp.so[0m
[ 53%] Built target tachimawari_interfaces__rosidl_typesupport_fastrtps_cpp
[ 56%] [34m[1mGenerating C++ introspection for ROS interfaces[0m
[35m[1mScanning dependencies of target tachimawari_interfaces__rosidl_typesupport_introspection_cpp[0m
[ 58%] [32mBuilding CXX object CMakeFiles/tachimawari_interfaces__rosidl_typesupport_introspection_cpp.dir/rosidl_typesupport_introspection_cpp/tachimawari_interfaces/msg/detail/joint__type_support.cpp.o[0m
[ 61%] [32mBuilding CXX object CMakeFiles/tachimawari_interfaces__rosidl_typesupport_introspection_cpp.dir/rosidl_typesupport_introspection_cpp/tachimawari_interfaces/srv/detail/set_joints__type_support.cpp.o[0m
[ 64%] [32m[1mLinking CXX shared library libtachimawari_interfaces__rosidl_typesupport_introspection_cpp.so[0m
[ 64%] Built target tachimawari_interfaces__rosidl_typesupport_introspection_cpp
[ 66%] [34m[1mGenerating C type support for eProsima Fast-RTPS[0m
[35m[1mScanning dependencies of target tachimawari_interfaces__rosidl_typesupport_fastrtps_c[0m
[ 69%] [32mBuilding CXX object CMakeFiles/tachimawari_interfaces__rosidl_typesupport_fastrtps_c.dir/rosidl_typesupport_fastrtps_c/tachimawari_interfaces/msg/detail/joint__type_support_c.cpp.o[0m
[ 71%] [32mBuilding CXX object CMakeFiles/tachimawari_interfaces__rosidl_typesupport_fastrtps_c.dir/rosidl_typesupport_fastrtps_c/tachimawari_interfaces/srv/detail/set_joints__type_support_c.cpp.o[0m
[ 74%] [32m[1mLinking CXX shared library libtachimawari_interfaces__rosidl_typesupport_fastrtps_c.so[0m
[ 74%] Built target tachimawari_interfaces__rosidl_typesupport_fastrtps_c
[35m[1mScanning dependencies of target tachimawari_interfaces[0m
[ 74%] Built target tachimawari_interfaces
[35m[1mScanning dependencies of target tachimawari_interfaces__py[0m
[ 76%] [34m[1mGenerating Python code for ROS interfaces[0m
[ 76%] Built target tachimawari_interfaces__py
[35m[1mScanning dependencies of target tachimawari_interfaces__python[0m
[ 79%] [32mBuilding C object CMakeFiles/tachimawari_interfaces__python.dir/rosidl_generator_py/tachimawari_interfaces/msg/_joint_s.c.o[0m
[ 82%] [32mBuilding C object CMakeFiles/tachimawari_interfaces__python.dir/rosidl_generator_py/tachimawari_interfaces/srv/_set_joints_s.c.o[0m
[ 84%] [32m[1mLinking C shared library rosidl_generator_py/tachimawari_interfaces/libtachimawari_interfaces__python.so[0m
[ 84%] Built target tachimawari_interfaces__python
[35m[1mScanning dependencies of target tachimawari_interfaces__rosidl_typesupport_c__pyext[0m
[ 87%] [32mBuilding C object CMakeFiles/tachimawari_interfaces__rosidl_typesupport_c__pyext.dir/rosidl_generator_py/tachimawari_interfaces/_tachimawari_interfaces_s.ep.rosidl_typesupport_c.c.o[0m
[ 89%] [32m[1mLinking C shared library rosidl_generator_py/tachimawari_interfaces/tachimawari_interfaces_s__rosidl_typesupport_c.cpython-38-x86_64-linux-gnu.so[0m
[ 89%] Built target tachimawari_interfaces__rosidl_typesupport_c__pyext
[35m[1mScanning dependencies of target tachimawari_interfaces__rosidl_typesupport_fastrtps_c__pyext[0m
[ 92%] [32mBuilding C object CMakeFiles/tachimawari_interfaces__rosidl_typesupport_fastrtps_c__pyext.dir/rosidl_generator_py/tachimawari_interfaces/_tachimawari_interfaces_s.ep.rosidl_typesupport_fastrtps_c.c.o[0m
[ 94%] [32m[1mLinking CXX shared library rosidl_generator_py/tachimawari_interfaces/tachimawari_interfaces_s__rosidl_typesupport_fastrtps_c.cpython-38-x86_64-linux-gnu.so[0m
[ 94%] Built target tachimawari_interfaces__rosidl_typesupport_fastrtps_c__pyext
[35m[1mScanning dependencies of target tachimawari_interfaces__rosidl_typesupport_introspection_c__pyext[0m
[ 97%] [32mBuilding C object CMakeFiles/tachimawari_interfaces__rosidl_typesupport_introspection_c__pyext.dir/rosidl_generator_py/tachimawari_interfaces/_tachimawari_interfaces_s.ep.rosidl_typesupport_introspection_c.c.o[0m
[100%] [32m[1mLinking C shared library rosidl_generator_py/tachimawari_interfaces/tachimawari_interfaces_s__rosidl_typesupport_introspection_c.cpython-38-x86_64-linux-gnu.so[0m
[100%] Built target tachimawari_interfaces__rosidl_typesupport_introspection_c__pyext
-- Install configuration: ""
-- Installing: /home/azriel19/Documents/File TA/File Simul ICHIRO/webots_ws/install/tachimawari_interfaces/share/ament_index/resource_index/rosidl_interfaces/tachimawari_interfaces
-- Installing: /home/azriel19/Documents/File TA/File Simul ICHIRO/webots_ws/install/tachimawari_interfaces/include/tachimawari_interfaces
-- Installing: /home/azriel19/Documents/File TA/File Simul ICHIRO/webots_ws/install/tachimawari_interfaces/include/tachimawari_interfaces/srv
-- Installing: /home/azriel19/Documents/File TA/File Simul ICHIRO/webots_ws/install/tachimawari_interfaces/include/tachimawari_interfaces/srv/set_joints.h
-- Installing: /home/azriel19/Documents/File TA/File Simul ICHIRO/webots_ws/install/tachimawari_interfaces/include/tachimawari_interfaces/srv/detail
-- Installing: /home/azriel19/Documents/File TA/File Simul ICHIRO/webots_ws/install/tachimawari_interfaces/include/tachimawari_interfaces/srv/detail/set_joints__functions.h
-- Installing: /home/azriel19/Documents/File TA/File Simul ICHIRO/webots_ws/install/tachimawari_interfaces/include/tachimawari_interfaces/srv/detail/set_joints__functions.c
-- Installing: /home/azriel19/Documents/File TA/File Simul ICHIRO/webots_ws/install/tachimawari_interfaces/include/tachimawari_interfaces/srv/detail/set_joints__struct.h
-- Installing: /home/azriel19/Documents/File TA/File Simul ICHIRO/webots_ws/install/tachimawari_interfaces/include/tachimawari_interfaces/srv/detail/set_joints__type_support.h
-- Installing: /home/azriel19/Documents/File TA/File Simul ICHIRO/webots_ws/install/tachimawari_interfaces/include/tachimawari_interfaces/msg
-- Installing: /home/azriel19/Documents/File TA/File Simul ICHIRO/webots_ws/install/tachimawari_interfaces/include/tachimawari_interfaces/msg/rosidl_generator_c__visibility_control.h
-- Installing: /home/azriel19/Documents/File TA/File Simul ICHIRO/webots_ws/install/tachimawari_interfaces/include/tachimawari_interfaces/msg/joint.h
-- Installing: /home/azriel19/Documents/File TA/File Simul ICHIRO/webots_ws/install/tachimawari_interfaces/include/tachimawari_interfaces/msg/detail
-- Installing: /home/azriel19/Documents/File TA/File Simul ICHIRO/webots_ws/install/tachimawari_interfaces/include/tachimawari_interfaces/msg/detail/joint__type_support.h
-- Installing: /home/azriel19/Documents/File TA/File Simul ICHIRO/webots_ws/install/tachimawari_interfaces/include/tachimawari_interfaces/msg/detail/joint__functions.h
-- Installing: /home/azriel19/Documents/File TA/File Simul ICHIRO/webots_ws/install/tachimawari_interfaces/include/tachimawari_interfaces/msg/detail/joint__struct.h
-- Installing: /home/azriel19/Documents/File TA/File Simul ICHIRO/webots_ws/install/tachimawari_interfaces/include/tachimawari_interfaces/msg/detail/joint__functions.c
-- Installing: /home/azriel19/Documents/File TA/File Simul ICHIRO/webots_ws/install/tachimawari_interfaces/share/tachimawari_interfaces/environment/library_path.sh
-- Installing: /home/azriel19/Documents/File TA/File Simul ICHIRO/webots_ws/install/tachimawari_interfaces/share/tachimawari_interfaces/environment/library_path.dsv
-- Installing: /home/azriel19/Documents/File TA/File Simul ICHIRO/webots_ws/install/tachimawari_interfaces/lib/libtachimawari_interfaces__rosidl_generator_c.so
-- Set runtime path of "/home/azriel19/Documents/File TA/File Simul ICHIRO/webots_ws/install/tachimawari_interfaces/lib/libtachimawari_interfaces__rosidl_generator_c.so" to ""
-- Up-to-date: /home/azriel19/Documents/File TA/File Simul ICHIRO/webots_ws/install/tachimawari_interfaces/include/tachimawari_interfaces
-- Up-to-date: /home/azriel19/Documents/File TA/File Simul ICHIRO/webots_ws/install/tachimawari_interfaces/include/tachimawari_interfaces/srv
-- Up-to-date: /home/azriel19/Documents/File TA/File Simul ICHIRO/webots_ws/install/tachimawari_interfaces/include/tachimawari_interfaces/srv/detail
-- Installing: /home/azriel19/Documents/File TA/File Simul ICHIRO/webots_ws/install/tachimawari_interfaces/include/tachimawari_interfaces/srv/detail/set_joints__rosidl_typesupport_fastrtps_c.h
-- Up-to-date: /home/azriel19/Documents/File TA/File Simul ICHIRO/webots_ws/install/tachimawari_interfaces/include/tachimawari_interfaces/msg
-- Installing: /home/azriel19/Documents/File TA/File Simul ICHIRO/webots_ws/install/tachimawari_interfaces/include/tachimawari_interfaces/msg/rosidl_typesupport_fastrtps_c__visibility_control.h
-- Up-to-date: /home/azriel19/Documents/File TA/File Simul ICHIRO/webots_ws/install/tachimawari_interfaces/include/tachimawari_interfaces/msg/detail
-- Installing: /home/azriel19/Documents/File TA/File Simul ICHIRO/webots_ws/install/tachimawari_interfaces/include/tachimawari_interfaces/msg/detail/joint__rosidl_typesupport_fastrtps_c.h
-- Installing: /home/azriel19/Documents/File TA/File Simul ICHIRO/webots_ws/install/tachimawari_interfaces/lib/libtachimawari_interfaces__rosidl_typesupport_fastrtps_c.so
-- Set runtime path of "/home/azriel19/Documents/File TA/File Simul ICHIRO/webots_ws/install/tachimawari_interfaces/lib/libtachimawari_interfaces__rosidl_typesupport_fastrtps_c.so" to ""
-- Up-to-date: /home/azriel19/Documents/File TA/File Simul ICHIRO/webots_ws/install/tachimawari_interfaces/include/tachimawari_interfaces
-- Up-to-date: /home/azriel19/Documents/File TA/File Simul ICHIRO/webots_ws/install/tachimawari_interfaces/include/tachimawari_interfaces/srv
-- Up-to-date: /home/azriel19/Documents/File TA/File Simul ICHIRO/webots_ws/install/tachimawari_interfaces/include/tachimawari_interfaces/srv/detail
-- Installing: /home/azriel19/Documents/File TA/File Simul ICHIRO/webots_ws/install/tachimawari_interfaces/include/tachimawari_interfaces/srv/detail/set_joints__rosidl_typesupport_fastrtps_cpp.hpp
-- Installing: /home/azriel19/Documents/File TA/File Simul ICHIRO/webots_ws/install/tachimawari_interfaces/include/tachimawari_interfaces/srv/detail/dds_fastrtps
-- Up-to-date: /home/azriel19/Documents/File TA/File Simul ICHIRO/webots_ws/install/tachimawari_interfaces/include/tachimawari_interfaces/msg
-- Installing: /home/azriel19/Documents/File TA/File Simul ICHIRO/webots_ws/install/tachimawari_interfaces/include/tachimawari_interfaces/msg/rosidl_typesupport_fastrtps_cpp__visibility_control.h
-- Up-to-date: /home/azriel19/Documents/File TA/File Simul ICHIRO/webots_ws/install/tachimawari_interfaces/include/tachimawari_interfaces/msg/detail
-- Installing: /home/azriel19/Documents/File TA/File Simul ICHIRO/webots_ws/install/tachimawari_interfaces/include/tachimawari_interfaces/msg/detail/dds_fastrtps
-- Installing: /home/azriel19/Documents/File TA/File Simul ICHIRO/webots_ws/install/tachimawari_interfaces/include/tachimawari_interfaces/msg/detail/joint__rosidl_typesupport_fastrtps_cpp.hpp
-- Installing: /home/azriel19/Documents/File TA/File Simul ICHIRO/webots_ws/install/tachimawari_interfaces/lib/libtachimawari_interfaces__rosidl_typesupport_fastrtps_cpp.so
-- Set runtime path of "/home/azriel19/Documents/File TA/File Simul ICHIRO/webots_ws/install/tachimawari_interfaces/lib/libtachimawari_interfaces__rosidl_typesupport_fastrtps_cpp.so" to ""
-- Up-to-date: /home/azriel19/Documents/File TA/File Simul ICHIRO/webots_ws/install/tachimawari_interfaces/include/tachimawari_interfaces
-- Up-to-date: /home/azriel19/Documents/File TA/File Simul ICHIRO/webots_ws/install/tachimawari_interfaces/include/tachimawari_interfaces/srv
-- Up-to-date: /home/azriel19/Documents/File TA/File Simul ICHIRO/webots_ws/install/tachimawari_interfaces/include/tachimawari_interfaces/srv/detail
-- Installing: /home/azriel19/Documents/File TA/File Simul ICHIRO/webots_ws/install/tachimawari_interfaces/include/tachimawari_interfaces/srv/detail/set_joints__rosidl_typesupport_introspection_c.h
-- Installing: /home/azriel19/Documents/File TA/File Simul ICHIRO/webots_ws/install/tachimawari_interfaces/include/tachimawari_interfaces/srv/detail/set_joints__type_support.c
-- Up-to-date: /home/azriel19/Documents/File TA/File Simul ICHIRO/webots_ws/install/tachimawari_interfaces/include/tachimawari_interfaces/msg
-- Installing: /home/azriel19/Documents/File TA/File Simul ICHIRO/webots_ws/install/tachimawari_interfaces/include/tachimawari_interfaces/msg/rosidl_typesupport_introspection_c__visibility_control.h
-- Up-to-date: /home/azriel19/Documents/File TA/File Simul ICHIRO/webots_ws/install/tachimawari_interfaces/include/tachimawari_interfaces/msg/detail
-- Installing: /home/azriel19/Documents/File TA/File Simul ICHIRO/webots_ws/install/tachimawari_interfaces/include/tachimawari_interfaces/msg/detail/joint__rosidl_typesupport_introspection_c.h
-- Installing: /home/azriel19/Documents/File TA/File Simul ICHIRO/webots_ws/install/tachimawari_interfaces/include/tachimawari_interfaces/msg/detail/joint__type_support.c
-- Installing: /home/azriel19/Documents/File TA/File Simul ICHIRO/webots_ws/install/tachimawari_interfaces/lib/libtachimawari_interfaces__rosidl_typesupport_introspection_c.so
-- Set runtime path of "/home/azriel19/Documents/File TA/File Simul ICHIRO/webots_ws/install/tachimawari_interfaces/lib/libtachimawari_interfaces__rosidl_typesupport_introspection_c.so" to ""
-- Installing: /home/azriel19/Documents/File TA/File Simul ICHIRO/webots_ws/install/tachimawari_interfaces/lib/libtachimawari_interfaces__rosidl_typesupport_c.so
-- Set runtime path of "/home/azriel19/Documents/File TA/File Simul ICHIRO/webots_ws/install/tachimawari_interfaces/lib/libtachimawari_interfaces__rosidl_typesupport_c.so" to ""
-- Up-to-date: /home/azriel19/Documents/File TA/File Simul ICHIRO/webots_ws/install/tachimawari_interfaces/include/tachimawari_interfaces
-- Up-to-date: /home/azriel19/Documents/File TA/File Simul ICHIRO/webots_ws/install/tachimawari_interfaces/include/tachimawari_interfaces/srv
-- Installing: /home/azriel19/Documents/File TA/File Simul ICHIRO/webots_ws/install/tachimawari_interfaces/include/tachimawari_interfaces/srv/set_joints.hpp
-- Up-to-date: /home/azriel19/Documents/File TA/File Simul ICHIRO/webots_ws/install/tachimawari_interfaces/include/tachimawari_interfaces/srv/detail
-- Installing: /home/azriel19/Documents/File TA/File Simul ICHIRO/webots_ws/install/tachimawari_interfaces/include/tachimawari_interfaces/srv/detail/set_joints__builder.hpp
-- Installing: /home/azriel19/Documents/File TA/File Simul ICHIRO/webots_ws/install/tachimawari_interfaces/include/tachimawari_interfaces/srv/detail/set_joints__traits.hpp
-- Installing: /home/azriel19/Documents/File TA/File Simul ICHIRO/webots_ws/install/tachimawari_interfaces/include/tachimawari_interfaces/srv/detail/set_joints__struct.hpp
-- Up-to-date: /home/azriel19/Documents/File TA/File Simul ICHIRO/webots_ws/install/tachimawari_interfaces/include/tachimawari_interfaces/msg
-- Installing: /home/azriel19/Documents/File TA/File Simul ICHIRO/webots_ws/install/tachimawari_interfaces/include/tachimawari_interfaces/msg/joint.hpp
-- Up-to-date: /home/azriel19/Documents/File TA/File Simul ICHIRO/webots_ws/install/tachimawari_interfaces/include/tachimawari_interfaces/msg/detail
-- Installing: /home/azriel19/Documents/File TA/File Simul ICHIRO/webots_ws/install/tachimawari_interfaces/include/tachimawari_interfaces/msg/detail/joint__builder.hpp
-- Installing: /home/azriel19/Documents/File TA/File Simul ICHIRO/webots_ws/install/tachimawari_interfaces/include/tachimawari_interfaces/msg/detail/joint__struct.hpp
-- Installing: /home/azriel19/Documents/File TA/File Simul ICHIRO/webots_ws/install/tachimawari_interfaces/include/tachimawari_interfaces/msg/detail/joint__traits.hpp
-- Up-to-date: /home/azriel19/Documents/File TA/File Simul ICHIRO/webots_ws/install/tachimawari_interfaces/include/tachimawari_interfaces
-- Up-to-date: /home/azriel19/Documents/File TA/File Simul ICHIRO/webots_ws/install/tachimawari_interfaces/include/tachimawari_interfaces/srv
-- Up-to-date: /home/azriel19/Documents/File TA/File Simul ICHIRO/webots_ws/install/tachimawari_interfaces/include/tachimawari_interfaces/srv/detail
-- Installing: /home/azriel19/Documents/File TA/File Simul ICHIRO/webots_ws/install/tachimawari_interfaces/include/tachimawari_interfaces/srv/detail/set_joints__rosidl_typesupport_introspection_cpp.hpp
-- Installing: /home/azriel19/Documents/File TA/File Simul ICHIRO/webots_ws/install/tachimawari_interfaces/include/tachimawari_interfaces/srv/detail/set_joints__type_support.cpp
-- Up-to-date: /home/azriel19/Documents/File TA/File Simul ICHIRO/webots_ws/install/tachimawari_interfaces/include/tachimawari_interfaces/msg
-- Up-to-date: /home/azriel19/Documents/File TA/File Simul ICHIRO/webots_ws/install/tachimawari_interfaces/include/tachimawari_interfaces/msg/detail
-- Installing: /home/azriel19/Documents/File TA/File Simul ICHIRO/webots_ws/install/tachimawari_interfaces/include/tachimawari_interfaces/msg/detail/joint__type_support.cpp
-- Installing: /home/azriel19/Documents/File TA/File Simul ICHIRO/webots_ws/install/tachimawari_interfaces/include/tachimawari_interfaces/msg/detail/joint__rosidl_typesupport_introspection_cpp.hpp
-- Installing: /home/azriel19/Documents/File TA/File Simul ICHIRO/webots_ws/install/tachimawari_interfaces/lib/libtachimawari_interfaces__rosidl_typesupport_introspection_cpp.so
-- Set runtime path of "/home/azriel19/Documents/File TA/File Simul ICHIRO/webots_ws/install/tachimawari_interfaces/lib/libtachimawari_interfaces__rosidl_typesupport_introspection_cpp.so" to ""
-- Installing: /home/azriel19/Documents/File TA/File Simul ICHIRO/webots_ws/install/tachimawari_interfaces/lib/libtachimawari_interfaces__rosidl_typesupport_cpp.so
-- Set runtime path of "/home/azriel19/Documents/File TA/File Simul ICHIRO/webots_ws/install/tachimawari_interfaces/lib/libtachimawari_interfaces__rosidl_typesupport_cpp.so" to ""
-- Installing: /home/azriel19/Documents/File TA/File Simul ICHIRO/webots_ws/install/tachimawari_interfaces/share/tachimawari_interfaces/environment/pythonpath.sh
-- Installing: /home/azriel19/Documents/File TA/File Simul ICHIRO/webots_ws/install/tachimawari_interfaces/share/tachimawari_interfaces/environment/pythonpath.dsv
-- Installing: /home/azriel19/Documents/File TA/File Simul ICHIRO/webots_ws/install/tachimawari_interfaces/lib/python3.8/site-packages/tachimawari_interfaces/__init__.py
Compiling '/home/azriel19/Documents/File TA/File Simul ICHIRO/webots_ws/install/tachimawari_interfaces/lib/python3.8/site-packages/tachimawari_interfaces/__init__.py'...
-- Installing: /home/azriel19/Documents/File TA/File Simul ICHIRO/webots_ws/install/tachimawari_interfaces/lib/python3.8/site-packages/tachimawari_interfaces/msg
-- Installing: /home/azriel19/Documents/File TA/File Simul ICHIRO/webots_ws/install/tachimawari_interfaces/lib/python3.8/site-packages/tachimawari_interfaces/msg/_joint_s.c
-- Installing: /home/azriel19/Documents/File TA/File Simul ICHIRO/webots_ws/install/tachimawari_interfaces/lib/python3.8/site-packages/tachimawari_interfaces/msg/__init__.py
-- Installing: /home/azriel19/Documents/File TA/File Simul ICHIRO/webots_ws/install/tachimawari_interfaces/lib/python3.8/site-packages/tachimawari_interfaces/msg/_joint.py
-- Installing: /home/azriel19/Documents/File TA/File Simul ICHIRO/webots_ws/install/tachimawari_interfaces/lib/python3.8/site-packages/tachimawari_interfaces/srv
-- Installing: /home/azriel19/Documents/File TA/File Simul ICHIRO/webots_ws/install/tachimawari_interfaces/lib/python3.8/site-packages/tachimawari_interfaces/srv/_set_joints.py
-- Installing: /home/azriel19/Documents/File TA/File Simul ICHIRO/webots_ws/install/tachimawari_interfaces/lib/python3.8/site-packages/tachimawari_interfaces/srv/__init__.py
-- Installing: /home/azriel19/Documents/File TA/File Simul ICHIRO/webots_ws/install/tachimawari_interfaces/lib/python3.8/site-packages/tachimawari_interfaces/srv/_set_joints_s.c
-- Installing: /home/azriel19/Documents/File TA/File Simul ICHIRO/webots_ws/install/tachimawari_interfaces/lib/python3.8/site-packages/tachimawari_interfaces/tachimawari_interfaces_s__rosidl_typesupport_fastrtps_c.cpython-38-x86_64-linux-gnu.so
-- Set runtime path of "/home/azriel19/Documents/File TA/File Simul ICHIRO/webots_ws/install/tachimawari_interfaces/lib/python3.8/site-packages/tachimawari_interfaces/tachimawari_interfaces_s__rosidl_typesupport_fastrtps_c.cpython-38-x86_64-linux-gnu.so" to ""
-- Installing: /home/azriel19/Documents/File TA/File Simul ICHIRO/webots_ws/install/tachimawari_interfaces/lib/python3.8/site-packages/tachimawari_interfaces/tachimawari_interfaces_s__rosidl_typesupport_introspection_c.cpython-38-x86_64-linux-gnu.so
-- Set runtime path of "/home/azriel19/Documents/File TA/File Simul ICHIRO/webots_ws/install/tachimawari_interfaces/lib/python3.8/site-packages/tachimawari_interfaces/tachimawari_interfaces_s__rosidl_typesupport_introspection_c.cpython-38-x86_64-linux-gnu.so" to ""
-- Installing: /home/azriel19/Documents/File TA/File Simul ICHIRO/webots_ws/install/tachimawari_interfaces/lib/python3.8/site-packages/tachimawari_interfaces/tachimawari_interfaces_s__rosidl_typesupport_c.cpython-38-x86_64-linux-gnu.so
-- Set runtime path of "/home/azriel19/Documents/File TA/File Simul ICHIRO/webots_ws/install/tachimawari_interfaces/lib/python3.8/site-packages/tachimawari_interfaces/tachimawari_interfaces_s__rosidl_typesupport_c.cpython-38-x86_64-linux-gnu.so" to ""
-- Installing: /home/azriel19/Documents/File TA/File Simul ICHIRO/webots_ws/install/tachimawari_interfaces/lib/libtachimawari_interfaces__python.so
-- Set runtime path of "/home/azriel19/Documents/File TA/File Simul ICHIRO/webots_ws/install/tachimawari_interfaces/lib/libtachimawari_interfaces__python.so" to ""
-- Installing: /home/azriel19/Documents/File TA/File Simul ICHIRO/webots_ws/install/tachimawari_interfaces/share/tachimawari_interfaces/msg/Joint.idl
-- Installing: /home/azriel19/Documents/File TA/File Simul ICHIRO/webots_ws/install/tachimawari_interfaces/share/tachimawari_interfaces/srv/SetJoints.idl
-- Installing: /home/azriel19/Documents/File TA/File Simul ICHIRO/webots_ws/install/tachimawari_interfaces/share/tachimawari_interfaces/msg/Joint.msg
-- Installing: /home/azriel19/Documents/File TA/File Simul ICHIRO/webots_ws/install/tachimawari_interfaces/share/tachimawari_interfaces/srv/SetJoints.srv
-- Installing: /home/azriel19/Documents/File TA/File Simul ICHIRO/webots_ws/install/tachimawari_interfaces/share/tachimawari_interfaces/srv/SetJoints_Request.msg
-- Installing: /home/azriel19/Documents/File TA/File Simul ICHIRO/webots_ws/install/tachimawari_interfaces/share/tachimawari_interfaces/srv/SetJoints_Response.msg
-- Installing: /home/azriel19/Documents/File TA/File Simul ICHIRO/webots_ws/install/tachimawari_interfaces/share/ament_index/resource_index/package_run_dependencies/tachimawari_interfaces
-- Installing: /home/azriel19/Documents/File TA/File Simul ICHIRO/webots_ws/install/tachimawari_interfaces/share/ament_index/resource_index/parent_prefix_path/tachimawari_interfaces
-- Installing: /home/azriel19/Documents/File TA/File Simul ICHIRO/webots_ws/install/tachimawari_interfaces/share/tachimawari_interfaces/environment/ament_prefix_path.sh
-- Installing: /home/azriel19/Documents/File TA/File Simul ICHIRO/webots_ws/install/tachimawari_interfaces/share/tachimawari_interfaces/environment/ament_prefix_path.dsv
-- Installing: /home/azriel19/Documents/File TA/File Simul ICHIRO/webots_ws/install/tachimawari_interfaces/share/tachimawari_interfaces/environment/path.sh
-- Installing: /home/azriel19/Documents/File TA/File Simul ICHIRO/webots_ws/install/tachimawari_interfaces/share/tachimawari_interfaces/environment/path.dsv
-- Installing: /home/azriel19/Documents/File TA/File Simul ICHIRO/webots_ws/install/tachimawari_interfaces/share/tachimawari_interfaces/local_setup.bash
-- Installing: /home/azriel19/Documents/File TA/File Simul ICHIRO/webots_ws/install/tachimawari_interfaces/share/tachimawari_interfaces/local_setup.sh
-- Installing: /home/azriel19/Documents/File TA/File Simul ICHIRO/webots_ws/install/tachimawari_interfaces/share/tachimawari_interfaces/local_setup.zsh
-- Installing: /home/azriel19/Documents/File TA/File Simul ICHIRO/webots_ws/install/tachimawari_interfaces/share/tachimawari_interfaces/local_setup.dsv
-- Installing: /home/azriel19/Documents/File TA/File Simul ICHIRO/webots_ws/install/tachimawari_interfaces/share/tachimawari_interfaces/package.dsv
-- Installing: /home/azriel19/Documents/File TA/File Simul ICHIRO/webots_ws/install/tachimawari_interfaces/share/ament_index/resource_index/packages/tachimawari_interfaces
-- Installing: /home/azriel19/Documents/File TA/File Simul ICHIRO/webots_ws/install/tachimawari_interfaces/share/tachimawari_interfaces/cmake/tachimawari_interfaces__rosidl_generator_cExport.cmake
-- Installing: /home/azriel19/Documents/File TA/File Simul ICHIRO/webots_ws/install/tachimawari_interfaces/share/tachimawari_interfaces/cmake/tachimawari_interfaces__rosidl_generator_cExport-noconfig.cmake
-- Installing: /home/azriel19/Documents/File TA/File Simul ICHIRO/webots_ws/install/tachimawari_interfaces/share/tachimawari_interfaces/cmake/tachimawari_interfaces__rosidl_typesupport_introspection_cExport.cmake
-- Installing: /home/azriel19/Documents/File TA/File Simul ICHIRO/webots_ws/install/tachimawari_interfaces/share/tachimawari_interfaces/cmake/tachimawari_interfaces__rosidl_typesupport_introspection_cExport-noconfig.cmake
-- Installing: /home/azriel19/Documents/File TA/File Simul ICHIRO/webots_ws/install/tachimawari_interfaces/share/tachimawari_interfaces/cmake/tachimawari_interfaces__rosidl_typesupport_cExport.cmake
-- Installing: /home/azriel19/Documents/File TA/File Simul ICHIRO/webots_ws/install/tachimawari_interfaces/share/tachimawari_interfaces/cmake/tachimawari_interfaces__rosidl_typesupport_cExport-noconfig.cmake
-- Installing: /home/azriel19/Documents/File TA/File Simul ICHIRO/webots_ws/install/tachimawari_interfaces/share/tachimawari_interfaces/cmake/tachimawari_interfaces__rosidl_generator_cppExport.cmake
-- Installing: /home/azriel19/Documents/File TA/File Simul ICHIRO/webots_ws/install/tachimawari_interfaces/share/tachimawari_interfaces/cmake/tachimawari_interfaces__rosidl_typesupport_introspection_cppExport.cmake
-- Installing: /home/azriel19/Documents/File TA/File Simul ICHIRO/webots_ws/install/tachimawari_interfaces/share/tachimawari_interfaces/cmake/tachimawari_interfaces__rosidl_typesupport_introspection_cppExport-noconfig.cmake
-- Installing: /home/azriel19/Documents/File TA/File Simul ICHIRO/webots_ws/install/tachimawari_interfaces/share/tachimawari_interfaces/cmake/tachimawari_interfaces__rosidl_typesupport_cppExport.cmake
-- Installing: /home/azriel19/Documents/File TA/File Simul ICHIRO/webots_ws/install/tachimawari_interfaces/share/tachimawari_interfaces/cmake/tachimawari_interfaces__rosidl_typesupport_cppExport-noconfig.cmake
-- Installing: /home/azriel19/Documents/File TA/File Simul ICHIRO/webots_ws/install/tachimawari_interfaces/share/tachimawari_interfaces/cmake/rosidl_cmake-extras.cmake
-- Installing: /home/azriel19/Documents/File TA/File Simul ICHIRO/webots_ws/install/tachimawari_interfaces/share/tachimawari_interfaces/cmake/ament_cmake_export_dependencies-extras.cmake
-- Installing: /home/azriel19/Documents/File TA/File Simul ICHIRO/webots_ws/install/tachimawari_interfaces/share/tachimawari_interfaces/cmake/ament_cmake_export_libraries-extras.cmake
-- Installing: /home/azriel19/Documents/File TA/File Simul ICHIRO/webots_ws/install/tachimawari_interfaces/share/tachimawari_interfaces/cmake/ament_cmake_export_targets-extras.cmake
-- Installing: /home/azriel19/Documents/File TA/File Simul ICHIRO/webots_ws/install/tachimawari_interfaces/share/tachimawari_interfaces/cmake/ament_cmake_export_include_directories-extras.cmake
-- Installing: /home/azriel19/Documents/File TA/File Simul ICHIRO/webots_ws/install/tachimawari_interfaces/share/tachimawari_interfaces/cmake/rosidl_cmake_export_typesupport_libraries-extras.cmake
-- Installing: /home/azriel19/Documents/File TA/File Simul ICHIRO/webots_ws/install/tachimawari_interfaces/share/tachimawari_interfaces/cmake/rosidl_cmake_export_typesupport_targets-extras.cmake
-- Installing: /home/azriel19/Documents/File TA/File Simul ICHIRO/webots_ws/install/tachimawari_interfaces/share/tachimawari_interfaces/cmake/tachimawari_interfacesConfig.cmake
-- Installing: /home/azriel19/Documents/File TA/File Simul ICHIRO/webots_ws/install/tachimawari_interfaces/share/tachimawari_interfaces/cmake/tachimawari_interfacesConfig-version.cmake
-- Installing: /home/azriel19/Documents/File TA/File Simul ICHIRO/webots_ws/install/tachimawari_interfaces/share/tachimawari_interfaces/package.xml
