[0.087s] Invoking command in '/home/azriel19/Documents/File TA/File Simul ICHIRO/webots_ws/build/tachimawari_interfaces': CMAKE_PREFIX_PATH=/opt/ros/foxy /usr/bin/cmake /home/azriel19/Documents/File TA/File Simul ICHIRO/webots_ws/src/tachimawari_interfaces -DCMAKE_INSTALL_PREFIX=/home/azriel19/Documents/File TA/File Simul ICHIRO/webots_ws/install/tachimawari_interfaces
[0.870s] -- The C compiler identification is GNU 9.4.0
[1.462s] -- The CXX compiler identification is GNU 9.4.0
[1.537s] -- Check for working C compiler: /usr/bin/cc
[2.202s] -- Check for working C compiler: /usr/bin/cc -- works
[2.211s] -- Detecting C compiler ABI info
[2.514s] -- Detecting C compiler ABI info - done
[2.602s] -- Detecting C compile features
[2.602s] -- Detecting C compile features - done
[2.610s] -- Check for working CXX compiler: /usr/bin/c++
[3.195s] -- Check for working CXX compiler: /usr/bin/c++ -- works
[3.199s] -- Detecting CXX compiler ABI info
[3.745s] -- Detecting CXX compiler ABI info - done
[3.861s] -- Detecting CXX compile features
[3.865s] -- Detecting CXX compile features - done
[3.879s] -- Found ament_cmake: 0.9.9 (/opt/ros/foxy/share/ament_cmake/cmake)
[4.016s] -- Found PythonInterp: /usr/bin/python3 (found suitable version "3.8.10", minimum required is "3") 
[4.017s] -- Using PYTHON_EXECUTABLE: /usr/bin/python3
[5.496s] -- Found rosidl_default_generators: 1.0.1 (/opt/ros/foxy/share/rosidl_default_generators/cmake)
[5.515s] -- Using all available rosidl_typesupport_c: rosidl_typesupport_fastrtps_c;rosidl_typesupport_introspection_c
[5.590s] -- Found rosidl_adapter: 1.2.1 (/opt/ros/foxy/share/rosidl_adapter/cmake)
[6.062s] -- Found OpenSSL: /usr/lib/x86_64-linux-gnu/libcrypto.so (found version "1.1.1f")  
[6.195s] -- Found FastRTPS: /opt/ros/foxy/include  
[6.656s] -- Using all available rosidl_typesupport_cpp: rosidl_typesupport_fastrtps_cpp;rosidl_typesupport_introspection_cpp
[6.912s] -- Found PythonInterp: /usr/bin/python3 (found version "3.8.10") 
[7.847s] -- Found ament_cmake_ros: 0.9.2 (/opt/ros/foxy/share/ament_cmake_ros/cmake)
[8.461s] -- Using all available rosidl_typesupport_c: rosidl_typesupport_fastrtps_c;rosidl_typesupport_introspection_c
[8.526s] -- Using all available rosidl_typesupport_cpp: rosidl_typesupport_fastrtps_cpp;rosidl_typesupport_introspection_cpp
[8.637s] -- Found PythonInterp: /usr/bin/python3 (found suitable version "3.8.10", minimum required is "3.5") 
[8.637s] -- Found python_cmake_module: 0.8.1 (/opt/ros/foxy/share/python_cmake_module/cmake)
[8.751s] -- Found PythonLibs: /usr/lib/x86_64-linux-gnu/libpython3.8.so (found suitable version "3.8.10", minimum required is "3.5") 
[8.753s] -- Using PYTHON_EXECUTABLE: /usr/bin/python3
[8.754s] -- Using PYTHON_INCLUDE_DIRS: /usr/include/python3.8
[8.756s] -- Using PYTHON_LIBRARIES: /usr/lib/x86_64-linux-gnu/libpython3.8.so
[8.892s] -- Found PythonExtra: .so  
[9.138s] -- Configuring done
[9.347s] -- Generating done
[9.372s] -- Build files have been written to: /home/azriel19/Documents/File TA/File Simul ICHIRO/webots_ws/build/tachimawari_interfaces
[9.435s] Invoked command in '/home/azriel19/Documents/File TA/File Simul ICHIRO/webots_ws/build/tachimawari_interfaces' returned '0': CMAKE_PREFIX_PATH=/opt/ros/foxy /usr/bin/cmake /home/azriel19/Documents/File TA/File Simul ICHIRO/webots_ws/src/tachimawari_interfaces -DCMAKE_INSTALL_PREFIX=/home/azriel19/Documents/File TA/File Simul ICHIRO/webots_ws/install/tachimawari_interfaces
[9.448s] Invoking command in '/home/azriel19/Documents/File TA/File Simul ICHIRO/webots_ws/build/tachimawari_interfaces': CMAKE_PREFIX_PATH=/opt/ros/foxy /usr/bin/cmake --build /home/azriel19/Documents/File TA/File Simul ICHIRO/webots_ws/build/tachimawari_interfaces -- -j4 -l4
[9.614s] [35m[1mScanning dependencies of target tachimawari_interfaces__cpp[0m
[9.684s] [  2%] [34m[1mGenerating C++ code for ROS interfaces[0m
[12.047s] [  2%] Built target tachimawari_interfaces__cpp
[12.146s] [  5%] [34m[1mGenerating C code for ROS interfaces[0m
[14.503s] [35m[1mScanning dependencies of target tachimawari_interfaces__rosidl_generator_c[0m
[14.593s] [  7%] [32mBuilding C object CMakeFiles/tachimawari_interfaces__rosidl_generator_c.dir/rosidl_generator_c/tachimawari_interfaces/msg/detail/joint__functions.c.o[0m
[14.762s] [ 10%] [32mBuilding C object CMakeFiles/tachimawari_interfaces__rosidl_generator_c.dir/rosidl_generator_c/tachimawari_interfaces/srv/detail/set_joints__functions.c.o[0m
[14.969s] [ 12%] [32m[1mLinking C shared library libtachimawari_interfaces__rosidl_generator_c.so[0m
[15.138s] [ 12%] Built target tachimawari_interfaces__rosidl_generator_c
[15.172s] [ 15%] [34m[1mGenerating C++ type support dispatch for ROS interfaces[0m
[17.247s] [35m[1mScanning dependencies of target tachimawari_interfaces__rosidl_typesupport_cpp[0m
[17.358s] [ 17%] [32mBuilding CXX object CMakeFiles/tachimawari_interfaces__rosidl_typesupport_cpp.dir/rosidl_typesupport_cpp/tachimawari_interfaces/msg/joint__type_support.cpp.o[0m
[19.501s] [ 20%] [32mBuilding CXX object CMakeFiles/tachimawari_interfaces__rosidl_typesupport_cpp.dir/rosidl_typesupport_cpp/tachimawari_interfaces/srv/set_joints__type_support.cpp.o[0m
[21.079s] [ 23%] [32m[1mLinking CXX shared library libtachimawari_interfaces__rosidl_typesupport_cpp.so[0m
[21.347s] [ 23%] Built target tachimawari_interfaces__rosidl_typesupport_cpp
[21.409s] [ 25%] [34m[1mGenerating C type support dispatch for ROS interfaces[0m
[23.297s] [35m[1mScanning dependencies of target tachimawari_interfaces__rosidl_typesupport_c[0m
[23.425s] [ 28%] [32mBuilding CXX object CMakeFiles/tachimawari_interfaces__rosidl_typesupport_c.dir/rosidl_typesupport_c/tachimawari_interfaces/msg/joint__type_support.cpp.o[0m
[23.648s] [ 30%] [32mBuilding CXX object CMakeFiles/tachimawari_interfaces__rosidl_typesupport_c.dir/rosidl_typesupport_c/tachimawari_interfaces/srv/set_joints__type_support.cpp.o[0m
[23.766s] [ 33%] [32m[1mLinking CXX shared library libtachimawari_interfaces__rosidl_typesupport_c.so[0m
[23.990s] [ 33%] Built target tachimawari_interfaces__rosidl_typesupport_c
[24.083s] [ 35%] [34m[1mGenerating C introspection for ROS interfaces[0m
[25.911s] [35m[1mScanning dependencies of target tachimawari_interfaces__rosidl_typesupport_introspection_c[0m
[26.001s] [ 38%] [32mBuilding C object CMakeFiles/tachimawari_interfaces__rosidl_typesupport_introspection_c.dir/rosidl_typesupport_introspection_c/tachimawari_interfaces/msg/detail/joint__type_support.c.o[0m
[26.194s] [ 41%] [32mBuilding C object CMakeFiles/tachimawari_interfaces__rosidl_typesupport_introspection_c.dir/rosidl_typesupport_introspection_c/tachimawari_interfaces/srv/detail/set_joints__type_support.c.o[0m
[26.467s] [ 43%] [32m[1mLinking C shared library libtachimawari_interfaces__rosidl_typesupport_introspection_c.so[0m
[26.647s] [ 43%] Built target tachimawari_interfaces__rosidl_typesupport_introspection_c
[26.728s] [ 46%] [34m[1mGenerating C++ type support for eProsima Fast-RTPS[0m
[28.343s] [35m[1mScanning dependencies of target tachimawari_interfaces__rosidl_typesupport_fastrtps_cpp[0m
[28.549s] [ 48%] [32mBuilding CXX object CMakeFiles/tachimawari_interfaces__rosidl_typesupport_fastrtps_cpp.dir/rosidl_typesupport_fastrtps_cpp/tachimawari_interfaces/msg/detail/dds_fastrtps/joint__type_support.cpp.o[0m
[31.549s] [ 51%] [32mBuilding CXX object CMakeFiles/tachimawari_interfaces__rosidl_typesupport_fastrtps_cpp.dir/rosidl_typesupport_fastrtps_cpp/tachimawari_interfaces/srv/detail/dds_fastrtps/set_joints__type_support.cpp.o[0m
[34.402s] [ 53%] [32m[1mLinking CXX shared library libtachimawari_interfaces__rosidl_typesupport_fastrtps_cpp.so[0m
[34.933s] [ 53%] Built target tachimawari_interfaces__rosidl_typesupport_fastrtps_cpp
[34.966s] [ 56%] [34m[1mGenerating C++ introspection for ROS interfaces[0m
[36.758s] [35m[1mScanning dependencies of target tachimawari_interfaces__rosidl_typesupport_introspection_cpp[0m
[36.851s] [ 58%] [32mBuilding CXX object CMakeFiles/tachimawari_interfaces__rosidl_typesupport_introspection_cpp.dir/rosidl_typesupport_introspection_cpp/tachimawari_interfaces/msg/detail/joint__type_support.cpp.o[0m
[38.746s] [ 61%] [32mBuilding CXX object CMakeFiles/tachimawari_interfaces__rosidl_typesupport_introspection_cpp.dir/rosidl_typesupport_introspection_cpp/tachimawari_interfaces/srv/detail/set_joints__type_support.cpp.o[0m
[40.607s] [ 64%] [32m[1mLinking CXX shared library libtachimawari_interfaces__rosidl_typesupport_introspection_cpp.so[0m
[41.001s] [ 64%] Built target tachimawari_interfaces__rosidl_typesupport_introspection_cpp
[41.101s] [ 66%] [34m[1mGenerating C type support for eProsima Fast-RTPS[0m
[43.058s] [35m[1mScanning dependencies of target tachimawari_interfaces__rosidl_typesupport_fastrtps_c[0m
[43.182s] [ 69%] [32mBuilding CXX object CMakeFiles/tachimawari_interfaces__rosidl_typesupport_fastrtps_c.dir/rosidl_typesupport_fastrtps_c/tachimawari_interfaces/msg/detail/joint__type_support_c.cpp.o[0m
[45.290s] [ 71%] [32mBuilding CXX object CMakeFiles/tachimawari_interfaces__rosidl_typesupport_fastrtps_c.dir/rosidl_typesupport_fastrtps_c/tachimawari_interfaces/srv/detail/set_joints__type_support_c.cpp.o[0m
[47.635s] [ 74%] [32m[1mLinking CXX shared library libtachimawari_interfaces__rosidl_typesupport_fastrtps_c.so[0m
[48.349s] [ 74%] Built target tachimawari_interfaces__rosidl_typesupport_fastrtps_c
[48.434s] [35m[1mScanning dependencies of target tachimawari_interfaces[0m
[48.516s] [ 74%] Built target tachimawari_interfaces
[48.595s] [35m[1mScanning dependencies of target tachimawari_interfaces__py[0m
[48.670s] [ 76%] [34m[1mGenerating Python code for ROS interfaces[0m
[52.077s] [ 76%] Built target tachimawari_interfaces__py
[52.110s] [35m[1mScanning dependencies of target tachimawari_interfaces__python[0m
[52.238s] [ 79%] [32mBuilding C object CMakeFiles/tachimawari_interfaces__python.dir/rosidl_generator_py/tachimawari_interfaces/msg/_joint_s.c.o[0m
[52.872s] [ 82%] [32mBuilding C object CMakeFiles/tachimawari_interfaces__python.dir/rosidl_generator_py/tachimawari_interfaces/srv/_set_joints_s.c.o[0m
[53.524s] [ 84%] [32m[1mLinking C shared library rosidl_generator_py/tachimawari_interfaces/libtachimawari_interfaces__python.so[0m
[53.868s] [ 84%] Built target tachimawari_interfaces__python
[53.997s] [35m[1mScanning dependencies of target tachimawari_interfaces__rosidl_typesupport_c__pyext[0m
[54.178s] [ 87%] [32mBuilding C object CMakeFiles/tachimawari_interfaces__rosidl_typesupport_c__pyext.dir/rosidl_generator_py/tachimawari_interfaces/_tachimawari_interfaces_s.ep.rosidl_typesupport_c.c.o[0m
[54.787s] [ 89%] [32m[1mLinking C shared library rosidl_generator_py/tachimawari_interfaces/tachimawari_interfaces_s__rosidl_typesupport_c.cpython-38-x86_64-linux-gnu.so[0m
[55.036s] [ 89%] Built target tachimawari_interfaces__rosidl_typesupport_c__pyext
[55.096s] [35m[1mScanning dependencies of target tachimawari_interfaces__rosidl_typesupport_fastrtps_c__pyext[0m
[55.199s] [ 92%] [32mBuilding C object CMakeFiles/tachimawari_interfaces__rosidl_typesupport_fastrtps_c__pyext.dir/rosidl_generator_py/tachimawari_interfaces/_tachimawari_interfaces_s.ep.rosidl_typesupport_fastrtps_c.c.o[0m
[55.870s] [ 94%] [32m[1mLinking CXX shared library rosidl_generator_py/tachimawari_interfaces/tachimawari_interfaces_s__rosidl_typesupport_fastrtps_c.cpython-38-x86_64-linux-gnu.so[0m
[56.333s] [ 94%] Built target tachimawari_interfaces__rosidl_typesupport_fastrtps_c__pyext
[56.414s] [35m[1mScanning dependencies of target tachimawari_interfaces__rosidl_typesupport_introspection_c__pyext[0m
[56.571s] [ 97%] [32mBuilding C object CMakeFiles/tachimawari_interfaces__rosidl_typesupport_introspection_c__pyext.dir/rosidl_generator_py/tachimawari_interfaces/_tachimawari_interfaces_s.ep.rosidl_typesupport_introspection_c.c.o[0m
[57.364s] [100%] [32m[1mLinking C shared library rosidl_generator_py/tachimawari_interfaces/tachimawari_interfaces_s__rosidl_typesupport_introspection_c.cpython-38-x86_64-linux-gnu.so[0m
[57.581s] [100%] Built target tachimawari_interfaces__rosidl_typesupport_introspection_c__pyext
[57.687s] Invoked command in '/home/azriel19/Documents/File TA/File Simul ICHIRO/webots_ws/build/tachimawari_interfaces' returned '0': CMAKE_PREFIX_PATH=/opt/ros/foxy /usr/bin/cmake --build /home/azriel19/Documents/File TA/File Simul ICHIRO/webots_ws/build/tachimawari_interfaces -- -j4 -l4
[58.796s] Invoking command in '/home/azriel19/Documents/File TA/File Simul ICHIRO/webots_ws/build/tachimawari_interfaces': CMAKE_PREFIX_PATH=/opt/ros/foxy /usr/bin/cmake --install /home/azriel19/Documents/File TA/File Simul ICHIRO/webots_ws/build/tachimawari_interfaces
[58.824s] -- Install configuration: ""
[58.826s] -- Installing: /home/azriel19/Documents/File TA/File Simul ICHIRO/webots_ws/install/tachimawari_interfaces/share/ament_index/resource_index/rosidl_interfaces/tachimawari_interfaces
[58.828s] -- Installing: /home/azriel19/Documents/File TA/File Simul ICHIRO/webots_ws/install/tachimawari_interfaces/include/tachimawari_interfaces
[58.830s] -- Installing: /home/azriel19/Documents/File TA/File Simul ICHIRO/webots_ws/install/tachimawari_interfaces/include/tachimawari_interfaces/srv
[58.830s] -- Installing: /home/azriel19/Documents/File TA/File Simul ICHIRO/webots_ws/install/tachimawari_interfaces/include/tachimawari_interfaces/srv/set_joints.h
[58.833s] -- Installing: /home/azriel19/Documents/File TA/File Simul ICHIRO/webots_ws/install/tachimawari_interfaces/include/tachimawari_interfaces/srv/detail
[58.834s] -- Installing: /home/azriel19/Documents/File TA/File Simul ICHIRO/webots_ws/install/tachimawari_interfaces/include/tachimawari_interfaces/srv/detail/set_joints__functions.h
[58.836s] -- Installing: /home/azriel19/Documents/File TA/File Simul ICHIRO/webots_ws/install/tachimawari_interfaces/include/tachimawari_interfaces/srv/detail/set_joints__functions.c
[58.837s] -- Installing: /home/azriel19/Documents/File TA/File Simul ICHIRO/webots_ws/install/tachimawari_interfaces/include/tachimawari_interfaces/srv/detail/set_joints__struct.h
[58.841s] -- Installing: /home/azriel19/Documents/File TA/File Simul ICHIRO/webots_ws/install/tachimawari_interfaces/include/tachimawari_interfaces/srv/detail/set_joints__type_support.h
[58.842s] -- Installing: /home/azriel19/Documents/File TA/File Simul ICHIRO/webots_ws/install/tachimawari_interfaces/include/tachimawari_interfaces/msg
[58.843s] -- Installing: /home/azriel19/Documents/File TA/File Simul ICHIRO/webots_ws/install/tachimawari_interfaces/include/tachimawari_interfaces/msg/rosidl_generator_c__visibility_control.h
[58.844s] -- Installing: /home/azriel19/Documents/File TA/File Simul ICHIRO/webots_ws/install/tachimawari_interfaces/include/tachimawari_interfaces/msg/joint.h
[58.845s] -- Installing: /home/azriel19/Documents/File TA/File Simul ICHIRO/webots_ws/install/tachimawari_interfaces/include/tachimawari_interfaces/msg/detail
[58.846s] -- Installing: /home/azriel19/Documents/File TA/File Simul ICHIRO/webots_ws/install/tachimawari_interfaces/include/tachimawari_interfaces/msg/detail/joint__type_support.h
[58.848s] -- Installing: /home/azriel19/Documents/File TA/File Simul ICHIRO/webots_ws/install/tachimawari_interfaces/include/tachimawari_interfaces/msg/detail/joint__functions.h
[58.849s] -- Installing: /home/azriel19/Documents/File TA/File Simul ICHIRO/webots_ws/install/tachimawari_interfaces/include/tachimawari_interfaces/msg/detail/joint__struct.h
[58.850s] -- Installing: /home/azriel19/Documents/File TA/File Simul ICHIRO/webots_ws/install/tachimawari_interfaces/include/tachimawari_interfaces/msg/detail/joint__functions.c
[58.854s] -- Installing: /home/azriel19/Documents/File TA/File Simul ICHIRO/webots_ws/install/tachimawari_interfaces/share/tachimawari_interfaces/environment/library_path.sh
[58.856s] -- Installing: /home/azriel19/Documents/File TA/File Simul ICHIRO/webots_ws/install/tachimawari_interfaces/share/tachimawari_interfaces/environment/library_path.dsv
[58.858s] -- Installing: /home/azriel19/Documents/File TA/File Simul ICHIRO/webots_ws/install/tachimawari_interfaces/lib/libtachimawari_interfaces__rosidl_generator_c.so
[58.861s] -- Set runtime path of "/home/azriel19/Documents/File TA/File Simul ICHIRO/webots_ws/install/tachimawari_interfaces/lib/libtachimawari_interfaces__rosidl_generator_c.so" to ""
[58.865s] -- Up-to-date: /home/azriel19/Documents/File TA/File Simul ICHIRO/webots_ws/install/tachimawari_interfaces/include/tachimawari_interfaces
[58.866s] -- Up-to-date: /home/azriel19/Documents/File TA/File Simul ICHIRO/webots_ws/install/tachimawari_interfaces/include/tachimawari_interfaces/srv
[58.868s] -- Up-to-date: /home/azriel19/Documents/File TA/File Simul ICHIRO/webots_ws/install/tachimawari_interfaces/include/tachimawari_interfaces/srv/detail
[58.869s] -- Installing: /home/azriel19/Documents/File TA/File Simul ICHIRO/webots_ws/install/tachimawari_interfaces/include/tachimawari_interfaces/srv/detail/set_joints__rosidl_typesupport_fastrtps_c.h
[58.870s] -- Up-to-date: /home/azriel19/Documents/File TA/File Simul ICHIRO/webots_ws/install/tachimawari_interfaces/include/tachimawari_interfaces/msg
[58.871s] -- Installing: /home/azriel19/Documents/File TA/File Simul ICHIRO/webots_ws/install/tachimawari_interfaces/include/tachimawari_interfaces/msg/rosidl_typesupport_fastrtps_c__visibility_control.h
[58.872s] -- Up-to-date: /home/azriel19/Documents/File TA/File Simul ICHIRO/webots_ws/install/tachimawari_interfaces/include/tachimawari_interfaces/msg/detail
[58.873s] -- Installing: /home/azriel19/Documents/File TA/File Simul ICHIRO/webots_ws/install/tachimawari_interfaces/include/tachimawari_interfaces/msg/detail/joint__rosidl_typesupport_fastrtps_c.h
[58.875s] -- Installing: /home/azriel19/Documents/File TA/File Simul ICHIRO/webots_ws/install/tachimawari_interfaces/lib/libtachimawari_interfaces__rosidl_typesupport_fastrtps_c.so
[58.878s] -- Set runtime path of "/home/azriel19/Documents/File TA/File Simul ICHIRO/webots_ws/install/tachimawari_interfaces/lib/libtachimawari_interfaces__rosidl_typesupport_fastrtps_c.so" to ""
[58.879s] -- Up-to-date: /home/azriel19/Documents/File TA/File Simul ICHIRO/webots_ws/install/tachimawari_interfaces/include/tachimawari_interfaces
[58.881s] -- Up-to-date: /home/azriel19/Documents/File TA/File Simul ICHIRO/webots_ws/install/tachimawari_interfaces/include/tachimawari_interfaces/srv
[58.882s] -- Up-to-date: /home/azriel19/Documents/File TA/File Simul ICHIRO/webots_ws/install/tachimawari_interfaces/include/tachimawari_interfaces/srv/detail
[58.884s] -- Installing: /home/azriel19/Documents/File TA/File Simul ICHIRO/webots_ws/install/tachimawari_interfaces/include/tachimawari_interfaces/srv/detail/set_joints__rosidl_typesupport_fastrtps_cpp.hpp
[58.886s] -- Installing: /home/azriel19/Documents/File TA/File Simul ICHIRO/webots_ws/install/tachimawari_interfaces/include/tachimawari_interfaces/srv/detail/dds_fastrtps
[58.889s] -- Up-to-date: /home/azriel19/Documents/File TA/File Simul ICHIRO/webots_ws/install/tachimawari_interfaces/include/tachimawari_interfaces/msg
[58.891s] -- Installing: /home/azriel19/Documents/File TA/File Simul ICHIRO/webots_ws/install/tachimawari_interfaces/include/tachimawari_interfaces/msg/rosidl_typesupport_fastrtps_cpp__visibility_control.h
[58.892s] -- Up-to-date: /home/azriel19/Documents/File TA/File Simul ICHIRO/webots_ws/install/tachimawari_interfaces/include/tachimawari_interfaces/msg/detail
[58.893s] -- Installing: /home/azriel19/Documents/File TA/File Simul ICHIRO/webots_ws/install/tachimawari_interfaces/include/tachimawari_interfaces/msg/detail/dds_fastrtps
[58.895s] -- Installing: /home/azriel19/Documents/File TA/File Simul ICHIRO/webots_ws/install/tachimawari_interfaces/include/tachimawari_interfaces/msg/detail/joint__rosidl_typesupport_fastrtps_cpp.hpp
[58.897s] -- Installing: /home/azriel19/Documents/File TA/File Simul ICHIRO/webots_ws/install/tachimawari_interfaces/lib/libtachimawari_interfaces__rosidl_typesupport_fastrtps_cpp.so
[58.899s] -- Set runtime path of "/home/azriel19/Documents/File TA/File Simul ICHIRO/webots_ws/install/tachimawari_interfaces/lib/libtachimawari_interfaces__rosidl_typesupport_fastrtps_cpp.so" to ""
[58.900s] -- Up-to-date: /home/azriel19/Documents/File TA/File Simul ICHIRO/webots_ws/install/tachimawari_interfaces/include/tachimawari_interfaces
[58.901s] -- Up-to-date: /home/azriel19/Documents/File TA/File Simul ICHIRO/webots_ws/install/tachimawari_interfaces/include/tachimawari_interfaces/srv
[58.902s] -- Up-to-date: /home/azriel19/Documents/File TA/File Simul ICHIRO/webots_ws/install/tachimawari_interfaces/include/tachimawari_interfaces/srv/detail
[58.903s] -- Installing: /home/azriel19/Documents/File TA/File Simul ICHIRO/webots_ws/install/tachimawari_interfaces/include/tachimawari_interfaces/srv/detail/set_joints__rosidl_typesupport_introspection_c.h
[58.904s] -- Installing: /home/azriel19/Documents/File TA/File Simul ICHIRO/webots_ws/install/tachimawari_interfaces/include/tachimawari_interfaces/srv/detail/set_joints__type_support.c
[58.906s] -- Up-to-date: /home/azriel19/Documents/File TA/File Simul ICHIRO/webots_ws/install/tachimawari_interfaces/include/tachimawari_interfaces/msg
[58.907s] -- Installing: /home/azriel19/Documents/File TA/File Simul ICHIRO/webots_ws/install/tachimawari_interfaces/include/tachimawari_interfaces/msg/rosidl_typesupport_introspection_c__visibility_control.h
[58.909s] -- Up-to-date: /home/azriel19/Documents/File TA/File Simul ICHIRO/webots_ws/install/tachimawari_interfaces/include/tachimawari_interfaces/msg/detail
[58.911s] -- Installing: /home/azriel19/Documents/File TA/File Simul ICHIRO/webots_ws/install/tachimawari_interfaces/include/tachimawari_interfaces/msg/detail/joint__rosidl_typesupport_introspection_c.h
[58.914s] -- Installing: /home/azriel19/Documents/File TA/File Simul ICHIRO/webots_ws/install/tachimawari_interfaces/include/tachimawari_interfaces/msg/detail/joint__type_support.c
[58.917s] -- Installing: /home/azriel19/Documents/File TA/File Simul ICHIRO/webots_ws/install/tachimawari_interfaces/lib/libtachimawari_interfaces__rosidl_typesupport_introspection_c.so
[58.920s] -- Set runtime path of "/home/azriel19/Documents/File TA/File Simul ICHIRO/webots_ws/install/tachimawari_interfaces/lib/libtachimawari_interfaces__rosidl_typesupport_introspection_c.so" to ""
[58.921s] -- Installing: /home/azriel19/Documents/File TA/File Simul ICHIRO/webots_ws/install/tachimawari_interfaces/lib/libtachimawari_interfaces__rosidl_typesupport_c.so
[58.929s] -- Set runtime path of "/home/azriel19/Documents/File TA/File Simul ICHIRO/webots_ws/install/tachimawari_interfaces/lib/libtachimawari_interfaces__rosidl_typesupport_c.so" to ""
[58.930s] -- Up-to-date: /home/azriel19/Documents/File TA/File Simul ICHIRO/webots_ws/install/tachimawari_interfaces/include/tachimawari_interfaces
[58.931s] -- Up-to-date: /home/azriel19/Documents/File TA/File Simul ICHIRO/webots_ws/install/tachimawari_interfaces/include/tachimawari_interfaces/srv
[58.932s] -- Installing: /home/azriel19/Documents/File TA/File Simul ICHIRO/webots_ws/install/tachimawari_interfaces/include/tachimawari_interfaces/srv/set_joints.hpp
[58.933s] -- Up-to-date: /home/azriel19/Documents/File TA/File Simul ICHIRO/webots_ws/install/tachimawari_interfaces/include/tachimawari_interfaces/srv/detail
[58.934s] -- Installing: /home/azriel19/Documents/File TA/File Simul ICHIRO/webots_ws/install/tachimawari_interfaces/include/tachimawari_interfaces/srv/detail/set_joints__builder.hpp
[58.936s] -- Installing: /home/azriel19/Documents/File TA/File Simul ICHIRO/webots_ws/install/tachimawari_interfaces/include/tachimawari_interfaces/srv/detail/set_joints__traits.hpp
[58.942s] -- Installing: /home/azriel19/Documents/File TA/File Simul ICHIRO/webots_ws/install/tachimawari_interfaces/include/tachimawari_interfaces/srv/detail/set_joints__struct.hpp
[58.943s] -- Up-to-date: /home/azriel19/Documents/File TA/File Simul ICHIRO/webots_ws/install/tachimawari_interfaces/include/tachimawari_interfaces/msg
[58.944s] -- Installing: /home/azriel19/Documents/File TA/File Simul ICHIRO/webots_ws/install/tachimawari_interfaces/include/tachimawari_interfaces/msg/joint.hpp
[58.945s] -- Up-to-date: /home/azriel19/Documents/File TA/File Simul ICHIRO/webots_ws/install/tachimawari_interfaces/include/tachimawari_interfaces/msg/detail
[58.946s] -- Installing: /home/azriel19/Documents/File TA/File Simul ICHIRO/webots_ws/install/tachimawari_interfaces/include/tachimawari_interfaces/msg/detail/joint__builder.hpp
[58.947s] -- Installing: /home/azriel19/Documents/File TA/File Simul ICHIRO/webots_ws/install/tachimawari_interfaces/include/tachimawari_interfaces/msg/detail/joint__struct.hpp
[58.948s] -- Installing: /home/azriel19/Documents/File TA/File Simul ICHIRO/webots_ws/install/tachimawari_interfaces/include/tachimawari_interfaces/msg/detail/joint__traits.hpp
[58.950s] -- Up-to-date: /home/azriel19/Documents/File TA/File Simul ICHIRO/webots_ws/install/tachimawari_interfaces/include/tachimawari_interfaces
[58.951s] -- Up-to-date: /home/azriel19/Documents/File TA/File Simul ICHIRO/webots_ws/install/tachimawari_interfaces/include/tachimawari_interfaces/srv
[58.952s] -- Up-to-date: /home/azriel19/Documents/File TA/File Simul ICHIRO/webots_ws/install/tachimawari_interfaces/include/tachimawari_interfaces/srv/detail
[58.952s] -- Installing: /home/azriel19/Documents/File TA/File Simul ICHIRO/webots_ws/install/tachimawari_interfaces/include/tachimawari_interfaces/srv/detail/set_joints__rosidl_typesupport_introspection_cpp.hpp
[58.954s] -- Installing: /home/azriel19/Documents/File TA/File Simul ICHIRO/webots_ws/install/tachimawari_interfaces/include/tachimawari_interfaces/srv/detail/set_joints__type_support.cpp
[58.956s] -- Up-to-date: /home/azriel19/Documents/File TA/File Simul ICHIRO/webots_ws/install/tachimawari_interfaces/include/tachimawari_interfaces/msg
[58.957s] -- Up-to-date: /home/azriel19/Documents/File TA/File Simul ICHIRO/webots_ws/install/tachimawari_interfaces/include/tachimawari_interfaces/msg/detail
[58.958s] -- Installing: /home/azriel19/Documents/File TA/File Simul ICHIRO/webots_ws/install/tachimawari_interfaces/include/tachimawari_interfaces/msg/detail/joint__type_support.cpp
[58.962s] -- Installing: /home/azriel19/Documents/File TA/File Simul ICHIRO/webots_ws/install/tachimawari_interfaces/include/tachimawari_interfaces/msg/detail/joint__rosidl_typesupport_introspection_cpp.hpp
[58.965s] -- Installing: /home/azriel19/Documents/File TA/File Simul ICHIRO/webots_ws/install/tachimawari_interfaces/lib/libtachimawari_interfaces__rosidl_typesupport_introspection_cpp.so
[58.968s] -- Set runtime path of "/home/azriel19/Documents/File TA/File Simul ICHIRO/webots_ws/install/tachimawari_interfaces/lib/libtachimawari_interfaces__rosidl_typesupport_introspection_cpp.so" to ""
[58.971s] -- Installing: /home/azriel19/Documents/File TA/File Simul ICHIRO/webots_ws/install/tachimawari_interfaces/lib/libtachimawari_interfaces__rosidl_typesupport_cpp.so
[58.974s] -- Set runtime path of "/home/azriel19/Documents/File TA/File Simul ICHIRO/webots_ws/install/tachimawari_interfaces/lib/libtachimawari_interfaces__rosidl_typesupport_cpp.so" to ""
[58.978s] -- Installing: /home/azriel19/Documents/File TA/File Simul ICHIRO/webots_ws/install/tachimawari_interfaces/share/tachimawari_interfaces/environment/pythonpath.sh
[58.980s] -- Installing: /home/azriel19/Documents/File TA/File Simul ICHIRO/webots_ws/install/tachimawari_interfaces/share/tachimawari_interfaces/environment/pythonpath.dsv
[58.981s] -- Installing: /home/azriel19/Documents/File TA/File Simul ICHIRO/webots_ws/install/tachimawari_interfaces/lib/python3.8/site-packages/tachimawari_interfaces/__init__.py
[59.278s] Compiling '/home/azriel19/Documents/File TA/File Simul ICHIRO/webots_ws/install/tachimawari_interfaces/lib/python3.8/site-packages/tachimawari_interfaces/__init__.py'...
[59.304s] -- Installing: /home/azriel19/Documents/File TA/File Simul ICHIRO/webots_ws/install/tachimawari_interfaces/lib/python3.8/site-packages/tachimawari_interfaces/msg
[59.304s] -- Installing: /home/azriel19/Documents/File TA/File Simul ICHIRO/webots_ws/install/tachimawari_interfaces/lib/python3.8/site-packages/tachimawari_interfaces/msg/_joint_s.c
[59.305s] -- Installing: /home/azriel19/Documents/File TA/File Simul ICHIRO/webots_ws/install/tachimawari_interfaces/lib/python3.8/site-packages/tachimawari_interfaces/msg/__init__.py
[59.305s] -- Installing: /home/azriel19/Documents/File TA/File Simul ICHIRO/webots_ws/install/tachimawari_interfaces/lib/python3.8/site-packages/tachimawari_interfaces/msg/_joint.py
[59.306s] -- Installing: /home/azriel19/Documents/File TA/File Simul ICHIRO/webots_ws/install/tachimawari_interfaces/lib/python3.8/site-packages/tachimawari_interfaces/srv
[59.308s] -- Installing: /home/azriel19/Documents/File TA/File Simul ICHIRO/webots_ws/install/tachimawari_interfaces/lib/python3.8/site-packages/tachimawari_interfaces/srv/_set_joints.py
[59.308s] -- Installing: /home/azriel19/Documents/File TA/File Simul ICHIRO/webots_ws/install/tachimawari_interfaces/lib/python3.8/site-packages/tachimawari_interfaces/srv/__init__.py
[59.315s] -- Installing: /home/azriel19/Documents/File TA/File Simul ICHIRO/webots_ws/install/tachimawari_interfaces/lib/python3.8/site-packages/tachimawari_interfaces/srv/_set_joints_s.c
[59.316s] -- Installing: /home/azriel19/Documents/File TA/File Simul ICHIRO/webots_ws/install/tachimawari_interfaces/lib/python3.8/site-packages/tachimawari_interfaces/tachimawari_interfaces_s__rosidl_typesupport_fastrtps_c.cpython-38-x86_64-linux-gnu.so
[59.319s] -- Set runtime path of "/home/azriel19/Documents/File TA/File Simul ICHIRO/webots_ws/install/tachimawari_interfaces/lib/python3.8/site-packages/tachimawari_interfaces/tachimawari_interfaces_s__rosidl_typesupport_fastrtps_c.cpython-38-x86_64-linux-gnu.so" to ""
[59.322s] -- Installing: /home/azriel19/Documents/File TA/File Simul ICHIRO/webots_ws/install/tachimawari_interfaces/lib/python3.8/site-packages/tachimawari_interfaces/tachimawari_interfaces_s__rosidl_typesupport_introspection_c.cpython-38-x86_64-linux-gnu.so
[59.329s] -- Set runtime path of "/home/azriel19/Documents/File TA/File Simul ICHIRO/webots_ws/install/tachimawari_interfaces/lib/python3.8/site-packages/tachimawari_interfaces/tachimawari_interfaces_s__rosidl_typesupport_introspection_c.cpython-38-x86_64-linux-gnu.so" to ""
[59.339s] -- Installing: /home/azriel19/Documents/File TA/File Simul ICHIRO/webots_ws/install/tachimawari_interfaces/lib/python3.8/site-packages/tachimawari_interfaces/tachimawari_interfaces_s__rosidl_typesupport_c.cpython-38-x86_64-linux-gnu.so
[59.339s] -- Set runtime path of "/home/azriel19/Documents/File TA/File Simul ICHIRO/webots_ws/install/tachimawari_interfaces/lib/python3.8/site-packages/tachimawari_interfaces/tachimawari_interfaces_s__rosidl_typesupport_c.cpython-38-x86_64-linux-gnu.so" to ""
[59.339s] -- Installing: /home/azriel19/Documents/File TA/File Simul ICHIRO/webots_ws/install/tachimawari_interfaces/lib/libtachimawari_interfaces__python.so
[59.340s] -- Set runtime path of "/home/azriel19/Documents/File TA/File Simul ICHIRO/webots_ws/install/tachimawari_interfaces/lib/libtachimawari_interfaces__python.so" to ""
[59.340s] -- Installing: /home/azriel19/Documents/File TA/File Simul ICHIRO/webots_ws/install/tachimawari_interfaces/share/tachimawari_interfaces/msg/Joint.idl
[59.347s] -- Installing: /home/azriel19/Documents/File TA/File Simul ICHIRO/webots_ws/install/tachimawari_interfaces/share/tachimawari_interfaces/srv/SetJoints.idl
[59.348s] -- Installing: /home/azriel19/Documents/File TA/File Simul ICHIRO/webots_ws/install/tachimawari_interfaces/share/tachimawari_interfaces/msg/Joint.msg
[59.350s] -- Installing: /home/azriel19/Documents/File TA/File Simul ICHIRO/webots_ws/install/tachimawari_interfaces/share/tachimawari_interfaces/srv/SetJoints.srv
[59.350s] -- Installing: /home/azriel19/Documents/File TA/File Simul ICHIRO/webots_ws/install/tachimawari_interfaces/share/tachimawari_interfaces/srv/SetJoints_Request.msg
[59.350s] -- Installing: /home/azriel19/Documents/File TA/File Simul ICHIRO/webots_ws/install/tachimawari_interfaces/share/tachimawari_interfaces/srv/SetJoints_Response.msg
[59.351s] -- Installing: /home/azriel19/Documents/File TA/File Simul ICHIRO/webots_ws/install/tachimawari_interfaces/share/ament_index/resource_index/package_run_dependencies/tachimawari_interfaces
[59.351s] -- Installing: /home/azriel19/Documents/File TA/File Simul ICHIRO/webots_ws/install/tachimawari_interfaces/share/ament_index/resource_index/parent_prefix_path/tachimawari_interfaces
[59.352s] -- Installing: /home/azriel19/Documents/File TA/File Simul ICHIRO/webots_ws/install/tachimawari_interfaces/share/tachimawari_interfaces/environment/ament_prefix_path.sh
[59.358s] -- Installing: /home/azriel19/Documents/File TA/File Simul ICHIRO/webots_ws/install/tachimawari_interfaces/share/tachimawari_interfaces/environment/ament_prefix_path.dsv
[59.358s] -- Installing: /home/azriel19/Documents/File TA/File Simul ICHIRO/webots_ws/install/tachimawari_interfaces/share/tachimawari_interfaces/environment/path.sh
[59.358s] -- Installing: /home/azriel19/Documents/File TA/File Simul ICHIRO/webots_ws/install/tachimawari_interfaces/share/tachimawari_interfaces/environment/path.dsv
[59.358s] -- Installing: /home/azriel19/Documents/File TA/File Simul ICHIRO/webots_ws/install/tachimawari_interfaces/share/tachimawari_interfaces/local_setup.bash
[59.359s] -- Installing: /home/azriel19/Documents/File TA/File Simul ICHIRO/webots_ws/install/tachimawari_interfaces/share/tachimawari_interfaces/local_setup.sh
[59.359s] -- Installing: /home/azriel19/Documents/File TA/File Simul ICHIRO/webots_ws/install/tachimawari_interfaces/share/tachimawari_interfaces/local_setup.zsh
[59.362s] -- Installing: /home/azriel19/Documents/File TA/File Simul ICHIRO/webots_ws/install/tachimawari_interfaces/share/tachimawari_interfaces/local_setup.dsv
[59.363s] -- Installing: /home/azriel19/Documents/File TA/File Simul ICHIRO/webots_ws/install/tachimawari_interfaces/share/tachimawari_interfaces/package.dsv
[59.365s] -- Installing: /home/azriel19/Documents/File TA/File Simul ICHIRO/webots_ws/install/tachimawari_interfaces/share/ament_index/resource_index/packages/tachimawari_interfaces
[59.366s] -- Installing: /home/azriel19/Documents/File TA/File Simul ICHIRO/webots_ws/install/tachimawari_interfaces/share/tachimawari_interfaces/cmake/tachimawari_interfaces__rosidl_generator_cExport.cmake
[59.366s] -- Installing: /home/azriel19/Documents/File TA/File Simul ICHIRO/webots_ws/install/tachimawari_interfaces/share/tachimawari_interfaces/cmake/tachimawari_interfaces__rosidl_generator_cExport-noconfig.cmake
[59.366s] -- Installing: /home/azriel19/Documents/File TA/File Simul ICHIRO/webots_ws/install/tachimawari_interfaces/share/tachimawari_interfaces/cmake/tachimawari_interfaces__rosidl_typesupport_introspection_cExport.cmake
[59.367s] -- Installing: /home/azriel19/Documents/File TA/File Simul ICHIRO/webots_ws/install/tachimawari_interfaces/share/tachimawari_interfaces/cmake/tachimawari_interfaces__rosidl_typesupport_introspection_cExport-noconfig.cmake
[59.367s] -- Installing: /home/azriel19/Documents/File TA/File Simul ICHIRO/webots_ws/install/tachimawari_interfaces/share/tachimawari_interfaces/cmake/tachimawari_interfaces__rosidl_typesupport_cExport.cmake
[59.367s] -- Installing: /home/azriel19/Documents/File TA/File Simul ICHIRO/webots_ws/install/tachimawari_interfaces/share/tachimawari_interfaces/cmake/tachimawari_interfaces__rosidl_typesupport_cExport-noconfig.cmake
[59.375s] -- Installing: /home/azriel19/Documents/File TA/File Simul ICHIRO/webots_ws/install/tachimawari_interfaces/share/tachimawari_interfaces/cmake/tachimawari_interfaces__rosidl_generator_cppExport.cmake
[59.376s] -- Installing: /home/azriel19/Documents/File TA/File Simul ICHIRO/webots_ws/install/tachimawari_interfaces/share/tachimawari_interfaces/cmake/tachimawari_interfaces__rosidl_typesupport_introspection_cppExport.cmake
[59.377s] -- Installing: /home/azriel19/Documents/File TA/File Simul ICHIRO/webots_ws/install/tachimawari_interfaces/share/tachimawari_interfaces/cmake/tachimawari_interfaces__rosidl_typesupport_introspection_cppExport-noconfig.cmake
[59.378s] -- Installing: /home/azriel19/Documents/File TA/File Simul ICHIRO/webots_ws/install/tachimawari_interfaces/share/tachimawari_interfaces/cmake/tachimawari_interfaces__rosidl_typesupport_cppExport.cmake
[59.379s] -- Installing: /home/azriel19/Documents/File TA/File Simul ICHIRO/webots_ws/install/tachimawari_interfaces/share/tachimawari_interfaces/cmake/tachimawari_interfaces__rosidl_typesupport_cppExport-noconfig.cmake
[59.386s] -- Installing: /home/azriel19/Documents/File TA/File Simul ICHIRO/webots_ws/install/tachimawari_interfaces/share/tachimawari_interfaces/cmake/rosidl_cmake-extras.cmake
[59.386s] -- Installing: /home/azriel19/Documents/File TA/File Simul ICHIRO/webots_ws/install/tachimawari_interfaces/share/tachimawari_interfaces/cmake/ament_cmake_export_dependencies-extras.cmake
[59.386s] -- Installing: /home/azriel19/Documents/File TA/File Simul ICHIRO/webots_ws/install/tachimawari_interfaces/share/tachimawari_interfaces/cmake/ament_cmake_export_libraries-extras.cmake
[59.387s] -- Installing: /home/azriel19/Documents/File TA/File Simul ICHIRO/webots_ws/install/tachimawari_interfaces/share/tachimawari_interfaces/cmake/ament_cmake_export_targets-extras.cmake
[59.387s] -- Installing: /home/azriel19/Documents/File TA/File Simul ICHIRO/webots_ws/install/tachimawari_interfaces/share/tachimawari_interfaces/cmake/ament_cmake_export_include_directories-extras.cmake
[59.387s] -- Installing: /home/azriel19/Documents/File TA/File Simul ICHIRO/webots_ws/install/tachimawari_interfaces/share/tachimawari_interfaces/cmake/rosidl_cmake_export_typesupport_libraries-extras.cmake
[59.387s] -- Installing: /home/azriel19/Documents/File TA/File Simul ICHIRO/webots_ws/install/tachimawari_interfaces/share/tachimawari_interfaces/cmake/rosidl_cmake_export_typesupport_targets-extras.cmake
[59.387s] -- Installing: /home/azriel19/Documents/File TA/File Simul ICHIRO/webots_ws/install/tachimawari_interfaces/share/tachimawari_interfaces/cmake/tachimawari_interfacesConfig.cmake
[59.387s] -- Installing: /home/azriel19/Documents/File TA/File Simul ICHIRO/webots_ws/install/tachimawari_interfaces/share/tachimawari_interfaces/cmake/tachimawari_interfacesConfig-version.cmake
[59.388s] -- Installing: /home/azriel19/Documents/File TA/File Simul ICHIRO/webots_ws/install/tachimawari_interfaces/share/tachimawari_interfaces/package.xml
[59.409s] Invoked command in '/home/azriel19/Documents/File TA/File Simul ICHIRO/webots_ws/build/tachimawari_interfaces' returned '0': CMAKE_PREFIX_PATH=/opt/ros/foxy /usr/bin/cmake --install /home/azriel19/Documents/File TA/File Simul ICHIRO/webots_ws/build/tachimawari_interfaces
