-- The C compiler identification is GNU 9.4.0
-- The CXX compiler identification is GNU 9.4.0
-- Check for working C compiler: /usr/bin/cc
-- Check for working C compiler: /usr/bin/cc -- works
-- Detecting C compiler ABI info
-- Detecting C compiler ABI info - done
-- Detecting C compile features
-- Detecting C compile features - done
-- Check for working CXX compiler: /usr/bin/c++
-- Check for working CXX compiler: /usr/bin/c++ -- works
-- Detecting CXX compiler ABI info
-- Detecting CXX compiler ABI info - done
-- Detecting CXX compile features
-- Detecting CXX compile features - done
-- Found ament_cmake: 0.9.9 (/opt/ros/foxy/share/ament_cmake/cmake)
-- Found PythonInterp: /usr/bin/python3 (found suitable version "3.8.10", minimum required is "3") 
-- Using PYTHON_EXECUTABLE: /usr/bin/python3
-- Configuring done
-- Generating done
-- Build files have been written to: /home/azriel19/Documents/File TA/File Simul ICHIRO/ros2_ws/build/framework_common
[35m[1mScanning dependencies of target framework_common[0m
[  9%] [32mBuilding CXX object CMakeFiles/framework_common.dir/src/algebra.cpp.o[0m
[ 18%] [32mBuilding CXX object CMakeFiles/framework_common.dir/src/cli.cpp.o[0m
[ 27%] [32mBuilding CXX object CMakeFiles/framework_common.dir/src/config.cpp.o[0m
In file included from [01m[K/home/azriel19/Documents/File TA/File Simul ICHIRO/ros2_ws/src/framework_common/src/config.cpp:1[m[K:
[01m[K/home/azriel19/Documents/File TA/File Simul ICHIRO/ros2_ws/src/framework_common/include/common/config.h:[m[K In member function ‘[01m[Kvirtual void Config::ParamBase::parse(const YAML::Node&)[m[K’:
[01m[K/home/azriel19/Documents/File TA/File Simul ICHIRO/ros2_ws/src/framework_common/include/common/config.h:29:42:[m[K [01;35m[Kwarning: [m[Kunused parameter ‘[01m[Knode[m[K’ [[01;35m[K-Wunused-parameter[m[K]
   29 |     virtual void parse([01;35m[Kconst YAML::Node &node[m[K) { }
      |                        [01;35m[K~~~~~~~~~~~~~~~~~~^~~~[m[K
[01m[K/home/azriel19/Documents/File TA/File Simul ICHIRO/ros2_ws/src/framework_common/include/common/config.h:[m[K In member function ‘[01m[Kvirtual void Config::ParamBase::emit(YAML::Emitter&)[m[K’:
[01m[K/home/azriel19/Documents/File TA/File Simul ICHIRO/ros2_ws/src/framework_common/include/common/config.h:30:38:[m[K [01;35m[Kwarning: [m[Kunused parameter ‘[01m[Kemitter[m[K’ [[01;35m[K-Wunused-parameter[m[K]
   30 |     virtual void emit([01;35m[KYAML::Emitter &emitter[m[K) { }
      |                       [01;35m[K~~~~~~~~~~~~~~~^~~~~~~[m[K
[ 36%] [32mBuilding CXX object CMakeFiles/framework_common.dir/src/duration.cpp.o[0m
In file included from [01m[K/home/azriel19/Documents/File TA/File Simul ICHIRO/ros2_ws/src/framework_common/src/duration.cpp:1[m[K:
[01m[K/home/azriel19/Documents/File TA/File Simul ICHIRO/ros2_ws/src/framework_common/include/common/duration.h:[m[K In member function ‘[01m[Kdouble Duration::getSeconds(timespec)[m[K’:
[01m[K/home/azriel19/Documents/File TA/File Simul ICHIRO/ros2_ws/src/framework_common/include/common/duration.h:12:39:[m[K [01;35m[Kwarning: [m[Kunused parameter ‘[01m[Kt[m[K’ [[01;35m[K-Wunused-parameter[m[K]
   12 |     double getSeconds([01;35m[Kstruct timespec t[m[K) { return (double)time_.tv_sec + ((double)time_.tv_nsec / 1000000000); }
      |                       [01;35m[K~~~~~~~~~~~~~~~~^[m[K
[ 45%] [32mBuilding CXX object CMakeFiles/framework_common.dir/src/linux.cpp.o[0m
[ 54%] [32mBuilding CXX object CMakeFiles/framework_common.dir/src/pid_control.cpp.o[0m
[ 63%] [32mBuilding CXX object CMakeFiles/framework_common.dir/src/vector2.cpp.o[0m
[ 72%] [32mBuilding CXX object CMakeFiles/framework_common.dir/src/vector3.cpp.o[0m
[ 81%] [32mBuilding CXX object CMakeFiles/framework_common.dir/src/binary.cpp.o[0m
[ 90%] [32mBuilding CXX object CMakeFiles/framework_common.dir/src/behavior.cpp.o[0m
[100%] [32m[1mLinking CXX shared library libframework_common.so[0m
[100%] Built target framework_common
-- Install configuration: ""
-- Installing: /home/azriel19/Documents/File TA/File Simul ICHIRO/ros2_ws/install/framework_common/./include
-- Installing: /home/azriel19/Documents/File TA/File Simul ICHIRO/ros2_ws/install/framework_common/./include/common
-- Installing: /home/azriel19/Documents/File TA/File Simul ICHIRO/ros2_ws/install/framework_common/./include/common/vector2.h
-- Installing: /home/azriel19/Documents/File TA/File Simul ICHIRO/ros2_ws/install/framework_common/./include/common/cli.h
-- Installing: /home/azriel19/Documents/File TA/File Simul ICHIRO/ros2_ws/install/framework_common/./include/common/pid_control.h
-- Installing: /home/azriel19/Documents/File TA/File Simul ICHIRO/ros2_ws/install/framework_common/./include/common/behavior.h
-- Installing: /home/azriel19/Documents/File TA/File Simul ICHIRO/ros2_ws/install/framework_common/./include/common/binary.h
-- Installing: /home/azriel19/Documents/File TA/File Simul ICHIRO/ros2_ws/install/framework_common/./include/common/config.h
-- Installing: /home/azriel19/Documents/File TA/File Simul ICHIRO/ros2_ws/install/framework_common/./include/common/algebra.h
-- Installing: /home/azriel19/Documents/File TA/File Simul ICHIRO/ros2_ws/install/framework_common/./include/common/vector3.h
-- Installing: /home/azriel19/Documents/File TA/File Simul ICHIRO/ros2_ws/install/framework_common/./include/common/linux.h
-- Installing: /home/azriel19/Documents/File TA/File Simul ICHIRO/ros2_ws/install/framework_common/./include/common/duration.h
-- Installing: /home/azriel19/Documents/File TA/File Simul ICHIRO/ros2_ws/install/framework_common/./include/common.h
-- Installing: /home/azriel19/Documents/File TA/File Simul ICHIRO/ros2_ws/install/framework_common/lib/libframework_common.so
-- Installing: /home/azriel19/Documents/File TA/File Simul ICHIRO/ros2_ws/install/framework_common/share/framework_common/environment/library_path.sh
-- Installing: /home/azriel19/Documents/File TA/File Simul ICHIRO/ros2_ws/install/framework_common/share/framework_common/environment/library_path.dsv
-- Installing: /home/azriel19/Documents/File TA/File Simul ICHIRO/ros2_ws/install/framework_common/share/ament_index/resource_index/package_run_dependencies/framework_common
-- Installing: /home/azriel19/Documents/File TA/File Simul ICHIRO/ros2_ws/install/framework_common/share/ament_index/resource_index/parent_prefix_path/framework_common
-- Installing: /home/azriel19/Documents/File TA/File Simul ICHIRO/ros2_ws/install/framework_common/share/framework_common/environment/ament_prefix_path.sh
-- Installing: /home/azriel19/Documents/File TA/File Simul ICHIRO/ros2_ws/install/framework_common/share/framework_common/environment/ament_prefix_path.dsv
-- Installing: /home/azriel19/Documents/File TA/File Simul ICHIRO/ros2_ws/install/framework_common/share/framework_common/environment/path.sh
-- Installing: /home/azriel19/Documents/File TA/File Simul ICHIRO/ros2_ws/install/framework_common/share/framework_common/environment/path.dsv
-- Installing: /home/azriel19/Documents/File TA/File Simul ICHIRO/ros2_ws/install/framework_common/share/framework_common/local_setup.bash
-- Installing: /home/azriel19/Documents/File TA/File Simul ICHIRO/ros2_ws/install/framework_common/share/framework_common/local_setup.sh
-- Installing: /home/azriel19/Documents/File TA/File Simul ICHIRO/ros2_ws/install/framework_common/share/framework_common/local_setup.zsh
-- Installing: /home/azriel19/Documents/File TA/File Simul ICHIRO/ros2_ws/install/framework_common/share/framework_common/local_setup.dsv
-- Installing: /home/azriel19/Documents/File TA/File Simul ICHIRO/ros2_ws/install/framework_common/share/framework_common/package.dsv
-- Installing: /home/azriel19/Documents/File TA/File Simul ICHIRO/ros2_ws/install/framework_common/share/ament_index/resource_index/packages/framework_common
-- Installing: /home/azriel19/Documents/File TA/File Simul ICHIRO/ros2_ws/install/framework_common/share/framework_common/cmake/ament_cmake_export_dependencies-extras.cmake
-- Installing: /home/azriel19/Documents/File TA/File Simul ICHIRO/ros2_ws/install/framework_common/share/framework_common/cmake/ament_cmake_export_include_directories-extras.cmake
-- Installing: /home/azriel19/Documents/File TA/File Simul ICHIRO/ros2_ws/install/framework_common/share/framework_common/cmake/ament_cmake_export_libraries-extras.cmake
-- Installing: /home/azriel19/Documents/File TA/File Simul ICHIRO/ros2_ws/install/framework_common/share/framework_common/cmake/framework_commonConfig.cmake
-- Installing: /home/azriel19/Documents/File TA/File Simul ICHIRO/ros2_ws/install/framework_common/share/framework_common/cmake/framework_commonConfig-version.cmake
-- Installing: /home/azriel19/Documents/File TA/File Simul ICHIRO/ros2_ws/install/framework_common/share/framework_common/package.xml
