[0.075s] Invoking command in '/home/azriel19/Documents/File TA/File Simul ICHIRO/webots_ws/build/akushon': AMENT_PREFIX_PATH=/home/azriel19/Documents/File TA/File Simul ICHIRO/webots_ws/install/tachimawari:/home/azriel19/Documents/File TA/File Simul ICHIRO/webots_ws/install/robocup_client:/home/azriel19/Documents/File TA/File Simul ICHIRO/webots_ws/install/tachimawari_interfaces:/home/azriel19/Documents/File TA/File Simul ICHIRO/webots_ws/install/musen:/home/azriel19/Documents/File TA/File Simul ICHIRO/webots_ws/install/keisan:${AMENT_PREFIX_PATH} CMAKE_PREFIX_PATH=/home/azriel19/Documents/File TA/File Simul ICHIRO/webots_ws/install/tachimawari:/home/azriel19/Documents/File TA/File Simul ICHIRO/webots_ws/install/robocup_client:/home/azriel19/Documents/File TA/File Simul ICHIRO/webots_ws/install/tachimawari_interfaces:/home/azriel19/Documents/File TA/File Simul ICHIRO/webots_ws/install/musen:/home/azriel19/Documents/File TA/File Simul ICHIRO/webots_ws/install/keisan:/opt/ros/foxy LD_LIBRARY_PATH=/home/azriel19/Documents/File TA/File Simul ICHIRO/webots_ws/install/tachimawari/lib:/home/azriel19/Documents/File TA/File Simul ICHIRO/webots_ws/install/robocup_client/lib:/home/azriel19/Documents/File TA/File Simul ICHIRO/webots_ws/install/tachimawari_interfaces/lib:/home/azriel19/Documents/File TA/File Simul ICHIRO/webots_ws/install/musen/lib:/home/azriel19/Documents/File TA/File Simul ICHIRO/webots_ws/install/keisan/lib:${LD_LIBRARY_PATH} PYTHONPATH=/home/azriel19/Documents/File TA/File Simul ICHIRO/webots_ws/install/tachimawari_interfaces/lib/python3.8/site-packages:${PYTHONPATH} /usr/bin/cmake /home/azriel19/Documents/File TA/File Simul ICHIRO/webots_ws/src/akushon -DCMAKE_INSTALL_PREFIX=/home/azriel19/Documents/File TA/File Simul ICHIRO/webots_ws/install/akushon
[0.334s] -- The C compiler identification is GNU 9.4.0
[0.555s] -- The CXX compiler identification is GNU 9.4.0
[0.578s] -- Check for working C compiler: /usr/bin/cc
[0.832s] -- Check for working C compiler: /usr/bin/cc -- works
[0.836s] -- Detecting C compiler ABI info
[1.090s] -- Detecting C compiler ABI info - done
[1.146s] -- Detecting C compile features
[1.148s] -- Detecting C compile features - done
[1.158s] -- Check for working CXX compiler: /usr/bin/c++
[1.449s] -- Check for working CXX compiler: /usr/bin/c++ -- works
[1.453s] -- Detecting CXX compiler ABI info
[1.762s] -- Detecting CXX compiler ABI info - done
[1.832s] -- Detecting CXX compile features
[1.833s] -- Detecting CXX compile features - done
[1.839s] -- Found ament_cmake: 0.9.9 (/opt/ros/foxy/share/ament_cmake/cmake)
[1.913s] -- Found PythonInterp: /usr/bin/python3 (found suitable version "3.8.10", minimum required is "3") 
[1.913s] -- Using PYTHON_EXECUTABLE: /usr/bin/python3
[2.891s] -- Found ament_index_cpp: 1.1.0 (/opt/ros/foxy/share/ament_index_cpp/cmake)
[2.900s] -- Found robocup_client: 0.1.0 (/home/azriel19/Documents/File TA/File Simul ICHIRO/webots_ws/install/robocup_client/share/robocup_client/cmake)
[3.077s] -- Using all available rosidl_typesupport_c: rosidl_typesupport_fastrtps_c;rosidl_typesupport_introspection_c
[3.103s] -- Found rosidl_adapter: 1.2.1 (/opt/ros/foxy/share/rosidl_adapter/cmake)
[3.334s] -- Found OpenSSL: /usr/lib/x86_64-linux-gnu/libcrypto.so (found version "1.1.1f")  
[3.428s] -- Found FastRTPS: /opt/ros/foxy/include  
[3.759s] -- Using all available rosidl_typesupport_cpp: rosidl_typesupport_fastrtps_cpp;rosidl_typesupport_introspection_cpp
[3.965s] -- Found rmw_implementation_cmake: 1.0.3 (/opt/ros/foxy/share/rmw_implementation_cmake/cmake)
[3.973s] -- Using RMW implementation 'rmw_fastrtps_cpp' as default
[3.977s] -- Looking for pthread.h
[4.270s] -- Looking for pthread.h - found
[4.273s] -- Performing Test CMAKE_HAVE_LIBC_PTHREAD
[4.504s] -- Performing Test CMAKE_HAVE_LIBC_PTHREAD - Failed
[4.504s] -- Looking for pthread_create in pthreads
[4.738s] -- Looking for pthread_create in pthreads - not found
[4.739s] -- Looking for pthread_create in pthread
[4.943s] -- Looking for pthread_create in pthread - found
[4.945s] -- Found Threads: TRUE  
[5.766s] -- Found tachimawari: 0.1.0 (/home/azriel19/Documents/File TA/File Simul ICHIRO/webots_ws/install/tachimawari/share/tachimawari/cmake)
[5.904s] -- Found ament_lint_auto: 0.9.6 (/opt/ros/foxy/share/ament_lint_auto/cmake)
[6.135s] -- Added test 'copyright' to check source files copyright and LICENSE
[6.144s] -- Added test 'cppcheck' to perform static code analysis on C / C++ code
[6.145s] -- Configured cppcheck include dirs: $<BUILD_INTERFACE:/home/azriel19/Documents/File TA/File Simul ICHIRO/webots_ws/src/akushon/include>
[6.146s] -- Configured cppcheck exclude dirs and/or files: 
[6.156s] -- Added test 'cpplint' to check C / C++ code against the Google style
[6.157s] -- Configured cpplint exclude dirs and/or files: 
[6.164s] -- Added test 'lint_cmake' to check CMake code style
[6.176s] -- Added test 'uncrustify' to check C / C++ code style
[6.178s] -- Configured uncrustify additional arguments: 
[6.182s] -- Added test 'xmllint' to check XML markup files
[6.200s] -- Configuring done
[6.288s] -- Generating done
[6.301s] -- Build files have been written to: /home/azriel19/Documents/File TA/File Simul ICHIRO/webots_ws/build/akushon
[6.340s] Invoked command in '/home/azriel19/Documents/File TA/File Simul ICHIRO/webots_ws/build/akushon' returned '0': AMENT_PREFIX_PATH=/home/azriel19/Documents/File TA/File Simul ICHIRO/webots_ws/install/tachimawari:/home/azriel19/Documents/File TA/File Simul ICHIRO/webots_ws/install/robocup_client:/home/azriel19/Documents/File TA/File Simul ICHIRO/webots_ws/install/tachimawari_interfaces:/home/azriel19/Documents/File TA/File Simul ICHIRO/webots_ws/install/musen:/home/azriel19/Documents/File TA/File Simul ICHIRO/webots_ws/install/keisan:${AMENT_PREFIX_PATH} CMAKE_PREFIX_PATH=/home/azriel19/Documents/File TA/File Simul ICHIRO/webots_ws/install/tachimawari:/home/azriel19/Documents/File TA/File Simul ICHIRO/webots_ws/install/robocup_client:/home/azriel19/Documents/File TA/File Simul ICHIRO/webots_ws/install/tachimawari_interfaces:/home/azriel19/Documents/File TA/File Simul ICHIRO/webots_ws/install/musen:/home/azriel19/Documents/File TA/File Simul ICHIRO/webots_ws/install/keisan:/opt/ros/foxy LD_LIBRARY_PATH=/home/azriel19/Documents/File TA/File Simul ICHIRO/webots_ws/install/tachimawari/lib:/home/azriel19/Documents/File TA/File Simul ICHIRO/webots_ws/install/robocup_client/lib:/home/azriel19/Documents/File TA/File Simul ICHIRO/webots_ws/install/tachimawari_interfaces/lib:/home/azriel19/Documents/File TA/File Simul ICHIRO/webots_ws/install/musen/lib:/home/azriel19/Documents/File TA/File Simul ICHIRO/webots_ws/install/keisan/lib:${LD_LIBRARY_PATH} PYTHONPATH=/home/azriel19/Documents/File TA/File Simul ICHIRO/webots_ws/install/tachimawari_interfaces/lib/python3.8/site-packages:${PYTHONPATH} /usr/bin/cmake /home/azriel19/Documents/File TA/File Simul ICHIRO/webots_ws/src/akushon -DCMAKE_INSTALL_PREFIX=/home/azriel19/Documents/File TA/File Simul ICHIRO/webots_ws/install/akushon
[6.342s] Invoking command in '/home/azriel19/Documents/File TA/File Simul ICHIRO/webots_ws/build/akushon': AMENT_PREFIX_PATH=/home/azriel19/Documents/File TA/File Simul ICHIRO/webots_ws/install/tachimawari:/home/azriel19/Documents/File TA/File Simul ICHIRO/webots_ws/install/robocup_client:/home/azriel19/Documents/File TA/File Simul ICHIRO/webots_ws/install/tachimawari_interfaces:/home/azriel19/Documents/File TA/File Simul ICHIRO/webots_ws/install/musen:/home/azriel19/Documents/File TA/File Simul ICHIRO/webots_ws/install/keisan:${AMENT_PREFIX_PATH} CMAKE_PREFIX_PATH=/home/azriel19/Documents/File TA/File Simul ICHIRO/webots_ws/install/tachimawari:/home/azriel19/Documents/File TA/File Simul ICHIRO/webots_ws/install/robocup_client:/home/azriel19/Documents/File TA/File Simul ICHIRO/webots_ws/install/tachimawari_interfaces:/home/azriel19/Documents/File TA/File Simul ICHIRO/webots_ws/install/musen:/home/azriel19/Documents/File TA/File Simul ICHIRO/webots_ws/install/keisan:/opt/ros/foxy LD_LIBRARY_PATH=/home/azriel19/Documents/File TA/File Simul ICHIRO/webots_ws/install/tachimawari/lib:/home/azriel19/Documents/File TA/File Simul ICHIRO/webots_ws/install/robocup_client/lib:/home/azriel19/Documents/File TA/File Simul ICHIRO/webots_ws/install/tachimawari_interfaces/lib:/home/azriel19/Documents/File TA/File Simul ICHIRO/webots_ws/install/musen/lib:/home/azriel19/Documents/File TA/File Simul ICHIRO/webots_ws/install/keisan/lib:${LD_LIBRARY_PATH} PYTHONPATH=/home/azriel19/Documents/File TA/File Simul ICHIRO/webots_ws/install/tachimawari_interfaces/lib/python3.8/site-packages:${PYTHONPATH} /usr/bin/cmake --build /home/azriel19/Documents/File TA/File Simul ICHIRO/webots_ws/build/akushon -- -j4 -l4
[6.506s] [35m[1mScanning dependencies of target akushon[0m
[6.645s] [ 16%] [32mBuilding CXX object CMakeFiles/akushon.dir/src/akushon/pose.cpp.o[0m
[7.773s] [ 33%] [32mBuilding CXX object CMakeFiles/akushon.dir/src/akushon/action_manager.cpp.o[0m
[17.146s] [ 50%] [32mBuilding CXX object CMakeFiles/akushon.dir/src/akushon/action.cpp.o[0m
[19.877s] In file included from [01m[K/home/azriel19/Documents/File TA/File Simul ICHIRO/webots_ws/src/akushon/src/akushon/action.cpp:21[m[K:
[19.878s] [01m[K/home/azriel19/Documents/File TA/File Simul ICHIRO/webots_ws/src/akushon/include/akushon/action.hpp:[m[K In constructor ‘[01m[Kakushon::Action::Action(const string&)[m[K’:
[19.878s] [01m[K/home/azriel19/Documents/File TA/File Simul ICHIRO/webots_ws/src/akushon/include/akushon/action.hpp:71:8:[m[K [01;35m[Kwarning: [m[K‘[01m[Kakushon::Action::is_start[m[K’ will be initialized after [[01;35m[K-Wreorder[m[K]
[19.879s]    71 |   bool [01;35m[Kis_start[m[K;
[19.880s]       |        [01;35m[K^~~~~~~~[m[K
[19.880s] [01m[K/home/azriel19/Documents/File TA/File Simul ICHIRO/webots_ws/src/akushon/include/akushon/action.hpp:70:7:[m[K [01;35m[Kwarning: [m[K  ‘[01m[Kint akushon::Action::start_stop_time[m[K’ [[01;35m[K-Wreorder[m[K]
[19.880s]    70 |   int [01;35m[Kstart_stop_time[m[K;
[19.881s]       |       [01;35m[K^~~~~~~~~~~~~~~[m[K
[19.881s] [01m[K/home/azriel19/Documents/File TA/File Simul ICHIRO/webots_ws/src/akushon/src/akushon/action.cpp:31:1:[m[K [01;35m[Kwarning: [m[K  when initialized here [[01;35m[K-Wreorder[m[K]
[19.881s]    31 | [01;35m[KAction[m[K::Action(const std::string & action_name)
[19.882s]       | [01;35m[K^~~~~~[m[K
[24.459s] [ 66%] [32m[1mLinking CXX shared library libakushon.so[0m
[25.019s] [ 66%] Built target akushon
[25.052s] [35m[1mScanning dependencies of target action_manager[0m
[25.282s] [ 83%] [32mBuilding CXX object CMakeFiles/action_manager.dir/src/action_manager_main.cpp.o[0m
[37.823s] [100%] [32m[1mLinking CXX executable action_manager[0m
[38.604s] [100%] Built target action_manager
[38.657s] Invoked command in '/home/azriel19/Documents/File TA/File Simul ICHIRO/webots_ws/build/akushon' returned '0': AMENT_PREFIX_PATH=/home/azriel19/Documents/File TA/File Simul ICHIRO/webots_ws/install/tachimawari:/home/azriel19/Documents/File TA/File Simul ICHIRO/webots_ws/install/robocup_client:/home/azriel19/Documents/File TA/File Simul ICHIRO/webots_ws/install/tachimawari_interfaces:/home/azriel19/Documents/File TA/File Simul ICHIRO/webots_ws/install/musen:/home/azriel19/Documents/File TA/File Simul ICHIRO/webots_ws/install/keisan:${AMENT_PREFIX_PATH} CMAKE_PREFIX_PATH=/home/azriel19/Documents/File TA/File Simul ICHIRO/webots_ws/install/tachimawari:/home/azriel19/Documents/File TA/File Simul ICHIRO/webots_ws/install/robocup_client:/home/azriel19/Documents/File TA/File Simul ICHIRO/webots_ws/install/tachimawari_interfaces:/home/azriel19/Documents/File TA/File Simul ICHIRO/webots_ws/install/musen:/home/azriel19/Documents/File TA/File Simul ICHIRO/webots_ws/install/keisan:/opt/ros/foxy LD_LIBRARY_PATH=/home/azriel19/Documents/File TA/File Simul ICHIRO/webots_ws/install/tachimawari/lib:/home/azriel19/Documents/File TA/File Simul ICHIRO/webots_ws/install/robocup_client/lib:/home/azriel19/Documents/File TA/File Simul ICHIRO/webots_ws/install/tachimawari_interfaces/lib:/home/azriel19/Documents/File TA/File Simul ICHIRO/webots_ws/install/musen/lib:/home/azriel19/Documents/File TA/File Simul ICHIRO/webots_ws/install/keisan/lib:${LD_LIBRARY_PATH} PYTHONPATH=/home/azriel19/Documents/File TA/File Simul ICHIRO/webots_ws/install/tachimawari_interfaces/lib/python3.8/site-packages:${PYTHONPATH} /usr/bin/cmake --build /home/azriel19/Documents/File TA/File Simul ICHIRO/webots_ws/build/akushon -- -j4 -l4
[38.820s] Invoking command in '/home/azriel19/Documents/File TA/File Simul ICHIRO/webots_ws/build/akushon': AMENT_PREFIX_PATH=/home/azriel19/Documents/File TA/File Simul ICHIRO/webots_ws/install/tachimawari:/home/azriel19/Documents/File TA/File Simul ICHIRO/webots_ws/install/robocup_client:/home/azriel19/Documents/File TA/File Simul ICHIRO/webots_ws/install/tachimawari_interfaces:/home/azriel19/Documents/File TA/File Simul ICHIRO/webots_ws/install/musen:/home/azriel19/Documents/File TA/File Simul ICHIRO/webots_ws/install/keisan:${AMENT_PREFIX_PATH} CMAKE_PREFIX_PATH=/home/azriel19/Documents/File TA/File Simul ICHIRO/webots_ws/install/tachimawari:/home/azriel19/Documents/File TA/File Simul ICHIRO/webots_ws/install/robocup_client:/home/azriel19/Documents/File TA/File Simul ICHIRO/webots_ws/install/tachimawari_interfaces:/home/azriel19/Documents/File TA/File Simul ICHIRO/webots_ws/install/musen:/home/azriel19/Documents/File TA/File Simul ICHIRO/webots_ws/install/keisan:/opt/ros/foxy LD_LIBRARY_PATH=/home/azriel19/Documents/File TA/File Simul ICHIRO/webots_ws/install/tachimawari/lib:/home/azriel19/Documents/File TA/File Simul ICHIRO/webots_ws/install/robocup_client/lib:/home/azriel19/Documents/File TA/File Simul ICHIRO/webots_ws/install/tachimawari_interfaces/lib:/home/azriel19/Documents/File TA/File Simul ICHIRO/webots_ws/install/musen/lib:/home/azriel19/Documents/File TA/File Simul ICHIRO/webots_ws/install/keisan/lib:${LD_LIBRARY_PATH} PYTHONPATH=/home/azriel19/Documents/File TA/File Simul ICHIRO/webots_ws/install/tachimawari_interfaces/lib/python3.8/site-packages:${PYTHONPATH} /usr/bin/cmake --install /home/azriel19/Documents/File TA/File Simul ICHIRO/webots_ws/build/akushon
[38.851s] -- Install configuration: ""
[38.851s] -- Installing: /home/azriel19/Documents/File TA/File Simul ICHIRO/webots_ws/install/akushon/./include
[38.851s] -- Installing: /home/azriel19/Documents/File TA/File Simul ICHIRO/webots_ws/install/akushon/./include/akushon
[38.852s] -- Installing: /home/azriel19/Documents/File TA/File Simul ICHIRO/webots_ws/install/akushon/./include/akushon/action.hpp
[38.859s] -- Installing: /home/azriel19/Documents/File TA/File Simul ICHIRO/webots_ws/install/akushon/./include/akushon/pose.hpp
[38.859s] -- Installing: /home/azriel19/Documents/File TA/File Simul ICHIRO/webots_ws/install/akushon/./include/akushon/action_manager.hpp
[38.859s] -- Installing: /home/azriel19/Documents/File TA/File Simul ICHIRO/webots_ws/install/akushon/lib/libakushon.so
[38.881s] -- Set runtime path of "/home/azriel19/Documents/File TA/File Simul ICHIRO/webots_ws/install/akushon/lib/libakushon.so" to ""
[38.882s] -- Installing: /home/azriel19/Documents/File TA/File Simul ICHIRO/webots_ws/install/akushon/lib/akushon/action_manager
[38.886s] -- Set runtime path of "/home/azriel19/Documents/File TA/File Simul ICHIRO/webots_ws/install/akushon/lib/akushon/action_manager" to ""
[38.886s] -- Installing: /home/azriel19/Documents/File TA/File Simul ICHIRO/webots_ws/install/akushon/share/akushon/environment/library_path.sh
[38.886s] -- Installing: /home/azriel19/Documents/File TA/File Simul ICHIRO/webots_ws/install/akushon/share/akushon/environment/library_path.dsv
[38.886s] -- Installing: /home/azriel19/Documents/File TA/File Simul ICHIRO/webots_ws/install/akushon/share/ament_index/resource_index/package_run_dependencies/akushon
[38.888s] -- Installing: /home/azriel19/Documents/File TA/File Simul ICHIRO/webots_ws/install/akushon/share/ament_index/resource_index/parent_prefix_path/akushon
[38.891s] -- Installing: /home/azriel19/Documents/File TA/File Simul ICHIRO/webots_ws/install/akushon/share/akushon/environment/ament_prefix_path.sh
[38.901s] -- Installing: /home/azriel19/Documents/File TA/File Simul ICHIRO/webots_ws/install/akushon/share/akushon/environment/ament_prefix_path.dsv
[38.903s] -- Installing: /home/azriel19/Documents/File TA/File Simul ICHIRO/webots_ws/install/akushon/share/akushon/environment/path.sh
[38.904s] -- Installing: /home/azriel19/Documents/File TA/File Simul ICHIRO/webots_ws/install/akushon/share/akushon/environment/path.dsv
[38.905s] -- Installing: /home/azriel19/Documents/File TA/File Simul ICHIRO/webots_ws/install/akushon/share/akushon/local_setup.bash
[38.905s] -- Installing: /home/azriel19/Documents/File TA/File Simul ICHIRO/webots_ws/install/akushon/share/akushon/local_setup.sh
[38.906s] -- Installing: /home/azriel19/Documents/File TA/File Simul ICHIRO/webots_ws/install/akushon/share/akushon/local_setup.zsh
[38.906s] -- Installing: /home/azriel19/Documents/File TA/File Simul ICHIRO/webots_ws/install/akushon/share/akushon/local_setup.dsv
[38.907s] -- Installing: /home/azriel19/Documents/File TA/File Simul ICHIRO/webots_ws/install/akushon/share/akushon/package.dsv
[38.908s] -- Installing: /home/azriel19/Documents/File TA/File Simul ICHIRO/webots_ws/install/akushon/share/ament_index/resource_index/packages/akushon
[38.908s] -- Installing: /home/azriel19/Documents/File TA/File Simul ICHIRO/webots_ws/install/akushon/share/akushon/cmake/ament_cmake_export_dependencies-extras.cmake
[38.909s] -- Installing: /home/azriel19/Documents/File TA/File Simul ICHIRO/webots_ws/install/akushon/share/akushon/cmake/ament_cmake_export_include_directories-extras.cmake
[38.909s] -- Installing: /home/azriel19/Documents/File TA/File Simul ICHIRO/webots_ws/install/akushon/share/akushon/cmake/ament_cmake_export_libraries-extras.cmake
[38.909s] -- Installing: /home/azriel19/Documents/File TA/File Simul ICHIRO/webots_ws/install/akushon/share/akushon/cmake/akushonConfig.cmake
[38.909s] -- Installing: /home/azriel19/Documents/File TA/File Simul ICHIRO/webots_ws/install/akushon/share/akushon/cmake/akushonConfig-version.cmake
[38.910s] -- Installing: /home/azriel19/Documents/File TA/File Simul ICHIRO/webots_ws/install/akushon/share/akushon/package.xml
[38.915s] Invoked command in '/home/azriel19/Documents/File TA/File Simul ICHIRO/webots_ws/build/akushon' returned '0': AMENT_PREFIX_PATH=/home/azriel19/Documents/File TA/File Simul ICHIRO/webots_ws/install/tachimawari:/home/azriel19/Documents/File TA/File Simul ICHIRO/webots_ws/install/robocup_client:/home/azriel19/Documents/File TA/File Simul ICHIRO/webots_ws/install/tachimawari_interfaces:/home/azriel19/Documents/File TA/File Simul ICHIRO/webots_ws/install/musen:/home/azriel19/Documents/File TA/File Simul ICHIRO/webots_ws/install/keisan:${AMENT_PREFIX_PATH} CMAKE_PREFIX_PATH=/home/azriel19/Documents/File TA/File Simul ICHIRO/webots_ws/install/tachimawari:/home/azriel19/Documents/File TA/File Simul ICHIRO/webots_ws/install/robocup_client:/home/azriel19/Documents/File TA/File Simul ICHIRO/webots_ws/install/tachimawari_interfaces:/home/azriel19/Documents/File TA/File Simul ICHIRO/webots_ws/install/musen:/home/azriel19/Documents/File TA/File Simul ICHIRO/webots_ws/install/keisan:/opt/ros/foxy LD_LIBRARY_PATH=/home/azriel19/Documents/File TA/File Simul ICHIRO/webots_ws/install/tachimawari/lib:/home/azriel19/Documents/File TA/File Simul ICHIRO/webots_ws/install/robocup_client/lib:/home/azriel19/Documents/File TA/File Simul ICHIRO/webots_ws/install/tachimawari_interfaces/lib:/home/azriel19/Documents/File TA/File Simul ICHIRO/webots_ws/install/musen/lib:/home/azriel19/Documents/File TA/File Simul ICHIRO/webots_ws/install/keisan/lib:${LD_LIBRARY_PATH} PYTHONPATH=/home/azriel19/Documents/File TA/File Simul ICHIRO/webots_ws/install/tachimawari_interfaces/lib/python3.8/site-packages:${PYTHONPATH} /usr/bin/cmake --install /home/azriel19/Documents/File TA/File Simul ICHIRO/webots_ws/build/akushon
