[0.064s] Invoking command in '/home/azriel19/Documents/File TA/File Simul ICHIRO/webots_ws/build/musen': CMAKE_PREFIX_PATH=/opt/ros/foxy /usr/bin/cmake /home/azriel19/Documents/File TA/File Simul ICHIRO/webots_ws/src/musen -DCMAKE_INSTALL_PREFIX=/home/azriel19/Documents/File TA/File Simul ICHIRO/webots_ws/install/musen
[0.509s] -- The C compiler identification is GNU 9.4.0
[1.190s] -- The CXX compiler identification is GNU 9.4.0
[1.318s] -- Check for working C compiler: /usr/bin/cc
[1.713s] -- Check for working C compiler: /usr/bin/cc -- works
[1.727s] -- Detecting C compiler ABI info
[2.090s] -- Detecting C compiler ABI info - done
[2.157s] -- Detecting C compile features
[2.173s] -- Detecting C compile features - done
[2.199s] -- Check for working CXX compiler: /usr/bin/c++
[2.558s] -- Check for working CXX compiler: /usr/bin/c++ -- works
[2.559s] -- Detecting CXX compiler ABI info
[3.160s] -- Detecting CXX compiler ABI info - done
[3.300s] -- Detecting CXX compile features
[3.331s] -- Detecting CXX compile features - done
[3.366s] -- Found ament_cmake: 0.9.9 (/opt/ros/foxy/share/ament_cmake/cmake)
[3.677s] -- Found PythonInterp: /usr/bin/python3 (found suitable version "3.8.10", minimum required is "3") 
[3.678s] -- Using PYTHON_EXECUTABLE: /usr/bin/python3
[4.925s] -- Found ament_cmake_gtest: 0.9.9 (/opt/ros/foxy/share/ament_cmake_gtest/cmake)
[4.931s] -- Found ament_lint_auto: 0.9.6 (/opt/ros/foxy/share/ament_lint_auto/cmake)
[4.937s] -- Found gtest sources under '/opt/ros/foxy/src/gtest_vendor': C++ tests using 'Google Test' will be built
[4.943s] -- Looking for pthread.h
[5.203s] -- Looking for pthread.h - found
[5.241s] -- Performing Test CMAKE_HAVE_LIBC_PTHREAD
[5.783s] -- Performing Test CMAKE_HAVE_LIBC_PTHREAD - Failed
[5.784s] -- Check if compiler accepts -pthread
[6.327s] -- Check if compiler accepts -pthread - yes
[6.328s] -- Found Threads: TRUE  
[6.865s] -- Added test 'copyright' to check source files copyright and LICENSE
[6.938s] -- Added test 'cppcheck' to perform static code analysis on C / C++ code
[6.939s] -- Configured cppcheck include dirs: $<BUILD_INTERFACE:/home/azriel19/Documents/File TA/File Simul ICHIRO/webots_ws/src/musen/include>;/home/azriel19/Documents/File TA/File Simul ICHIRO/webots_ws/src/musen/test/include
[6.939s] -- Configured cppcheck exclude dirs and/or files: 
[6.984s] -- Added test 'cpplint' to check C / C++ code against the Google style
[6.984s] -- Configured cpplint exclude dirs and/or files: 
[7.014s] -- Added test 'lint_cmake' to check CMake code style
[7.071s] -- Added test 'uncrustify' to check C / C++ code style
[7.075s] -- Configured uncrustify additional arguments: 
[7.075s] -- Added test 'xmllint' to check XML markup files
[7.125s] -- Configuring done
[7.240s] -- Generating done
[7.256s] -- Build files have been written to: /home/azriel19/Documents/File TA/File Simul ICHIRO/webots_ws/build/musen
[7.341s] Invoked command in '/home/azriel19/Documents/File TA/File Simul ICHIRO/webots_ws/build/musen' returned '0': CMAKE_PREFIX_PATH=/opt/ros/foxy /usr/bin/cmake /home/azriel19/Documents/File TA/File Simul ICHIRO/webots_ws/src/musen -DCMAKE_INSTALL_PREFIX=/home/azriel19/Documents/File TA/File Simul ICHIRO/webots_ws/install/musen
[7.344s] Invoking command in '/home/azriel19/Documents/File TA/File Simul ICHIRO/webots_ws/build/musen': CMAKE_PREFIX_PATH=/opt/ros/foxy /usr/bin/cmake --build /home/azriel19/Documents/File TA/File Simul ICHIRO/webots_ws/build/musen -- -j4 -l4
[7.731s] [35m[1mScanning dependencies of target musen[0m
[7.803s] [  2%] [32mBuilding CXX object CMakeFiles/musen.dir/src/socket/base_socket.cpp.o[0m
[8.040s] [  5%] [32mBuilding CXX object CMakeFiles/musen.dir/src/socket/tcp_socket.cpp.o[0m
[8.212s] [  7%] [32mBuilding CXX object CMakeFiles/musen.dir/src/socket/udp_socket.cpp.o[0m
[8.335s] [ 10%] [32mBuilding CXX object CMakeFiles/musen.dir/src/tcp/client.cpp.o[0m
[10.904s] [ 13%] [32mBuilding CXX object CMakeFiles/musen.dir/src/tcp/server.cpp.o[0m
[13.505s] [ 15%] [32mBuilding CXX object CMakeFiles/musen.dir/src/udp/broadcaster.cpp.o[0m
[17.051s] [ 18%] [32mBuilding CXX object CMakeFiles/musen.dir/src/udp/listener.cpp.o[0m
[19.410s] [ 21%] [32mBuilding CXX object CMakeFiles/musen.dir/src/receiver.cpp.o[0m
[21.407s] [ 23%] [32mBuilding CXX object CMakeFiles/musen.dir/src/sender.cpp.o[0m
[22.734s] [ 26%] [32m[1mLinking CXX shared library libmusen.so[0m
[23.324s] [ 26%] Built target musen
[23.359s] [35m[1mScanning dependencies of target gtest_main[0m
[23.418s] [ 28%] [32mBuilding CXX object gtest/CMakeFiles/gtest_main.dir/src/gtest_main.cc.o[0m
[30.362s] [ 31%] [32m[1mLinking CXX static library libgtest_main.a[0m
[30.584s] [ 31%] Built target gtest_main
[30.668s] [35m[1mScanning dependencies of target hello_world_broadcaster[0m
[30.723s] [ 34%] [32mBuilding CXX object CMakeFiles/hello_world_broadcaster.dir/examples/hello_world_udp/hello_world_broadcaster.cpp.o[0m
[33.494s] [ 36%] [32m[1mLinking CXX executable hello_world_broadcaster[0m
[34.063s] [ 36%] Built target hello_world_broadcaster
[34.118s] [35m[1mScanning dependencies of target hello_world_listener[0m
[34.182s] [ 39%] [32mBuilding CXX object CMakeFiles/hello_world_listener.dir/examples/hello_world_udp/hello_world_listener.cpp.o[0m
[36.706s] [ 42%] [32m[1mLinking CXX executable hello_world_listener[0m
[37.256s] [ 42%] Built target hello_world_listener
[37.358s] [35m[1mScanning dependencies of target position_listener[0m
[37.471s] [ 44%] [32mBuilding CXX object CMakeFiles/position_listener.dir/examples/position_udp/position_listener.cpp.o[0m
[40.153s] [ 47%] [32m[1mLinking CXX executable position_listener[0m
[40.648s] [ 47%] Built target position_listener
[40.703s] [35m[1mScanning dependencies of target fruits_broadcaster[0m
[40.766s] [ 50%] [32mBuilding CXX object CMakeFiles/fruits_broadcaster.dir/examples/fruits_udp/fruits_broadcaster.cpp.o[0m
[43.817s] [ 52%] [32m[1mLinking CXX executable fruits_broadcaster[0m
[44.268s] [ 52%] Built target fruits_broadcaster
[44.296s] [35m[1mScanning dependencies of target position_client[0m
[44.406s] [ 55%] [32mBuilding CXX object CMakeFiles/position_client.dir/examples/position_tcp/position_client.cpp.o[0m
[47.934s] [ 57%] [32m[1mLinking CXX executable position_client[0m
[48.618s] [ 57%] Built target position_client
[48.682s] [35m[1mScanning dependencies of target position_server[0m
[48.731s] [ 60%] [32mBuilding CXX object CMakeFiles/position_server.dir/examples/position_tcp/position_server.cpp.o[0m
[51.739s] [ 63%] [32m[1mLinking CXX executable position_server[0m
[52.123s] [ 63%] Built target position_server
[52.193s] [35m[1mScanning dependencies of target position_broadcaster[0m
[52.287s] [ 65%] [32mBuilding CXX object CMakeFiles/position_broadcaster.dir/examples/position_udp/position_broadcaster.cpp.o[0m
[55.108s] [ 68%] [32m[1mLinking CXX executable position_broadcaster[0m
[55.482s] [ 68%] Built target position_broadcaster
[55.516s] [35m[1mScanning dependencies of target fruits_listener[0m
[55.624s] [ 71%] [32mBuilding CXX object CMakeFiles/fruits_listener.dir/examples/fruits_udp/fruits_listener.cpp.o[0m
[58.567s] [ 73%] [32m[1mLinking CXX executable fruits_listener[0m
[59.069s] [ 73%] Built target fruits_listener
[59.170s] [35m[1mScanning dependencies of target gtest[0m
[59.380s] [ 76%] [32mBuilding CXX object gtest/CMakeFiles/gtest.dir/src/gtest-all.cc.o[0m
[80.317s] [ 78%] [32m[1mLinking CXX static library libgtest.a[0m
[80.522s] [ 78%] Built target gtest
[80.638s] [35m[1mScanning dependencies of target musen_tests[0m
[80.899s] [ 81%] [32mBuilding CXX object CMakeFiles/musen_tests.dir/test/send_and_receive/raw_test.cpp.o[0m
[90.626s] [ 84%] [32mBuilding CXX object CMakeFiles/musen_tests.dir/test/send_and_receive/struct_test.cpp.o[0m
[98.965s] [ 86%] [32mBuilding CXX object CMakeFiles/musen_tests.dir/test/broadcast_and_listen_test.cpp.o[0m
[105.052s] [ 89%] [32mBuilding CXX object CMakeFiles/musen_tests.dir/test/server_and_client_test.cpp.o[0m
[110.155s] [ 92%] [32mBuilding CXX object CMakeFiles/musen_tests.dir/test/socket_test.cpp.o[0m
[114.784s] [ 94%] [32mBuilding CXX object CMakeFiles/musen_tests.dir/test/send_and_receive/strings_test.cpp.o[0m
[119.763s] [ 97%] [32mBuilding CXX object CMakeFiles/musen_tests.dir/test/send_and_receive/string_test.cpp.o[0m
[124.984s] [100%] [32m[1mLinking CXX executable musen_tests[0m
[125.598s] [100%] Built target musen_tests
[125.661s] Invoked command in '/home/azriel19/Documents/File TA/File Simul ICHIRO/webots_ws/build/musen' returned '0': CMAKE_PREFIX_PATH=/opt/ros/foxy /usr/bin/cmake --build /home/azriel19/Documents/File TA/File Simul ICHIRO/webots_ws/build/musen -- -j4 -l4
[126.055s] Invoking command in '/home/azriel19/Documents/File TA/File Simul ICHIRO/webots_ws/build/musen': CMAKE_PREFIX_PATH=/opt/ros/foxy /usr/bin/cmake --install /home/azriel19/Documents/File TA/File Simul ICHIRO/webots_ws/build/musen
[126.081s] -- Install configuration: ""
[126.082s] -- Installing: /home/azriel19/Documents/File TA/File Simul ICHIRO/webots_ws/install/musen/./include
[126.083s] -- Installing: /home/azriel19/Documents/File TA/File Simul ICHIRO/webots_ws/install/musen/./include/musen
[126.084s] -- Installing: /home/azriel19/Documents/File TA/File Simul ICHIRO/webots_ws/install/musen/./include/musen/tcp
[126.085s] -- Installing: /home/azriel19/Documents/File TA/File Simul ICHIRO/webots_ws/install/musen/./include/musen/tcp/client.hpp
[126.086s] -- Installing: /home/azriel19/Documents/File TA/File Simul ICHIRO/webots_ws/install/musen/./include/musen/tcp/server.hpp
[126.087s] -- Installing: /home/azriel19/Documents/File TA/File Simul ICHIRO/webots_ws/install/musen/./include/musen/sender.hpp
[126.087s] -- Installing: /home/azriel19/Documents/File TA/File Simul ICHIRO/webots_ws/install/musen/./include/musen/udp
[126.088s] -- Installing: /home/azriel19/Documents/File TA/File Simul ICHIRO/webots_ws/install/musen/./include/musen/udp/listener.hpp
[126.088s] -- Installing: /home/azriel19/Documents/File TA/File Simul ICHIRO/webots_ws/install/musen/./include/musen/udp/broadcaster.hpp
[126.089s] -- Installing: /home/azriel19/Documents/File TA/File Simul ICHIRO/webots_ws/install/musen/./include/musen/receiver.hpp
[126.089s] -- Installing: /home/azriel19/Documents/File TA/File Simul ICHIRO/webots_ws/install/musen/./include/musen/socket
[126.091s] -- Installing: /home/azriel19/Documents/File TA/File Simul ICHIRO/webots_ws/install/musen/./include/musen/socket/base_socket.hpp
[126.091s] -- Installing: /home/azriel19/Documents/File TA/File Simul ICHIRO/webots_ws/install/musen/./include/musen/socket/udp_socket.hpp
[126.092s] -- Installing: /home/azriel19/Documents/File TA/File Simul ICHIRO/webots_ws/install/musen/./include/musen/socket/tcp_socket.hpp
[126.092s] -- Installing: /home/azriel19/Documents/File TA/File Simul ICHIRO/webots_ws/install/musen/./include/musen/musen.hpp
[126.092s] -- Installing: /home/azriel19/Documents/File TA/File Simul ICHIRO/webots_ws/install/musen/lib/libmusen.so
[126.093s] -- Installing: /home/azriel19/Documents/File TA/File Simul ICHIRO/webots_ws/install/musen/lib/musen/fruits_broadcaster
[126.095s] -- Set runtime path of "/home/azriel19/Documents/File TA/File Simul ICHIRO/webots_ws/install/musen/lib/musen/fruits_broadcaster" to ""
[126.095s] -- Installing: /home/azriel19/Documents/File TA/File Simul ICHIRO/webots_ws/install/musen/lib/musen/fruits_listener
[126.097s] -- Set runtime path of "/home/azriel19/Documents/File TA/File Simul ICHIRO/webots_ws/install/musen/lib/musen/fruits_listener" to ""
[126.098s] -- Installing: /home/azriel19/Documents/File TA/File Simul ICHIRO/webots_ws/install/musen/lib/musen/hello_world_broadcaster
[126.103s] -- Set runtime path of "/home/azriel19/Documents/File TA/File Simul ICHIRO/webots_ws/install/musen/lib/musen/hello_world_broadcaster" to ""
[126.111s] -- Installing: /home/azriel19/Documents/File TA/File Simul ICHIRO/webots_ws/install/musen/lib/musen/hello_world_listener
[126.112s] -- Set runtime path of "/home/azriel19/Documents/File TA/File Simul ICHIRO/webots_ws/install/musen/lib/musen/hello_world_listener" to ""
[126.113s] -- Installing: /home/azriel19/Documents/File TA/File Simul ICHIRO/webots_ws/install/musen/lib/musen/position_client
[126.113s] -- Set runtime path of "/home/azriel19/Documents/File TA/File Simul ICHIRO/webots_ws/install/musen/lib/musen/position_client" to ""
[126.114s] -- Installing: /home/azriel19/Documents/File TA/File Simul ICHIRO/webots_ws/install/musen/lib/musen/position_server
[126.114s] -- Set runtime path of "/home/azriel19/Documents/File TA/File Simul ICHIRO/webots_ws/install/musen/lib/musen/position_server" to ""
[126.114s] -- Installing: /home/azriel19/Documents/File TA/File Simul ICHIRO/webots_ws/install/musen/lib/musen/position_broadcaster
[126.114s] -- Set runtime path of "/home/azriel19/Documents/File TA/File Simul ICHIRO/webots_ws/install/musen/lib/musen/position_broadcaster" to ""
[126.114s] -- Installing: /home/azriel19/Documents/File TA/File Simul ICHIRO/webots_ws/install/musen/lib/musen/position_listener
[126.115s] -- Set runtime path of "/home/azriel19/Documents/File TA/File Simul ICHIRO/webots_ws/install/musen/lib/musen/position_listener" to ""
[126.115s] -- Installing: /home/azriel19/Documents/File TA/File Simul ICHIRO/webots_ws/install/musen/share/musen/environment/library_path.sh
[126.115s] -- Installing: /home/azriel19/Documents/File TA/File Simul ICHIRO/webots_ws/install/musen/share/musen/environment/library_path.dsv
[126.116s] -- Installing: /home/azriel19/Documents/File TA/File Simul ICHIRO/webots_ws/install/musen/share/ament_index/resource_index/package_run_dependencies/musen
[126.116s] -- Installing: /home/azriel19/Documents/File TA/File Simul ICHIRO/webots_ws/install/musen/share/ament_index/resource_index/parent_prefix_path/musen
[126.116s] -- Installing: /home/azriel19/Documents/File TA/File Simul ICHIRO/webots_ws/install/musen/share/musen/environment/ament_prefix_path.sh
[126.125s] -- Installing: /home/azriel19/Documents/File TA/File Simul ICHIRO/webots_ws/install/musen/share/musen/environment/ament_prefix_path.dsv
[126.125s] -- Installing: /home/azriel19/Documents/File TA/File Simul ICHIRO/webots_ws/install/musen/share/musen/environment/path.sh
[126.125s] -- Installing: /home/azriel19/Documents/File TA/File Simul ICHIRO/webots_ws/install/musen/share/musen/environment/path.dsv
[126.125s] -- Installing: /home/azriel19/Documents/File TA/File Simul ICHIRO/webots_ws/install/musen/share/musen/local_setup.bash
[126.125s] -- Installing: /home/azriel19/Documents/File TA/File Simul ICHIRO/webots_ws/install/musen/share/musen/local_setup.sh
[126.129s] -- Installing: /home/azriel19/Documents/File TA/File Simul ICHIRO/webots_ws/install/musen/share/musen/local_setup.zsh
[126.129s] -- Installing: /home/azriel19/Documents/File TA/File Simul ICHIRO/webots_ws/install/musen/share/musen/local_setup.dsv
[126.130s] -- Installing: /home/azriel19/Documents/File TA/File Simul ICHIRO/webots_ws/install/musen/share/musen/package.dsv
[126.130s] -- Installing: /home/azriel19/Documents/File TA/File Simul ICHIRO/webots_ws/install/musen/share/ament_index/resource_index/packages/musen
[126.130s] -- Installing: /home/azriel19/Documents/File TA/File Simul ICHIRO/webots_ws/install/musen/share/musen/cmake/ament_cmake_export_include_directories-extras.cmake
[126.131s] -- Installing: /home/azriel19/Documents/File TA/File Simul ICHIRO/webots_ws/install/musen/share/musen/cmake/ament_cmake_export_libraries-extras.cmake
[126.131s] -- Installing: /home/azriel19/Documents/File TA/File Simul ICHIRO/webots_ws/install/musen/share/musen/cmake/musenConfig.cmake
[126.132s] -- Installing: /home/azriel19/Documents/File TA/File Simul ICHIRO/webots_ws/install/musen/share/musen/cmake/musenConfig-version.cmake
[126.132s] -- Installing: /home/azriel19/Documents/File TA/File Simul ICHIRO/webots_ws/install/musen/share/musen/package.xml
[126.150s] Invoked command in '/home/azriel19/Documents/File TA/File Simul ICHIRO/webots_ws/build/musen' returned '0': CMAKE_PREFIX_PATH=/opt/ros/foxy /usr/bin/cmake --install /home/azriel19/Documents/File TA/File Simul ICHIRO/webots_ws/build/musen
