[ 66%] Built target akushon
[ 83%] [32mBuilding CXX object CMakeFiles/action_manager.dir/src/action_manager_main.cpp.o[0m
[100%] [32m[1mLinking CXX executable action_manager[0m
[100%] Built target action_manager
-- Install configuration: ""
-- Up-to-date: /home/azriel19/Documents/File TA/File Simul ICHIRO/webots_ws/install/akushon/./include
-- Up-to-date: /home/azriel19/Documents/File TA/File Simul ICHIRO/webots_ws/install/akushon/./include/akushon
-- Up-to-date: /home/azriel19/Documents/File TA/File Simul ICHIRO/webots_ws/install/akushon/./include/akushon/action.hpp
-- Up-to-date: /home/azriel19/Documents/File TA/File Simul ICHIRO/webots_ws/install/akushon/./include/akushon/pose.hpp
-- Up-to-date: /home/azriel19/Documents/File TA/File Simul ICHIRO/webots_ws/install/akushon/./include/akushon/action_manager.hpp
-- Up-to-date: /home/azriel19/Documents/File TA/File Simul ICHIRO/webots_ws/install/akushon/lib/libakushon.so
-- Installing: /home/azriel19/Documents/File TA/File Simul ICHIRO/webots_ws/install/akushon/lib/akushon/action_manager
-- Set runtime path of "/home/azriel19/Documents/File TA/File Simul ICHIRO/webots_ws/install/akushon/lib/akushon/action_manager" to ""
-- Up-to-date: /home/azriel19/Documents/File TA/File Simul ICHIRO/webots_ws/install/akushon/share/akushon/environment/library_path.sh
-- Up-to-date: /home/azriel19/Documents/File TA/File Simul ICHIRO/webots_ws/install/akushon/share/akushon/environment/library_path.dsv
-- Up-to-date: /home/azriel19/Documents/File TA/File Simul ICHIRO/webots_ws/install/akushon/share/ament_index/resource_index/package_run_dependencies/akushon
-- Up-to-date: /home/azriel19/Documents/File TA/File Simul ICHIRO/webots_ws/install/akushon/share/ament_index/resource_index/parent_prefix_path/akushon
-- Up-to-date: /home/azriel19/Documents/File TA/File Simul ICHIRO/webots_ws/install/akushon/share/akushon/environment/ament_prefix_path.sh
-- Up-to-date: /home/azriel19/Documents/File TA/File Simul ICHIRO/webots_ws/install/akushon/share/akushon/environment/ament_prefix_path.dsv
-- Up-to-date: /home/azriel19/Documents/File TA/File Simul ICHIRO/webots_ws/install/akushon/share/akushon/environment/path.sh
-- Up-to-date: /home/azriel19/Documents/File TA/File Simul ICHIRO/webots_ws/install/akushon/share/akushon/environment/path.dsv
-- Up-to-date: /home/azriel19/Documents/File TA/File Simul ICHIRO/webots_ws/install/akushon/share/akushon/local_setup.bash
-- Up-to-date: /home/azriel19/Documents/File TA/File Simul ICHIRO/webots_ws/install/akushon/share/akushon/local_setup.sh
-- Up-to-date: /home/azriel19/Documents/File TA/File Simul ICHIRO/webots_ws/install/akushon/share/akushon/local_setup.zsh
-- Up-to-date: /home/azriel19/Documents/File TA/File Simul ICHIRO/webots_ws/install/akushon/share/akushon/local_setup.dsv
-- Installing: /home/azriel19/Documents/File TA/File Simul ICHIRO/webots_ws/install/akushon/share/akushon/package.dsv
-- Up-to-date: /home/azriel19/Documents/File TA/File Simul ICHIRO/webots_ws/install/akushon/share/ament_index/resource_index/packages/akushon
-- Up-to-date: /home/azriel19/Documents/File TA/File Simul ICHIRO/webots_ws/install/akushon/share/akushon/cmake/ament_cmake_export_dependencies-extras.cmake
-- Up-to-date: /home/azriel19/Documents/File TA/File Simul ICHIRO/webots_ws/install/akushon/share/akushon/cmake/ament_cmake_export_include_directories-extras.cmake
-- Up-to-date: /home/azriel19/Documents/File TA/File Simul ICHIRO/webots_ws/install/akushon/share/akushon/cmake/ament_cmake_export_libraries-extras.cmake
-- Up-to-date: /home/azriel19/Documents/File TA/File Simul ICHIRO/webots_ws/install/akushon/share/akushon/cmake/akushonConfig.cmake
-- Up-to-date: /home/azriel19/Documents/File TA/File Simul ICHIRO/webots_ws/install/akushon/share/akushon/cmake/akushonConfig-version.cmake
-- Up-to-date: /home/azriel19/Documents/File TA/File Simul ICHIRO/webots_ws/install/akushon/share/akushon/package.xml
