-- The C compiler identification is GNU 9.4.0
-- The CXX compiler identification is GNU 9.4.0
-- Check for working C compiler: /usr/bin/cc
-- Check for working C compiler: /usr/bin/cc -- works
-- Detecting C compiler ABI info
-- Detecting C compiler ABI info - done
-- Detecting C compile features
-- Detecting C compile features - done
-- Check for working CXX compiler: /usr/bin/c++
-- Check for working CXX compiler: /usr/bin/c++ -- works
-- Detecting CXX compiler ABI info
-- Detecting CXX compiler ABI info - done
-- Detecting CXX compile features
-- Detecting CXX compile features - done
-- Found ament_cmake: 0.9.9 (/opt/ros/foxy/share/ament_cmake/cmake)
-- Found PythonInterp: /usr/bin/python3 (found suitable version "3.8.10", minimum required is "3") 
-- Using PYTHON_EXECUTABLE: /usr/bin/python3
-- Found ament_cmake_gtest: 0.9.9 (/opt/ros/foxy/share/ament_cmake_gtest/cmake)
-- Found ament_lint_auto: 0.9.6 (/opt/ros/foxy/share/ament_lint_auto/cmake)
-- Found gtest sources under '/opt/ros/foxy/src/gtest_vendor': C++ tests using 'Google Test' will be built
-- Looking for pthread.h
-- Looking for pthread.h - found
-- Performing Test CMAKE_HAVE_LIBC_PTHREAD
-- Performing Test CMAKE_HAVE_LIBC_PTHREAD - Failed
-- Check if compiler accepts -pthread
-- Check if compiler accepts -pthread - yes
-- Found Threads: TRUE  
-- Added test 'copyright' to check source files copyright and LICENSE
-- Added test 'cppcheck' to perform static code analysis on C / C++ code
-- Configured cppcheck include dirs: $<BUILD_INTERFACE:/home/azriel19/Documents/File TA/File Simul ICHIRO/ros2_ws/src/musen/include>;/home/azriel19/Documents/File TA/File Simul ICHIRO/ros2_ws/src/musen/test/include
-- Configured cppcheck exclude dirs and/or files: 
-- Added test 'cpplint' to check C / C++ code against the Google style
-- Configured cpplint exclude dirs and/or files: 
-- Added test 'lint_cmake' to check CMake code style
-- Added test 'uncrustify' to check C / C++ code style
-- Configured uncrustify additional arguments: 
-- Added test 'xmllint' to check XML markup files
-- Configuring done
-- Generating done
-- Build files have been written to: /home/azriel19/Documents/File TA/File Simul ICHIRO/ros2_ws/build/musen
[35m[1mScanning dependencies of target musen[0m
[35m[1mScanning dependencies of target gtest[0m
[35m[1mScanning dependencies of target gtest_main[0m
[  2%] [32mBuilding CXX object CMakeFiles/musen.dir/src/socket/base_socket.cpp.o[0m
[  5%] [32mBuilding CXX object CMakeFiles/musen.dir/src/socket/tcp_socket.cpp.o[0m
[  7%] [32mBuilding CXX object gtest/CMakeFiles/gtest.dir/src/gtest-all.cc.o[0m
[ 10%] [32mBuilding CXX object gtest/CMakeFiles/gtest_main.dir/src/gtest_main.cc.o[0m
[ 13%] [32mBuilding CXX object CMakeFiles/musen.dir/src/socket/udp_socket.cpp.o[0m
[ 15%] [32mBuilding CXX object CMakeFiles/musen.dir/src/tcp/client.cpp.o[0m
[ 18%] [32mBuilding CXX object CMakeFiles/musen.dir/src/tcp/server.cpp.o[0m
[ 21%] [32mBuilding CXX object CMakeFiles/musen.dir/src/udp/broadcaster.cpp.o[0m
[ 23%] [32mBuilding CXX object CMakeFiles/musen.dir/src/udp/listener.cpp.o[0m
[ 26%] [32mBuilding CXX object CMakeFiles/musen.dir/src/receiver.cpp.o[0m
[ 28%] [32mBuilding CXX object CMakeFiles/musen.dir/src/sender.cpp.o[0m
[ 31%] [32m[1mLinking CXX static library libgtest_main.a[0m
[ 31%] Built target gtest_main
[ 34%] [32m[1mLinking CXX shared library libmusen.so[0m
[ 34%] Built target musen
[ 36%] [32m[1mLinking CXX static library libgtest.a[0m
[ 36%] Built target gtest
[35m[1mScanning dependencies of target hello_world_listener[0m
[ 39%] [32mBuilding CXX object CMakeFiles/hello_world_listener.dir/examples/hello_world_udp/hello_world_listener.cpp.o[0m
[ 42%] [32m[1mLinking CXX executable hello_world_listener[0m
[ 42%] Built target hello_world_listener
[35m[1mScanning dependencies of target position_listener[0m
[ 44%] [32mBuilding CXX object CMakeFiles/position_listener.dir/examples/position_udp/position_listener.cpp.o[0m
[ 47%] [32m[1mLinking CXX executable position_listener[0m
[ 47%] Built target position_listener
[35m[1mScanning dependencies of target fruits_broadcaster[0m
[ 50%] [32mBuilding CXX object CMakeFiles/fruits_broadcaster.dir/examples/fruits_udp/fruits_broadcaster.cpp.o[0m
[ 52%] [32m[1mLinking CXX executable fruits_broadcaster[0m
[ 52%] Built target fruits_broadcaster
[35m[1mScanning dependencies of target position_client[0m
[ 55%] [32mBuilding CXX object CMakeFiles/position_client.dir/examples/position_tcp/position_client.cpp.o[0m
[ 57%] [32m[1mLinking CXX executable position_client[0m
[ 57%] Built target position_client
[35m[1mScanning dependencies of target position_server[0m
[ 60%] [32mBuilding CXX object CMakeFiles/position_server.dir/examples/position_tcp/position_server.cpp.o[0m
[ 63%] [32m[1mLinking CXX executable position_server[0m
[ 63%] Built target position_server
[35m[1mScanning dependencies of target position_broadcaster[0m
[ 65%] [32mBuilding CXX object CMakeFiles/position_broadcaster.dir/examples/position_udp/position_broadcaster.cpp.o[0m
[ 68%] [32m[1mLinking CXX executable position_broadcaster[0m
[ 68%] Built target position_broadcaster
[35m[1mScanning dependencies of target musen_tests[0m
[ 71%] [32mBuilding CXX object CMakeFiles/musen_tests.dir/test/send_and_receive/raw_test.cpp.o[0m
[ 73%] [32mBuilding CXX object CMakeFiles/musen_tests.dir/test/send_and_receive/string_test.cpp.o[0m
[ 76%] [32mBuilding CXX object CMakeFiles/musen_tests.dir/test/send_and_receive/strings_test.cpp.o[0m
[ 78%] [32mBuilding CXX object CMakeFiles/musen_tests.dir/test/send_and_receive/struct_test.cpp.o[0m
[ 81%] [32mBuilding CXX object CMakeFiles/musen_tests.dir/test/broadcast_and_listen_test.cpp.o[0m
[ 84%] [32mBuilding CXX object CMakeFiles/musen_tests.dir/test/server_and_client_test.cpp.o[0m
[ 86%] [32mBuilding CXX object CMakeFiles/musen_tests.dir/test/socket_test.cpp.o[0m
[ 89%] [32m[1mLinking CXX executable musen_tests[0m
[ 89%] Built target musen_tests
[35m[1mScanning dependencies of target hello_world_broadcaster[0m
[ 92%] [32mBuilding CXX object CMakeFiles/hello_world_broadcaster.dir/examples/hello_world_udp/hello_world_broadcaster.cpp.o[0m
[ 94%] [32m[1mLinking CXX executable hello_world_broadcaster[0m
[ 94%] Built target hello_world_broadcaster
[35m[1mScanning dependencies of target fruits_listener[0m
[ 97%] [32mBuilding CXX object CMakeFiles/fruits_listener.dir/examples/fruits_udp/fruits_listener.cpp.o[0m
[100%] [32m[1mLinking CXX executable fruits_listener[0m
[100%] Built target fruits_listener
-- Install configuration: ""
-- Installing: /home/azriel19/Documents/File TA/File Simul ICHIRO/ros2_ws/install/musen/./include
-- Installing: /home/azriel19/Documents/File TA/File Simul ICHIRO/ros2_ws/install/musen/./include/musen
-- Installing: /home/azriel19/Documents/File TA/File Simul ICHIRO/ros2_ws/install/musen/./include/musen/tcp
-- Installing: /home/azriel19/Documents/File TA/File Simul ICHIRO/ros2_ws/install/musen/./include/musen/tcp/client.hpp
-- Installing: /home/azriel19/Documents/File TA/File Simul ICHIRO/ros2_ws/install/musen/./include/musen/tcp/server.hpp
-- Installing: /home/azriel19/Documents/File TA/File Simul ICHIRO/ros2_ws/install/musen/./include/musen/sender.hpp
-- Installing: /home/azriel19/Documents/File TA/File Simul ICHIRO/ros2_ws/install/musen/./include/musen/udp
-- Installing: /home/azriel19/Documents/File TA/File Simul ICHIRO/ros2_ws/install/musen/./include/musen/udp/listener.hpp
-- Installing: /home/azriel19/Documents/File TA/File Simul ICHIRO/ros2_ws/install/musen/./include/musen/udp/broadcaster.hpp
-- Installing: /home/azriel19/Documents/File TA/File Simul ICHIRO/ros2_ws/install/musen/./include/musen/receiver.hpp
-- Installing: /home/azriel19/Documents/File TA/File Simul ICHIRO/ros2_ws/install/musen/./include/musen/socket
-- Installing: /home/azriel19/Documents/File TA/File Simul ICHIRO/ros2_ws/install/musen/./include/musen/socket/base_socket.hpp
-- Installing: /home/azriel19/Documents/File TA/File Simul ICHIRO/ros2_ws/install/musen/./include/musen/socket/udp_socket.hpp
-- Installing: /home/azriel19/Documents/File TA/File Simul ICHIRO/ros2_ws/install/musen/./include/musen/socket/tcp_socket.hpp
-- Installing: /home/azriel19/Documents/File TA/File Simul ICHIRO/ros2_ws/install/musen/./include/musen/musen.hpp
-- Installing: /home/azriel19/Documents/File TA/File Simul ICHIRO/ros2_ws/install/musen/lib/libmusen.so
-- Installing: /home/azriel19/Documents/File TA/File Simul ICHIRO/ros2_ws/install/musen/lib/musen/fruits_broadcaster
-- Set runtime path of "/home/azriel19/Documents/File TA/File Simul ICHIRO/ros2_ws/install/musen/lib/musen/fruits_broadcaster" to ""
-- Installing: /home/azriel19/Documents/File TA/File Simul ICHIRO/ros2_ws/install/musen/lib/musen/fruits_listener
-- Set runtime path of "/home/azriel19/Documents/File TA/File Simul ICHIRO/ros2_ws/install/musen/lib/musen/fruits_listener" to ""
-- Installing: /home/azriel19/Documents/File TA/File Simul ICHIRO/ros2_ws/install/musen/lib/musen/hello_world_broadcaster
-- Set runtime path of "/home/azriel19/Documents/File TA/File Simul ICHIRO/ros2_ws/install/musen/lib/musen/hello_world_broadcaster" to ""
-- Installing: /home/azriel19/Documents/File TA/File Simul ICHIRO/ros2_ws/install/musen/lib/musen/hello_world_listener
-- Set runtime path of "/home/azriel19/Documents/File TA/File Simul ICHIRO/ros2_ws/install/musen/lib/musen/hello_world_listener" to ""
-- Installing: /home/azriel19/Documents/File TA/File Simul ICHIRO/ros2_ws/install/musen/lib/musen/position_client
-- Set runtime path of "/home/azriel19/Documents/File TA/File Simul ICHIRO/ros2_ws/install/musen/lib/musen/position_client" to ""
-- Installing: /home/azriel19/Documents/File TA/File Simul ICHIRO/ros2_ws/install/musen/lib/musen/position_server
-- Set runtime path of "/home/azriel19/Documents/File TA/File Simul ICHIRO/ros2_ws/install/musen/lib/musen/position_server" to ""
-- Installing: /home/azriel19/Documents/File TA/File Simul ICHIRO/ros2_ws/install/musen/lib/musen/position_broadcaster
-- Set runtime path of "/home/azriel19/Documents/File TA/File Simul ICHIRO/ros2_ws/install/musen/lib/musen/position_broadcaster" to ""
-- Installing: /home/azriel19/Documents/File TA/File Simul ICHIRO/ros2_ws/install/musen/lib/musen/position_listener
-- Set runtime path of "/home/azriel19/Documents/File TA/File Simul ICHIRO/ros2_ws/install/musen/lib/musen/position_listener" to ""
-- Installing: /home/azriel19/Documents/File TA/File Simul ICHIRO/ros2_ws/install/musen/share/musen/environment/library_path.sh
-- Installing: /home/azriel19/Documents/File TA/File Simul ICHIRO/ros2_ws/install/musen/share/musen/environment/library_path.dsv
-- Installing: /home/azriel19/Documents/File TA/File Simul ICHIRO/ros2_ws/install/musen/share/ament_index/resource_index/package_run_dependencies/musen
-- Installing: /home/azriel19/Documents/File TA/File Simul ICHIRO/ros2_ws/install/musen/share/ament_index/resource_index/parent_prefix_path/musen
-- Installing: /home/azriel19/Documents/File TA/File Simul ICHIRO/ros2_ws/install/musen/share/musen/environment/ament_prefix_path.sh
-- Installing: /home/azriel19/Documents/File TA/File Simul ICHIRO/ros2_ws/install/musen/share/musen/environment/ament_prefix_path.dsv
-- Installing: /home/azriel19/Documents/File TA/File Simul ICHIRO/ros2_ws/install/musen/share/musen/environment/path.sh
-- Installing: /home/azriel19/Documents/File TA/File Simul ICHIRO/ros2_ws/install/musen/share/musen/environment/path.dsv
-- Installing: /home/azriel19/Documents/File TA/File Simul ICHIRO/ros2_ws/install/musen/share/musen/local_setup.bash
-- Installing: /home/azriel19/Documents/File TA/File Simul ICHIRO/ros2_ws/install/musen/share/musen/local_setup.sh
-- Installing: /home/azriel19/Documents/File TA/File Simul ICHIRO/ros2_ws/install/musen/share/musen/local_setup.zsh
-- Installing: /home/azriel19/Documents/File TA/File Simul ICHIRO/ros2_ws/install/musen/share/musen/local_setup.dsv
-- Installing: /home/azriel19/Documents/File TA/File Simul ICHIRO/ros2_ws/install/musen/share/musen/package.dsv
-- Installing: /home/azriel19/Documents/File TA/File Simul ICHIRO/ros2_ws/install/musen/share/ament_index/resource_index/packages/musen
-- Installing: /home/azriel19/Documents/File TA/File Simul ICHIRO/ros2_ws/install/musen/share/musen/cmake/ament_cmake_export_include_directories-extras.cmake
-- Installing: /home/azriel19/Documents/File TA/File Simul ICHIRO/ros2_ws/install/musen/share/musen/cmake/ament_cmake_export_libraries-extras.cmake
-- Installing: /home/azriel19/Documents/File TA/File Simul ICHIRO/ros2_ws/install/musen/share/musen/cmake/musenConfig.cmake
-- Installing: /home/azriel19/Documents/File TA/File Simul ICHIRO/ros2_ws/install/musen/share/musen/cmake/musenConfig-version.cmake
-- Installing: /home/azriel19/Documents/File TA/File Simul ICHIRO/ros2_ws/install/musen/share/musen/package.xml
