[0.027s] Invoking command in '/home/azriel19/Documents/File TA/File Simul ICHIRO/ros2_ws/build/musen': CMAKE_PREFIX_PATH=/opt/ros/foxy /usr/bin/cmake /home/azriel19/Documents/File TA/File Simul ICHIRO/ros2_ws/src/musen -DCMAKE_INSTALL_PREFIX=/home/azriel19/Documents/File TA/File Simul ICHIRO/ros2_ws/install/musen
[0.125s] -- The C compiler identification is GNU 9.4.0
[0.229s] -- The CXX compiler identification is GNU 9.4.0
[0.229s] -- Check for working C compiler: /usr/bin/cc
[0.317s] -- Check for working C compiler: /usr/bin/cc -- works
[0.317s] -- Detecting C compiler ABI info
[0.428s] -- Detecting C compiler ABI info - done
[0.445s] -- Detecting C compile features
[0.446s] -- Detecting C compile features - done
[0.449s] -- Check for working CXX compiler: /usr/bin/c++
[0.600s] -- Check for working CXX compiler: /usr/bin/c++ -- works
[0.601s] -- Detecting CXX compiler ABI info
[0.723s] -- Detecting CXX compiler ABI info - done
[0.741s] -- Detecting CXX compile features
[0.742s] -- Detecting CXX compile features - done
[0.746s] -- Found ament_cmake: 0.9.9 (/opt/ros/foxy/share/ament_cmake/cmake)
[0.783s] -- Found PythonInterp: /usr/bin/python3 (found suitable version "3.8.10", minimum required is "3") 
[0.783s] -- Using PYTHON_EXECUTABLE: /usr/bin/python3
[1.176s] -- Found ament_cmake_gtest: 0.9.9 (/opt/ros/foxy/share/ament_cmake_gtest/cmake)
[1.202s] -- Found ament_lint_auto: 0.9.6 (/opt/ros/foxy/share/ament_lint_auto/cmake)
[1.205s] -- Found gtest sources under '/opt/ros/foxy/src/gtest_vendor': C++ tests using 'Google Test' will be built
[1.207s] -- Looking for pthread.h
[1.319s] -- Looking for pthread.h - found
[1.319s] -- Performing Test CMAKE_HAVE_LIBC_PTHREAD
[1.468s] -- Performing Test CMAKE_HAVE_LIBC_PTHREAD - Failed
[1.469s] -- Check if compiler accepts -pthread
[1.654s] -- Check if compiler accepts -pthread - yes
[1.656s] -- Found Threads: TRUE  
[1.825s] -- Added test 'copyright' to check source files copyright and LICENSE
[1.834s] -- Added test 'cppcheck' to perform static code analysis on C / C++ code
[1.835s] -- Configured cppcheck include dirs: $<BUILD_INTERFACE:/home/azriel19/Documents/File TA/File Simul ICHIRO/ros2_ws/src/musen/include>;/home/azriel19/Documents/File TA/File Simul ICHIRO/ros2_ws/src/musen/test/include
[1.835s] -- Configured cppcheck exclude dirs and/or files: 
[1.844s] -- Added test 'cpplint' to check C / C++ code against the Google style
[1.844s] -- Configured cpplint exclude dirs and/or files: 
[1.848s] -- Added test 'lint_cmake' to check CMake code style
[1.857s] -- Added test 'uncrustify' to check C / C++ code style
[1.857s] -- Configured uncrustify additional arguments: 
[1.859s] -- Added test 'xmllint' to check XML markup files
[1.870s] -- Configuring done
[1.895s] -- Generating done
[1.898s] -- Build files have been written to: /home/azriel19/Documents/File TA/File Simul ICHIRO/ros2_ws/build/musen
[1.904s] Invoked command in '/home/azriel19/Documents/File TA/File Simul ICHIRO/ros2_ws/build/musen' returned '0': CMAKE_PREFIX_PATH=/opt/ros/foxy /usr/bin/cmake /home/azriel19/Documents/File TA/File Simul ICHIRO/ros2_ws/src/musen -DCMAKE_INSTALL_PREFIX=/home/azriel19/Documents/File TA/File Simul ICHIRO/ros2_ws/install/musen
[1.907s] Invoking command in '/home/azriel19/Documents/File TA/File Simul ICHIRO/ros2_ws/build/musen': CMAKE_PREFIX_PATH=/opt/ros/foxy /usr/bin/cmake --build /home/azriel19/Documents/File TA/File Simul ICHIRO/ros2_ws/build/musen -- -j4 -l4
[2.032s] [35m[1mScanning dependencies of target musen[0m
[2.040s] [35m[1mScanning dependencies of target gtest[0m
[2.066s] [35m[1mScanning dependencies of target gtest_main[0m
[2.146s] [  2%] [32mBuilding CXX object CMakeFiles/musen.dir/src/socket/base_socket.cpp.o[0m
[2.155s] [  5%] [32mBuilding CXX object CMakeFiles/musen.dir/src/socket/tcp_socket.cpp.o[0m
[2.165s] [  7%] [32mBuilding CXX object gtest/CMakeFiles/gtest.dir/src/gtest-all.cc.o[0m
[2.182s] [ 10%] [32mBuilding CXX object gtest/CMakeFiles/gtest_main.dir/src/gtest_main.cc.o[0m
[2.355s] [ 13%] [32mBuilding CXX object CMakeFiles/musen.dir/src/socket/udp_socket.cpp.o[0m
[2.380s] [ 15%] [32mBuilding CXX object CMakeFiles/musen.dir/src/tcp/client.cpp.o[0m
[2.589s] [ 18%] [32mBuilding CXX object CMakeFiles/musen.dir/src/tcp/server.cpp.o[0m
[11.906s] [ 21%] [32mBuilding CXX object CMakeFiles/musen.dir/src/udp/broadcaster.cpp.o[0m
[12.248s] [ 23%] [32mBuilding CXX object CMakeFiles/musen.dir/src/udp/listener.cpp.o[0m
[14.969s] [ 26%] [32mBuilding CXX object CMakeFiles/musen.dir/src/receiver.cpp.o[0m
[16.916s] [ 28%] [32mBuilding CXX object CMakeFiles/musen.dir/src/sender.cpp.o[0m
[17.739s] [ 31%] [32m[1mLinking CXX static library libgtest_main.a[0m
[17.889s] [ 31%] Built target gtest_main
[18.419s] [ 34%] [32m[1mLinking CXX shared library libmusen.so[0m
[18.919s] [ 34%] Built target musen
[21.456s] [ 36%] [32m[1mLinking CXX static library libgtest.a[0m
[21.578s] [ 36%] Built target gtest
[21.613s] [35m[1mScanning dependencies of target hello_world_listener[0m
[21.635s] [ 39%] [32mBuilding CXX object CMakeFiles/hello_world_listener.dir/examples/hello_world_udp/hello_world_listener.cpp.o[0m
[22.517s] [ 42%] [32m[1mLinking CXX executable hello_world_listener[0m
[22.704s] [ 42%] Built target hello_world_listener
[22.752s] [35m[1mScanning dependencies of target position_listener[0m
[22.808s] [ 44%] [32mBuilding CXX object CMakeFiles/position_listener.dir/examples/position_udp/position_listener.cpp.o[0m
[23.888s] [ 47%] [32m[1mLinking CXX executable position_listener[0m
[24.095s] [ 47%] Built target position_listener
[24.123s] [35m[1mScanning dependencies of target fruits_broadcaster[0m
[24.158s] [ 50%] [32mBuilding CXX object CMakeFiles/fruits_broadcaster.dir/examples/fruits_udp/fruits_broadcaster.cpp.o[0m
[25.217s] [ 52%] [32m[1mLinking CXX executable fruits_broadcaster[0m
[25.406s] [ 52%] Built target fruits_broadcaster
[25.496s] [35m[1mScanning dependencies of target position_client[0m
[25.553s] [ 55%] [32mBuilding CXX object CMakeFiles/position_client.dir/examples/position_tcp/position_client.cpp.o[0m
[26.677s] [ 57%] [32m[1mLinking CXX executable position_client[0m
[26.830s] [ 57%] Built target position_client
[26.869s] [35m[1mScanning dependencies of target position_server[0m
[26.919s] [ 60%] [32mBuilding CXX object CMakeFiles/position_server.dir/examples/position_tcp/position_server.cpp.o[0m
[27.914s] [ 63%] [32m[1mLinking CXX executable position_server[0m
[28.080s] [ 63%] Built target position_server
[28.103s] [35m[1mScanning dependencies of target position_broadcaster[0m
[28.121s] [ 65%] [32mBuilding CXX object CMakeFiles/position_broadcaster.dir/examples/position_udp/position_broadcaster.cpp.o[0m
[28.938s] [ 68%] [32m[1mLinking CXX executable position_broadcaster[0m
[29.077s] [ 68%] Built target position_broadcaster
[29.101s] [35m[1mScanning dependencies of target musen_tests[0m
[29.139s] [ 71%] [32mBuilding CXX object CMakeFiles/musen_tests.dir/test/send_and_receive/raw_test.cpp.o[0m
[31.868s] [ 73%] [32mBuilding CXX object CMakeFiles/musen_tests.dir/test/send_and_receive/string_test.cpp.o[0m
[34.896s] [ 76%] [32mBuilding CXX object CMakeFiles/musen_tests.dir/test/send_and_receive/strings_test.cpp.o[0m
[38.378s] [ 78%] [32mBuilding CXX object CMakeFiles/musen_tests.dir/test/send_and_receive/struct_test.cpp.o[0m
[41.638s] [ 81%] [32mBuilding CXX object CMakeFiles/musen_tests.dir/test/broadcast_and_listen_test.cpp.o[0m
[43.732s] [ 84%] [32mBuilding CXX object CMakeFiles/musen_tests.dir/test/server_and_client_test.cpp.o[0m
[45.655s] [ 86%] [32mBuilding CXX object CMakeFiles/musen_tests.dir/test/socket_test.cpp.o[0m
[47.691s] [ 89%] [32m[1mLinking CXX executable musen_tests[0m
[47.975s] [ 89%] Built target musen_tests
[47.988s] [35m[1mScanning dependencies of target hello_world_broadcaster[0m
[48.003s] [ 92%] [32mBuilding CXX object CMakeFiles/hello_world_broadcaster.dir/examples/hello_world_udp/hello_world_broadcaster.cpp.o[0m
[48.684s] [ 94%] [32m[1mLinking CXX executable hello_world_broadcaster[0m
[48.774s] [ 94%] Built target hello_world_broadcaster
[48.784s] [35m[1mScanning dependencies of target fruits_listener[0m
[48.795s] [ 97%] [32mBuilding CXX object CMakeFiles/fruits_listener.dir/examples/fruits_udp/fruits_listener.cpp.o[0m
[49.360s] [100%] [32m[1mLinking CXX executable fruits_listener[0m
[49.460s] [100%] Built target fruits_listener
[49.490s] Invoked command in '/home/azriel19/Documents/File TA/File Simul ICHIRO/ros2_ws/build/musen' returned '0': CMAKE_PREFIX_PATH=/opt/ros/foxy /usr/bin/cmake --build /home/azriel19/Documents/File TA/File Simul ICHIRO/ros2_ws/build/musen -- -j4 -l4
[49.582s] Invoking command in '/home/azriel19/Documents/File TA/File Simul ICHIRO/ros2_ws/build/musen': CMAKE_PREFIX_PATH=/opt/ros/foxy /usr/bin/cmake --install /home/azriel19/Documents/File TA/File Simul ICHIRO/ros2_ws/build/musen
[49.595s] -- Install configuration: ""
[49.597s] -- Installing: /home/azriel19/Documents/File TA/File Simul ICHIRO/ros2_ws/install/musen/./include
[49.597s] -- Installing: /home/azriel19/Documents/File TA/File Simul ICHIRO/ros2_ws/install/musen/./include/musen
[49.597s] -- Installing: /home/azriel19/Documents/File TA/File Simul ICHIRO/ros2_ws/install/musen/./include/musen/tcp
[49.597s] -- Installing: /home/azriel19/Documents/File TA/File Simul ICHIRO/ros2_ws/install/musen/./include/musen/tcp/client.hpp
[49.597s] -- Installing: /home/azriel19/Documents/File TA/File Simul ICHIRO/ros2_ws/install/musen/./include/musen/tcp/server.hpp
[49.597s] -- Installing: /home/azriel19/Documents/File TA/File Simul ICHIRO/ros2_ws/install/musen/./include/musen/sender.hpp
[49.597s] -- Installing: /home/azriel19/Documents/File TA/File Simul ICHIRO/ros2_ws/install/musen/./include/musen/udp
[49.597s] -- Installing: /home/azriel19/Documents/File TA/File Simul ICHIRO/ros2_ws/install/musen/./include/musen/udp/listener.hpp
[49.597s] -- Installing: /home/azriel19/Documents/File TA/File Simul ICHIRO/ros2_ws/install/musen/./include/musen/udp/broadcaster.hpp
[49.597s] -- Installing: /home/azriel19/Documents/File TA/File Simul ICHIRO/ros2_ws/install/musen/./include/musen/receiver.hpp
[49.598s] -- Installing: /home/azriel19/Documents/File TA/File Simul ICHIRO/ros2_ws/install/musen/./include/musen/socket
[49.598s] -- Installing: /home/azriel19/Documents/File TA/File Simul ICHIRO/ros2_ws/install/musen/./include/musen/socket/base_socket.hpp
[49.598s] -- Installing: /home/azriel19/Documents/File TA/File Simul ICHIRO/ros2_ws/install/musen/./include/musen/socket/udp_socket.hpp
[49.598s] -- Installing: /home/azriel19/Documents/File TA/File Simul ICHIRO/ros2_ws/install/musen/./include/musen/socket/tcp_socket.hpp
[49.605s] -- Installing: /home/azriel19/Documents/File TA/File Simul ICHIRO/ros2_ws/install/musen/./include/musen/musen.hpp
[49.609s] -- Installing: /home/azriel19/Documents/File TA/File Simul ICHIRO/ros2_ws/install/musen/lib/libmusen.so
[49.609s] -- Installing: /home/azriel19/Documents/File TA/File Simul ICHIRO/ros2_ws/install/musen/lib/musen/fruits_broadcaster
[49.609s] -- Set runtime path of "/home/azriel19/Documents/File TA/File Simul ICHIRO/ros2_ws/install/musen/lib/musen/fruits_broadcaster" to ""
[49.609s] -- Installing: /home/azriel19/Documents/File TA/File Simul ICHIRO/ros2_ws/install/musen/lib/musen/fruits_listener
[49.609s] -- Set runtime path of "/home/azriel19/Documents/File TA/File Simul ICHIRO/ros2_ws/install/musen/lib/musen/fruits_listener" to ""
[49.609s] -- Installing: /home/azriel19/Documents/File TA/File Simul ICHIRO/ros2_ws/install/musen/lib/musen/hello_world_broadcaster
[49.609s] -- Set runtime path of "/home/azriel19/Documents/File TA/File Simul ICHIRO/ros2_ws/install/musen/lib/musen/hello_world_broadcaster" to ""
[49.609s] -- Installing: /home/azriel19/Documents/File TA/File Simul ICHIRO/ros2_ws/install/musen/lib/musen/hello_world_listener
[49.609s] -- Set runtime path of "/home/azriel19/Documents/File TA/File Simul ICHIRO/ros2_ws/install/musen/lib/musen/hello_world_listener" to ""
[49.609s] -- Installing: /home/azriel19/Documents/File TA/File Simul ICHIRO/ros2_ws/install/musen/lib/musen/position_client
[49.610s] -- Set runtime path of "/home/azriel19/Documents/File TA/File Simul ICHIRO/ros2_ws/install/musen/lib/musen/position_client" to ""
[49.610s] -- Installing: /home/azriel19/Documents/File TA/File Simul ICHIRO/ros2_ws/install/musen/lib/musen/position_server
[49.610s] -- Set runtime path of "/home/azriel19/Documents/File TA/File Simul ICHIRO/ros2_ws/install/musen/lib/musen/position_server" to ""
[49.610s] -- Installing: /home/azriel19/Documents/File TA/File Simul ICHIRO/ros2_ws/install/musen/lib/musen/position_broadcaster
[49.610s] -- Set runtime path of "/home/azriel19/Documents/File TA/File Simul ICHIRO/ros2_ws/install/musen/lib/musen/position_broadcaster" to ""
[49.610s] -- Installing: /home/azriel19/Documents/File TA/File Simul ICHIRO/ros2_ws/install/musen/lib/musen/position_listener
[49.610s] -- Set runtime path of "/home/azriel19/Documents/File TA/File Simul ICHIRO/ros2_ws/install/musen/lib/musen/position_listener" to ""
[49.610s] -- Installing: /home/azriel19/Documents/File TA/File Simul ICHIRO/ros2_ws/install/musen/share/musen/environment/library_path.sh
[49.610s] -- Installing: /home/azriel19/Documents/File TA/File Simul ICHIRO/ros2_ws/install/musen/share/musen/environment/library_path.dsv
[49.610s] -- Installing: /home/azriel19/Documents/File TA/File Simul ICHIRO/ros2_ws/install/musen/share/ament_index/resource_index/package_run_dependencies/musen
[49.610s] -- Installing: /home/azriel19/Documents/File TA/File Simul ICHIRO/ros2_ws/install/musen/share/ament_index/resource_index/parent_prefix_path/musen
[49.610s] -- Installing: /home/azriel19/Documents/File TA/File Simul ICHIRO/ros2_ws/install/musen/share/musen/environment/ament_prefix_path.sh
[49.610s] -- Installing: /home/azriel19/Documents/File TA/File Simul ICHIRO/ros2_ws/install/musen/share/musen/environment/ament_prefix_path.dsv
[49.610s] -- Installing: /home/azriel19/Documents/File TA/File Simul ICHIRO/ros2_ws/install/musen/share/musen/environment/path.sh
[49.610s] -- Installing: /home/azriel19/Documents/File TA/File Simul ICHIRO/ros2_ws/install/musen/share/musen/environment/path.dsv
[49.611s] -- Installing: /home/azriel19/Documents/File TA/File Simul ICHIRO/ros2_ws/install/musen/share/musen/local_setup.bash
[49.611s] -- Installing: /home/azriel19/Documents/File TA/File Simul ICHIRO/ros2_ws/install/musen/share/musen/local_setup.sh
[49.611s] -- Installing: /home/azriel19/Documents/File TA/File Simul ICHIRO/ros2_ws/install/musen/share/musen/local_setup.zsh
[49.611s] -- Installing: /home/azriel19/Documents/File TA/File Simul ICHIRO/ros2_ws/install/musen/share/musen/local_setup.dsv
[49.611s] -- Installing: /home/azriel19/Documents/File TA/File Simul ICHIRO/ros2_ws/install/musen/share/musen/package.dsv
[49.611s] -- Installing: /home/azriel19/Documents/File TA/File Simul ICHIRO/ros2_ws/install/musen/share/ament_index/resource_index/packages/musen
[49.611s] -- Installing: /home/azriel19/Documents/File TA/File Simul ICHIRO/ros2_ws/install/musen/share/musen/cmake/ament_cmake_export_include_directories-extras.cmake
[49.611s] -- Installing: /home/azriel19/Documents/File TA/File Simul ICHIRO/ros2_ws/install/musen/share/musen/cmake/ament_cmake_export_libraries-extras.cmake
[49.611s] -- Installing: /home/azriel19/Documents/File TA/File Simul ICHIRO/ros2_ws/install/musen/share/musen/cmake/musenConfig.cmake
[49.611s] -- Installing: /home/azriel19/Documents/File TA/File Simul ICHIRO/ros2_ws/install/musen/share/musen/cmake/musenConfig-version.cmake
[49.611s] -- Installing: /home/azriel19/Documents/File TA/File Simul ICHIRO/ros2_ws/install/musen/share/musen/package.xml
[49.617s] Invoked command in '/home/azriel19/Documents/File TA/File Simul ICHIRO/ros2_ws/build/musen' returned '0': CMAKE_PREFIX_PATH=/opt/ros/foxy /usr/bin/cmake --install /home/azriel19/Documents/File TA/File Simul ICHIRO/ros2_ws/build/musen
