-- The C compiler identification is GNU 9.4.0
-- The CXX compiler identification is GNU 9.4.0
-- Check for working C compiler: /usr/bin/cc
-- Check for working C compiler: /usr/bin/cc -- works
-- Detecting C compiler ABI info
-- Detecting C compiler ABI info - done
-- Detecting C compile features
-- Detecting C compile features - done
-- Check for working CXX compiler: /usr/bin/c++
-- Check for working CXX compiler: /usr/bin/c++ -- works
-- Detecting CXX compiler ABI info
-- Detecting CXX compiler ABI info - done
-- Detecting CXX compile features
-- Detecting CXX compile features - done
-- Found ament_cmake: 0.9.9 (/opt/ros/foxy/share/ament_cmake/cmake)
-- Found PythonInterp: /usr/bin/python3 (found suitable version "3.8.10", minimum required is "3") 
-- Using PYTHON_EXECUTABLE: /usr/bin/python3
-- Found ament_cmake_gtest: 0.9.9 (/opt/ros/foxy/share/ament_cmake_gtest/cmake)
-- Found ament_lint_auto: 0.9.6 (/opt/ros/foxy/share/ament_lint_auto/cmake)
-- Found gtest sources under '/opt/ros/foxy/src/gtest_vendor': C++ tests using 'Google Test' will be built
-- Looking for pthread.h
-- Looking for pthread.h - found
-- Performing Test CMAKE_HAVE_LIBC_PTHREAD
-- Performing Test CMAKE_HAVE_LIBC_PTHREAD - Failed
-- Check if compiler accepts -pthread
-- Check if compiler accepts -pthread - yes
-- Found Threads: TRUE  
-- Added test 'copyright' to check source files copyright and LICENSE
-- Added test 'cppcheck' to perform static code analysis on C / C++ code
-- Configured cppcheck include dirs: $<BUILD_INTERFACE:/home/azriel19/Documents/File TA/File Simul ICHIRO/webots_ws/src/keisan/include>
-- Configured cppcheck exclude dirs and/or files: 
-- Added test 'cpplint' to check C / C++ code against the Google style
-- Configured cpplint exclude dirs and/or files: 
-- Added test 'lint_cmake' to check CMake code style
-- Added test 'uncrustify' to check C / C++ code style
-- Configured uncrustify additional arguments: 
-- Added test 'xmllint' to check XML markup files
-- Configuring done
-- Generating done
-- Build files have been written to: /home/azriel19/Documents/File TA/File Simul ICHIRO/webots_ws/build/keisan
[35m[1mScanning dependencies of target gtest[0m
[  5%] [32mBuilding CXX object gtest/CMakeFiles/gtest.dir/src/gtest-all.cc.o[0m
[ 10%] [32m[1mLinking CXX static library libgtest.a[0m
[ 10%] Built target gtest
[35m[1mScanning dependencies of target gtest_main[0m
[ 15%] [32mBuilding CXX object gtest/CMakeFiles/gtest_main.dir/src/gtest_main.cc.o[0m
[ 21%] [32m[1mLinking CXX static library libgtest_main.a[0m
[ 21%] Built target gtest_main
[35m[1mScanning dependencies of target keisan[0m
[ 26%] [32mBuilding CXX object CMakeFiles/keisan.dir/src/angle/angle.cpp.o[0m
[ 31%] [32mBuilding CXX object CMakeFiles/keisan.dir/src/constant.cpp.o[0m
[ 36%] [32mBuilding CXX object CMakeFiles/keisan.dir/src/geometry/point_3.cpp.o[0m
[ 42%] [32mBuilding CXX object CMakeFiles/keisan.dir/src/geometry/point_2.cpp.o[0m
[ 47%] [32m[1mLinking CXX shared library libkeisan.so[0m
[ 47%] Built target keisan
[35m[1mScanning dependencies of target keisan_tests[0m
[ 52%] [32mBuilding CXX object CMakeFiles/keisan_tests.dir/test/angle/angle_test.cpp.o[0m
[ 57%] [32mBuilding CXX object CMakeFiles/keisan_tests.dir/test/geometry/point_2_test.cpp.o[0m
[ 63%] [32mBuilding CXX object CMakeFiles/keisan_tests.dir/test/geometry/point_3_test.cpp.o[0m
[ 68%] [32mBuilding CXX object CMakeFiles/keisan_tests.dir/test/matrix/matrix_test.cpp.o[0m
[ 73%] [32mBuilding CXX object CMakeFiles/keisan_tests.dir/test/matrix/vector_test.cpp.o[0m
[ 78%] [32mBuilding CXX object CMakeFiles/keisan_tests.dir/test/constant_test.cpp.o[0m
[ 84%] [32mBuilding CXX object CMakeFiles/keisan_tests.dir/test/number_test.cpp.o[0m
[ 89%] [32mBuilding CXX object CMakeFiles/keisan_tests.dir/test/angle/quaternion_test.cpp.o[0m
[ 94%] [32mBuilding CXX object CMakeFiles/keisan_tests.dir/test/angle/euler_test.cpp.o[0m
[100%] [32m[1mLinking CXX executable keisan_tests[0m
[100%] Built target keisan_tests
-- Install configuration: ""
-- Installing: /home/azriel19/Documents/File TA/File Simul ICHIRO/webots_ws/install/keisan/./include
-- Installing: /home/azriel19/Documents/File TA/File Simul ICHIRO/webots_ws/install/keisan/./include/keisan
-- Installing: /home/azriel19/Documents/File TA/File Simul ICHIRO/webots_ws/install/keisan/./include/keisan/number.impl.hpp
-- Installing: /home/azriel19/Documents/File TA/File Simul ICHIRO/webots_ws/install/keisan/./include/keisan/geometry
-- Installing: /home/azriel19/Documents/File TA/File Simul ICHIRO/webots_ws/install/keisan/./include/keisan/geometry/point_2.hpp
-- Installing: /home/azriel19/Documents/File TA/File Simul ICHIRO/webots_ws/install/keisan/./include/keisan/geometry/point_3.hpp
-- Installing: /home/azriel19/Documents/File TA/File Simul ICHIRO/webots_ws/install/keisan/./include/keisan/matrix
-- Installing: /home/azriel19/Documents/File TA/File Simul ICHIRO/webots_ws/install/keisan/./include/keisan/matrix/matrix.impl.hpp
-- Installing: /home/azriel19/Documents/File TA/File Simul ICHIRO/webots_ws/install/keisan/./include/keisan/matrix/vector.hpp
-- Installing: /home/azriel19/Documents/File TA/File Simul ICHIRO/webots_ws/install/keisan/./include/keisan/matrix/vector.impl.hpp
-- Installing: /home/azriel19/Documents/File TA/File Simul ICHIRO/webots_ws/install/keisan/./include/keisan/matrix/matrix.hpp
-- Installing: /home/azriel19/Documents/File TA/File Simul ICHIRO/webots_ws/install/keisan/./include/keisan/keisan.hpp
-- Installing: /home/azriel19/Documents/File TA/File Simul ICHIRO/webots_ws/install/keisan/./include/keisan/angle
-- Installing: /home/azriel19/Documents/File TA/File Simul ICHIRO/webots_ws/install/keisan/./include/keisan/angle/quaternion.hpp
-- Installing: /home/azriel19/Documents/File TA/File Simul ICHIRO/webots_ws/install/keisan/./include/keisan/angle/angle.impl.hpp
-- Installing: /home/azriel19/Documents/File TA/File Simul ICHIRO/webots_ws/install/keisan/./include/keisan/angle/quaternion.impl.hpp
-- Installing: /home/azriel19/Documents/File TA/File Simul ICHIRO/webots_ws/install/keisan/./include/keisan/angle/euler.impl.hpp
-- Installing: /home/azriel19/Documents/File TA/File Simul ICHIRO/webots_ws/install/keisan/./include/keisan/angle/euler.hpp
-- Installing: /home/azriel19/Documents/File TA/File Simul ICHIRO/webots_ws/install/keisan/./include/keisan/angle/angle.hpp
-- Installing: /home/azriel19/Documents/File TA/File Simul ICHIRO/webots_ws/install/keisan/./include/keisan/constant.hpp
-- Installing: /home/azriel19/Documents/File TA/File Simul ICHIRO/webots_ws/install/keisan/./include/keisan/matrix.hpp
-- Installing: /home/azriel19/Documents/File TA/File Simul ICHIRO/webots_ws/install/keisan/./include/keisan/angle.hpp
-- Installing: /home/azriel19/Documents/File TA/File Simul ICHIRO/webots_ws/install/keisan/./include/keisan/number.hpp
-- Installing: /home/azriel19/Documents/File TA/File Simul ICHIRO/webots_ws/install/keisan/lib/libkeisan.so
-- Installing: /home/azriel19/Documents/File TA/File Simul ICHIRO/webots_ws/install/keisan/share/keisan/environment/library_path.sh
-- Installing: /home/azriel19/Documents/File TA/File Simul ICHIRO/webots_ws/install/keisan/share/keisan/environment/library_path.dsv
-- Installing: /home/azriel19/Documents/File TA/File Simul ICHIRO/webots_ws/install/keisan/share/ament_index/resource_index/package_run_dependencies/keisan
-- Installing: /home/azriel19/Documents/File TA/File Simul ICHIRO/webots_ws/install/keisan/share/ament_index/resource_index/parent_prefix_path/keisan
-- Installing: /home/azriel19/Documents/File TA/File Simul ICHIRO/webots_ws/install/keisan/share/keisan/environment/ament_prefix_path.sh
-- Installing: /home/azriel19/Documents/File TA/File Simul ICHIRO/webots_ws/install/keisan/share/keisan/environment/ament_prefix_path.dsv
-- Installing: /home/azriel19/Documents/File TA/File Simul ICHIRO/webots_ws/install/keisan/share/keisan/environment/path.sh
-- Installing: /home/azriel19/Documents/File TA/File Simul ICHIRO/webots_ws/install/keisan/share/keisan/environment/path.dsv
-- Installing: /home/azriel19/Documents/File TA/File Simul ICHIRO/webots_ws/install/keisan/share/keisan/local_setup.bash
-- Installing: /home/azriel19/Documents/File TA/File Simul ICHIRO/webots_ws/install/keisan/share/keisan/local_setup.sh
-- Installing: /home/azriel19/Documents/File TA/File Simul ICHIRO/webots_ws/install/keisan/share/keisan/local_setup.zsh
-- Installing: /home/azriel19/Documents/File TA/File Simul ICHIRO/webots_ws/install/keisan/share/keisan/local_setup.dsv
-- Installing: /home/azriel19/Documents/File TA/File Simul ICHIRO/webots_ws/install/keisan/share/keisan/package.dsv
-- Installing: /home/azriel19/Documents/File TA/File Simul ICHIRO/webots_ws/install/keisan/share/ament_index/resource_index/packages/keisan
-- Installing: /home/azriel19/Documents/File TA/File Simul ICHIRO/webots_ws/install/keisan/share/keisan/cmake/ament_cmake_export_dependencies-extras.cmake
-- Installing: /home/azriel19/Documents/File TA/File Simul ICHIRO/webots_ws/install/keisan/share/keisan/cmake/ament_cmake_export_include_directories-extras.cmake
-- Installing: /home/azriel19/Documents/File TA/File Simul ICHIRO/webots_ws/install/keisan/share/keisan/cmake/ament_cmake_export_libraries-extras.cmake
-- Installing: /home/azriel19/Documents/File TA/File Simul ICHIRO/webots_ws/install/keisan/share/keisan/cmake/keisanConfig.cmake
-- Installing: /home/azriel19/Documents/File TA/File Simul ICHIRO/webots_ws/install/keisan/share/keisan/cmake/keisanConfig-version.cmake
-- Installing: /home/azriel19/Documents/File TA/File Simul ICHIRO/webots_ws/install/keisan/share/keisan/package.xml
