-- The C compiler identification is GNU 9.4.0
-- The CXX compiler identification is GNU 9.4.0
-- Check for working C compiler: /usr/bin/cc
-- Check for working C compiler: /usr/bin/cc -- works
-- Detecting C compiler ABI info
-- Detecting C compiler ABI info - done
-- Detecting C compile features
-- Detecting C compile features - done
-- Check for working CXX compiler: /usr/bin/c++
-- Check for working CXX compiler: /usr/bin/c++ -- works
-- Detecting CXX compiler ABI info
-- Detecting CXX compiler ABI info - done
-- Detecting CXX compile features
-- Detecting CXX compile features - done
-- Found ament_cmake: 0.9.9 (/opt/ros/foxy/share/ament_cmake/cmake)
-- Found PythonInterp: /usr/bin/python3 (found suitable version "3.8.10", minimum required is "3") 
-- Using PYTHON_EXECUTABLE: /usr/bin/python3
-- Found ament_index_cpp: 1.1.0 (/opt/ros/foxy/share/ament_index_cpp/cmake)
-- Found framework_common: 1.0.0 (/home/azriel19/Documents/File TA/File Simul ICHIRO/webots_ws/install/framework_common/share/framework_common/cmake)
-- Found framework_math: 1.0.0 (/home/azriel19/Documents/File TA/File Simul ICHIRO/webots_ws/install/framework_math/share/framework_math/cmake)
-- Found kansei: 0.0.0 (/home/azriel19/Documents/File TA/File Simul ICHIRO/webots_ws/install/kansei/share/kansei/cmake)
-- Using all available rosidl_typesupport_c: rosidl_typesupport_fastrtps_c;rosidl_typesupport_introspection_c
-- Found rosidl_adapter: 1.2.1 (/opt/ros/foxy/share/rosidl_adapter/cmake)
-- Found OpenSSL: /usr/lib/x86_64-linux-gnu/libcrypto.so (found version "1.1.1f")  
-- Found FastRTPS: /opt/ros/foxy/include  
-- Using all available rosidl_typesupport_cpp: rosidl_typesupport_fastrtps_cpp;rosidl_typesupport_introspection_cpp
-- Found rmw_implementation_cmake: 1.0.3 (/opt/ros/foxy/share/rmw_implementation_cmake/cmake)
-- Using RMW implementation 'rmw_fastrtps_cpp' as default
-- Looking for pthread.h
-- Looking for pthread.h - found
-- Performing Test CMAKE_HAVE_LIBC_PTHREAD
-- Performing Test CMAKE_HAVE_LIBC_PTHREAD - Failed
-- Looking for pthread_create in pthreads
-- Looking for pthread_create in pthreads - not found
-- Looking for pthread_create in pthread
-- Looking for pthread_create in pthread - found
-- Found Threads: TRUE  
-- Found eigen3_cmake_module: 0.1.1 (/opt/ros/foxy/share/eigen3_cmake_module/cmake)
-- Found Eigen3: TRUE (found version "3.3.7") 
-- Found robocup_client: 0.1.0 (/home/azriel19/Documents/File TA/File Simul ICHIRO/webots_ws/install/robocup_client/share/robocup_client/cmake)
-- Found tachimawari: 0.1.0 (/home/azriel19/Documents/File TA/File Simul ICHIRO/webots_ws/install/tachimawari/share/tachimawari/cmake)
-- Found ament_lint_auto: 0.9.6 (/opt/ros/foxy/share/ament_lint_auto/cmake)
-- Added test 'copyright' to check source files copyright and LICENSE
-- Added test 'cppcheck' to perform static code analysis on C / C++ code
-- Configured cppcheck include dirs: $<BUILD_INTERFACE:/home/azriel19/Documents/File TA/File Simul ICHIRO/webots_ws/src/aruku/include>
-- Configured cppcheck exclude dirs and/or files: 
-- Added test 'cpplint' to check C / C++ code against the Google style
-- Configured cpplint exclude dirs and/or files: 
-- Added test 'lint_cmake' to check CMake code style
-- Added test 'uncrustify' to check C / C++ code style
-- Configured uncrustify additional arguments: 
-- Added test 'xmllint' to check XML markup files
-- Configuring done
-- Generating done
-- Build files have been written to: /home/azriel19/Documents/File TA/File Simul ICHIRO/webots_ws/build/aruku
[35m[1mScanning dependencies of target aruku[0m
[ 25%] [32mBuilding CXX object CMakeFiles/aruku.dir/src/aruku/walking.cpp.o[0m
[ 50%] [32m[1mLinking CXX shared library libaruku.so[0m
[ 50%] Built target aruku
[35m[1mScanning dependencies of target walking_main[0m
[ 75%] [32mBuilding CXX object CMakeFiles/walking_main.dir/src/walking_main.cpp.o[0m
[100%] [32m[1mLinking CXX executable walking_main[0m
[100%] Built target walking_main
-- Install configuration: ""
-- Installing: /home/azriel19/Documents/File TA/File Simul ICHIRO/webots_ws/install/aruku/./include
-- Installing: /home/azriel19/Documents/File TA/File Simul ICHIRO/webots_ws/install/aruku/./include/aruku
-- Installing: /home/azriel19/Documents/File TA/File Simul ICHIRO/webots_ws/install/aruku/./include/aruku/walking.hpp
-- Installing: /home/azriel19/Documents/File TA/File Simul ICHIRO/webots_ws/install/aruku/lib/libaruku.so
-- Set runtime path of "/home/azriel19/Documents/File TA/File Simul ICHIRO/webots_ws/install/aruku/lib/libaruku.so" to ""
-- Installing: /home/azriel19/Documents/File TA/File Simul ICHIRO/webots_ws/install/aruku/lib/aruku/walking_main
-- Set runtime path of "/home/azriel19/Documents/File TA/File Simul ICHIRO/webots_ws/install/aruku/lib/aruku/walking_main" to ""
-- Installing: /home/azriel19/Documents/File TA/File Simul ICHIRO/webots_ws/install/aruku/share/aruku/environment/library_path.sh
-- Installing: /home/azriel19/Documents/File TA/File Simul ICHIRO/webots_ws/install/aruku/share/aruku/environment/library_path.dsv
-- Installing: /home/azriel19/Documents/File TA/File Simul ICHIRO/webots_ws/install/aruku/share/ament_index/resource_index/package_run_dependencies/aruku
-- Installing: /home/azriel19/Documents/File TA/File Simul ICHIRO/webots_ws/install/aruku/share/ament_index/resource_index/parent_prefix_path/aruku
-- Installing: /home/azriel19/Documents/File TA/File Simul ICHIRO/webots_ws/install/aruku/share/aruku/environment/ament_prefix_path.sh
-- Installing: /home/azriel19/Documents/File TA/File Simul ICHIRO/webots_ws/install/aruku/share/aruku/environment/ament_prefix_path.dsv
-- Installing: /home/azriel19/Documents/File TA/File Simul ICHIRO/webots_ws/install/aruku/share/aruku/environment/path.sh
-- Installing: /home/azriel19/Documents/File TA/File Simul ICHIRO/webots_ws/install/aruku/share/aruku/environment/path.dsv
-- Installing: /home/azriel19/Documents/File TA/File Simul ICHIRO/webots_ws/install/aruku/share/aruku/local_setup.bash
-- Installing: /home/azriel19/Documents/File TA/File Simul ICHIRO/webots_ws/install/aruku/share/aruku/local_setup.sh
-- Installing: /home/azriel19/Documents/File TA/File Simul ICHIRO/webots_ws/install/aruku/share/aruku/local_setup.zsh
-- Installing: /home/azriel19/Documents/File TA/File Simul ICHIRO/webots_ws/install/aruku/share/aruku/local_setup.dsv
-- Installing: /home/azriel19/Documents/File TA/File Simul ICHIRO/webots_ws/install/aruku/share/aruku/package.dsv
-- Installing: /home/azriel19/Documents/File TA/File Simul ICHIRO/webots_ws/install/aruku/share/ament_index/resource_index/packages/aruku
-- Installing: /home/azriel19/Documents/File TA/File Simul ICHIRO/webots_ws/install/aruku/share/aruku/cmake/ament_cmake_export_dependencies-extras.cmake
-- Installing: /home/azriel19/Documents/File TA/File Simul ICHIRO/webots_ws/install/aruku/share/aruku/cmake/ament_cmake_export_include_directories-extras.cmake
-- Installing: /home/azriel19/Documents/File TA/File Simul ICHIRO/webots_ws/install/aruku/share/aruku/cmake/ament_cmake_export_libraries-extras.cmake
-- Installing: /home/azriel19/Documents/File TA/File Simul ICHIRO/webots_ws/install/aruku/share/aruku/cmake/arukuConfig.cmake
-- Installing: /home/azriel19/Documents/File TA/File Simul ICHIRO/webots_ws/install/aruku/share/aruku/cmake/arukuConfig-version.cmake
-- Installing: /home/azriel19/Documents/File TA/File Simul ICHIRO/webots_ws/install/aruku/share/aruku/package.xml
