[0.088s] Invoking command in '/home/azriel19/Documents/File TA/File Simul ICHIRO/webots_ws/build/aruku': AMENT_PREFIX_PATH=/home/azriel19/Documents/File TA/File Simul ICHIRO/webots_ws/install/tachimawari:/home/azriel19/Documents/File TA/File Simul ICHIRO/webots_ws/install/robocup_client:/home/azriel19/Documents/File TA/File Simul ICHIRO/webots_ws/install/kansei:/home/azriel19/Documents/File TA/File Simul ICHIRO/webots_ws/install/tachimawari_interfaces:/home/azriel19/Documents/File TA/File Simul ICHIRO/webots_ws/install/musen:/home/azriel19/Documents/File TA/File Simul ICHIRO/webots_ws/install/keisan:/home/azriel19/Documents/File TA/File Simul ICHIRO/webots_ws/install/kansei_interfaces:/home/azriel19/Documents/File TA/File Simul ICHIRO/webots_ws/install/framework_math:/home/azriel19/Documents/File TA/File Simul ICHIRO/webots_ws/install/framework_common:${AMENT_PREFIX_PATH} CMAKE_PREFIX_PATH=/home/azriel19/Documents/File TA/File Simul ICHIRO/webots_ws/install/tachimawari:/home/azriel19/Documents/File TA/File Simul ICHIRO/webots_ws/install/robocup_client:/home/azriel19/Documents/File TA/File Simul ICHIRO/webots_ws/install/kansei:/home/azriel19/Documents/File TA/File Simul ICHIRO/webots_ws/install/tachimawari_interfaces:/home/azriel19/Documents/File TA/File Simul ICHIRO/webots_ws/install/musen:/home/azriel19/Documents/File TA/File Simul ICHIRO/webots_ws/install/keisan:/home/azriel19/Documents/File TA/File Simul ICHIRO/webots_ws/install/kansei_interfaces:/home/azriel19/Documents/File TA/File Simul ICHIRO/webots_ws/install/framework_math:/home/azriel19/Documents/File TA/File Simul ICHIRO/webots_ws/install/framework_common:/opt/ros/foxy LD_LIBRARY_PATH=/home/azriel19/Documents/File TA/File Simul ICHIRO/webots_ws/install/tachimawari/lib:/home/azriel19/Documents/File TA/File Simul ICHIRO/webots_ws/install/robocup_client/lib:/home/azriel19/Documents/File TA/File Simul ICHIRO/webots_ws/install/kansei/lib:/home/azriel19/Documents/File TA/File Simul ICHIRO/webots_ws/install/tachimawari_interfaces/lib:/home/azriel19/Documents/File TA/File Simul ICHIRO/webots_ws/install/musen/lib:/home/azriel19/Documents/File TA/File Simul ICHIRO/webots_ws/install/keisan/lib:/home/azriel19/Documents/File TA/File Simul ICHIRO/webots_ws/install/kansei_interfaces/lib:/home/azriel19/Documents/File TA/File Simul ICHIRO/webots_ws/install/framework_math/lib:/home/azriel19/Documents/File TA/File Simul ICHIRO/webots_ws/install/framework_common/lib:${LD_LIBRARY_PATH} PYTHONPATH=/home/azriel19/Documents/File TA/File Simul ICHIRO/webots_ws/install/tachimawari_interfaces/lib/python3.8/site-packages:/home/azriel19/Documents/File TA/File Simul ICHIRO/webots_ws/install/kansei_interfaces/lib/python3.8/site-packages:${PYTHONPATH} /usr/bin/cmake /home/azriel19/Documents/File TA/File Simul ICHIRO/webots_ws/src/aruku -DCMAKE_INSTALL_PREFIX=/home/azriel19/Documents/File TA/File Simul ICHIRO/webots_ws/install/aruku
[0.266s] -- The C compiler identification is GNU 9.4.0
[0.429s] -- The CXX compiler identification is GNU 9.4.0
[0.450s] -- Check for working C compiler: /usr/bin/cc
[0.701s] -- Check for working C compiler: /usr/bin/cc -- works
[0.703s] -- Detecting C compiler ABI info
[0.961s] -- Detecting C compiler ABI info - done
[1.009s] -- Detecting C compile features
[1.010s] -- Detecting C compile features - done
[1.016s] -- Check for working CXX compiler: /usr/bin/c++
[1.259s] -- Check for working CXX compiler: /usr/bin/c++ -- works
[1.263s] -- Detecting CXX compiler ABI info
[1.488s] -- Detecting CXX compiler ABI info - done
[1.529s] -- Detecting CXX compile features
[1.531s] -- Detecting CXX compile features - done
[1.538s] -- Found ament_cmake: 0.9.9 (/opt/ros/foxy/share/ament_cmake/cmake)
[1.621s] -- Found PythonInterp: /usr/bin/python3 (found suitable version "3.8.10", minimum required is "3") 
[1.622s] -- Using PYTHON_EXECUTABLE: /usr/bin/python3
[2.265s] -- Found ament_index_cpp: 1.1.0 (/opt/ros/foxy/share/ament_index_cpp/cmake)
[2.275s] -- Found framework_common: 1.0.0 (/home/azriel19/Documents/File TA/File Simul ICHIRO/webots_ws/install/framework_common/share/framework_common/cmake)
[2.315s] -- Found framework_math: 1.0.0 (/home/azriel19/Documents/File TA/File Simul ICHIRO/webots_ws/install/framework_math/share/framework_math/cmake)
[2.319s] -- Found kansei: 0.0.0 (/home/azriel19/Documents/File TA/File Simul ICHIRO/webots_ws/install/kansei/share/kansei/cmake)
[2.395s] -- Using all available rosidl_typesupport_c: rosidl_typesupport_fastrtps_c;rosidl_typesupport_introspection_c
[2.444s] -- Found rosidl_adapter: 1.2.1 (/opt/ros/foxy/share/rosidl_adapter/cmake)
[2.692s] -- Found OpenSSL: /usr/lib/x86_64-linux-gnu/libcrypto.so (found version "1.1.1f")  
[2.777s] -- Found FastRTPS: /opt/ros/foxy/include  
[3.032s] -- Using all available rosidl_typesupport_cpp: rosidl_typesupport_fastrtps_cpp;rosidl_typesupport_introspection_cpp
[3.529s] -- Found rmw_implementation_cmake: 1.0.3 (/opt/ros/foxy/share/rmw_implementation_cmake/cmake)
[3.535s] -- Using RMW implementation 'rmw_fastrtps_cpp' as default
[3.538s] -- Looking for pthread.h
[3.729s] -- Looking for pthread.h - found
[3.730s] -- Performing Test CMAKE_HAVE_LIBC_PTHREAD
[3.923s] -- Performing Test CMAKE_HAVE_LIBC_PTHREAD - Failed
[3.923s] -- Looking for pthread_create in pthreads
[4.093s] -- Looking for pthread_create in pthreads - not found
[4.094s] -- Looking for pthread_create in pthread
[4.295s] -- Looking for pthread_create in pthread - found
[4.303s] -- Found Threads: TRUE  
[4.817s] -- Found eigen3_cmake_module: 0.1.1 (/opt/ros/foxy/share/eigen3_cmake_module/cmake)
[4.821s] -- Found Eigen3: TRUE (found version "3.3.7") 
[6.170s] -- Found robocup_client: 0.1.0 (/home/azriel19/Documents/File TA/File Simul ICHIRO/webots_ws/install/robocup_client/share/robocup_client/cmake)
[6.246s] -- Found tachimawari: 0.1.0 (/home/azriel19/Documents/File TA/File Simul ICHIRO/webots_ws/install/tachimawari/share/tachimawari/cmake)
[6.476s] -- Found ament_lint_auto: 0.9.6 (/opt/ros/foxy/share/ament_lint_auto/cmake)
[6.732s] -- Added test 'copyright' to check source files copyright and LICENSE
[6.744s] -- Added test 'cppcheck' to perform static code analysis on C / C++ code
[6.746s] -- Configured cppcheck include dirs: $<BUILD_INTERFACE:/home/azriel19/Documents/File TA/File Simul ICHIRO/webots_ws/src/aruku/include>
[6.747s] -- Configured cppcheck exclude dirs and/or files: 
[6.757s] -- Added test 'cpplint' to check C / C++ code against the Google style
[6.758s] -- Configured cpplint exclude dirs and/or files: 
[6.763s] -- Added test 'lint_cmake' to check CMake code style
[6.776s] -- Added test 'uncrustify' to check C / C++ code style
[6.776s] -- Configured uncrustify additional arguments: 
[6.780s] -- Added test 'xmllint' to check XML markup files
[6.796s] -- Configuring done
[6.945s] -- Generating done
[6.951s] -- Build files have been written to: /home/azriel19/Documents/File TA/File Simul ICHIRO/webots_ws/build/aruku
[6.975s] Invoked command in '/home/azriel19/Documents/File TA/File Simul ICHIRO/webots_ws/build/aruku' returned '0': AMENT_PREFIX_PATH=/home/azriel19/Documents/File TA/File Simul ICHIRO/webots_ws/install/tachimawari:/home/azriel19/Documents/File TA/File Simul ICHIRO/webots_ws/install/robocup_client:/home/azriel19/Documents/File TA/File Simul ICHIRO/webots_ws/install/kansei:/home/azriel19/Documents/File TA/File Simul ICHIRO/webots_ws/install/tachimawari_interfaces:/home/azriel19/Documents/File TA/File Simul ICHIRO/webots_ws/install/musen:/home/azriel19/Documents/File TA/File Simul ICHIRO/webots_ws/install/keisan:/home/azriel19/Documents/File TA/File Simul ICHIRO/webots_ws/install/kansei_interfaces:/home/azriel19/Documents/File TA/File Simul ICHIRO/webots_ws/install/framework_math:/home/azriel19/Documents/File TA/File Simul ICHIRO/webots_ws/install/framework_common:${AMENT_PREFIX_PATH} CMAKE_PREFIX_PATH=/home/azriel19/Documents/File TA/File Simul ICHIRO/webots_ws/install/tachimawari:/home/azriel19/Documents/File TA/File Simul ICHIRO/webots_ws/install/robocup_client:/home/azriel19/Documents/File TA/File Simul ICHIRO/webots_ws/install/kansei:/home/azriel19/Documents/File TA/File Simul ICHIRO/webots_ws/install/tachimawari_interfaces:/home/azriel19/Documents/File TA/File Simul ICHIRO/webots_ws/install/musen:/home/azriel19/Documents/File TA/File Simul ICHIRO/webots_ws/install/keisan:/home/azriel19/Documents/File TA/File Simul ICHIRO/webots_ws/install/kansei_interfaces:/home/azriel19/Documents/File TA/File Simul ICHIRO/webots_ws/install/framework_math:/home/azriel19/Documents/File TA/File Simul ICHIRO/webots_ws/install/framework_common:/opt/ros/foxy LD_LIBRARY_PATH=/home/azriel19/Documents/File TA/File Simul ICHIRO/webots_ws/install/tachimawari/lib:/home/azriel19/Documents/File TA/File Simul ICHIRO/webots_ws/install/robocup_client/lib:/home/azriel19/Documents/File TA/File Simul ICHIRO/webots_ws/install/kansei/lib:/home/azriel19/Documents/File TA/File Simul ICHIRO/webots_ws/install/tachimawari_interfaces/lib:/home/azriel19/Documents/File TA/File Simul ICHIRO/webots_ws/install/musen/lib:/home/azriel19/Documents/File TA/File Simul ICHIRO/webots_ws/install/keisan/lib:/home/azriel19/Documents/File TA/File Simul ICHIRO/webots_ws/install/kansei_interfaces/lib:/home/azriel19/Documents/File TA/File Simul ICHIRO/webots_ws/install/framework_math/lib:/home/azriel19/Documents/File TA/File Simul ICHIRO/webots_ws/install/framework_common/lib:${LD_LIBRARY_PATH} PYTHONPATH=/home/azriel19/Documents/File TA/File Simul ICHIRO/webots_ws/install/tachimawari_interfaces/lib/python3.8/site-packages:/home/azriel19/Documents/File TA/File Simul ICHIRO/webots_ws/install/kansei_interfaces/lib/python3.8/site-packages:${PYTHONPATH} /usr/bin/cmake /home/azriel19/Documents/File TA/File Simul ICHIRO/webots_ws/src/aruku -DCMAKE_INSTALL_PREFIX=/home/azriel19/Documents/File TA/File Simul ICHIRO/webots_ws/install/aruku
[6.994s] Invoking command in '/home/azriel19/Documents/File TA/File Simul ICHIRO/webots_ws/build/aruku': AMENT_PREFIX_PATH=/home/azriel19/Documents/File TA/File Simul ICHIRO/webots_ws/install/tachimawari:/home/azriel19/Documents/File TA/File Simul ICHIRO/webots_ws/install/robocup_client:/home/azriel19/Documents/File TA/File Simul ICHIRO/webots_ws/install/kansei:/home/azriel19/Documents/File TA/File Simul ICHIRO/webots_ws/install/tachimawari_interfaces:/home/azriel19/Documents/File TA/File Simul ICHIRO/webots_ws/install/musen:/home/azriel19/Documents/File TA/File Simul ICHIRO/webots_ws/install/keisan:/home/azriel19/Documents/File TA/File Simul ICHIRO/webots_ws/install/kansei_interfaces:/home/azriel19/Documents/File TA/File Simul ICHIRO/webots_ws/install/framework_math:/home/azriel19/Documents/File TA/File Simul ICHIRO/webots_ws/install/framework_common:${AMENT_PREFIX_PATH} CMAKE_PREFIX_PATH=/home/azriel19/Documents/File TA/File Simul ICHIRO/webots_ws/install/tachimawari:/home/azriel19/Documents/File TA/File Simul ICHIRO/webots_ws/install/robocup_client:/home/azriel19/Documents/File TA/File Simul ICHIRO/webots_ws/install/kansei:/home/azriel19/Documents/File TA/File Simul ICHIRO/webots_ws/install/tachimawari_interfaces:/home/azriel19/Documents/File TA/File Simul ICHIRO/webots_ws/install/musen:/home/azriel19/Documents/File TA/File Simul ICHIRO/webots_ws/install/keisan:/home/azriel19/Documents/File TA/File Simul ICHIRO/webots_ws/install/kansei_interfaces:/home/azriel19/Documents/File TA/File Simul ICHIRO/webots_ws/install/framework_math:/home/azriel19/Documents/File TA/File Simul ICHIRO/webots_ws/install/framework_common:/opt/ros/foxy LD_LIBRARY_PATH=/home/azriel19/Documents/File TA/File Simul ICHIRO/webots_ws/install/tachimawari/lib:/home/azriel19/Documents/File TA/File Simul ICHIRO/webots_ws/install/robocup_client/lib:/home/azriel19/Documents/File TA/File Simul ICHIRO/webots_ws/install/kansei/lib:/home/azriel19/Documents/File TA/File Simul ICHIRO/webots_ws/install/tachimawari_interfaces/lib:/home/azriel19/Documents/File TA/File Simul ICHIRO/webots_ws/install/musen/lib:/home/azriel19/Documents/File TA/File Simul ICHIRO/webots_ws/install/keisan/lib:/home/azriel19/Documents/File TA/File Simul ICHIRO/webots_ws/install/kansei_interfaces/lib:/home/azriel19/Documents/File TA/File Simul ICHIRO/webots_ws/install/framework_math/lib:/home/azriel19/Documents/File TA/File Simul ICHIRO/webots_ws/install/framework_common/lib:${LD_LIBRARY_PATH} PYTHONPATH=/home/azriel19/Documents/File TA/File Simul ICHIRO/webots_ws/install/tachimawari_interfaces/lib/python3.8/site-packages:/home/azriel19/Documents/File TA/File Simul ICHIRO/webots_ws/install/kansei_interfaces/lib/python3.8/site-packages:${PYTHONPATH} /usr/bin/cmake --build /home/azriel19/Documents/File TA/File Simul ICHIRO/webots_ws/build/aruku -- -j4 -l4
[7.164s] [35m[1mScanning dependencies of target aruku[0m
[7.199s] [ 25%] [32mBuilding CXX object CMakeFiles/aruku.dir/src/aruku/walking.cpp.o[0m
[13.676s] [ 50%] [32m[1mLinking CXX shared library libaruku.so[0m
[14.239s] [ 50%] Built target aruku
[14.269s] [35m[1mScanning dependencies of target walking_main[0m
[14.319s] [ 75%] [32mBuilding CXX object CMakeFiles/walking_main.dir/src/walking_main.cpp.o[0m
[17.922s] [01m[K/home/azriel19/Documents/File TA/File Simul ICHIRO/webots_ws/src/aruku/src/walking_main.cpp:[m[K In function ‘[01m[Kint main(int, char**)[m[K’:
[17.923s] [01m[K/home/azriel19/Documents/File TA/File Simul ICHIRO/webots_ws/src/aruku/src/walking_main.cpp:110:14:[m[K [01;35m[Kwarning: [m[Kvariable ‘[01m[Kgy[m[K’ set but not used [[01;35m[K-Wunused-but-set-variable[m[K]
[17.923s]   110 |       double [01;35m[Kgy[m[K[3];
[17.923s]       |              [01;35m[K^~[m[K
[17.924s] [01m[K/home/azriel19/Documents/File TA/File Simul ICHIRO/webots_ws/src/aruku/src/walking_main.cpp:118:14:[m[K [01;35m[Kwarning: [m[Kvariable ‘[01m[Kacc[m[K’ set but not used [[01;35m[K-Wunused-but-set-variable[m[K]
[17.924s]   118 |       double [01;35m[Kacc[m[K[3];
[17.924s]       |              [01;35m[K^~~[m[K
[17.925s] [01m[K/home/azriel19/Documents/File TA/File Simul ICHIRO/webots_ws/src/aruku/src/walking_main.cpp:126:14:[m[K [01;35m[Kwarning: [m[Kunused variable ‘[01m[Kseconds[m[K’ [[01;35m[K-Wunused-variable[m[K]
[17.925s]   126 |       double [01;35m[Kseconds[m[K = (sensors.get()->time() + 0.0) / 1000;
[17.925s]       |              [01;35m[K^~~~~~~[m[K
[17.925s] [01m[K/home/azriel19/Documents/File TA/File Simul ICHIRO/webots_ws/src/aruku/src/walking_main.cpp:65:9:[m[K [01;35m[Kwarning: [m[Kunused variable ‘[01m[Kcounter[m[K’ [[01;35m[K-Wunused-variable[m[K]
[17.925s]    65 |   float [01;35m[Kcounter[m[K = 1.0;
[17.925s]       |         [01;35m[K^~~~~~~[m[K
[21.982s] [100%] [32m[1mLinking CXX executable walking_main[0m
[22.659s] [100%] Built target walking_main
[22.702s] Invoked command in '/home/azriel19/Documents/File TA/File Simul ICHIRO/webots_ws/build/aruku' returned '0': AMENT_PREFIX_PATH=/home/azriel19/Documents/File TA/File Simul ICHIRO/webots_ws/install/tachimawari:/home/azriel19/Documents/File TA/File Simul ICHIRO/webots_ws/install/robocup_client:/home/azriel19/Documents/File TA/File Simul ICHIRO/webots_ws/install/kansei:/home/azriel19/Documents/File TA/File Simul ICHIRO/webots_ws/install/tachimawari_interfaces:/home/azriel19/Documents/File TA/File Simul ICHIRO/webots_ws/install/musen:/home/azriel19/Documents/File TA/File Simul ICHIRO/webots_ws/install/keisan:/home/azriel19/Documents/File TA/File Simul ICHIRO/webots_ws/install/kansei_interfaces:/home/azriel19/Documents/File TA/File Simul ICHIRO/webots_ws/install/framework_math:/home/azriel19/Documents/File TA/File Simul ICHIRO/webots_ws/install/framework_common:${AMENT_PREFIX_PATH} CMAKE_PREFIX_PATH=/home/azriel19/Documents/File TA/File Simul ICHIRO/webots_ws/install/tachimawari:/home/azriel19/Documents/File TA/File Simul ICHIRO/webots_ws/install/robocup_client:/home/azriel19/Documents/File TA/File Simul ICHIRO/webots_ws/install/kansei:/home/azriel19/Documents/File TA/File Simul ICHIRO/webots_ws/install/tachimawari_interfaces:/home/azriel19/Documents/File TA/File Simul ICHIRO/webots_ws/install/musen:/home/azriel19/Documents/File TA/File Simul ICHIRO/webots_ws/install/keisan:/home/azriel19/Documents/File TA/File Simul ICHIRO/webots_ws/install/kansei_interfaces:/home/azriel19/Documents/File TA/File Simul ICHIRO/webots_ws/install/framework_math:/home/azriel19/Documents/File TA/File Simul ICHIRO/webots_ws/install/framework_common:/opt/ros/foxy LD_LIBRARY_PATH=/home/azriel19/Documents/File TA/File Simul ICHIRO/webots_ws/install/tachimawari/lib:/home/azriel19/Documents/File TA/File Simul ICHIRO/webots_ws/install/robocup_client/lib:/home/azriel19/Documents/File TA/File Simul ICHIRO/webots_ws/install/kansei/lib:/home/azriel19/Documents/File TA/File Simul ICHIRO/webots_ws/install/tachimawari_interfaces/lib:/home/azriel19/Documents/File TA/File Simul ICHIRO/webots_ws/install/musen/lib:/home/azriel19/Documents/File TA/File Simul ICHIRO/webots_ws/install/keisan/lib:/home/azriel19/Documents/File TA/File Simul ICHIRO/webots_ws/install/kansei_interfaces/lib:/home/azriel19/Documents/File TA/File Simul ICHIRO/webots_ws/install/framework_math/lib:/home/azriel19/Documents/File TA/File Simul ICHIRO/webots_ws/install/framework_common/lib:${LD_LIBRARY_PATH} PYTHONPATH=/home/azriel19/Documents/File TA/File Simul ICHIRO/webots_ws/install/tachimawari_interfaces/lib/python3.8/site-packages:/home/azriel19/Documents/File TA/File Simul ICHIRO/webots_ws/install/kansei_interfaces/lib/python3.8/site-packages:${PYTHONPATH} /usr/bin/cmake --build /home/azriel19/Documents/File TA/File Simul ICHIRO/webots_ws/build/aruku -- -j4 -l4
[22.784s] Invoking command in '/home/azriel19/Documents/File TA/File Simul ICHIRO/webots_ws/build/aruku': AMENT_PREFIX_PATH=/home/azriel19/Documents/File TA/File Simul ICHIRO/webots_ws/install/tachimawari:/home/azriel19/Documents/File TA/File Simul ICHIRO/webots_ws/install/robocup_client:/home/azriel19/Documents/File TA/File Simul ICHIRO/webots_ws/install/kansei:/home/azriel19/Documents/File TA/File Simul ICHIRO/webots_ws/install/tachimawari_interfaces:/home/azriel19/Documents/File TA/File Simul ICHIRO/webots_ws/install/musen:/home/azriel19/Documents/File TA/File Simul ICHIRO/webots_ws/install/keisan:/home/azriel19/Documents/File TA/File Simul ICHIRO/webots_ws/install/kansei_interfaces:/home/azriel19/Documents/File TA/File Simul ICHIRO/webots_ws/install/framework_math:/home/azriel19/Documents/File TA/File Simul ICHIRO/webots_ws/install/framework_common:${AMENT_PREFIX_PATH} CMAKE_PREFIX_PATH=/home/azriel19/Documents/File TA/File Simul ICHIRO/webots_ws/install/tachimawari:/home/azriel19/Documents/File TA/File Simul ICHIRO/webots_ws/install/robocup_client:/home/azriel19/Documents/File TA/File Simul ICHIRO/webots_ws/install/kansei:/home/azriel19/Documents/File TA/File Simul ICHIRO/webots_ws/install/tachimawari_interfaces:/home/azriel19/Documents/File TA/File Simul ICHIRO/webots_ws/install/musen:/home/azriel19/Documents/File TA/File Simul ICHIRO/webots_ws/install/keisan:/home/azriel19/Documents/File TA/File Simul ICHIRO/webots_ws/install/kansei_interfaces:/home/azriel19/Documents/File TA/File Simul ICHIRO/webots_ws/install/framework_math:/home/azriel19/Documents/File TA/File Simul ICHIRO/webots_ws/install/framework_common:/opt/ros/foxy LD_LIBRARY_PATH=/home/azriel19/Documents/File TA/File Simul ICHIRO/webots_ws/install/tachimawari/lib:/home/azriel19/Documents/File TA/File Simul ICHIRO/webots_ws/install/robocup_client/lib:/home/azriel19/Documents/File TA/File Simul ICHIRO/webots_ws/install/kansei/lib:/home/azriel19/Documents/File TA/File Simul ICHIRO/webots_ws/install/tachimawari_interfaces/lib:/home/azriel19/Documents/File TA/File Simul ICHIRO/webots_ws/install/musen/lib:/home/azriel19/Documents/File TA/File Simul ICHIRO/webots_ws/install/keisan/lib:/home/azriel19/Documents/File TA/File Simul ICHIRO/webots_ws/install/kansei_interfaces/lib:/home/azriel19/Documents/File TA/File Simul ICHIRO/webots_ws/install/framework_math/lib:/home/azriel19/Documents/File TA/File Simul ICHIRO/webots_ws/install/framework_common/lib:${LD_LIBRARY_PATH} PYTHONPATH=/home/azriel19/Documents/File TA/File Simul ICHIRO/webots_ws/install/tachimawari_interfaces/lib/python3.8/site-packages:/home/azriel19/Documents/File TA/File Simul ICHIRO/webots_ws/install/kansei_interfaces/lib/python3.8/site-packages:${PYTHONPATH} /usr/bin/cmake --install /home/azriel19/Documents/File TA/File Simul ICHIRO/webots_ws/build/aruku
[22.801s] -- Install configuration: ""
[22.802s] -- Installing: /home/azriel19/Documents/File TA/File Simul ICHIRO/webots_ws/install/aruku/./include
[22.802s] -- Installing: /home/azriel19/Documents/File TA/File Simul ICHIRO/webots_ws/install/aruku/./include/aruku
[22.802s] -- Installing: /home/azriel19/Documents/File TA/File Simul ICHIRO/webots_ws/install/aruku/./include/aruku/walking.hpp
[22.802s] -- Installing: /home/azriel19/Documents/File TA/File Simul ICHIRO/webots_ws/install/aruku/lib/libaruku.so
[22.808s] -- Set runtime path of "/home/azriel19/Documents/File TA/File Simul ICHIRO/webots_ws/install/aruku/lib/libaruku.so" to ""
[22.810s] -- Installing: /home/azriel19/Documents/File TA/File Simul ICHIRO/webots_ws/install/aruku/lib/aruku/walking_main
[22.812s] -- Set runtime path of "/home/azriel19/Documents/File TA/File Simul ICHIRO/webots_ws/install/aruku/lib/aruku/walking_main" to ""
[22.813s] -- Installing: /home/azriel19/Documents/File TA/File Simul ICHIRO/webots_ws/install/aruku/share/aruku/environment/library_path.sh
[22.814s] -- Installing: /home/azriel19/Documents/File TA/File Simul ICHIRO/webots_ws/install/aruku/share/aruku/environment/library_path.dsv
[22.816s] -- Installing: /home/azriel19/Documents/File TA/File Simul ICHIRO/webots_ws/install/aruku/share/ament_index/resource_index/package_run_dependencies/aruku
[22.817s] -- Installing: /home/azriel19/Documents/File TA/File Simul ICHIRO/webots_ws/install/aruku/share/ament_index/resource_index/parent_prefix_path/aruku
[22.818s] -- Installing: /home/azriel19/Documents/File TA/File Simul ICHIRO/webots_ws/install/aruku/share/aruku/environment/ament_prefix_path.sh
[22.819s] -- Installing: /home/azriel19/Documents/File TA/File Simul ICHIRO/webots_ws/install/aruku/share/aruku/environment/ament_prefix_path.dsv
[22.819s] -- Installing: /home/azriel19/Documents/File TA/File Simul ICHIRO/webots_ws/install/aruku/share/aruku/environment/path.sh
[22.819s] -- Installing: /home/azriel19/Documents/File TA/File Simul ICHIRO/webots_ws/install/aruku/share/aruku/environment/path.dsv
[22.819s] -- Installing: /home/azriel19/Documents/File TA/File Simul ICHIRO/webots_ws/install/aruku/share/aruku/local_setup.bash
[22.819s] -- Installing: /home/azriel19/Documents/File TA/File Simul ICHIRO/webots_ws/install/aruku/share/aruku/local_setup.sh
[22.820s] -- Installing: /home/azriel19/Documents/File TA/File Simul ICHIRO/webots_ws/install/aruku/share/aruku/local_setup.zsh
[22.820s] -- Installing: /home/azriel19/Documents/File TA/File Simul ICHIRO/webots_ws/install/aruku/share/aruku/local_setup.dsv
[22.820s] -- Installing: /home/azriel19/Documents/File TA/File Simul ICHIRO/webots_ws/install/aruku/share/aruku/package.dsv
[22.820s] -- Installing: /home/azriel19/Documents/File TA/File Simul ICHIRO/webots_ws/install/aruku/share/ament_index/resource_index/packages/aruku
[22.820s] -- Installing: /home/azriel19/Documents/File TA/File Simul ICHIRO/webots_ws/install/aruku/share/aruku/cmake/ament_cmake_export_dependencies-extras.cmake
[22.820s] -- Installing: /home/azriel19/Documents/File TA/File Simul ICHIRO/webots_ws/install/aruku/share/aruku/cmake/ament_cmake_export_include_directories-extras.cmake
[22.821s] -- Installing: /home/azriel19/Documents/File TA/File Simul ICHIRO/webots_ws/install/aruku/share/aruku/cmake/ament_cmake_export_libraries-extras.cmake
[22.821s] -- Installing: /home/azriel19/Documents/File TA/File Simul ICHIRO/webots_ws/install/aruku/share/aruku/cmake/arukuConfig.cmake
[22.821s] -- Installing: /home/azriel19/Documents/File TA/File Simul ICHIRO/webots_ws/install/aruku/share/aruku/cmake/arukuConfig-version.cmake
[22.821s] -- Installing: /home/azriel19/Documents/File TA/File Simul ICHIRO/webots_ws/install/aruku/share/aruku/package.xml
[22.833s] Invoked command in '/home/azriel19/Documents/File TA/File Simul ICHIRO/webots_ws/build/aruku' returned '0': AMENT_PREFIX_PATH=/home/azriel19/Documents/File TA/File Simul ICHIRO/webots_ws/install/tachimawari:/home/azriel19/Documents/File TA/File Simul ICHIRO/webots_ws/install/robocup_client:/home/azriel19/Documents/File TA/File Simul ICHIRO/webots_ws/install/kansei:/home/azriel19/Documents/File TA/File Simul ICHIRO/webots_ws/install/tachimawari_interfaces:/home/azriel19/Documents/File TA/File Simul ICHIRO/webots_ws/install/musen:/home/azriel19/Documents/File TA/File Simul ICHIRO/webots_ws/install/keisan:/home/azriel19/Documents/File TA/File Simul ICHIRO/webots_ws/install/kansei_interfaces:/home/azriel19/Documents/File TA/File Simul ICHIRO/webots_ws/install/framework_math:/home/azriel19/Documents/File TA/File Simul ICHIRO/webots_ws/install/framework_common:${AMENT_PREFIX_PATH} CMAKE_PREFIX_PATH=/home/azriel19/Documents/File TA/File Simul ICHIRO/webots_ws/install/tachimawari:/home/azriel19/Documents/File TA/File Simul ICHIRO/webots_ws/install/robocup_client:/home/azriel19/Documents/File TA/File Simul ICHIRO/webots_ws/install/kansei:/home/azriel19/Documents/File TA/File Simul ICHIRO/webots_ws/install/tachimawari_interfaces:/home/azriel19/Documents/File TA/File Simul ICHIRO/webots_ws/install/musen:/home/azriel19/Documents/File TA/File Simul ICHIRO/webots_ws/install/keisan:/home/azriel19/Documents/File TA/File Simul ICHIRO/webots_ws/install/kansei_interfaces:/home/azriel19/Documents/File TA/File Simul ICHIRO/webots_ws/install/framework_math:/home/azriel19/Documents/File TA/File Simul ICHIRO/webots_ws/install/framework_common:/opt/ros/foxy LD_LIBRARY_PATH=/home/azriel19/Documents/File TA/File Simul ICHIRO/webots_ws/install/tachimawari/lib:/home/azriel19/Documents/File TA/File Simul ICHIRO/webots_ws/install/robocup_client/lib:/home/azriel19/Documents/File TA/File Simul ICHIRO/webots_ws/install/kansei/lib:/home/azriel19/Documents/File TA/File Simul ICHIRO/webots_ws/install/tachimawari_interfaces/lib:/home/azriel19/Documents/File TA/File Simul ICHIRO/webots_ws/install/musen/lib:/home/azriel19/Documents/File TA/File Simul ICHIRO/webots_ws/install/keisan/lib:/home/azriel19/Documents/File TA/File Simul ICHIRO/webots_ws/install/kansei_interfaces/lib:/home/azriel19/Documents/File TA/File Simul ICHIRO/webots_ws/install/framework_math/lib:/home/azriel19/Documents/File TA/File Simul ICHIRO/webots_ws/install/framework_common/lib:${LD_LIBRARY_PATH} PYTHONPATH=/home/azriel19/Documents/File TA/File Simul ICHIRO/webots_ws/install/tachimawari_interfaces/lib/python3.8/site-packages:/home/azriel19/Documents/File TA/File Simul ICHIRO/webots_ws/install/kansei_interfaces/lib/python3.8/site-packages:${PYTHONPATH} /usr/bin/cmake --install /home/azriel19/Documents/File TA/File Simul ICHIRO/webots_ws/build/aruku
