[0.124s] Invoking command in '/home/azriel19/Documents/File TA/File Simul ICHIRO/webots_ws/build/kansei': AMENT_PREFIX_PATH=/home/azriel19/Documents/File TA/File Simul ICHIRO/webots_ws/install/keisan:/home/azriel19/Documents/File TA/File Simul ICHIRO/webots_ws/install/kansei_interfaces:${AMENT_PREFIX_PATH} CMAKE_PREFIX_PATH=/home/azriel19/Documents/File TA/File Simul ICHIRO/webots_ws/install/keisan:/home/azriel19/Documents/File TA/File Simul ICHIRO/webots_ws/install/kansei_interfaces:/opt/ros/foxy LD_LIBRARY_PATH=/home/azriel19/Documents/File TA/File Simul ICHIRO/webots_ws/install/keisan/lib:/home/azriel19/Documents/File TA/File Simul ICHIRO/webots_ws/install/kansei_interfaces/lib:${LD_LIBRARY_PATH} PYTHONPATH=/home/azriel19/Documents/File TA/File Simul ICHIRO/webots_ws/install/kansei_interfaces/lib/python3.8/site-packages:${PYTHONPATH} /usr/bin/cmake /home/azriel19/Documents/File TA/File Simul ICHIRO/webots_ws/src/kansei -DCMAKE_INSTALL_PREFIX=/home/azriel19/Documents/File TA/File Simul ICHIRO/webots_ws/install/kansei
[0.364s] -- The C compiler identification is GNU 9.4.0
[0.511s] -- The CXX compiler identification is GNU 9.4.0
[0.533s] -- Check for working C compiler: /usr/bin/cc
[0.849s] -- Check for working C compiler: /usr/bin/cc -- works
[0.853s] -- Detecting C compiler ABI info
[1.011s] -- Detecting C compiler ABI info - done
[1.071s] -- Detecting C compile features
[1.074s] -- Detecting C compile features - done
[1.078s] -- Check for working CXX compiler: /usr/bin/c++
[1.343s] -- Check for working CXX compiler: /usr/bin/c++ -- works
[1.352s] -- Detecting CXX compiler ABI info
[1.601s] -- Detecting CXX compiler ABI info - done
[1.629s] -- Detecting CXX compile features
[1.630s] -- Detecting CXX compile features - done
[1.635s] -- Found ament_cmake: 0.9.9 (/opt/ros/foxy/share/ament_cmake/cmake)
[1.696s] -- Found PythonInterp: /usr/bin/python3 (found suitable version "3.8.10", minimum required is "3") 
[1.696s] -- Using PYTHON_EXECUTABLE: /usr/bin/python3
[2.392s] -- Found geometry_msgs: 2.0.5 (/opt/ros/foxy/share/geometry_msgs/cmake)
[2.466s] -- Using all available rosidl_typesupport_c: rosidl_typesupport_fastrtps_c;rosidl_typesupport_introspection_c
[2.487s] -- Found rosidl_adapter: 1.2.1 (/opt/ros/foxy/share/rosidl_adapter/cmake)
[2.771s] -- Found OpenSSL: /usr/lib/x86_64-linux-gnu/libcrypto.so (found version "1.1.1f")  
[2.868s] -- Found FastRTPS: /opt/ros/foxy/include  
[3.116s] -- Using all available rosidl_typesupport_cpp: rosidl_typesupport_fastrtps_cpp;rosidl_typesupport_introspection_cpp
[3.418s] -- Found kansei_interfaces: 0.0.0 (/home/azriel19/Documents/File TA/File Simul ICHIRO/webots_ws/install/kansei_interfaces/share/kansei_interfaces/cmake)
[3.442s] -- Found keisan: 0.3.0 (/home/azriel19/Documents/File TA/File Simul ICHIRO/webots_ws/install/keisan/share/keisan/cmake)
[3.454s] -- Found rclcpp: 2.4.1 (/opt/ros/foxy/share/rclcpp/cmake)
[3.682s] -- Found rmw_implementation_cmake: 1.0.3 (/opt/ros/foxy/share/rmw_implementation_cmake/cmake)
[3.691s] -- Using RMW implementation 'rmw_fastrtps_cpp' as default
[3.706s] -- Looking for pthread.h
[3.948s] -- Looking for pthread.h - found
[3.949s] -- Performing Test CMAKE_HAVE_LIBC_PTHREAD
[4.219s] -- Performing Test CMAKE_HAVE_LIBC_PTHREAD - Failed
[4.220s] -- Looking for pthread_create in pthreads
[4.417s] -- Looking for pthread_create in pthreads - not found
[4.417s] -- Looking for pthread_create in pthread
[4.657s] -- Looking for pthread_create in pthread - found
[4.658s] -- Found Threads: TRUE  
[5.195s] -- Found tf2: 0.13.13 (/opt/ros/foxy/share/tf2/cmake)
[5.232s] -- Found tf2_geometry_msgs: 0.13.13 (/opt/ros/foxy/share/tf2_geometry_msgs/cmake)
[5.261s] -- Found eigen3_cmake_module: 0.1.1 (/opt/ros/foxy/share/eigen3_cmake_module/cmake)
[5.269s] -- Found Eigen3: TRUE (found version "3.3.7") 
[6.920s] -- Found ament_cmake_gtest: 0.9.9 (/opt/ros/foxy/share/ament_cmake_gtest/cmake)
[6.926s] -- Found ament_lint_auto: 0.9.6 (/opt/ros/foxy/share/ament_lint_auto/cmake)
[6.930s] -- Found gtest sources under '/opt/ros/foxy/src/gtest_vendor': C++ tests using 'Google Test' will be built
[6.935s] -- Check if compiler accepts -pthread
[7.234s] -- Check if compiler accepts -pthread - yes
[7.542s] -- Added test 'copyright' to check source files copyright and LICENSE
[7.557s] -- Added test 'cppcheck' to perform static code analysis on C / C++ code
[7.558s] -- Configured cppcheck include dirs: $<BUILD_INTERFACE:/home/azriel19/Documents/File TA/File Simul ICHIRO/webots_ws/src/kansei/include>
[7.559s] -- Configured cppcheck exclude dirs and/or files: 
[7.574s] -- Added test 'cpplint' to check C / C++ code against the Google style
[7.574s] -- Configured cpplint exclude dirs and/or files: 
[7.581s] -- Added test 'lint_cmake' to check CMake code style
[7.599s] -- Added test 'uncrustify' to check C / C++ code style
[7.600s] -- Configured uncrustify additional arguments: 
[7.603s] -- Added test 'xmllint' to check XML markup files
[7.620s] -- Configuring done
[7.743s] -- Generating done
[7.750s] -- Build files have been written to: /home/azriel19/Documents/File TA/File Simul ICHIRO/webots_ws/build/kansei
[7.776s] Invoked command in '/home/azriel19/Documents/File TA/File Simul ICHIRO/webots_ws/build/kansei' returned '0': AMENT_PREFIX_PATH=/home/azriel19/Documents/File TA/File Simul ICHIRO/webots_ws/install/keisan:/home/azriel19/Documents/File TA/File Simul ICHIRO/webots_ws/install/kansei_interfaces:${AMENT_PREFIX_PATH} CMAKE_PREFIX_PATH=/home/azriel19/Documents/File TA/File Simul ICHIRO/webots_ws/install/keisan:/home/azriel19/Documents/File TA/File Simul ICHIRO/webots_ws/install/kansei_interfaces:/opt/ros/foxy LD_LIBRARY_PATH=/home/azriel19/Documents/File TA/File Simul ICHIRO/webots_ws/install/keisan/lib:/home/azriel19/Documents/File TA/File Simul ICHIRO/webots_ws/install/kansei_interfaces/lib:${LD_LIBRARY_PATH} PYTHONPATH=/home/azriel19/Documents/File TA/File Simul ICHIRO/webots_ws/install/kansei_interfaces/lib/python3.8/site-packages:${PYTHONPATH} /usr/bin/cmake /home/azriel19/Documents/File TA/File Simul ICHIRO/webots_ws/src/kansei -DCMAKE_INSTALL_PREFIX=/home/azriel19/Documents/File TA/File Simul ICHIRO/webots_ws/install/kansei
[7.782s] Invoking command in '/home/azriel19/Documents/File TA/File Simul ICHIRO/webots_ws/build/kansei': AMENT_PREFIX_PATH=/home/azriel19/Documents/File TA/File Simul ICHIRO/webots_ws/install/keisan:/home/azriel19/Documents/File TA/File Simul ICHIRO/webots_ws/install/kansei_interfaces:${AMENT_PREFIX_PATH} CMAKE_PREFIX_PATH=/home/azriel19/Documents/File TA/File Simul ICHIRO/webots_ws/install/keisan:/home/azriel19/Documents/File TA/File Simul ICHIRO/webots_ws/install/kansei_interfaces:/opt/ros/foxy LD_LIBRARY_PATH=/home/azriel19/Documents/File TA/File Simul ICHIRO/webots_ws/install/keisan/lib:/home/azriel19/Documents/File TA/File Simul ICHIRO/webots_ws/install/kansei_interfaces/lib:${LD_LIBRARY_PATH} PYTHONPATH=/home/azriel19/Documents/File TA/File Simul ICHIRO/webots_ws/install/kansei_interfaces/lib/python3.8/site-packages:${PYTHONPATH} /usr/bin/cmake --build /home/azriel19/Documents/File TA/File Simul ICHIRO/webots_ws/build/kansei -- -j4 -l4
[7.964s] [35m[1mScanning dependencies of target gtest[0m
[8.022s] [  4%] [32mBuilding CXX object gtest/CMakeFiles/gtest.dir/src/gtest-all.cc.o[0m
[19.857s] [  8%] [32m[1mLinking CXX static library libgtest.a[0m
[20.014s] [  8%] Built target gtest
[20.069s] [35m[1mScanning dependencies of target gtest_main[0m
[20.119s] [ 13%] [32mBuilding CXX object gtest/CMakeFiles/gtest_main.dir/src/gtest_main.cc.o[0m
[23.569s] [ 17%] [32m[1mLinking CXX static library libgtest_main.a[0m
[23.688s] [ 17%] Built target gtest_main
[23.741s] [35m[1mScanning dependencies of target kansei[0m
[23.927s] [ 21%] [32mBuilding CXX object CMakeFiles/kansei.dir/src/kansei/fallen/node/fallen_determinant.cpp.o[0m
[31.985s] [01m[K/home/azriel19/Documents/File TA/File Simul ICHIRO/webots_ws/src/kansei/src/kansei/fallen/node/fallen_determinant.cpp:[m[K In member function ‘[01m[Kvoid kansei::fallen::FallenDeterminant::update_fallen_status(const keisan::Euler<double>&)[m[K’:
[31.986s] [01m[K/home/azriel19/Documents/File TA/File Simul ICHIRO/webots_ws/src/kansei/src/kansei/fallen/node/fallen_determinant.cpp:63:76:[m[K [01;35m[Kwarning: [m[Kunused parameter ‘[01m[Krpy[m[K’ [[01;35m[K-Wunused-parameter[m[K]
[31.986s]    63 | void FallenDeterminant::update_fallen_status([01;35m[Kconst keisan::Euler<double> & rpy[m[K)
[31.986s]       |                                              [01;35m[K~~~~~~~~~~~~~~~~~~~~~~~~~~~~~~^~~[m[K
[36.902s] [ 26%] [32mBuilding CXX object CMakeFiles/kansei.dir/src/kansei/measurement/node/measurement_node.cpp.o[0m
[41.113s] In file included from [01m[K/home/azriel19/Documents/File TA/File Simul ICHIRO/webots_ws/src/kansei/include/kansei/measurement/filter/filter.hpp:27[m[K,
[41.114s]                  from [01m[K/home/azriel19/Documents/File TA/File Simul ICHIRO/webots_ws/src/kansei/include/kansei/measurement/measurement.hpp:24[m[K,
[41.115s]                  from [01m[K/home/azriel19/Documents/File TA/File Simul ICHIRO/webots_ws/src/kansei/src/kansei/measurement/node/measurement_node.cpp:28[m[K:
[41.115s] [01m[K/home/azriel19/Documents/File TA/File Simul ICHIRO/webots_ws/src/kansei/include/kansei/measurement/node/measurement_unit.hpp:[m[K In member function ‘[01m[Kvirtual void kansei::measurement::MeasurementUnit::set_orientation_to(const keisan::Angle<double>&)[m[K’:
[41.115s] [01m[K/home/azriel19/Documents/File TA/File Simul ICHIRO/webots_ws/src/kansei/include/kansei/measurement/node/measurement_unit.hpp:43:65:[m[K [01;35m[Kwarning: [m[Kunused parameter ‘[01m[Ktarget_orientation[m[K’ [[01;35m[K-Wunused-parameter[m[K]
[41.116s]    43 |   virtual void set_orientation_to([01;35m[Kconst keisan::Angle<double> & target_orientation[m[K) {}
[41.116s]       |                                   [01;35m[K~~~~~~~~~~~~~~~~~~~~~~~~~~~~~~^~~~~~~~~~~~~~~~~~[m[K
[50.106s] [ 30%] [32mBuilding CXX object CMakeFiles/kansei.dir/src/kansei/measurement/filter/filter.cpp.o[0m
[53.900s] In file included from [01m[K/home/azriel19/Documents/File TA/File Simul ICHIRO/webots_ws/src/kansei/include/kansei/measurement/filter/filter.hpp:27[m[K,
[53.901s]                  from [01m[K/home/azriel19/Documents/File TA/File Simul ICHIRO/webots_ws/src/kansei/src/kansei/measurement/filter/filter.cpp:29[m[K:
[53.901s] [01m[K/home/azriel19/Documents/File TA/File Simul ICHIRO/webots_ws/src/kansei/include/kansei/measurement/node/measurement_unit.hpp:[m[K In member function ‘[01m[Kvirtual void kansei::measurement::MeasurementUnit::set_orientation_to(const keisan::Angle<double>&)[m[K’:
[53.902s] [01m[K/home/azriel19/Documents/File TA/File Simul ICHIRO/webots_ws/src/kansei/include/kansei/measurement/node/measurement_unit.hpp:43:65:[m[K [01;35m[Kwarning: [m[Kunused parameter ‘[01m[Ktarget_orientation[m[K’ [[01;35m[K-Wunused-parameter[m[K]
[53.902s]    43 |   virtual void set_orientation_to([01;35m[Kconst keisan::Angle<double> & target_orientation[m[K) {}
[53.903s]       |                                   [01;35m[K~~~~~~~~~~~~~~~~~~~~~~~~~~~~~~^~~~~~~~~~~~~~~~~~[m[K
[55.106s] In file included from [01m[K/home/azriel19/Documents/File TA/File Simul ICHIRO/webots_ws/src/kansei/src/kansei/measurement/filter/filter.cpp:29[m[K:
[55.106s] [01m[K/home/azriel19/Documents/File TA/File Simul ICHIRO/webots_ws/src/kansei/include/kansei/measurement/filter/filter.hpp:[m[K In constructor ‘[01m[Kkansei::measurement::Filter::Filter()[m[K’:
[55.107s] [01m[K/home/azriel19/Documents/File TA/File Simul ICHIRO/webots_ws/src/kansei/include/kansei/measurement/filter/filter.hpp:72:7:[m[K [01;35m[Kwarning: [m[K‘[01m[Kkansei::measurement::Filter::filtered_gy_counter[m[K’ will be initialized after [[01;35m[K-Wreorder[m[K]
[55.108s]    72 |   int [01;35m[Kfiltered_gy_counter[m[K;
[55.111s]       |       [01;35m[K^~~~~~~~~~~~~~~~~~~[m[K
[55.113s] [01m[K/home/azriel19/Documents/File TA/File Simul ICHIRO/webots_ws/src/kansei/include/kansei/measurement/filter/filter.hpp:60:25:[m[K [01;35m[Kwarning: [m[K  ‘[01m[Kkeisan::Angle<double> kansei::measurement::Filter::raw_orientation_compensation[m[K’ [[01;35m[K-Wreorder[m[K]
[55.113s]    60 |   keisan::Angle<double> [01;35m[Kraw_orientation_compensation[m[K;
[55.114s]       |                         [01;35m[K^~~~~~~~~~~~~~~~~~~~~~~~~~~~[m[K
[55.114s] [01m[K/home/azriel19/Documents/File TA/File Simul ICHIRO/webots_ws/src/kansei/src/kansei/measurement/filter/filter.cpp:44:1:[m[K [01;35m[Kwarning: [m[K  when initialized here [[01;35m[K-Wreorder[m[K]
[55.115s]    44 | [01;35m[KFilter[m[K::Filter()
[55.115s]       | [01;35m[K^~~~~~[m[K
[59.523s] [ 34%] [32mBuilding CXX object CMakeFiles/kansei.dir/src/kansei/measurement/filter/madgwick/madgwick_filter.cpp.o[0m
[63.712s] [ 39%] [32mBuilding CXX object CMakeFiles/kansei.dir/src/kansei/measurement/filter/madgwick/stateless_orientation.cpp.o[0m
[72.773s] [ 43%] [32mBuilding CXX object CMakeFiles/kansei.dir/src/kansei/measurement/sensor/mpu.cpp.o[0m
[76.260s] In file included from [01m[K/home/azriel19/Documents/File TA/File Simul ICHIRO/webots_ws/src/kansei/include/kansei/measurement/sensor/mpu.hpp:26[m[K,
[76.260s]                  from [01m[K/home/azriel19/Documents/File TA/File Simul ICHIRO/webots_ws/src/kansei/src/kansei/measurement/sensor/mpu.cpp:25[m[K:
[76.260s] [01m[K/home/azriel19/Documents/File TA/File Simul ICHIRO/webots_ws/src/kansei/include/kansei/measurement/node/measurement_unit.hpp:[m[K In member function ‘[01m[Kvirtual void kansei::measurement::MeasurementUnit::set_orientation_to(const keisan::Angle<double>&)[m[K’:
[76.260s] [01m[K/home/azriel19/Documents/File TA/File Simul ICHIRO/webots_ws/src/kansei/include/kansei/measurement/node/measurement_unit.hpp:43:65:[m[K [01;35m[Kwarning: [m[Kunused parameter ‘[01m[Ktarget_orientation[m[K’ [[01;35m[K-Wunused-parameter[m[K]
[76.260s]    43 |   virtual void set_orientation_to([01;35m[Kconst keisan::Angle<double> & target_orientation[m[K) {}
[76.260s]       |                                   [01;35m[K~~~~~~~~~~~~~~~~~~~~~~~~~~~~~~^~~~~~~~~~~~~~~~~~[m[K
[76.262s] In file included from [01m[K/home/azriel19/Documents/File TA/File Simul ICHIRO/webots_ws/src/kansei/src/kansei/measurement/sensor/mpu.cpp:25[m[K:
[76.262s] [01m[K/home/azriel19/Documents/File TA/File Simul ICHIRO/webots_ws/src/kansei/include/kansei/measurement/sensor/mpu.hpp:[m[K In constructor ‘[01m[Kkansei::measurement::MPU::MPU(const string&)[m[K’:
[76.263s] [01m[K/home/azriel19/Documents/File TA/File Simul ICHIRO/webots_ws/src/kansei/include/kansei/measurement/sensor/mpu.hpp:56:25:[m[K [01;35m[Kwarning: [m[K‘[01m[Kkansei::measurement::MPU::oreintation_error[m[K’ will be initialized after [[01;35m[K-Wreorder[m[K]
[76.263s]    56 |   keisan::Angle<double> [01;35m[Koreintation_error[m[K;
[76.265s]       |                         [01;35m[K^~~~~~~~~~~~~~~~~[m[K
[76.265s] [01m[K/home/azriel19/Documents/File TA/File Simul ICHIRO/webots_ws/src/kansei/include/kansei/measurement/sensor/mpu.hpp:55:25:[m[K [01;35m[Kwarning: [m[K  ‘[01m[Kkeisan::Angle<double> kansei::measurement::MPU::oreintation_compensation[m[K’ [[01;35m[K-Wreorder[m[K]
[76.265s]    55 |   keisan::Angle<double> [01;35m[Koreintation_compensation[m[K;
[76.266s]       |                         [01;35m[K^~~~~~~~~~~~~~~~~~~~~~~~[m[K
[76.266s] [01m[K/home/azriel19/Documents/File TA/File Simul ICHIRO/webots_ws/src/kansei/src/kansei/measurement/sensor/mpu.cpp:46:1:[m[K [01;35m[Kwarning: [m[K  when initialized here [[01;35m[K-Wreorder[m[K]
[76.266s]    46 | [01;35m[KMPU[m[K::MPU(const std::string & port_name)
[76.266s]       | [01;35m[K^~~[m[K
[76.778s] [ 47%] [32mBuilding CXX object CMakeFiles/kansei.dir/src/kansei/node/kansei_node.cpp.o[0m
[82.127s] In file included from [01m[K/home/azriel19/Documents/File TA/File Simul ICHIRO/webots_ws/src/kansei/include/kansei/measurement/filter/filter.hpp:27[m[K,
[82.128s]                  from [01m[K/home/azriel19/Documents/File TA/File Simul ICHIRO/webots_ws/src/kansei/include/kansei/measurement/measurement.hpp:24[m[K,
[82.128s]                  from [01m[K/home/azriel19/Documents/File TA/File Simul ICHIRO/webots_ws/src/kansei/include/kansei/node/kansei_node.hpp:28[m[K,
[82.128s]                  from [01m[K/home/azriel19/Documents/File TA/File Simul ICHIRO/webots_ws/src/kansei/src/kansei/node/kansei_node.cpp:27[m[K:
[82.128s] [01m[K/home/azriel19/Documents/File TA/File Simul ICHIRO/webots_ws/src/kansei/include/kansei/measurement/node/measurement_unit.hpp:[m[K In member function ‘[01m[Kvirtual void kansei::measurement::MeasurementUnit::set_orientation_to(const keisan::Angle<double>&)[m[K’:
[82.129s] [01m[K/home/azriel19/Documents/File TA/File Simul ICHIRO/webots_ws/src/kansei/include/kansei/measurement/node/measurement_unit.hpp:43:65:[m[K [01;35m[Kwarning: [m[Kunused parameter ‘[01m[Ktarget_orientation[m[K’ [[01;35m[K-Wunused-parameter[m[K]
[82.129s]    43 |   virtual void set_orientation_to([01;35m[Kconst keisan::Angle<double> & target_orientation[m[K) {}
[82.129s]       |                                   [01;35m[K~~~~~~~~~~~~~~~~~~~~~~~~~~~~~~^~~~~~~~~~~~~~~~~~[m[K
[84.490s] [ 52%] [32mBuilding CXX object CMakeFiles/kansei.dir/src/kansei/measurement/node/measurement_unit.cpp.o[0m
[87.390s] In file included from [01m[K/home/azriel19/Documents/File TA/File Simul ICHIRO/webots_ws/src/kansei/src/kansei/measurement/node/measurement_unit.cpp:21[m[K:
[87.391s] [01m[K/home/azriel19/Documents/File TA/File Simul ICHIRO/webots_ws/src/kansei/include/kansei/measurement/node/measurement_unit.hpp:[m[K In member function ‘[01m[Kvirtual void kansei::measurement::MeasurementUnit::set_orientation_to(const keisan::Angle<double>&)[m[K’:
[87.391s] [01m[K/home/azriel19/Documents/File TA/File Simul ICHIRO/webots_ws/src/kansei/include/kansei/measurement/node/measurement_unit.hpp:43:65:[m[K [01;35m[Kwarning: [m[Kunused parameter ‘[01m[Ktarget_orientation[m[K’ [[01;35m[K-Wunused-parameter[m[K]
[87.392s]    43 |   virtual void set_orientation_to([01;35m[Kconst keisan::Angle<double> & target_orientation[m[K) {}
[87.392s]       |                                   [01;35m[K~~~~~~~~~~~~~~~~~~~~~~~~~~~~~~^~~~~~~~~~~~~~~~~~[m[K
[87.393s] [01m[K/home/azriel19/Documents/File TA/File Simul ICHIRO/webots_ws/src/kansei/include/kansei/measurement/node/measurement_unit.hpp:[m[K In constructor ‘[01m[Kkansei::measurement::MeasurementUnit::MeasurementUnit()[m[K’:
[87.394s] [01m[K/home/azriel19/Documents/File TA/File Simul ICHIRO/webots_ws/src/kansei/include/kansei/measurement/node/measurement_unit.hpp:62:8:[m[K [01;35m[Kwarning: [m[K‘[01m[Kkansei::measurement::MeasurementUnit::is_calibrated[m[K’ will be initialized after [[01;35m[K-Wreorder[m[K]
[87.395s]    62 |   bool [01;35m[Kis_calibrated[m[K;
[87.396s]       |        [01;35m[K^~~~~~~~~~~~~[m[K
[87.397s] [01m[K/home/azriel19/Documents/File TA/File Simul ICHIRO/webots_ws/src/kansei/include/kansei/measurement/node/measurement_unit.hpp:60:21:[m[K [01;35m[Kwarning: [m[K  ‘[01m[Kkeisan::Vector<3> kansei::measurement::MeasurementUnit::filtered_acc[m[K’ [[01;35m[K-Wreorder[m[K]
[87.398s]    60 |   keisan::Vector<3> [01;35m[Kfiltered_acc[m[K;
[87.398s]       |                     [01;35m[K^~~~~~~~~~~~[m[K
[87.400s] [01m[K/home/azriel19/Documents/File TA/File Simul ICHIRO/webots_ws/src/kansei/src/kansei/measurement/node/measurement_unit.cpp:33:1:[m[K [01;35m[Kwarning: [m[K  when initialized here [[01;35m[K-Wreorder[m[K]
[87.402s]    33 | [01;35m[KMeasurementUnit[m[K::MeasurementUnit()
[87.402s]       | [01;35m[K^~~~~~~~~~~~~~~[m[K
[87.403s] In file included from [01m[K/home/azriel19/Documents/File TA/File Simul ICHIRO/webots_ws/src/kansei/src/kansei/measurement/node/measurement_unit.cpp:21[m[K:
[87.403s] [01m[K/home/azriel19/Documents/File TA/File Simul ICHIRO/webots_ws/src/kansei/include/kansei/measurement/node/measurement_unit.hpp:60:21:[m[K [01;35m[Kwarning: [m[K‘[01m[Kkansei::measurement::MeasurementUnit::filtered_acc[m[K’ will be initialized after [[01;35m[K-Wreorder[m[K]
[87.404s]    60 |   keisan::Vector<3> [01;35m[Kfiltered_acc[m[K;
[87.405s]       |                     [01;35m[K^~~~~~~~~~~~[m[K
[87.407s] [01m[K/home/azriel19/Documents/File TA/File Simul ICHIRO/webots_ws/src/kansei/include/kansei/measurement/node/measurement_unit.hpp:58:21:[m[K [01;35m[Kwarning: [m[K  ‘[01m[Kkeisan::Vector<3> kansei::measurement::MeasurementUnit::raw_acc[m[K’ [[01;35m[K-Wreorder[m[K]
[87.408s]    58 |   keisan::Vector<3> [01;35m[Kraw_acc[m[K;
[87.408s]       |                     [01;35m[K^~~~~~~[m[K
[87.409s] [01m[K/home/azriel19/Documents/File TA/File Simul ICHIRO/webots_ws/src/kansei/src/kansei/measurement/node/measurement_unit.cpp:33:1:[m[K [01;35m[Kwarning: [m[K  when initialized here [[01;35m[K-Wreorder[m[K]
[87.413s]    33 | [01;35m[KMeasurementUnit[m[K::MeasurementUnit()
[87.414s]       | [01;35m[K^~~~~~~~~~~~~~~[m[K
[87.414s] In file included from [01m[K/home/azriel19/Documents/File TA/File Simul ICHIRO/webots_ws/src/kansei/src/kansei/measurement/node/measurement_unit.cpp:21[m[K:
[87.415s] [01m[K/home/azriel19/Documents/File TA/File Simul ICHIRO/webots_ws/src/kansei/include/kansei/measurement/node/measurement_unit.hpp:58:21:[m[K [01;35m[Kwarning: [m[K‘[01m[Kkansei::measurement::MeasurementUnit::raw_acc[m[K’ will be initialized after [[01;35m[K-Wreorder[m[K]
[87.415s]    58 |   keisan::Vector<3> [01;35m[Kraw_acc[m[K;
[87.416s]       |                     [01;35m[K^~~~~~~[m[K
[87.417s] [01m[K/home/azriel19/Documents/File TA/File Simul ICHIRO/webots_ws/src/kansei/include/kansei/measurement/node/measurement_unit.hpp:55:21:[m[K [01;35m[Kwarning: [m[K  ‘[01m[Kkeisan::Vector<3> kansei::measurement::MeasurementUnit::gy[m[K’ [[01;35m[K-Wreorder[m[K]
[87.417s]    55 |   keisan::Vector<3> [01;35m[Kgy[m[K;
[87.418s]       |                     [01;35m[K^~[m[K
[87.418s] [01m[K/home/azriel19/Documents/File TA/File Simul ICHIRO/webots_ws/src/kansei/src/kansei/measurement/node/measurement_unit.cpp:33:1:[m[K [01;35m[Kwarning: [m[K  when initialized here [[01;35m[K-Wreorder[m[K]
[87.419s]    33 | [01;35m[KMeasurementUnit[m[K::MeasurementUnit()
[87.419s]       | [01;35m[K^~~~~~~~~~~~~~~[m[K
[87.421s] In file included from [01m[K/home/azriel19/Documents/File TA/File Simul ICHIRO/webots_ws/src/kansei/src/kansei/measurement/node/measurement_unit.cpp:21[m[K:
[87.422s] [01m[K/home/azriel19/Documents/File TA/File Simul ICHIRO/webots_ws/src/kansei/include/kansei/measurement/node/measurement_unit.hpp:59:21:[m[K [01;35m[Kwarning: [m[K‘[01m[Kkansei::measurement::MeasurementUnit::acc[m[K’ will be initialized after [[01;35m[K-Wreorder[m[K]
[87.426s]    59 |   keisan::Vector<3> [01;35m[Kacc[m[K;
[87.427s]       |                     [01;35m[K^~~[m[K
[87.427s] [01m[K/home/azriel19/Documents/File TA/File Simul ICHIRO/webots_ws/src/kansei/include/kansei/measurement/node/measurement_unit.hpp:54:21:[m[K [01;35m[Kwarning: [m[K  ‘[01m[Kkeisan::Vector<3> kansei::measurement::MeasurementUnit::raw_gy[m[K’ [[01;35m[K-Wreorder[m[K]
[87.428s]    54 |   keisan::Vector<3> [01;35m[Kraw_gy[m[K;
[87.428s]       |                     [01;35m[K^~~~~~[m[K
[87.428s] [01m[K/home/azriel19/Documents/File TA/File Simul ICHIRO/webots_ws/src/kansei/src/kansei/measurement/node/measurement_unit.cpp:33:1:[m[K [01;35m[Kwarning: [m[K  when initialized here [[01;35m[K-Wreorder[m[K]
[87.429s]    33 | [01;35m[KMeasurementUnit[m[K::MeasurementUnit()
[87.429s]       | [01;35m[K^~~~~~~~~~~~~~~[m[K
[87.933s] [ 56%] [32mBuilding CXX object CMakeFiles/kansei.dir/src/kansei/fallen/node/fallen_node.cpp.o[0m
[97.610s] [ 60%] [32m[1mLinking CXX shared library libkansei.so[0m
[98.466s] [ 60%] Built target kansei
[98.498s] [35m[1mScanning dependencies of target kansei_tests[0m
[98.646s] [ 65%] [32mBuilding CXX object CMakeFiles/kansei_tests.dir/test/fallen/determinant_test.cpp.o[0m
[106.197s] [ 69%] [32mBuilding CXX object CMakeFiles/kansei_tests.dir/test/fallen/fallen_test.cpp.o[0m
[115.263s] [ 73%] [32mBuilding CXX object CMakeFiles/kansei_tests.dir/test/measurement/measurement_test.cpp.o[0m
[118.486s] In file included from [01m[K/home/azriel19/Documents/File TA/File Simul ICHIRO/webots_ws/src/kansei/include/kansei/measurement/filter/filter.hpp:27[m[K,
[118.486s]                  from [01m[K/home/azriel19/Documents/File TA/File Simul ICHIRO/webots_ws/src/kansei/include/kansei/measurement/measurement.hpp:24[m[K,
[118.487s]                  from [01m[K/home/azriel19/Documents/File TA/File Simul ICHIRO/webots_ws/src/kansei/test/measurement/measurement_test.cpp:23[m[K:
[118.487s] [01m[K/home/azriel19/Documents/File TA/File Simul ICHIRO/webots_ws/src/kansei/include/kansei/measurement/node/measurement_unit.hpp:[m[K In member function ‘[01m[Kvirtual void kansei::measurement::MeasurementUnit::set_orientation_to(const keisan::Angle<double>&)[m[K’:
[118.487s] [01m[K/home/azriel19/Documents/File TA/File Simul ICHIRO/webots_ws/src/kansei/include/kansei/measurement/node/measurement_unit.hpp:43:65:[m[K [01;35m[Kwarning: [m[Kunused parameter ‘[01m[Ktarget_orientation[m[K’ [[01;35m[K-Wunused-parameter[m[K]
[118.487s]    43 |   virtual void set_orientation_to([01;35m[Kconst keisan::Angle<double> & target_orientation[m[K) {}
[118.487s]       |                                   [01;35m[K~~~~~~~~~~~~~~~~~~~~~~~~~~~~~~^~~~~~~~~~~~~~~~~~[m[K
[124.004s] [ 78%] [32mBuilding CXX object CMakeFiles/kansei_tests.dir/test/node/kansei_node_test.cpp.o[0m
[130.113s] In file included from [01m[K/home/azriel19/Documents/File TA/File Simul ICHIRO/webots_ws/src/kansei/include/kansei/measurement/filter/filter.hpp:27[m[K,
[130.113s]                  from [01m[K/home/azriel19/Documents/File TA/File Simul ICHIRO/webots_ws/src/kansei/include/kansei/measurement/measurement.hpp:24[m[K,
[130.113s]                  from [01m[K/home/azriel19/Documents/File TA/File Simul ICHIRO/webots_ws/src/kansei/test/node/kansei_node_test.cpp:26[m[K:
[130.113s] [01m[K/home/azriel19/Documents/File TA/File Simul ICHIRO/webots_ws/src/kansei/include/kansei/measurement/node/measurement_unit.hpp:[m[K In member function ‘[01m[Kvirtual void kansei::measurement::MeasurementUnit::set_orientation_to(const keisan::Angle<double>&)[m[K’:
[130.114s] [01m[K/home/azriel19/Documents/File TA/File Simul ICHIRO/webots_ws/src/kansei/include/kansei/measurement/node/measurement_unit.hpp:43:65:[m[K [01;35m[Kwarning: [m[Kunused parameter ‘[01m[Ktarget_orientation[m[K’ [[01;35m[K-Wunused-parameter[m[K]
[130.114s]    43 |   virtual void set_orientation_to([01;35m[Kconst keisan::Angle<double> & target_orientation[m[K) {}
[130.114s]       |                                   [01;35m[K~~~~~~~~~~~~~~~~~~~~~~~~~~~~~~^~~~~~~~~~~~~~~~~~[m[K
[132.325s] [ 82%] [32m[1mLinking CXX executable kansei_tests[0m
[133.229s] [ 82%] Built target kansei_tests
[133.267s] [35m[1mScanning dependencies of target check_rpy[0m
[133.393s] [ 86%] [32mBuilding CXX object CMakeFiles/check_rpy.dir/src/check_rpy_main.cpp.o[0m
[136.603s] In file included from [01m[K/home/azriel19/Documents/File TA/File Simul ICHIRO/webots_ws/src/kansei/include/kansei/measurement/filter/filter.hpp:27[m[K,
[136.603s]                  from [01m[K/home/azriel19/Documents/File TA/File Simul ICHIRO/webots_ws/src/kansei/include/kansei/measurement/measurement.hpp:24[m[K,
[136.603s]                  from [01m[K/home/azriel19/Documents/File TA/File Simul ICHIRO/webots_ws/src/kansei/src/check_rpy_main.cpp:27[m[K:
[136.603s] [01m[K/home/azriel19/Documents/File TA/File Simul ICHIRO/webots_ws/src/kansei/include/kansei/measurement/node/measurement_unit.hpp:[m[K In member function ‘[01m[Kvirtual void kansei::measurement::MeasurementUnit::set_orientation_to(const keisan::Angle<double>&)[m[K’:
[136.604s] [01m[K/home/azriel19/Documents/File TA/File Simul ICHIRO/webots_ws/src/kansei/include/kansei/measurement/node/measurement_unit.hpp:43:65:[m[K [01;35m[Kwarning: [m[Kunused parameter ‘[01m[Ktarget_orientation[m[K’ [[01;35m[K-Wunused-parameter[m[K]
[136.604s]    43 |   virtual void set_orientation_to([01;35m[Kconst keisan::Angle<double> & target_orientation[m[K) {}
[136.604s]       |                                   [01;35m[K~~~~~~~~~~~~~~~~~~~~~~~~~~~~~~^~~~~~~~~~~~~~~~~~[m[K
[141.044s] [ 91%] [32m[1mLinking CXX executable check_rpy[0m
[141.405s] [ 91%] Built target check_rpy
[141.434s] [35m[1mScanning dependencies of target kansei_main[0m
[141.549s] [ 95%] [32mBuilding CXX object CMakeFiles/kansei_main.dir/src/kansei_main.cpp.o[0m
[144.600s] In file included from [01m[K/home/azriel19/Documents/File TA/File Simul ICHIRO/webots_ws/src/kansei/include/kansei/measurement/filter/filter.hpp:27[m[K,
[144.600s]                  from [01m[K/home/azriel19/Documents/File TA/File Simul ICHIRO/webots_ws/src/kansei/include/kansei/measurement/measurement.hpp:24[m[K,
[144.600s]                  from [01m[K/home/azriel19/Documents/File TA/File Simul ICHIRO/webots_ws/src/kansei/src/kansei_main.cpp:28[m[K:
[144.600s] [01m[K/home/azriel19/Documents/File TA/File Simul ICHIRO/webots_ws/src/kansei/include/kansei/measurement/node/measurement_unit.hpp:[m[K In member function ‘[01m[Kvirtual void kansei::measurement::MeasurementUnit::set_orientation_to(const keisan::Angle<double>&)[m[K’:
[144.601s] [01m[K/home/azriel19/Documents/File TA/File Simul ICHIRO/webots_ws/src/kansei/include/kansei/measurement/node/measurement_unit.hpp:43:65:[m[K [01;35m[Kwarning: [m[Kunused parameter ‘[01m[Ktarget_orientation[m[K’ [[01;35m[K-Wunused-parameter[m[K]
[144.601s]    43 |   virtual void set_orientation_to([01;35m[Kconst keisan::Angle<double> & target_orientation[m[K) {}
[144.601s]       |                                   [01;35m[K~~~~~~~~~~~~~~~~~~~~~~~~~~~~~~^~~~~~~~~~~~~~~~~~[m[K
[149.731s] [100%] [32m[1mLinking CXX executable kansei_main[0m
[150.197s] [100%] Built target kansei_main
[150.229s] Invoked command in '/home/azriel19/Documents/File TA/File Simul ICHIRO/webots_ws/build/kansei' returned '0': AMENT_PREFIX_PATH=/home/azriel19/Documents/File TA/File Simul ICHIRO/webots_ws/install/keisan:/home/azriel19/Documents/File TA/File Simul ICHIRO/webots_ws/install/kansei_interfaces:${AMENT_PREFIX_PATH} CMAKE_PREFIX_PATH=/home/azriel19/Documents/File TA/File Simul ICHIRO/webots_ws/install/keisan:/home/azriel19/Documents/File TA/File Simul ICHIRO/webots_ws/install/kansei_interfaces:/opt/ros/foxy LD_LIBRARY_PATH=/home/azriel19/Documents/File TA/File Simul ICHIRO/webots_ws/install/keisan/lib:/home/azriel19/Documents/File TA/File Simul ICHIRO/webots_ws/install/kansei_interfaces/lib:${LD_LIBRARY_PATH} PYTHONPATH=/home/azriel19/Documents/File TA/File Simul ICHIRO/webots_ws/install/kansei_interfaces/lib/python3.8/site-packages:${PYTHONPATH} /usr/bin/cmake --build /home/azriel19/Documents/File TA/File Simul ICHIRO/webots_ws/build/kansei -- -j4 -l4
[150.400s] Invoking command in '/home/azriel19/Documents/File TA/File Simul ICHIRO/webots_ws/build/kansei': AMENT_PREFIX_PATH=/home/azriel19/Documents/File TA/File Simul ICHIRO/webots_ws/install/keisan:/home/azriel19/Documents/File TA/File Simul ICHIRO/webots_ws/install/kansei_interfaces:${AMENT_PREFIX_PATH} CMAKE_PREFIX_PATH=/home/azriel19/Documents/File TA/File Simul ICHIRO/webots_ws/install/keisan:/home/azriel19/Documents/File TA/File Simul ICHIRO/webots_ws/install/kansei_interfaces:/opt/ros/foxy LD_LIBRARY_PATH=/home/azriel19/Documents/File TA/File Simul ICHIRO/webots_ws/install/keisan/lib:/home/azriel19/Documents/File TA/File Simul ICHIRO/webots_ws/install/kansei_interfaces/lib:${LD_LIBRARY_PATH} PYTHONPATH=/home/azriel19/Documents/File TA/File Simul ICHIRO/webots_ws/install/kansei_interfaces/lib/python3.8/site-packages:${PYTHONPATH} /usr/bin/cmake --install /home/azriel19/Documents/File TA/File Simul ICHIRO/webots_ws/build/kansei
[150.421s] -- Install configuration: ""
[150.421s] -- Installing: /home/azriel19/Documents/File TA/File Simul ICHIRO/webots_ws/install/kansei/./include
[150.422s] -- Installing: /home/azriel19/Documents/File TA/File Simul ICHIRO/webots_ws/install/kansei/./include/kansei
[150.423s] -- Installing: /home/azriel19/Documents/File TA/File Simul ICHIRO/webots_ws/install/kansei/./include/kansei/measurement
[150.423s] -- Installing: /home/azriel19/Documents/File TA/File Simul ICHIRO/webots_ws/install/kansei/./include/kansei/measurement/filter
[150.423s] -- Installing: /home/azriel19/Documents/File TA/File Simul ICHIRO/webots_ws/install/kansei/./include/kansei/measurement/filter/filter.hpp
[150.423s] -- Installing: /home/azriel19/Documents/File TA/File Simul ICHIRO/webots_ws/install/kansei/./include/kansei/measurement/filter/madgwick
[150.424s] -- Installing: /home/azriel19/Documents/File TA/File Simul ICHIRO/webots_ws/install/kansei/./include/kansei/measurement/filter/madgwick/madgwick_filter.hpp
[150.425s] -- Installing: /home/azriel19/Documents/File TA/File Simul ICHIRO/webots_ws/install/kansei/./include/kansei/measurement/filter/madgwick/stateless_orientation.hpp
[150.425s] -- Installing: /home/azriel19/Documents/File TA/File Simul ICHIRO/webots_ws/install/kansei/./include/kansei/measurement/filter/madgwick/madgwick.hpp
[150.426s] -- Installing: /home/azriel19/Documents/File TA/File Simul ICHIRO/webots_ws/install/kansei/./include/kansei/measurement/filter/madgwick/world_frame.hpp
[150.426s] -- Installing: /home/azriel19/Documents/File TA/File Simul ICHIRO/webots_ws/install/kansei/./include/kansei/measurement/sensor
[150.426s] -- Installing: /home/azriel19/Documents/File TA/File Simul ICHIRO/webots_ws/install/kansei/./include/kansei/measurement/sensor/mpu.hpp
[150.427s] -- Installing: /home/azriel19/Documents/File TA/File Simul ICHIRO/webots_ws/install/kansei/./include/kansei/measurement/node
[150.427s] -- Installing: /home/azriel19/Documents/File TA/File Simul ICHIRO/webots_ws/install/kansei/./include/kansei/measurement/node/measurement_node.hpp
[150.428s] -- Installing: /home/azriel19/Documents/File TA/File Simul ICHIRO/webots_ws/install/kansei/./include/kansei/measurement/node/measurement_unit.hpp
[150.429s] -- Installing: /home/azriel19/Documents/File TA/File Simul ICHIRO/webots_ws/install/kansei/./include/kansei/measurement/measurement.hpp
[150.434s] -- Installing: /home/azriel19/Documents/File TA/File Simul ICHIRO/webots_ws/install/kansei/./include/kansei/node
[150.435s] -- Installing: /home/azriel19/Documents/File TA/File Simul ICHIRO/webots_ws/install/kansei/./include/kansei/node/kansei_node.hpp
[150.435s] -- Installing: /home/azriel19/Documents/File TA/File Simul ICHIRO/webots_ws/install/kansei/./include/kansei/fallen
[150.435s] -- Installing: /home/azriel19/Documents/File TA/File Simul ICHIRO/webots_ws/install/kansei/./include/kansei/fallen/fallen.hpp
[150.435s] -- Installing: /home/azriel19/Documents/File TA/File Simul ICHIRO/webots_ws/install/kansei/./include/kansei/fallen/node
[150.435s] -- Installing: /home/azriel19/Documents/File TA/File Simul ICHIRO/webots_ws/install/kansei/./include/kansei/fallen/node/fallen_status.hpp
[150.435s] -- Installing: /home/azriel19/Documents/File TA/File Simul ICHIRO/webots_ws/install/kansei/./include/kansei/fallen/node/fallen_node.hpp
[150.435s] -- Installing: /home/azriel19/Documents/File TA/File Simul ICHIRO/webots_ws/install/kansei/./include/kansei/fallen/node/fallen_determinant.hpp
[150.436s] -- Installing: /home/azriel19/Documents/File TA/File Simul ICHIRO/webots_ws/install/kansei/./include/kansei/fallen/determinant
[150.436s] -- Installing: /home/azriel19/Documents/File TA/File Simul ICHIRO/webots_ws/install/kansei/./include/kansei/fallen/determinant/determinant_type.hpp
[150.436s] -- Installing: /home/azriel19/Documents/File TA/File Simul ICHIRO/webots_ws/install/kansei/lib/libkansei.so
[150.448s] -- Set runtime path of "/home/azriel19/Documents/File TA/File Simul ICHIRO/webots_ws/install/kansei/lib/libkansei.so" to ""
[150.448s] -- Installing: /home/azriel19/Documents/File TA/File Simul ICHIRO/webots_ws/install/kansei/lib/kansei/check_rpy
[150.451s] -- Set runtime path of "/home/azriel19/Documents/File TA/File Simul ICHIRO/webots_ws/install/kansei/lib/kansei/check_rpy" to ""
[150.451s] -- Installing: /home/azriel19/Documents/File TA/File Simul ICHIRO/webots_ws/install/kansei/lib/kansei/kansei_main
[150.452s] -- Set runtime path of "/home/azriel19/Documents/File TA/File Simul ICHIRO/webots_ws/install/kansei/lib/kansei/kansei_main" to ""
[150.454s] -- Installing: /home/azriel19/Documents/File TA/File Simul ICHIRO/webots_ws/install/kansei/share/kansei/environment/library_path.sh
[150.454s] -- Installing: /home/azriel19/Documents/File TA/File Simul ICHIRO/webots_ws/install/kansei/share/kansei/environment/library_path.dsv
[150.454s] -- Installing: /home/azriel19/Documents/File TA/File Simul ICHIRO/webots_ws/install/kansei/share/ament_index/resource_index/package_run_dependencies/kansei
[150.455s] -- Installing: /home/azriel19/Documents/File TA/File Simul ICHIRO/webots_ws/install/kansei/share/ament_index/resource_index/parent_prefix_path/kansei
[150.455s] -- Installing: /home/azriel19/Documents/File TA/File Simul ICHIRO/webots_ws/install/kansei/share/kansei/environment/ament_prefix_path.sh
[150.455s] -- Installing: /home/azriel19/Documents/File TA/File Simul ICHIRO/webots_ws/install/kansei/share/kansei/environment/ament_prefix_path.dsv
[150.457s] -- Installing: /home/azriel19/Documents/File TA/File Simul ICHIRO/webots_ws/install/kansei/share/kansei/environment/path.sh
[150.458s] -- Installing: /home/azriel19/Documents/File TA/File Simul ICHIRO/webots_ws/install/kansei/share/kansei/environment/path.dsv
[150.459s] -- Installing: /home/azriel19/Documents/File TA/File Simul ICHIRO/webots_ws/install/kansei/share/kansei/local_setup.bash
[150.459s] -- Installing: /home/azriel19/Documents/File TA/File Simul ICHIRO/webots_ws/install/kansei/share/kansei/local_setup.sh
[150.473s] -- Installing: /home/azriel19/Documents/File TA/File Simul ICHIRO/webots_ws/install/kansei/share/kansei/local_setup.zsh
[150.473s] -- Installing: /home/azriel19/Documents/File TA/File Simul ICHIRO/webots_ws/install/kansei/share/kansei/local_setup.dsv
[150.473s] -- Installing: /home/azriel19/Documents/File TA/File Simul ICHIRO/webots_ws/install/kansei/share/kansei/package.dsv
[150.474s] -- Installing: /home/azriel19/Documents/File TA/File Simul ICHIRO/webots_ws/install/kansei/share/ament_index/resource_index/packages/kansei
[150.474s] -- Installing: /home/azriel19/Documents/File TA/File Simul ICHIRO/webots_ws/install/kansei/share/kansei/cmake/ament_cmake_export_dependencies-extras.cmake
[150.478s] -- Installing: /home/azriel19/Documents/File TA/File Simul ICHIRO/webots_ws/install/kansei/share/kansei/cmake/ament_cmake_export_include_directories-extras.cmake
[150.478s] -- Installing: /home/azriel19/Documents/File TA/File Simul ICHIRO/webots_ws/install/kansei/share/kansei/cmake/ament_cmake_export_libraries-extras.cmake
[150.479s] -- Installing: /home/azriel19/Documents/File TA/File Simul ICHIRO/webots_ws/install/kansei/share/kansei/cmake/kanseiConfig.cmake
[150.479s] -- Installing: /home/azriel19/Documents/File TA/File Simul ICHIRO/webots_ws/install/kansei/share/kansei/cmake/kanseiConfig-version.cmake
[150.479s] -- Installing: /home/azriel19/Documents/File TA/File Simul ICHIRO/webots_ws/install/kansei/share/kansei/package.xml
[150.480s] Invoked command in '/home/azriel19/Documents/File TA/File Simul ICHIRO/webots_ws/build/kansei' returned '0': AMENT_PREFIX_PATH=/home/azriel19/Documents/File TA/File Simul ICHIRO/webots_ws/install/keisan:/home/azriel19/Documents/File TA/File Simul ICHIRO/webots_ws/install/kansei_interfaces:${AMENT_PREFIX_PATH} CMAKE_PREFIX_PATH=/home/azriel19/Documents/File TA/File Simul ICHIRO/webots_ws/install/keisan:/home/azriel19/Documents/File TA/File Simul ICHIRO/webots_ws/install/kansei_interfaces:/opt/ros/foxy LD_LIBRARY_PATH=/home/azriel19/Documents/File TA/File Simul ICHIRO/webots_ws/install/keisan/lib:/home/azriel19/Documents/File TA/File Simul ICHIRO/webots_ws/install/kansei_interfaces/lib:${LD_LIBRARY_PATH} PYTHONPATH=/home/azriel19/Documents/File TA/File Simul ICHIRO/webots_ws/install/kansei_interfaces/lib/python3.8/site-packages:${PYTHONPATH} /usr/bin/cmake --install /home/azriel19/Documents/File TA/File Simul ICHIRO/webots_ws/build/kansei
