[0.142s] Invoking command in '/home/azriel19/Documents/File TA/File Simul ICHIRO/webots_ws/build/kansei_interfaces': CMAKE_PREFIX_PATH=/opt/ros/foxy /usr/bin/cmake /home/azriel19/Documents/File TA/File Simul ICHIRO/webots_ws/src/kansei_interfaces -DCMAKE_INSTALL_PREFIX=/home/azriel19/Documents/File TA/File Simul ICHIRO/webots_ws/install/kansei_interfaces
[0.759s] -- The C compiler identification is GNU 9.4.0
[1.314s] -- The CXX compiler identification is GNU 9.4.0
[1.432s] -- Check for working C compiler: /usr/bin/cc
[2.005s] -- Check for working C compiler: /usr/bin/cc -- works
[2.007s] -- Detecting C compiler ABI info
[2.432s] -- Detecting C compiler ABI info - done
[2.514s] -- Detecting C compile features
[2.514s] -- Detecting C compile features - done
[2.529s] -- Check for working CXX compiler: /usr/bin/c++
[2.999s] -- Check for working CXX compiler: /usr/bin/c++ -- works
[3.002s] -- Detecting CXX compiler ABI info
[3.515s] -- Detecting CXX compiler ABI info - done
[3.595s] -- Detecting CXX compile features
[3.598s] -- Detecting CXX compile features - done
[3.609s] -- Found ament_cmake: 0.9.9 (/opt/ros/foxy/share/ament_cmake/cmake)
[3.788s] -- Found PythonInterp: /usr/bin/python3 (found suitable version "3.8.10", minimum required is "3") 
[3.792s] -- Using PYTHON_EXECUTABLE: /usr/bin/python3
[4.908s] -- Found rosidl_default_generators: 1.0.1 (/opt/ros/foxy/share/rosidl_default_generators/cmake)
[4.916s] -- Using all available rosidl_typesupport_c: rosidl_typesupport_fastrtps_c;rosidl_typesupport_introspection_c
[4.947s] -- Found rosidl_adapter: 1.2.1 (/opt/ros/foxy/share/rosidl_adapter/cmake)
[5.712s] -- Found OpenSSL: /usr/lib/x86_64-linux-gnu/libcrypto.so (found version "1.1.1f")  
[5.982s] -- Found FastRTPS: /opt/ros/foxy/include  
[6.582s] -- Using all available rosidl_typesupport_cpp: rosidl_typesupport_fastrtps_cpp;rosidl_typesupport_introspection_cpp
[6.933s] -- Found PythonInterp: /usr/bin/python3 (found version "3.8.10") 
[7.864s] -- Found ament_cmake_ros: 0.9.2 (/opt/ros/foxy/share/ament_cmake_ros/cmake)
[8.579s] -- Using all available rosidl_typesupport_c: rosidl_typesupport_fastrtps_c;rosidl_typesupport_introspection_c
[8.649s] -- Using all available rosidl_typesupport_cpp: rosidl_typesupport_fastrtps_cpp;rosidl_typesupport_introspection_cpp
[8.719s] -- Found PythonInterp: /usr/bin/python3 (found suitable version "3.8.10", minimum required is "3.5") 
[8.723s] -- Found python_cmake_module: 0.8.1 (/opt/ros/foxy/share/python_cmake_module/cmake)
[8.855s] -- Found PythonLibs: /usr/lib/x86_64-linux-gnu/libpython3.8.so (found suitable version "3.8.10", minimum required is "3.5") 
[8.856s] -- Using PYTHON_EXECUTABLE: /usr/bin/python3
[8.856s] -- Using PYTHON_INCLUDE_DIRS: /usr/include/python3.8
[8.856s] -- Using PYTHON_LIBRARIES: /usr/lib/x86_64-linux-gnu/libpython3.8.so
[9.038s] -- Found PythonExtra: .so  
[9.378s] -- Configuring done
[9.720s] -- Generating done
[9.732s] -- Build files have been written to: /home/azriel19/Documents/File TA/File Simul ICHIRO/webots_ws/build/kansei_interfaces
[9.754s] Invoked command in '/home/azriel19/Documents/File TA/File Simul ICHIRO/webots_ws/build/kansei_interfaces' returned '0': CMAKE_PREFIX_PATH=/opt/ros/foxy /usr/bin/cmake /home/azriel19/Documents/File TA/File Simul ICHIRO/webots_ws/src/kansei_interfaces -DCMAKE_INSTALL_PREFIX=/home/azriel19/Documents/File TA/File Simul ICHIRO/webots_ws/install/kansei_interfaces
[9.756s] Invoking command in '/home/azriel19/Documents/File TA/File Simul ICHIRO/webots_ws/build/kansei_interfaces': CMAKE_PREFIX_PATH=/opt/ros/foxy /usr/bin/cmake --build /home/azriel19/Documents/File TA/File Simul ICHIRO/webots_ws/build/kansei_interfaces -- -j4 -l4
[10.012s] [35m[1mScanning dependencies of target kansei_interfaces__cpp[0m
[10.080s] [  2%] [34m[1mGenerating C++ code for ROS interfaces[0m
[12.432s] [  2%] Built target kansei_interfaces__cpp
[12.505s] [  4%] [34m[1mGenerating C code for ROS interfaces[0m
[15.080s] [35m[1mScanning dependencies of target kansei_interfaces__rosidl_generator_c[0m
[15.194s] [  6%] [32mBuilding C object CMakeFiles/kansei_interfaces__rosidl_generator_c.dir/rosidl_generator_c/kansei_interfaces/msg/detail/fallen__functions.c.o[0m
[15.636s] [  8%] [32mBuilding C object CMakeFiles/kansei_interfaces__rosidl_generator_c.dir/rosidl_generator_c/kansei_interfaces/msg/detail/orientation__functions.c.o[0m
[15.909s] [ 10%] [32mBuilding C object CMakeFiles/kansei_interfaces__rosidl_generator_c.dir/rosidl_generator_c/kansei_interfaces/msg/detail/unit__functions.c.o[0m
[16.287s] [ 12%] [32m[1mLinking C shared library libkansei_interfaces__rosidl_generator_c.so[0m
[16.545s] [ 12%] Built target kansei_interfaces__rosidl_generator_c
[16.692s] [ 14%] [34m[1mGenerating C++ type support dispatch for ROS interfaces[0m
[18.481s] [35m[1mScanning dependencies of target kansei_interfaces__rosidl_typesupport_cpp[0m
[18.617s] [ 17%] [32mBuilding CXX object CMakeFiles/kansei_interfaces__rosidl_typesupport_cpp.dir/rosidl_typesupport_cpp/kansei_interfaces/msg/fallen__type_support.cpp.o[0m
[20.505s] [ 19%] [32mBuilding CXX object CMakeFiles/kansei_interfaces__rosidl_typesupport_cpp.dir/rosidl_typesupport_cpp/kansei_interfaces/msg/orientation__type_support.cpp.o[0m
[22.438s] [ 21%] [32mBuilding CXX object CMakeFiles/kansei_interfaces__rosidl_typesupport_cpp.dir/rosidl_typesupport_cpp/kansei_interfaces/msg/unit__type_support.cpp.o[0m
[24.298s] [ 23%] [32m[1mLinking CXX shared library libkansei_interfaces__rosidl_typesupport_cpp.so[0m
[24.679s] [ 23%] Built target kansei_interfaces__rosidl_typesupport_cpp
[24.734s] [ 25%] [34m[1mGenerating C type support dispatch for ROS interfaces[0m
[25.923s] [35m[1mScanning dependencies of target kansei_interfaces__rosidl_typesupport_c[0m
[26.012s] [ 27%] [32mBuilding CXX object CMakeFiles/kansei_interfaces__rosidl_typesupport_c.dir/rosidl_typesupport_c/kansei_interfaces/msg/fallen__type_support.cpp.o[0m
[26.150s] [ 29%] [32mBuilding CXX object CMakeFiles/kansei_interfaces__rosidl_typesupport_c.dir/rosidl_typesupport_c/kansei_interfaces/msg/orientation__type_support.cpp.o[0m
[26.320s] [ 31%] [32mBuilding CXX object CMakeFiles/kansei_interfaces__rosidl_typesupport_c.dir/rosidl_typesupport_c/kansei_interfaces/msg/unit__type_support.cpp.o[0m
[26.431s] [ 34%] [32m[1mLinking CXX shared library libkansei_interfaces__rosidl_typesupport_c.so[0m
[26.629s] [ 34%] Built target kansei_interfaces__rosidl_typesupport_c
[26.707s] [ 36%] [34m[1mGenerating C introspection for ROS interfaces[0m
[28.843s] [35m[1mScanning dependencies of target kansei_interfaces__rosidl_typesupport_introspection_c[0m
[28.893s] [ 38%] [32mBuilding C object CMakeFiles/kansei_interfaces__rosidl_typesupport_introspection_c.dir/rosidl_typesupport_introspection_c/kansei_interfaces/msg/detail/fallen__type_support.c.o[0m
[28.989s] [ 40%] [32mBuilding C object CMakeFiles/kansei_interfaces__rosidl_typesupport_introspection_c.dir/rosidl_typesupport_introspection_c/kansei_interfaces/msg/detail/orientation__type_support.c.o[0m
[29.297s] [ 42%] [32mBuilding C object CMakeFiles/kansei_interfaces__rosidl_typesupport_introspection_c.dir/rosidl_typesupport_introspection_c/kansei_interfaces/msg/detail/unit__type_support.c.o[0m
[29.588s] [ 44%] [32m[1mLinking C shared library libkansei_interfaces__rosidl_typesupport_introspection_c.so[0m
[29.754s] [ 44%] Built target kansei_interfaces__rosidl_typesupport_introspection_c
[29.884s] [ 46%] [34m[1mGenerating C++ introspection for ROS interfaces[0m
[31.626s] [35m[1mScanning dependencies of target kansei_interfaces__rosidl_typesupport_introspection_cpp[0m
[31.690s] [ 48%] [32mBuilding CXX object CMakeFiles/kansei_interfaces__rosidl_typesupport_introspection_cpp.dir/rosidl_typesupport_introspection_cpp/kansei_interfaces/msg/detail/fallen__type_support.cpp.o[0m
[33.456s] [ 51%] [32mBuilding CXX object CMakeFiles/kansei_interfaces__rosidl_typesupport_introspection_cpp.dir/rosidl_typesupport_introspection_cpp/kansei_interfaces/msg/detail/unit__type_support.cpp.o[0m
[35.499s] [ 53%] [32mBuilding CXX object CMakeFiles/kansei_interfaces__rosidl_typesupport_introspection_cpp.dir/rosidl_typesupport_introspection_cpp/kansei_interfaces/msg/detail/orientation__type_support.cpp.o[0m
[37.277s] [ 55%] [32m[1mLinking CXX shared library libkansei_interfaces__rosidl_typesupport_introspection_cpp.so[0m
[37.779s] [ 55%] Built target kansei_interfaces__rosidl_typesupport_introspection_cpp
[37.888s] [ 57%] [34m[1mGenerating C++ type support for eProsima Fast-RTPS[0m
[39.364s] [35m[1mScanning dependencies of target kansei_interfaces__rosidl_typesupport_fastrtps_cpp[0m
[39.479s] [ 59%] [32mBuilding CXX object CMakeFiles/kansei_interfaces__rosidl_typesupport_fastrtps_cpp.dir/rosidl_typesupport_fastrtps_cpp/kansei_interfaces/msg/detail/dds_fastrtps/fallen__type_support.cpp.o[0m
[42.117s] [ 61%] [32mBuilding CXX object CMakeFiles/kansei_interfaces__rosidl_typesupport_fastrtps_cpp.dir/rosidl_typesupport_fastrtps_cpp/kansei_interfaces/msg/detail/dds_fastrtps/unit__type_support.cpp.o[0m
[44.266s] [ 63%] [32mBuilding CXX object CMakeFiles/kansei_interfaces__rosidl_typesupport_fastrtps_cpp.dir/rosidl_typesupport_fastrtps_cpp/kansei_interfaces/msg/detail/dds_fastrtps/orientation__type_support.cpp.o[0m
[46.779s] [ 65%] [32m[1mLinking CXX shared library libkansei_interfaces__rosidl_typesupport_fastrtps_cpp.so[0m
[47.333s] [ 65%] Built target kansei_interfaces__rosidl_typesupport_fastrtps_cpp
[47.419s] [ 68%] [34m[1mGenerating C type support for eProsima Fast-RTPS[0m
[49.096s] [35m[1mScanning dependencies of target kansei_interfaces__rosidl_typesupport_fastrtps_c[0m
[49.206s] [ 70%] [32mBuilding CXX object CMakeFiles/kansei_interfaces__rosidl_typesupport_fastrtps_c.dir/rosidl_typesupport_fastrtps_c/kansei_interfaces/msg/detail/fallen__type_support_c.cpp.o[0m
[51.372s] [ 72%] [32mBuilding CXX object CMakeFiles/kansei_interfaces__rosidl_typesupport_fastrtps_c.dir/rosidl_typesupport_fastrtps_c/kansei_interfaces/msg/detail/unit__type_support_c.cpp.o[0m
[53.621s] [ 74%] [32mBuilding CXX object CMakeFiles/kansei_interfaces__rosidl_typesupport_fastrtps_c.dir/rosidl_typesupport_fastrtps_c/kansei_interfaces/msg/detail/orientation__type_support_c.cpp.o[0m
[55.416s] [ 76%] [32m[1mLinking CXX shared library libkansei_interfaces__rosidl_typesupport_fastrtps_c.so[0m
[55.843s] [ 76%] Built target kansei_interfaces__rosidl_typesupport_fastrtps_c
[55.876s] [35m[1mScanning dependencies of target kansei_interfaces[0m
[55.940s] [ 76%] Built target kansei_interfaces
[55.985s] [35m[1mScanning dependencies of target kansei_interfaces__py[0m
[56.034s] [ 78%] [34m[1mGenerating Python code for ROS interfaces[0m
[59.044s] [ 78%] Built target kansei_interfaces__py
[59.120s] [35m[1mScanning dependencies of target kansei_interfaces__python[0m
[59.307s] [ 80%] [32mBuilding C object CMakeFiles/kansei_interfaces__python.dir/rosidl_generator_py/kansei_interfaces/msg/_fallen_s.c.o[0m
[59.968s] [ 82%] [32mBuilding C object CMakeFiles/kansei_interfaces__python.dir/rosidl_generator_py/kansei_interfaces/msg/_unit_s.c.o[0m
[60.540s] [ 85%] [32mBuilding C object CMakeFiles/kansei_interfaces__python.dir/rosidl_generator_py/kansei_interfaces/msg/_orientation_s.c.o[0m
[61.128s] [ 87%] [32m[1mLinking C shared library rosidl_generator_py/kansei_interfaces/libkansei_interfaces__python.so[0m
[61.375s] [ 87%] Built target kansei_interfaces__python
[61.446s] [35m[1mScanning dependencies of target kansei_interfaces__rosidl_typesupport_fastrtps_c__pyext[0m
[61.604s] [ 89%] [32mBuilding C object CMakeFiles/kansei_interfaces__rosidl_typesupport_fastrtps_c__pyext.dir/rosidl_generator_py/kansei_interfaces/_kansei_interfaces_s.ep.rosidl_typesupport_fastrtps_c.c.o[0m
[62.263s] [ 91%] [32m[1mLinking CXX shared library rosidl_generator_py/kansei_interfaces/kansei_interfaces_s__rosidl_typesupport_fastrtps_c.cpython-38-x86_64-linux-gnu.so[0m
[62.582s] [ 91%] Built target kansei_interfaces__rosidl_typesupport_fastrtps_c__pyext
[62.693s] [35m[1mScanning dependencies of target kansei_interfaces__rosidl_typesupport_introspection_c__pyext[0m
[62.817s] [ 93%] [32mBuilding C object CMakeFiles/kansei_interfaces__rosidl_typesupport_introspection_c__pyext.dir/rosidl_generator_py/kansei_interfaces/_kansei_interfaces_s.ep.rosidl_typesupport_introspection_c.c.o[0m
[63.381s] [ 95%] [32m[1mLinking C shared library rosidl_generator_py/kansei_interfaces/kansei_interfaces_s__rosidl_typesupport_introspection_c.cpython-38-x86_64-linux-gnu.so[0m
[63.518s] [ 95%] Built target kansei_interfaces__rosidl_typesupport_introspection_c__pyext
[63.598s] [35m[1mScanning dependencies of target kansei_interfaces__rosidl_typesupport_c__pyext[0m
[63.799s] [ 97%] [32mBuilding C object CMakeFiles/kansei_interfaces__rosidl_typesupport_c__pyext.dir/rosidl_generator_py/kansei_interfaces/_kansei_interfaces_s.ep.rosidl_typesupport_c.c.o[0m
[64.338s] [100%] [32m[1mLinking C shared library rosidl_generator_py/kansei_interfaces/kansei_interfaces_s__rosidl_typesupport_c.cpython-38-x86_64-linux-gnu.so[0m
[64.557s] [100%] Built target kansei_interfaces__rosidl_typesupport_c__pyext
[64.639s] Invoked command in '/home/azriel19/Documents/File TA/File Simul ICHIRO/webots_ws/build/kansei_interfaces' returned '0': CMAKE_PREFIX_PATH=/opt/ros/foxy /usr/bin/cmake --build /home/azriel19/Documents/File TA/File Simul ICHIRO/webots_ws/build/kansei_interfaces -- -j4 -l4
[65.992s] Invoking command in '/home/azriel19/Documents/File TA/File Simul ICHIRO/webots_ws/build/kansei_interfaces': CMAKE_PREFIX_PATH=/opt/ros/foxy /usr/bin/cmake --install /home/azriel19/Documents/File TA/File Simul ICHIRO/webots_ws/build/kansei_interfaces
[66.036s] -- Install configuration: ""
[66.037s] -- Installing: /home/azriel19/Documents/File TA/File Simul ICHIRO/webots_ws/install/kansei_interfaces/share/ament_index/resource_index/rosidl_interfaces/kansei_interfaces
[66.038s] -- Installing: /home/azriel19/Documents/File TA/File Simul ICHIRO/webots_ws/install/kansei_interfaces/include/kansei_interfaces
[66.038s] -- Installing: /home/azriel19/Documents/File TA/File Simul ICHIRO/webots_ws/install/kansei_interfaces/include/kansei_interfaces/msg
[66.039s] -- Installing: /home/azriel19/Documents/File TA/File Simul ICHIRO/webots_ws/install/kansei_interfaces/include/kansei_interfaces/msg/fallen.h
[66.039s] -- Installing: /home/azriel19/Documents/File TA/File Simul ICHIRO/webots_ws/install/kansei_interfaces/include/kansei_interfaces/msg/rosidl_generator_c__visibility_control.h
[66.040s] -- Installing: /home/azriel19/Documents/File TA/File Simul ICHIRO/webots_ws/install/kansei_interfaces/include/kansei_interfaces/msg/orientation.h
[66.040s] -- Installing: /home/azriel19/Documents/File TA/File Simul ICHIRO/webots_ws/install/kansei_interfaces/include/kansei_interfaces/msg/unit.h
[66.041s] -- Installing: /home/azriel19/Documents/File TA/File Simul ICHIRO/webots_ws/install/kansei_interfaces/include/kansei_interfaces/msg/detail
[66.042s] -- Installing: /home/azriel19/Documents/File TA/File Simul ICHIRO/webots_ws/install/kansei_interfaces/include/kansei_interfaces/msg/detail/orientation__struct.h
[66.043s] -- Installing: /home/azriel19/Documents/File TA/File Simul ICHIRO/webots_ws/install/kansei_interfaces/include/kansei_interfaces/msg/detail/fallen__functions.h
[66.044s] -- Installing: /home/azriel19/Documents/File TA/File Simul ICHIRO/webots_ws/install/kansei_interfaces/include/kansei_interfaces/msg/detail/unit__functions.c
[66.044s] -- Installing: /home/azriel19/Documents/File TA/File Simul ICHIRO/webots_ws/install/kansei_interfaces/include/kansei_interfaces/msg/detail/unit__functions.h
[66.046s] -- Installing: /home/azriel19/Documents/File TA/File Simul ICHIRO/webots_ws/install/kansei_interfaces/include/kansei_interfaces/msg/detail/orientation__functions.c
[66.047s] -- Installing: /home/azriel19/Documents/File TA/File Simul ICHIRO/webots_ws/install/kansei_interfaces/include/kansei_interfaces/msg/detail/fallen__functions.c
[66.048s] -- Installing: /home/azriel19/Documents/File TA/File Simul ICHIRO/webots_ws/install/kansei_interfaces/include/kansei_interfaces/msg/detail/unit__struct.h
[66.049s] -- Installing: /home/azriel19/Documents/File TA/File Simul ICHIRO/webots_ws/install/kansei_interfaces/include/kansei_interfaces/msg/detail/unit__type_support.h
[66.049s] -- Installing: /home/azriel19/Documents/File TA/File Simul ICHIRO/webots_ws/install/kansei_interfaces/include/kansei_interfaces/msg/detail/fallen__struct.h
[66.050s] -- Installing: /home/azriel19/Documents/File TA/File Simul ICHIRO/webots_ws/install/kansei_interfaces/include/kansei_interfaces/msg/detail/fallen__type_support.h
[66.050s] -- Installing: /home/azriel19/Documents/File TA/File Simul ICHIRO/webots_ws/install/kansei_interfaces/include/kansei_interfaces/msg/detail/orientation__type_support.h
[66.051s] -- Installing: /home/azriel19/Documents/File TA/File Simul ICHIRO/webots_ws/install/kansei_interfaces/include/kansei_interfaces/msg/detail/orientation__functions.h
[66.052s] -- Installing: /home/azriel19/Documents/File TA/File Simul ICHIRO/webots_ws/install/kansei_interfaces/share/kansei_interfaces/environment/library_path.sh
[66.053s] -- Installing: /home/azriel19/Documents/File TA/File Simul ICHIRO/webots_ws/install/kansei_interfaces/share/kansei_interfaces/environment/library_path.dsv
[66.054s] -- Installing: /home/azriel19/Documents/File TA/File Simul ICHIRO/webots_ws/install/kansei_interfaces/lib/libkansei_interfaces__rosidl_generator_c.so
[66.055s] -- Set runtime path of "/home/azriel19/Documents/File TA/File Simul ICHIRO/webots_ws/install/kansei_interfaces/lib/libkansei_interfaces__rosidl_generator_c.so" to ""
[66.056s] -- Up-to-date: /home/azriel19/Documents/File TA/File Simul ICHIRO/webots_ws/install/kansei_interfaces/include/kansei_interfaces
[66.056s] -- Up-to-date: /home/azriel19/Documents/File TA/File Simul ICHIRO/webots_ws/install/kansei_interfaces/include/kansei_interfaces/msg
[66.057s] -- Installing: /home/azriel19/Documents/File TA/File Simul ICHIRO/webots_ws/install/kansei_interfaces/include/kansei_interfaces/msg/rosidl_typesupport_fastrtps_c__visibility_control.h
[66.058s] -- Up-to-date: /home/azriel19/Documents/File TA/File Simul ICHIRO/webots_ws/install/kansei_interfaces/include/kansei_interfaces/msg/detail
[66.058s] -- Installing: /home/azriel19/Documents/File TA/File Simul ICHIRO/webots_ws/install/kansei_interfaces/include/kansei_interfaces/msg/detail/unit__rosidl_typesupport_fastrtps_c.h
[66.068s] -- Installing: /home/azriel19/Documents/File TA/File Simul ICHIRO/webots_ws/install/kansei_interfaces/include/kansei_interfaces/msg/detail/orientation__rosidl_typesupport_fastrtps_c.h
[66.069s] -- Installing: /home/azriel19/Documents/File TA/File Simul ICHIRO/webots_ws/install/kansei_interfaces/include/kansei_interfaces/msg/detail/fallen__rosidl_typesupport_fastrtps_c.h
[66.071s] -- Installing: /home/azriel19/Documents/File TA/File Simul ICHIRO/webots_ws/install/kansei_interfaces/lib/libkansei_interfaces__rosidl_typesupport_fastrtps_c.so
[66.074s] -- Set runtime path of "/home/azriel19/Documents/File TA/File Simul ICHIRO/webots_ws/install/kansei_interfaces/lib/libkansei_interfaces__rosidl_typesupport_fastrtps_c.so" to ""
[66.074s] -- Up-to-date: /home/azriel19/Documents/File TA/File Simul ICHIRO/webots_ws/install/kansei_interfaces/include/kansei_interfaces
[66.075s] -- Up-to-date: /home/azriel19/Documents/File TA/File Simul ICHIRO/webots_ws/install/kansei_interfaces/include/kansei_interfaces/msg
[66.075s] -- Installing: /home/azriel19/Documents/File TA/File Simul ICHIRO/webots_ws/install/kansei_interfaces/include/kansei_interfaces/msg/rosidl_typesupport_fastrtps_cpp__visibility_control.h
[66.075s] -- Up-to-date: /home/azriel19/Documents/File TA/File Simul ICHIRO/webots_ws/install/kansei_interfaces/include/kansei_interfaces/msg/detail
[66.075s] -- Installing: /home/azriel19/Documents/File TA/File Simul ICHIRO/webots_ws/install/kansei_interfaces/include/kansei_interfaces/msg/detail/fallen__rosidl_typesupport_fastrtps_cpp.hpp
[66.075s] -- Installing: /home/azriel19/Documents/File TA/File Simul ICHIRO/webots_ws/install/kansei_interfaces/include/kansei_interfaces/msg/detail/unit__rosidl_typesupport_fastrtps_cpp.hpp
[66.075s] -- Installing: /home/azriel19/Documents/File TA/File Simul ICHIRO/webots_ws/install/kansei_interfaces/include/kansei_interfaces/msg/detail/orientation__rosidl_typesupport_fastrtps_cpp.hpp
[66.076s] -- Installing: /home/azriel19/Documents/File TA/File Simul ICHIRO/webots_ws/install/kansei_interfaces/include/kansei_interfaces/msg/detail/dds_fastrtps
[66.077s] -- Installing: /home/azriel19/Documents/File TA/File Simul ICHIRO/webots_ws/install/kansei_interfaces/lib/libkansei_interfaces__rosidl_typesupport_fastrtps_cpp.so
[66.078s] -- Set runtime path of "/home/azriel19/Documents/File TA/File Simul ICHIRO/webots_ws/install/kansei_interfaces/lib/libkansei_interfaces__rosidl_typesupport_fastrtps_cpp.so" to ""
[66.078s] -- Up-to-date: /home/azriel19/Documents/File TA/File Simul ICHIRO/webots_ws/install/kansei_interfaces/include/kansei_interfaces
[66.079s] -- Up-to-date: /home/azriel19/Documents/File TA/File Simul ICHIRO/webots_ws/install/kansei_interfaces/include/kansei_interfaces/msg
[66.080s] -- Installing: /home/azriel19/Documents/File TA/File Simul ICHIRO/webots_ws/install/kansei_interfaces/include/kansei_interfaces/msg/rosidl_typesupport_introspection_c__visibility_control.h
[66.081s] -- Up-to-date: /home/azriel19/Documents/File TA/File Simul ICHIRO/webots_ws/install/kansei_interfaces/include/kansei_interfaces/msg/detail
[66.081s] -- Installing: /home/azriel19/Documents/File TA/File Simul ICHIRO/webots_ws/install/kansei_interfaces/include/kansei_interfaces/msg/detail/orientation__rosidl_typesupport_introspection_c.h
[66.081s] -- Installing: /home/azriel19/Documents/File TA/File Simul ICHIRO/webots_ws/install/kansei_interfaces/include/kansei_interfaces/msg/detail/orientation__type_support.c
[66.081s] -- Installing: /home/azriel19/Documents/File TA/File Simul ICHIRO/webots_ws/install/kansei_interfaces/include/kansei_interfaces/msg/detail/fallen__type_support.c
[66.082s] -- Installing: /home/azriel19/Documents/File TA/File Simul ICHIRO/webots_ws/install/kansei_interfaces/include/kansei_interfaces/msg/detail/unit__type_support.c
[66.082s] -- Installing: /home/azriel19/Documents/File TA/File Simul ICHIRO/webots_ws/install/kansei_interfaces/include/kansei_interfaces/msg/detail/unit__rosidl_typesupport_introspection_c.h
[66.083s] -- Installing: /home/azriel19/Documents/File TA/File Simul ICHIRO/webots_ws/install/kansei_interfaces/include/kansei_interfaces/msg/detail/fallen__rosidl_typesupport_introspection_c.h
[66.083s] -- Installing: /home/azriel19/Documents/File TA/File Simul ICHIRO/webots_ws/install/kansei_interfaces/lib/libkansei_interfaces__rosidl_typesupport_introspection_c.so
[66.093s] -- Set runtime path of "/home/azriel19/Documents/File TA/File Simul ICHIRO/webots_ws/install/kansei_interfaces/lib/libkansei_interfaces__rosidl_typesupport_introspection_c.so" to ""
[66.093s] -- Installing: /home/azriel19/Documents/File TA/File Simul ICHIRO/webots_ws/install/kansei_interfaces/lib/libkansei_interfaces__rosidl_typesupport_c.so
[66.094s] -- Set runtime path of "/home/azriel19/Documents/File TA/File Simul ICHIRO/webots_ws/install/kansei_interfaces/lib/libkansei_interfaces__rosidl_typesupport_c.so" to ""
[66.095s] -- Up-to-date: /home/azriel19/Documents/File TA/File Simul ICHIRO/webots_ws/install/kansei_interfaces/include/kansei_interfaces
[66.096s] -- Up-to-date: /home/azriel19/Documents/File TA/File Simul ICHIRO/webots_ws/install/kansei_interfaces/include/kansei_interfaces/msg
[66.096s] -- Installing: /home/azriel19/Documents/File TA/File Simul ICHIRO/webots_ws/install/kansei_interfaces/include/kansei_interfaces/msg/fallen.hpp
[66.096s] -- Installing: /home/azriel19/Documents/File TA/File Simul ICHIRO/webots_ws/install/kansei_interfaces/include/kansei_interfaces/msg/orientation.hpp
[66.097s] -- Installing: /home/azriel19/Documents/File TA/File Simul ICHIRO/webots_ws/install/kansei_interfaces/include/kansei_interfaces/msg/unit.hpp
[66.097s] -- Up-to-date: /home/azriel19/Documents/File TA/File Simul ICHIRO/webots_ws/install/kansei_interfaces/include/kansei_interfaces/msg/detail
[66.098s] -- Installing: /home/azriel19/Documents/File TA/File Simul ICHIRO/webots_ws/install/kansei_interfaces/include/kansei_interfaces/msg/detail/unit__traits.hpp
[66.098s] -- Installing: /home/azriel19/Documents/File TA/File Simul ICHIRO/webots_ws/install/kansei_interfaces/include/kansei_interfaces/msg/detail/unit__struct.hpp
[66.098s] -- Installing: /home/azriel19/Documents/File TA/File Simul ICHIRO/webots_ws/install/kansei_interfaces/include/kansei_interfaces/msg/detail/fallen__builder.hpp
[66.099s] -- Installing: /home/azriel19/Documents/File TA/File Simul ICHIRO/webots_ws/install/kansei_interfaces/include/kansei_interfaces/msg/detail/fallen__struct.hpp
[66.099s] -- Installing: /home/azriel19/Documents/File TA/File Simul ICHIRO/webots_ws/install/kansei_interfaces/include/kansei_interfaces/msg/detail/orientation__traits.hpp
[66.100s] -- Installing: /home/azriel19/Documents/File TA/File Simul ICHIRO/webots_ws/install/kansei_interfaces/include/kansei_interfaces/msg/detail/orientation__struct.hpp
[66.100s] -- Installing: /home/azriel19/Documents/File TA/File Simul ICHIRO/webots_ws/install/kansei_interfaces/include/kansei_interfaces/msg/detail/fallen__traits.hpp
[66.101s] -- Installing: /home/azriel19/Documents/File TA/File Simul ICHIRO/webots_ws/install/kansei_interfaces/include/kansei_interfaces/msg/detail/unit__builder.hpp
[66.101s] -- Installing: /home/azriel19/Documents/File TA/File Simul ICHIRO/webots_ws/install/kansei_interfaces/include/kansei_interfaces/msg/detail/orientation__builder.hpp
[66.106s] -- Up-to-date: /home/azriel19/Documents/File TA/File Simul ICHIRO/webots_ws/install/kansei_interfaces/include/kansei_interfaces
[66.108s] -- Up-to-date: /home/azriel19/Documents/File TA/File Simul ICHIRO/webots_ws/install/kansei_interfaces/include/kansei_interfaces/msg
[66.108s] -- Up-to-date: /home/azriel19/Documents/File TA/File Simul ICHIRO/webots_ws/install/kansei_interfaces/include/kansei_interfaces/msg/detail
[66.109s] -- Installing: /home/azriel19/Documents/File TA/File Simul ICHIRO/webots_ws/install/kansei_interfaces/include/kansei_interfaces/msg/detail/orientation__rosidl_typesupport_introspection_cpp.hpp
[66.110s] -- Installing: /home/azriel19/Documents/File TA/File Simul ICHIRO/webots_ws/install/kansei_interfaces/include/kansei_interfaces/msg/detail/unit__type_support.cpp
[66.111s] -- Installing: /home/azriel19/Documents/File TA/File Simul ICHIRO/webots_ws/install/kansei_interfaces/include/kansei_interfaces/msg/detail/unit__rosidl_typesupport_introspection_cpp.hpp
[66.111s] -- Installing: /home/azriel19/Documents/File TA/File Simul ICHIRO/webots_ws/install/kansei_interfaces/include/kansei_interfaces/msg/detail/fallen__type_support.cpp
[66.112s] -- Installing: /home/azriel19/Documents/File TA/File Simul ICHIRO/webots_ws/install/kansei_interfaces/include/kansei_interfaces/msg/detail/fallen__rosidl_typesupport_introspection_cpp.hpp
[66.112s] -- Installing: /home/azriel19/Documents/File TA/File Simul ICHIRO/webots_ws/install/kansei_interfaces/include/kansei_interfaces/msg/detail/orientation__type_support.cpp
[66.113s] -- Installing: /home/azriel19/Documents/File TA/File Simul ICHIRO/webots_ws/install/kansei_interfaces/lib/libkansei_interfaces__rosidl_typesupport_introspection_cpp.so
[66.113s] -- Set runtime path of "/home/azriel19/Documents/File TA/File Simul ICHIRO/webots_ws/install/kansei_interfaces/lib/libkansei_interfaces__rosidl_typesupport_introspection_cpp.so" to ""
[66.113s] -- Installing: /home/azriel19/Documents/File TA/File Simul ICHIRO/webots_ws/install/kansei_interfaces/lib/libkansei_interfaces__rosidl_typesupport_cpp.so
[66.114s] -- Set runtime path of "/home/azriel19/Documents/File TA/File Simul ICHIRO/webots_ws/install/kansei_interfaces/lib/libkansei_interfaces__rosidl_typesupport_cpp.so" to ""
[66.114s] -- Installing: /home/azriel19/Documents/File TA/File Simul ICHIRO/webots_ws/install/kansei_interfaces/share/kansei_interfaces/environment/pythonpath.sh
[66.115s] -- Installing: /home/azriel19/Documents/File TA/File Simul ICHIRO/webots_ws/install/kansei_interfaces/share/kansei_interfaces/environment/pythonpath.dsv
[66.115s] -- Installing: /home/azriel19/Documents/File TA/File Simul ICHIRO/webots_ws/install/kansei_interfaces/lib/python3.8/site-packages/kansei_interfaces/__init__.py
[66.424s] Compiling '/home/azriel19/Documents/File TA/File Simul ICHIRO/webots_ws/install/kansei_interfaces/lib/python3.8/site-packages/kansei_interfaces/__init__.py'...
[66.449s] -- Installing: /home/azriel19/Documents/File TA/File Simul ICHIRO/webots_ws/install/kansei_interfaces/lib/python3.8/site-packages/kansei_interfaces/msg
[66.449s] -- Installing: /home/azriel19/Documents/File TA/File Simul ICHIRO/webots_ws/install/kansei_interfaces/lib/python3.8/site-packages/kansei_interfaces/msg/_fallen.py
[66.450s] -- Installing: /home/azriel19/Documents/File TA/File Simul ICHIRO/webots_ws/install/kansei_interfaces/lib/python3.8/site-packages/kansei_interfaces/msg/_orientation.py
[66.450s] -- Installing: /home/azriel19/Documents/File TA/File Simul ICHIRO/webots_ws/install/kansei_interfaces/lib/python3.8/site-packages/kansei_interfaces/msg/_orientation_s.c
[66.450s] -- Installing: /home/azriel19/Documents/File TA/File Simul ICHIRO/webots_ws/install/kansei_interfaces/lib/python3.8/site-packages/kansei_interfaces/msg/__init__.py
[66.450s] -- Installing: /home/azriel19/Documents/File TA/File Simul ICHIRO/webots_ws/install/kansei_interfaces/lib/python3.8/site-packages/kansei_interfaces/msg/_unit.py
[66.451s] -- Installing: /home/azriel19/Documents/File TA/File Simul ICHIRO/webots_ws/install/kansei_interfaces/lib/python3.8/site-packages/kansei_interfaces/msg/_fallen_s.c
[66.451s] -- Installing: /home/azriel19/Documents/File TA/File Simul ICHIRO/webots_ws/install/kansei_interfaces/lib/python3.8/site-packages/kansei_interfaces/msg/_unit_s.c
[66.451s] -- Installing: /home/azriel19/Documents/File TA/File Simul ICHIRO/webots_ws/install/kansei_interfaces/lib/python3.8/site-packages/kansei_interfaces/kansei_interfaces_s__rosidl_typesupport_fastrtps_c.cpython-38-x86_64-linux-gnu.so
[66.452s] -- Set runtime path of "/home/azriel19/Documents/File TA/File Simul ICHIRO/webots_ws/install/kansei_interfaces/lib/python3.8/site-packages/kansei_interfaces/kansei_interfaces_s__rosidl_typesupport_fastrtps_c.cpython-38-x86_64-linux-gnu.so" to ""
[66.453s] -- Installing: /home/azriel19/Documents/File TA/File Simul ICHIRO/webots_ws/install/kansei_interfaces/lib/python3.8/site-packages/kansei_interfaces/kansei_interfaces_s__rosidl_typesupport_introspection_c.cpython-38-x86_64-linux-gnu.so
[66.454s] -- Set runtime path of "/home/azriel19/Documents/File TA/File Simul ICHIRO/webots_ws/install/kansei_interfaces/lib/python3.8/site-packages/kansei_interfaces/kansei_interfaces_s__rosidl_typesupport_introspection_c.cpython-38-x86_64-linux-gnu.so" to ""
[66.454s] -- Installing: /home/azriel19/Documents/File TA/File Simul ICHIRO/webots_ws/install/kansei_interfaces/lib/python3.8/site-packages/kansei_interfaces/kansei_interfaces_s__rosidl_typesupport_c.cpython-38-x86_64-linux-gnu.so
[66.458s] -- Set runtime path of "/home/azriel19/Documents/File TA/File Simul ICHIRO/webots_ws/install/kansei_interfaces/lib/python3.8/site-packages/kansei_interfaces/kansei_interfaces_s__rosidl_typesupport_c.cpython-38-x86_64-linux-gnu.so" to ""
[66.458s] -- Installing: /home/azriel19/Documents/File TA/File Simul ICHIRO/webots_ws/install/kansei_interfaces/lib/libkansei_interfaces__python.so
[66.458s] -- Set runtime path of "/home/azriel19/Documents/File TA/File Simul ICHIRO/webots_ws/install/kansei_interfaces/lib/libkansei_interfaces__python.so" to ""
[66.459s] -- Installing: /home/azriel19/Documents/File TA/File Simul ICHIRO/webots_ws/install/kansei_interfaces/share/kansei_interfaces/msg/Fallen.idl
[66.459s] -- Installing: /home/azriel19/Documents/File TA/File Simul ICHIRO/webots_ws/install/kansei_interfaces/share/kansei_interfaces/msg/Orientation.idl
[66.459s] -- Installing: /home/azriel19/Documents/File TA/File Simul ICHIRO/webots_ws/install/kansei_interfaces/share/kansei_interfaces/msg/Unit.idl
[66.460s] -- Installing: /home/azriel19/Documents/File TA/File Simul ICHIRO/webots_ws/install/kansei_interfaces/share/kansei_interfaces/msg/Fallen.msg
[66.467s] -- Installing: /home/azriel19/Documents/File TA/File Simul ICHIRO/webots_ws/install/kansei_interfaces/share/kansei_interfaces/msg/Orientation.msg
[66.468s] -- Installing: /home/azriel19/Documents/File TA/File Simul ICHIRO/webots_ws/install/kansei_interfaces/share/kansei_interfaces/msg/Unit.msg
[66.469s] -- Installing: /home/azriel19/Documents/File TA/File Simul ICHIRO/webots_ws/install/kansei_interfaces/share/ament_index/resource_index/package_run_dependencies/kansei_interfaces
[66.471s] -- Installing: /home/azriel19/Documents/File TA/File Simul ICHIRO/webots_ws/install/kansei_interfaces/share/ament_index/resource_index/parent_prefix_path/kansei_interfaces
[66.474s] -- Installing: /home/azriel19/Documents/File TA/File Simul ICHIRO/webots_ws/install/kansei_interfaces/share/kansei_interfaces/environment/ament_prefix_path.sh
[66.475s] -- Installing: /home/azriel19/Documents/File TA/File Simul ICHIRO/webots_ws/install/kansei_interfaces/share/kansei_interfaces/environment/ament_prefix_path.dsv
[66.476s] -- Installing: /home/azriel19/Documents/File TA/File Simul ICHIRO/webots_ws/install/kansei_interfaces/share/kansei_interfaces/environment/path.sh
[66.478s] -- Installing: /home/azriel19/Documents/File TA/File Simul ICHIRO/webots_ws/install/kansei_interfaces/share/kansei_interfaces/environment/path.dsv
[66.482s] -- Installing: /home/azriel19/Documents/File TA/File Simul ICHIRO/webots_ws/install/kansei_interfaces/share/kansei_interfaces/local_setup.bash
[66.482s] -- Installing: /home/azriel19/Documents/File TA/File Simul ICHIRO/webots_ws/install/kansei_interfaces/share/kansei_interfaces/local_setup.sh
[66.485s] -- Installing: /home/azriel19/Documents/File TA/File Simul ICHIRO/webots_ws/install/kansei_interfaces/share/kansei_interfaces/local_setup.zsh
[66.485s] -- Installing: /home/azriel19/Documents/File TA/File Simul ICHIRO/webots_ws/install/kansei_interfaces/share/kansei_interfaces/local_setup.dsv
[66.490s] -- Installing: /home/azriel19/Documents/File TA/File Simul ICHIRO/webots_ws/install/kansei_interfaces/share/kansei_interfaces/package.dsv
[66.491s] -- Installing: /home/azriel19/Documents/File TA/File Simul ICHIRO/webots_ws/install/kansei_interfaces/share/ament_index/resource_index/packages/kansei_interfaces
[66.494s] -- Installing: /home/azriel19/Documents/File TA/File Simul ICHIRO/webots_ws/install/kansei_interfaces/share/kansei_interfaces/cmake/kansei_interfaces__rosidl_generator_cExport.cmake
[66.496s] -- Installing: /home/azriel19/Documents/File TA/File Simul ICHIRO/webots_ws/install/kansei_interfaces/share/kansei_interfaces/cmake/kansei_interfaces__rosidl_generator_cExport-noconfig.cmake
[66.498s] -- Installing: /home/azriel19/Documents/File TA/File Simul ICHIRO/webots_ws/install/kansei_interfaces/share/kansei_interfaces/cmake/kansei_interfaces__rosidl_typesupport_introspection_cExport.cmake
[66.500s] -- Installing: /home/azriel19/Documents/File TA/File Simul ICHIRO/webots_ws/install/kansei_interfaces/share/kansei_interfaces/cmake/kansei_interfaces__rosidl_typesupport_introspection_cExport-noconfig.cmake
[66.504s] -- Installing: /home/azriel19/Documents/File TA/File Simul ICHIRO/webots_ws/install/kansei_interfaces/share/kansei_interfaces/cmake/kansei_interfaces__rosidl_typesupport_cExport.cmake
[66.505s] -- Installing: /home/azriel19/Documents/File TA/File Simul ICHIRO/webots_ws/install/kansei_interfaces/share/kansei_interfaces/cmake/kansei_interfaces__rosidl_typesupport_cExport-noconfig.cmake
[66.508s] -- Installing: /home/azriel19/Documents/File TA/File Simul ICHIRO/webots_ws/install/kansei_interfaces/share/kansei_interfaces/cmake/kansei_interfaces__rosidl_generator_cppExport.cmake
[66.509s] -- Installing: /home/azriel19/Documents/File TA/File Simul ICHIRO/webots_ws/install/kansei_interfaces/share/kansei_interfaces/cmake/kansei_interfaces__rosidl_typesupport_introspection_cppExport.cmake
[66.509s] -- Installing: /home/azriel19/Documents/File TA/File Simul ICHIRO/webots_ws/install/kansei_interfaces/share/kansei_interfaces/cmake/kansei_interfaces__rosidl_typesupport_introspection_cppExport-noconfig.cmake
[66.514s] -- Installing: /home/azriel19/Documents/File TA/File Simul ICHIRO/webots_ws/install/kansei_interfaces/share/kansei_interfaces/cmake/kansei_interfaces__rosidl_typesupport_cppExport.cmake
[66.518s] -- Installing: /home/azriel19/Documents/File TA/File Simul ICHIRO/webots_ws/install/kansei_interfaces/share/kansei_interfaces/cmake/kansei_interfaces__rosidl_typesupport_cppExport-noconfig.cmake
[66.518s] -- Installing: /home/azriel19/Documents/File TA/File Simul ICHIRO/webots_ws/install/kansei_interfaces/share/kansei_interfaces/cmake/rosidl_cmake-extras.cmake
[66.520s] -- Installing: /home/azriel19/Documents/File TA/File Simul ICHIRO/webots_ws/install/kansei_interfaces/share/kansei_interfaces/cmake/ament_cmake_export_dependencies-extras.cmake
[66.525s] -- Installing: /home/azriel19/Documents/File TA/File Simul ICHIRO/webots_ws/install/kansei_interfaces/share/kansei_interfaces/cmake/ament_cmake_export_libraries-extras.cmake
[66.532s] -- Installing: /home/azriel19/Documents/File TA/File Simul ICHIRO/webots_ws/install/kansei_interfaces/share/kansei_interfaces/cmake/ament_cmake_export_targets-extras.cmake
[66.568s] -- Installing: /home/azriel19/Documents/File TA/File Simul ICHIRO/webots_ws/install/kansei_interfaces/share/kansei_interfaces/cmake/ament_cmake_export_include_directories-extras.cmake
[66.569s] -- Installing: /home/azriel19/Documents/File TA/File Simul ICHIRO/webots_ws/install/kansei_interfaces/share/kansei_interfaces/cmake/rosidl_cmake_export_typesupport_libraries-extras.cmake
[66.569s] -- Installing: /home/azriel19/Documents/File TA/File Simul ICHIRO/webots_ws/install/kansei_interfaces/share/kansei_interfaces/cmake/rosidl_cmake_export_typesupport_targets-extras.cmake
[66.569s] -- Installing: /home/azriel19/Documents/File TA/File Simul ICHIRO/webots_ws/install/kansei_interfaces/share/kansei_interfaces/cmake/kansei_interfacesConfig.cmake
[66.569s] -- Installing: /home/azriel19/Documents/File TA/File Simul ICHIRO/webots_ws/install/kansei_interfaces/share/kansei_interfaces/cmake/kansei_interfacesConfig-version.cmake
[66.570s] -- Installing: /home/azriel19/Documents/File TA/File Simul ICHIRO/webots_ws/install/kansei_interfaces/share/kansei_interfaces/package.xml
[66.570s] Invoked command in '/home/azriel19/Documents/File TA/File Simul ICHIRO/webots_ws/build/kansei_interfaces' returned '0': CMAKE_PREFIX_PATH=/opt/ros/foxy /usr/bin/cmake --install /home/azriel19/Documents/File TA/File Simul ICHIRO/webots_ws/build/kansei_interfaces
