[0.025s] Invoking command in '/home/azriel19/Documents/File TA/File Simul ICHIRO/ros2_ws/build/kansei_interfaces': CMAKE_PREFIX_PATH=/opt/ros/foxy /usr/bin/cmake /home/azriel19/Documents/File TA/File Simul ICHIRO/ros2_ws/src/kansei_interfaces -DCMAKE_INSTALL_PREFIX=/home/azriel19/Documents/File TA/File Simul ICHIRO/ros2_ws/install/kansei_interfaces
[0.139s] -- The C compiler identification is GNU 9.4.0
[0.228s] -- The CXX compiler identification is GNU 9.4.0
[0.236s] -- Check for working C compiler: /usr/bin/cc
[0.356s] -- Check for working C compiler: /usr/bin/cc -- works
[0.360s] -- Detecting C compiler ABI info
[0.505s] -- Detecting C compiler ABI info - done
[0.519s] -- Detecting C compile features
[0.520s] -- Detecting C compile features - done
[0.524s] -- Check for working CXX compiler: /usr/bin/c++
[0.662s] -- Check for working CXX compiler: /usr/bin/c++ -- works
[0.664s] -- Detecting CXX compiler ABI info
[0.805s] -- Detecting CXX compiler ABI info - done
[0.827s] -- Detecting CXX compile features
[0.828s] -- Detecting CXX compile features - done
[0.831s] -- Found ament_cmake: 0.9.9 (/opt/ros/foxy/share/ament_cmake/cmake)
[0.894s] -- Found PythonInterp: /usr/bin/python3 (found suitable version "3.8.10", minimum required is "3") 
[0.894s] -- Using PYTHON_EXECUTABLE: /usr/bin/python3
[1.277s] -- Found rosidl_default_generators: 1.0.1 (/opt/ros/foxy/share/rosidl_default_generators/cmake)
[1.278s] -- Using all available rosidl_typesupport_c: rosidl_typesupport_fastrtps_c;rosidl_typesupport_introspection_c
[1.287s] -- Found rosidl_adapter: 1.2.1 (/opt/ros/foxy/share/rosidl_adapter/cmake)
[1.445s] -- Found OpenSSL: /usr/lib/x86_64-linux-gnu/libcrypto.so (found version "1.1.1f")  
[1.494s] -- Found FastRTPS: /opt/ros/foxy/include  
[1.631s] -- Using all available rosidl_typesupport_cpp: rosidl_typesupport_fastrtps_cpp;rosidl_typesupport_introspection_cpp
[1.765s] -- Found PythonInterp: /usr/bin/python3 (found version "3.8.10") 
[1.956s] -- Found ament_cmake_ros: 0.9.2 (/opt/ros/foxy/share/ament_cmake_ros/cmake)
[2.304s] -- Using all available rosidl_typesupport_c: rosidl_typesupport_fastrtps_c;rosidl_typesupport_introspection_c
[2.353s] -- Using all available rosidl_typesupport_cpp: rosidl_typesupport_fastrtps_cpp;rosidl_typesupport_introspection_cpp
[2.505s] -- Found PythonInterp: /usr/bin/python3 (found suitable version "3.8.10", minimum required is "3.5") 
[2.507s] -- Found python_cmake_module: 0.8.1 (/opt/ros/foxy/share/python_cmake_module/cmake)
[2.583s] -- Found PythonLibs: /usr/lib/x86_64-linux-gnu/libpython3.8.so (found suitable version "3.8.10", minimum required is "3.5") 
[2.583s] -- Using PYTHON_EXECUTABLE: /usr/bin/python3
[2.583s] -- Using PYTHON_INCLUDE_DIRS: /usr/include/python3.8
[2.583s] -- Using PYTHON_LIBRARIES: /usr/lib/x86_64-linux-gnu/libpython3.8.so
[2.615s] -- Found PythonExtra: .so  
[2.687s] -- Configuring done
[2.810s] -- Generating done
[2.817s] -- Build files have been written to: /home/azriel19/Documents/File TA/File Simul ICHIRO/ros2_ws/build/kansei_interfaces
[2.818s] Invoked command in '/home/azriel19/Documents/File TA/File Simul ICHIRO/ros2_ws/build/kansei_interfaces' returned '0': CMAKE_PREFIX_PATH=/opt/ros/foxy /usr/bin/cmake /home/azriel19/Documents/File TA/File Simul ICHIRO/ros2_ws/src/kansei_interfaces -DCMAKE_INSTALL_PREFIX=/home/azriel19/Documents/File TA/File Simul ICHIRO/ros2_ws/install/kansei_interfaces
[2.818s] Invoking command in '/home/azriel19/Documents/File TA/File Simul ICHIRO/ros2_ws/build/kansei_interfaces': CMAKE_PREFIX_PATH=/opt/ros/foxy /usr/bin/cmake --build /home/azriel19/Documents/File TA/File Simul ICHIRO/ros2_ws/build/kansei_interfaces -- -j4 -l4
[3.153s] [35m[1mScanning dependencies of target kansei_interfaces__cpp[0m
[3.157s] [  2%] [34m[1mGenerating C code for ROS interfaces[0m
[3.256s] [  4%] [34m[1mGenerating C++ code for ROS interfaces[0m
[11.403s] [35m[1mScanning dependencies of target kansei_interfaces__rosidl_generator_c[0m
[11.506s] [  6%] [32mBuilding C object CMakeFiles/kansei_interfaces__rosidl_generator_c.dir/rosidl_generator_c/kansei_interfaces/msg/detail/orientation__functions.c.o[0m
[11.544s] [  8%] [32mBuilding C object CMakeFiles/kansei_interfaces__rosidl_generator_c.dir/rosidl_generator_c/kansei_interfaces/msg/detail/unit__functions.c.o[0m
[11.555s] [ 10%] [32mBuilding C object CMakeFiles/kansei_interfaces__rosidl_generator_c.dir/rosidl_generator_c/kansei_interfaces/msg/detail/fallen__functions.c.o[0m
[11.806s] [ 12%] [32m[1mLinking C shared library libkansei_interfaces__rosidl_generator_c.so[0m
[11.995s] [ 12%] Built target kansei_interfaces__rosidl_generator_c
[12.102s] [ 14%] [34m[1mGenerating C introspection for ROS interfaces[0m
[12.173s] [ 17%] [34m[1mGenerating C type support dispatch for ROS interfaces[0m
[12.201s] [ 17%] Built target kansei_interfaces__cpp
[12.354s] [ 19%] [34m[1mGenerating C++ type support for eProsima Fast-RTPS[0m
[12.371s] [ 21%] [34m[1mGenerating C++ type support dispatch for ROS interfaces[0m
[14.104s] [35m[1mScanning dependencies of target kansei_interfaces__rosidl_typesupport_c[0m
[14.177s] [ 23%] [32mBuilding CXX object CMakeFiles/kansei_interfaces__rosidl_typesupport_c.dir/rosidl_typesupport_c/kansei_interfaces/msg/fallen__type_support.cpp.o[0m
[14.420s] [ 25%] [32mBuilding CXX object CMakeFiles/kansei_interfaces__rosidl_typesupport_c.dir/rosidl_typesupport_c/kansei_interfaces/msg/orientation__type_support.cpp.o[0m
[14.777s] [ 27%] [32mBuilding CXX object CMakeFiles/kansei_interfaces__rosidl_typesupport_c.dir/rosidl_typesupport_c/kansei_interfaces/msg/unit__type_support.cpp.o[0m
[14.777s] [35m[1mScanning dependencies of target kansei_interfaces__rosidl_typesupport_cpp[0m
[14.839s] [ 29%] [32mBuilding CXX object CMakeFiles/kansei_interfaces__rosidl_typesupport_cpp.dir/rosidl_typesupport_cpp/kansei_interfaces/msg/fallen__type_support.cpp.o[0m
[14.958s] [ 31%] [32m[1mLinking CXX shared library libkansei_interfaces__rosidl_typesupport_c.so[0m
[14.976s] [35m[1mScanning dependencies of target kansei_interfaces__rosidl_typesupport_introspection_c[0m
[15.105s] [ 34%] [32mBuilding C object CMakeFiles/kansei_interfaces__rosidl_typesupport_introspection_c.dir/rosidl_typesupport_introspection_c/kansei_interfaces/msg/detail/fallen__type_support.c.o[0m
[15.253s] [ 34%] Built target kansei_interfaces__rosidl_typesupport_c
[15.364s] [ 36%] [32mBuilding C object CMakeFiles/kansei_interfaces__rosidl_typesupport_introspection_c.dir/rosidl_typesupport_introspection_c/kansei_interfaces/msg/detail/orientation__type_support.c.o[0m
[15.480s] [ 38%] [32mBuilding C object CMakeFiles/kansei_interfaces__rosidl_typesupport_introspection_c.dir/rosidl_typesupport_introspection_c/kansei_interfaces/msg/detail/unit__type_support.c.o[0m
[15.613s] [ 40%] [32mBuilding CXX object CMakeFiles/kansei_interfaces__rosidl_typesupport_cpp.dir/rosidl_typesupport_cpp/kansei_interfaces/msg/orientation__type_support.cpp.o[0m
[15.637s] [ 42%] [32mBuilding CXX object CMakeFiles/kansei_interfaces__rosidl_typesupport_cpp.dir/rosidl_typesupport_cpp/kansei_interfaces/msg/unit__type_support.cpp.o[0m
[15.659s] [35m[1mScanning dependencies of target kansei_interfaces__rosidl_typesupport_fastrtps_cpp[0m
[15.752s] [ 44%] [32m[1mLinking C shared library libkansei_interfaces__rosidl_typesupport_introspection_c.so[0m
[15.791s] [ 46%] [32mBuilding CXX object CMakeFiles/kansei_interfaces__rosidl_typesupport_fastrtps_cpp.dir/rosidl_typesupport_fastrtps_cpp/kansei_interfaces/msg/detail/dds_fastrtps/fallen__type_support.cpp.o[0m
[16.101s] [ 46%] Built target kansei_interfaces__rosidl_typesupport_introspection_c
[16.135s] [ 48%] [32mBuilding CXX object CMakeFiles/kansei_interfaces__rosidl_typesupport_fastrtps_cpp.dir/rosidl_typesupport_fastrtps_cpp/kansei_interfaces/msg/detail/dds_fastrtps/orientation__type_support.cpp.o[0m
[16.267s] [ 51%] [34m[1mGenerating C++ introspection for ROS interfaces[0m
[17.157s] [35m[1mScanning dependencies of target kansei_interfaces__rosidl_typesupport_introspection_cpp[0m
[17.240s] [ 53%] [32mBuilding CXX object CMakeFiles/kansei_interfaces__rosidl_typesupport_introspection_cpp.dir/rosidl_typesupport_introspection_cpp/kansei_interfaces/msg/detail/fallen__type_support.cpp.o[0m
[18.027s] [ 55%] [32m[1mLinking CXX shared library libkansei_interfaces__rosidl_typesupport_cpp.so[0m
[18.235s] [ 55%] Built target kansei_interfaces__rosidl_typesupport_cpp
[18.831s] [ 57%] [32mBuilding CXX object CMakeFiles/kansei_interfaces__rosidl_typesupport_introspection_cpp.dir/rosidl_typesupport_introspection_cpp/kansei_interfaces/msg/detail/unit__type_support.cpp.o[0m
[18.879s] [ 59%] [32mBuilding CXX object CMakeFiles/kansei_interfaces__rosidl_typesupport_fastrtps_cpp.dir/rosidl_typesupport_fastrtps_cpp/kansei_interfaces/msg/detail/dds_fastrtps/unit__type_support.cpp.o[0m
[20.007s] [ 61%] [32mBuilding CXX object CMakeFiles/kansei_interfaces__rosidl_typesupport_introspection_cpp.dir/rosidl_typesupport_introspection_cpp/kansei_interfaces/msg/detail/orientation__type_support.cpp.o[0m
[20.083s] [ 63%] [32m[1mLinking CXX shared library libkansei_interfaces__rosidl_typesupport_fastrtps_cpp.so[0m
[20.411s] [ 63%] Built target kansei_interfaces__rosidl_typesupport_fastrtps_cpp
[20.760s] [ 65%] [32m[1mLinking CXX shared library libkansei_interfaces__rosidl_typesupport_introspection_cpp.so[0m
[21.080s] [ 65%] Built target kansei_interfaces__rosidl_typesupport_introspection_cpp
[21.128s] [ 68%] [34m[1mGenerating C type support for eProsima Fast-RTPS[0m
[21.736s] [35m[1mScanning dependencies of target kansei_interfaces__rosidl_typesupport_fastrtps_c[0m
[21.766s] [ 70%] [32mBuilding CXX object CMakeFiles/kansei_interfaces__rosidl_typesupport_fastrtps_c.dir/rosidl_typesupport_fastrtps_c/kansei_interfaces/msg/detail/fallen__type_support_c.cpp.o[0m
[22.385s] [ 72%] [32mBuilding CXX object CMakeFiles/kansei_interfaces__rosidl_typesupport_fastrtps_c.dir/rosidl_typesupport_fastrtps_c/kansei_interfaces/msg/detail/unit__type_support_c.cpp.o[0m
[23.270s] [ 74%] [32mBuilding CXX object CMakeFiles/kansei_interfaces__rosidl_typesupport_fastrtps_c.dir/rosidl_typesupport_fastrtps_c/kansei_interfaces/msg/detail/orientation__type_support_c.cpp.o[0m
[23.808s] [ 76%] [32m[1mLinking CXX shared library libkansei_interfaces__rosidl_typesupport_fastrtps_c.so[0m
[23.949s] [ 76%] Built target kansei_interfaces__rosidl_typesupport_fastrtps_c
[23.974s] [35m[1mScanning dependencies of target kansei_interfaces[0m
[24.008s] [ 76%] Built target kansei_interfaces
[24.067s] [35m[1mScanning dependencies of target kansei_interfaces__py[0m
[24.098s] [ 78%] [34m[1mGenerating Python code for ROS interfaces[0m
[25.635s] [ 78%] Built target kansei_interfaces__py
[25.685s] [35m[1mScanning dependencies of target kansei_interfaces__python[0m
[25.776s] [ 80%] [32mBuilding C object CMakeFiles/kansei_interfaces__python.dir/rosidl_generator_py/kansei_interfaces/msg/_fallen_s.c.o[0m
[26.025s] [ 82%] [32mBuilding C object CMakeFiles/kansei_interfaces__python.dir/rosidl_generator_py/kansei_interfaces/msg/_unit_s.c.o[0m
[26.384s] [ 85%] [32mBuilding C object CMakeFiles/kansei_interfaces__python.dir/rosidl_generator_py/kansei_interfaces/msg/_orientation_s.c.o[0m
[26.652s] [ 87%] [32m[1mLinking C shared library rosidl_generator_py/kansei_interfaces/libkansei_interfaces__python.so[0m
[26.744s] [ 87%] Built target kansei_interfaces__python
[26.788s] [35m[1mScanning dependencies of target kansei_interfaces__rosidl_typesupport_fastrtps_c__pyext[0m
[26.857s] [ 89%] [32mBuilding C object CMakeFiles/kansei_interfaces__rosidl_typesupport_fastrtps_c__pyext.dir/rosidl_generator_py/kansei_interfaces/_kansei_interfaces_s.ep.rosidl_typesupport_fastrtps_c.c.o[0m
[27.103s] [ 91%] [32m[1mLinking CXX shared library rosidl_generator_py/kansei_interfaces/kansei_interfaces_s__rosidl_typesupport_fastrtps_c.cpython-38-x86_64-linux-gnu.so[0m
[27.299s] [ 91%] Built target kansei_interfaces__rosidl_typesupport_fastrtps_c__pyext
[27.348s] [35m[1mScanning dependencies of target kansei_interfaces__rosidl_typesupport_introspection_c__pyext[0m
[27.388s] [ 93%] [32mBuilding C object CMakeFiles/kansei_interfaces__rosidl_typesupport_introspection_c__pyext.dir/rosidl_generator_py/kansei_interfaces/_kansei_interfaces_s.ep.rosidl_typesupport_introspection_c.c.o[0m
[27.738s] [ 95%] [32m[1mLinking C shared library rosidl_generator_py/kansei_interfaces/kansei_interfaces_s__rosidl_typesupport_introspection_c.cpython-38-x86_64-linux-gnu.so[0m
[27.877s] [ 95%] Built target kansei_interfaces__rosidl_typesupport_introspection_c__pyext
[27.909s] [35m[1mScanning dependencies of target kansei_interfaces__rosidl_typesupport_c__pyext[0m
[27.941s] [ 97%] [32mBuilding C object CMakeFiles/kansei_interfaces__rosidl_typesupport_c__pyext.dir/rosidl_generator_py/kansei_interfaces/_kansei_interfaces_s.ep.rosidl_typesupport_c.c.o[0m
[28.157s] [100%] [32m[1mLinking C shared library rosidl_generator_py/kansei_interfaces/kansei_interfaces_s__rosidl_typesupport_c.cpython-38-x86_64-linux-gnu.so[0m
[28.303s] [100%] Built target kansei_interfaces__rosidl_typesupport_c__pyext
[28.369s] Invoked command in '/home/azriel19/Documents/File TA/File Simul ICHIRO/ros2_ws/build/kansei_interfaces' returned '0': CMAKE_PREFIX_PATH=/opt/ros/foxy /usr/bin/cmake --build /home/azriel19/Documents/File TA/File Simul ICHIRO/ros2_ws/build/kansei_interfaces -- -j4 -l4
[28.858s] Invoking command in '/home/azriel19/Documents/File TA/File Simul ICHIRO/ros2_ws/build/kansei_interfaces': CMAKE_PREFIX_PATH=/opt/ros/foxy /usr/bin/cmake --install /home/azriel19/Documents/File TA/File Simul ICHIRO/ros2_ws/build/kansei_interfaces
[28.874s] -- Install configuration: ""
[28.874s] -- Installing: /home/azriel19/Documents/File TA/File Simul ICHIRO/ros2_ws/install/kansei_interfaces/share/ament_index/resource_index/rosidl_interfaces/kansei_interfaces
[28.874s] -- Installing: /home/azriel19/Documents/File TA/File Simul ICHIRO/ros2_ws/install/kansei_interfaces/include/kansei_interfaces
[28.875s] -- Installing: /home/azriel19/Documents/File TA/File Simul ICHIRO/ros2_ws/install/kansei_interfaces/include/kansei_interfaces/msg
[28.875s] -- Installing: /home/azriel19/Documents/File TA/File Simul ICHIRO/ros2_ws/install/kansei_interfaces/include/kansei_interfaces/msg/fallen.h
[28.875s] -- Installing: /home/azriel19/Documents/File TA/File Simul ICHIRO/ros2_ws/install/kansei_interfaces/include/kansei_interfaces/msg/rosidl_generator_c__visibility_control.h
[28.875s] -- Installing: /home/azriel19/Documents/File TA/File Simul ICHIRO/ros2_ws/install/kansei_interfaces/include/kansei_interfaces/msg/orientation.h
[28.881s] -- Installing: /home/azriel19/Documents/File TA/File Simul ICHIRO/ros2_ws/install/kansei_interfaces/include/kansei_interfaces/msg/unit.h
[28.881s] -- Installing: /home/azriel19/Documents/File TA/File Simul ICHIRO/ros2_ws/install/kansei_interfaces/include/kansei_interfaces/msg/detail
[28.881s] -- Installing: /home/azriel19/Documents/File TA/File Simul ICHIRO/ros2_ws/install/kansei_interfaces/include/kansei_interfaces/msg/detail/orientation__struct.h
[28.885s] -- Installing: /home/azriel19/Documents/File TA/File Simul ICHIRO/ros2_ws/install/kansei_interfaces/include/kansei_interfaces/msg/detail/fallen__functions.h
[28.885s] -- Installing: /home/azriel19/Documents/File TA/File Simul ICHIRO/ros2_ws/install/kansei_interfaces/include/kansei_interfaces/msg/detail/unit__functions.c
[28.885s] -- Installing: /home/azriel19/Documents/File TA/File Simul ICHIRO/ros2_ws/install/kansei_interfaces/include/kansei_interfaces/msg/detail/unit__functions.h
[28.885s] -- Installing: /home/azriel19/Documents/File TA/File Simul ICHIRO/ros2_ws/install/kansei_interfaces/include/kansei_interfaces/msg/detail/orientation__functions.c
[28.885s] -- Installing: /home/azriel19/Documents/File TA/File Simul ICHIRO/ros2_ws/install/kansei_interfaces/include/kansei_interfaces/msg/detail/fallen__functions.c
[28.889s] -- Installing: /home/azriel19/Documents/File TA/File Simul ICHIRO/ros2_ws/install/kansei_interfaces/include/kansei_interfaces/msg/detail/unit__struct.h
[28.889s] -- Installing: /home/azriel19/Documents/File TA/File Simul ICHIRO/ros2_ws/install/kansei_interfaces/include/kansei_interfaces/msg/detail/unit__type_support.h
[28.901s] -- Installing: /home/azriel19/Documents/File TA/File Simul ICHIRO/ros2_ws/install/kansei_interfaces/include/kansei_interfaces/msg/detail/fallen__struct.h
[28.901s] -- Installing: /home/azriel19/Documents/File TA/File Simul ICHIRO/ros2_ws/install/kansei_interfaces/include/kansei_interfaces/msg/detail/fallen__type_support.h
[28.901s] -- Installing: /home/azriel19/Documents/File TA/File Simul ICHIRO/ros2_ws/install/kansei_interfaces/include/kansei_interfaces/msg/detail/orientation__type_support.h
[28.901s] -- Installing: /home/azriel19/Documents/File TA/File Simul ICHIRO/ros2_ws/install/kansei_interfaces/include/kansei_interfaces/msg/detail/orientation__functions.h
[28.901s] -- Installing: /home/azriel19/Documents/File TA/File Simul ICHIRO/ros2_ws/install/kansei_interfaces/share/kansei_interfaces/environment/library_path.sh
[28.901s] -- Installing: /home/azriel19/Documents/File TA/File Simul ICHIRO/ros2_ws/install/kansei_interfaces/share/kansei_interfaces/environment/library_path.dsv
[28.901s] -- Installing: /home/azriel19/Documents/File TA/File Simul ICHIRO/ros2_ws/install/kansei_interfaces/lib/libkansei_interfaces__rosidl_generator_c.so
[28.901s] -- Set runtime path of "/home/azriel19/Documents/File TA/File Simul ICHIRO/ros2_ws/install/kansei_interfaces/lib/libkansei_interfaces__rosidl_generator_c.so" to ""
[28.902s] -- Up-to-date: /home/azriel19/Documents/File TA/File Simul ICHIRO/ros2_ws/install/kansei_interfaces/include/kansei_interfaces
[28.902s] -- Up-to-date: /home/azriel19/Documents/File TA/File Simul ICHIRO/ros2_ws/install/kansei_interfaces/include/kansei_interfaces/msg
[28.902s] -- Installing: /home/azriel19/Documents/File TA/File Simul ICHIRO/ros2_ws/install/kansei_interfaces/include/kansei_interfaces/msg/rosidl_typesupport_fastrtps_c__visibility_control.h
[28.902s] -- Up-to-date: /home/azriel19/Documents/File TA/File Simul ICHIRO/ros2_ws/install/kansei_interfaces/include/kansei_interfaces/msg/detail
[28.902s] -- Installing: /home/azriel19/Documents/File TA/File Simul ICHIRO/ros2_ws/install/kansei_interfaces/include/kansei_interfaces/msg/detail/unit__rosidl_typesupport_fastrtps_c.h
[28.902s] -- Installing: /home/azriel19/Documents/File TA/File Simul ICHIRO/ros2_ws/install/kansei_interfaces/include/kansei_interfaces/msg/detail/orientation__rosidl_typesupport_fastrtps_c.h
[28.902s] -- Installing: /home/azriel19/Documents/File TA/File Simul ICHIRO/ros2_ws/install/kansei_interfaces/include/kansei_interfaces/msg/detail/fallen__rosidl_typesupport_fastrtps_c.h
[28.902s] -- Installing: /home/azriel19/Documents/File TA/File Simul ICHIRO/ros2_ws/install/kansei_interfaces/lib/libkansei_interfaces__rosidl_typesupport_fastrtps_c.so
[28.902s] -- Set runtime path of "/home/azriel19/Documents/File TA/File Simul ICHIRO/ros2_ws/install/kansei_interfaces/lib/libkansei_interfaces__rosidl_typesupport_fastrtps_c.so" to ""
[28.902s] -- Up-to-date: /home/azriel19/Documents/File TA/File Simul ICHIRO/ros2_ws/install/kansei_interfaces/include/kansei_interfaces
[28.902s] -- Up-to-date: /home/azriel19/Documents/File TA/File Simul ICHIRO/ros2_ws/install/kansei_interfaces/include/kansei_interfaces/msg
[28.903s] -- Installing: /home/azriel19/Documents/File TA/File Simul ICHIRO/ros2_ws/install/kansei_interfaces/include/kansei_interfaces/msg/rosidl_typesupport_fastrtps_cpp__visibility_control.h
[28.903s] -- Up-to-date: /home/azriel19/Documents/File TA/File Simul ICHIRO/ros2_ws/install/kansei_interfaces/include/kansei_interfaces/msg/detail
[28.903s] -- Installing: /home/azriel19/Documents/File TA/File Simul ICHIRO/ros2_ws/install/kansei_interfaces/include/kansei_interfaces/msg/detail/fallen__rosidl_typesupport_fastrtps_cpp.hpp
[28.903s] -- Installing: /home/azriel19/Documents/File TA/File Simul ICHIRO/ros2_ws/install/kansei_interfaces/include/kansei_interfaces/msg/detail/unit__rosidl_typesupport_fastrtps_cpp.hpp
[28.903s] -- Installing: /home/azriel19/Documents/File TA/File Simul ICHIRO/ros2_ws/install/kansei_interfaces/include/kansei_interfaces/msg/detail/orientation__rosidl_typesupport_fastrtps_cpp.hpp
[28.903s] -- Installing: /home/azriel19/Documents/File TA/File Simul ICHIRO/ros2_ws/install/kansei_interfaces/include/kansei_interfaces/msg/detail/dds_fastrtps
[28.903s] -- Installing: /home/azriel19/Documents/File TA/File Simul ICHIRO/ros2_ws/install/kansei_interfaces/lib/libkansei_interfaces__rosidl_typesupport_fastrtps_cpp.so
[28.903s] -- Set runtime path of "/home/azriel19/Documents/File TA/File Simul ICHIRO/ros2_ws/install/kansei_interfaces/lib/libkansei_interfaces__rosidl_typesupport_fastrtps_cpp.so" to ""
[28.903s] -- Up-to-date: /home/azriel19/Documents/File TA/File Simul ICHIRO/ros2_ws/install/kansei_interfaces/include/kansei_interfaces
[28.903s] -- Up-to-date: /home/azriel19/Documents/File TA/File Simul ICHIRO/ros2_ws/install/kansei_interfaces/include/kansei_interfaces/msg
[28.904s] -- Installing: /home/azriel19/Documents/File TA/File Simul ICHIRO/ros2_ws/install/kansei_interfaces/include/kansei_interfaces/msg/rosidl_typesupport_introspection_c__visibility_control.h
[28.904s] -- Up-to-date: /home/azriel19/Documents/File TA/File Simul ICHIRO/ros2_ws/install/kansei_interfaces/include/kansei_interfaces/msg/detail
[28.904s] -- Installing: /home/azriel19/Documents/File TA/File Simul ICHIRO/ros2_ws/install/kansei_interfaces/include/kansei_interfaces/msg/detail/orientation__rosidl_typesupport_introspection_c.h
[28.904s] -- Installing: /home/azriel19/Documents/File TA/File Simul ICHIRO/ros2_ws/install/kansei_interfaces/include/kansei_interfaces/msg/detail/orientation__type_support.c
[28.904s] -- Installing: /home/azriel19/Documents/File TA/File Simul ICHIRO/ros2_ws/install/kansei_interfaces/include/kansei_interfaces/msg/detail/fallen__type_support.c
[28.904s] -- Installing: /home/azriel19/Documents/File TA/File Simul ICHIRO/ros2_ws/install/kansei_interfaces/include/kansei_interfaces/msg/detail/unit__type_support.c
[28.904s] -- Installing: /home/azriel19/Documents/File TA/File Simul ICHIRO/ros2_ws/install/kansei_interfaces/include/kansei_interfaces/msg/detail/unit__rosidl_typesupport_introspection_c.h
[28.904s] -- Installing: /home/azriel19/Documents/File TA/File Simul ICHIRO/ros2_ws/install/kansei_interfaces/include/kansei_interfaces/msg/detail/fallen__rosidl_typesupport_introspection_c.h
[28.904s] -- Installing: /home/azriel19/Documents/File TA/File Simul ICHIRO/ros2_ws/install/kansei_interfaces/lib/libkansei_interfaces__rosidl_typesupport_introspection_c.so
[28.904s] -- Set runtime path of "/home/azriel19/Documents/File TA/File Simul ICHIRO/ros2_ws/install/kansei_interfaces/lib/libkansei_interfaces__rosidl_typesupport_introspection_c.so" to ""
[28.905s] -- Installing: /home/azriel19/Documents/File TA/File Simul ICHIRO/ros2_ws/install/kansei_interfaces/lib/libkansei_interfaces__rosidl_typesupport_c.so
[28.905s] -- Set runtime path of "/home/azriel19/Documents/File TA/File Simul ICHIRO/ros2_ws/install/kansei_interfaces/lib/libkansei_interfaces__rosidl_typesupport_c.so" to ""
[28.905s] -- Up-to-date: /home/azriel19/Documents/File TA/File Simul ICHIRO/ros2_ws/install/kansei_interfaces/include/kansei_interfaces
[28.905s] -- Up-to-date: /home/azriel19/Documents/File TA/File Simul ICHIRO/ros2_ws/install/kansei_interfaces/include/kansei_interfaces/msg
[28.905s] -- Installing: /home/azriel19/Documents/File TA/File Simul ICHIRO/ros2_ws/install/kansei_interfaces/include/kansei_interfaces/msg/fallen.hpp
[28.905s] -- Installing: /home/azriel19/Documents/File TA/File Simul ICHIRO/ros2_ws/install/kansei_interfaces/include/kansei_interfaces/msg/orientation.hpp
[28.905s] -- Installing: /home/azriel19/Documents/File TA/File Simul ICHIRO/ros2_ws/install/kansei_interfaces/include/kansei_interfaces/msg/unit.hpp
[28.905s] -- Up-to-date: /home/azriel19/Documents/File TA/File Simul ICHIRO/ros2_ws/install/kansei_interfaces/include/kansei_interfaces/msg/detail
[28.905s] -- Installing: /home/azriel19/Documents/File TA/File Simul ICHIRO/ros2_ws/install/kansei_interfaces/include/kansei_interfaces/msg/detail/unit__traits.hpp
[28.905s] -- Installing: /home/azriel19/Documents/File TA/File Simul ICHIRO/ros2_ws/install/kansei_interfaces/include/kansei_interfaces/msg/detail/unit__struct.hpp
[28.906s] -- Installing: /home/azriel19/Documents/File TA/File Simul ICHIRO/ros2_ws/install/kansei_interfaces/include/kansei_interfaces/msg/detail/fallen__builder.hpp
[28.906s] -- Installing: /home/azriel19/Documents/File TA/File Simul ICHIRO/ros2_ws/install/kansei_interfaces/include/kansei_interfaces/msg/detail/fallen__struct.hpp
[28.906s] -- Installing: /home/azriel19/Documents/File TA/File Simul ICHIRO/ros2_ws/install/kansei_interfaces/include/kansei_interfaces/msg/detail/orientation__traits.hpp
[28.906s] -- Installing: /home/azriel19/Documents/File TA/File Simul ICHIRO/ros2_ws/install/kansei_interfaces/include/kansei_interfaces/msg/detail/orientation__struct.hpp
[28.906s] -- Installing: /home/azriel19/Documents/File TA/File Simul ICHIRO/ros2_ws/install/kansei_interfaces/include/kansei_interfaces/msg/detail/fallen__traits.hpp
[28.906s] -- Installing: /home/azriel19/Documents/File TA/File Simul ICHIRO/ros2_ws/install/kansei_interfaces/include/kansei_interfaces/msg/detail/unit__builder.hpp
[28.906s] -- Installing: /home/azriel19/Documents/File TA/File Simul ICHIRO/ros2_ws/install/kansei_interfaces/include/kansei_interfaces/msg/detail/orientation__builder.hpp
[28.906s] -- Up-to-date: /home/azriel19/Documents/File TA/File Simul ICHIRO/ros2_ws/install/kansei_interfaces/include/kansei_interfaces
[28.906s] -- Up-to-date: /home/azriel19/Documents/File TA/File Simul ICHIRO/ros2_ws/install/kansei_interfaces/include/kansei_interfaces/msg
[28.906s] -- Up-to-date: /home/azriel19/Documents/File TA/File Simul ICHIRO/ros2_ws/install/kansei_interfaces/include/kansei_interfaces/msg/detail
[28.906s] -- Installing: /home/azriel19/Documents/File TA/File Simul ICHIRO/ros2_ws/install/kansei_interfaces/include/kansei_interfaces/msg/detail/orientation__rosidl_typesupport_introspection_cpp.hpp
[28.907s] -- Installing: /home/azriel19/Documents/File TA/File Simul ICHIRO/ros2_ws/install/kansei_interfaces/include/kansei_interfaces/msg/detail/unit__type_support.cpp
[28.907s] -- Installing: /home/azriel19/Documents/File TA/File Simul ICHIRO/ros2_ws/install/kansei_interfaces/include/kansei_interfaces/msg/detail/unit__rosidl_typesupport_introspection_cpp.hpp
[28.907s] -- Installing: /home/azriel19/Documents/File TA/File Simul ICHIRO/ros2_ws/install/kansei_interfaces/include/kansei_interfaces/msg/detail/fallen__type_support.cpp
[28.907s] -- Installing: /home/azriel19/Documents/File TA/File Simul ICHIRO/ros2_ws/install/kansei_interfaces/include/kansei_interfaces/msg/detail/fallen__rosidl_typesupport_introspection_cpp.hpp
[28.907s] -- Installing: /home/azriel19/Documents/File TA/File Simul ICHIRO/ros2_ws/install/kansei_interfaces/include/kansei_interfaces/msg/detail/orientation__type_support.cpp
[28.907s] -- Installing: /home/azriel19/Documents/File TA/File Simul ICHIRO/ros2_ws/install/kansei_interfaces/lib/libkansei_interfaces__rosidl_typesupport_introspection_cpp.so
[28.907s] -- Set runtime path of "/home/azriel19/Documents/File TA/File Simul ICHIRO/ros2_ws/install/kansei_interfaces/lib/libkansei_interfaces__rosidl_typesupport_introspection_cpp.so" to ""
[28.907s] -- Installing: /home/azriel19/Documents/File TA/File Simul ICHIRO/ros2_ws/install/kansei_interfaces/lib/libkansei_interfaces__rosidl_typesupport_cpp.so
[28.908s] -- Set runtime path of "/home/azriel19/Documents/File TA/File Simul ICHIRO/ros2_ws/install/kansei_interfaces/lib/libkansei_interfaces__rosidl_typesupport_cpp.so" to ""
[28.908s] -- Installing: /home/azriel19/Documents/File TA/File Simul ICHIRO/ros2_ws/install/kansei_interfaces/share/kansei_interfaces/environment/pythonpath.sh
[28.908s] -- Installing: /home/azriel19/Documents/File TA/File Simul ICHIRO/ros2_ws/install/kansei_interfaces/share/kansei_interfaces/environment/pythonpath.dsv
[28.908s] -- Installing: /home/azriel19/Documents/File TA/File Simul ICHIRO/ros2_ws/install/kansei_interfaces/lib/python3.8/site-packages/kansei_interfaces/__init__.py
[28.950s] Compiling '/home/azriel19/Documents/File TA/File Simul ICHIRO/ros2_ws/install/kansei_interfaces/lib/python3.8/site-packages/kansei_interfaces/__init__.py'...
[28.964s] -- Installing: /home/azriel19/Documents/File TA/File Simul ICHIRO/ros2_ws/install/kansei_interfaces/lib/python3.8/site-packages/kansei_interfaces/msg
[28.964s] -- Installing: /home/azriel19/Documents/File TA/File Simul ICHIRO/ros2_ws/install/kansei_interfaces/lib/python3.8/site-packages/kansei_interfaces/msg/_fallen.py
[28.964s] -- Installing: /home/azriel19/Documents/File TA/File Simul ICHIRO/ros2_ws/install/kansei_interfaces/lib/python3.8/site-packages/kansei_interfaces/msg/_orientation.py
[28.965s] -- Installing: /home/azriel19/Documents/File TA/File Simul ICHIRO/ros2_ws/install/kansei_interfaces/lib/python3.8/site-packages/kansei_interfaces/msg/_orientation_s.c
[28.965s] -- Installing: /home/azriel19/Documents/File TA/File Simul ICHIRO/ros2_ws/install/kansei_interfaces/lib/python3.8/site-packages/kansei_interfaces/msg/__init__.py
[28.965s] -- Installing: /home/azriel19/Documents/File TA/File Simul ICHIRO/ros2_ws/install/kansei_interfaces/lib/python3.8/site-packages/kansei_interfaces/msg/_unit.py
[28.965s] -- Installing: /home/azriel19/Documents/File TA/File Simul ICHIRO/ros2_ws/install/kansei_interfaces/lib/python3.8/site-packages/kansei_interfaces/msg/_fallen_s.c
[28.965s] -- Installing: /home/azriel19/Documents/File TA/File Simul ICHIRO/ros2_ws/install/kansei_interfaces/lib/python3.8/site-packages/kansei_interfaces/msg/_unit_s.c
[28.965s] -- Installing: /home/azriel19/Documents/File TA/File Simul ICHIRO/ros2_ws/install/kansei_interfaces/lib/python3.8/site-packages/kansei_interfaces/kansei_interfaces_s__rosidl_typesupport_fastrtps_c.cpython-38-x86_64-linux-gnu.so
[28.966s] -- Set runtime path of "/home/azriel19/Documents/File TA/File Simul ICHIRO/ros2_ws/install/kansei_interfaces/lib/python3.8/site-packages/kansei_interfaces/kansei_interfaces_s__rosidl_typesupport_fastrtps_c.cpython-38-x86_64-linux-gnu.so" to ""
[28.966s] -- Installing: /home/azriel19/Documents/File TA/File Simul ICHIRO/ros2_ws/install/kansei_interfaces/lib/python3.8/site-packages/kansei_interfaces/kansei_interfaces_s__rosidl_typesupport_introspection_c.cpython-38-x86_64-linux-gnu.so
[28.966s] -- Set runtime path of "/home/azriel19/Documents/File TA/File Simul ICHIRO/ros2_ws/install/kansei_interfaces/lib/python3.8/site-packages/kansei_interfaces/kansei_interfaces_s__rosidl_typesupport_introspection_c.cpython-38-x86_64-linux-gnu.so" to ""
[28.966s] -- Installing: /home/azriel19/Documents/File TA/File Simul ICHIRO/ros2_ws/install/kansei_interfaces/lib/python3.8/site-packages/kansei_interfaces/kansei_interfaces_s__rosidl_typesupport_c.cpython-38-x86_64-linux-gnu.so
[28.966s] -- Set runtime path of "/home/azriel19/Documents/File TA/File Simul ICHIRO/ros2_ws/install/kansei_interfaces/lib/python3.8/site-packages/kansei_interfaces/kansei_interfaces_s__rosidl_typesupport_c.cpython-38-x86_64-linux-gnu.so" to ""
[28.966s] -- Installing: /home/azriel19/Documents/File TA/File Simul ICHIRO/ros2_ws/install/kansei_interfaces/lib/libkansei_interfaces__python.so
[28.967s] -- Set runtime path of "/home/azriel19/Documents/File TA/File Simul ICHIRO/ros2_ws/install/kansei_interfaces/lib/libkansei_interfaces__python.so" to ""
[28.967s] -- Installing: /home/azriel19/Documents/File TA/File Simul ICHIRO/ros2_ws/install/kansei_interfaces/share/kansei_interfaces/msg/Fallen.idl
[28.967s] -- Installing: /home/azriel19/Documents/File TA/File Simul ICHIRO/ros2_ws/install/kansei_interfaces/share/kansei_interfaces/msg/Orientation.idl
[28.967s] -- Installing: /home/azriel19/Documents/File TA/File Simul ICHIRO/ros2_ws/install/kansei_interfaces/share/kansei_interfaces/msg/Unit.idl
[28.968s] -- Installing: /home/azriel19/Documents/File TA/File Simul ICHIRO/ros2_ws/install/kansei_interfaces/share/kansei_interfaces/msg/Fallen.msg
[28.968s] -- Installing: /home/azriel19/Documents/File TA/File Simul ICHIRO/ros2_ws/install/kansei_interfaces/share/kansei_interfaces/msg/Orientation.msg
[28.968s] -- Installing: /home/azriel19/Documents/File TA/File Simul ICHIRO/ros2_ws/install/kansei_interfaces/share/kansei_interfaces/msg/Unit.msg
[28.968s] -- Installing: /home/azriel19/Documents/File TA/File Simul ICHIRO/ros2_ws/install/kansei_interfaces/share/ament_index/resource_index/package_run_dependencies/kansei_interfaces
[28.969s] -- Installing: /home/azriel19/Documents/File TA/File Simul ICHIRO/ros2_ws/install/kansei_interfaces/share/ament_index/resource_index/parent_prefix_path/kansei_interfaces
[28.981s] -- Installing: /home/azriel19/Documents/File TA/File Simul ICHIRO/ros2_ws/install/kansei_interfaces/share/kansei_interfaces/environment/ament_prefix_path.sh
[28.981s] -- Installing: /home/azriel19/Documents/File TA/File Simul ICHIRO/ros2_ws/install/kansei_interfaces/share/kansei_interfaces/environment/ament_prefix_path.dsv
[28.981s] -- Installing: /home/azriel19/Documents/File TA/File Simul ICHIRO/ros2_ws/install/kansei_interfaces/share/kansei_interfaces/environment/path.sh
[28.982s] -- Installing: /home/azriel19/Documents/File TA/File Simul ICHIRO/ros2_ws/install/kansei_interfaces/share/kansei_interfaces/environment/path.dsv
[28.982s] -- Installing: /home/azriel19/Documents/File TA/File Simul ICHIRO/ros2_ws/install/kansei_interfaces/share/kansei_interfaces/local_setup.bash
[28.982s] -- Installing: /home/azriel19/Documents/File TA/File Simul ICHIRO/ros2_ws/install/kansei_interfaces/share/kansei_interfaces/local_setup.sh
[28.982s] -- Installing: /home/azriel19/Documents/File TA/File Simul ICHIRO/ros2_ws/install/kansei_interfaces/share/kansei_interfaces/local_setup.zsh
[28.982s] -- Installing: /home/azriel19/Documents/File TA/File Simul ICHIRO/ros2_ws/install/kansei_interfaces/share/kansei_interfaces/local_setup.dsv
[28.983s] -- Installing: /home/azriel19/Documents/File TA/File Simul ICHIRO/ros2_ws/install/kansei_interfaces/share/kansei_interfaces/package.dsv
[28.983s] -- Installing: /home/azriel19/Documents/File TA/File Simul ICHIRO/ros2_ws/install/kansei_interfaces/share/ament_index/resource_index/packages/kansei_interfaces
[28.983s] -- Installing: /home/azriel19/Documents/File TA/File Simul ICHIRO/ros2_ws/install/kansei_interfaces/share/kansei_interfaces/cmake/kansei_interfaces__rosidl_generator_cExport.cmake
[28.983s] -- Installing: /home/azriel19/Documents/File TA/File Simul ICHIRO/ros2_ws/install/kansei_interfaces/share/kansei_interfaces/cmake/kansei_interfaces__rosidl_generator_cExport-noconfig.cmake
[28.984s] -- Installing: /home/azriel19/Documents/File TA/File Simul ICHIRO/ros2_ws/install/kansei_interfaces/share/kansei_interfaces/cmake/kansei_interfaces__rosidl_typesupport_introspection_cExport.cmake
[28.984s] -- Installing: /home/azriel19/Documents/File TA/File Simul ICHIRO/ros2_ws/install/kansei_interfaces/share/kansei_interfaces/cmake/kansei_interfaces__rosidl_typesupport_introspection_cExport-noconfig.cmake
[28.984s] -- Installing: /home/azriel19/Documents/File TA/File Simul ICHIRO/ros2_ws/install/kansei_interfaces/share/kansei_interfaces/cmake/kansei_interfaces__rosidl_typesupport_cExport.cmake
[28.984s] -- Installing: /home/azriel19/Documents/File TA/File Simul ICHIRO/ros2_ws/install/kansei_interfaces/share/kansei_interfaces/cmake/kansei_interfaces__rosidl_typesupport_cExport-noconfig.cmake
[28.998s] -- Installing: /home/azriel19/Documents/File TA/File Simul ICHIRO/ros2_ws/install/kansei_interfaces/share/kansei_interfaces/cmake/kansei_interfaces__rosidl_generator_cppExport.cmake
[29.003s] -- Installing: /home/azriel19/Documents/File TA/File Simul ICHIRO/ros2_ws/install/kansei_interfaces/share/kansei_interfaces/cmake/kansei_interfaces__rosidl_typesupport_introspection_cppExport.cmake
[29.004s] -- Installing: /home/azriel19/Documents/File TA/File Simul ICHIRO/ros2_ws/install/kansei_interfaces/share/kansei_interfaces/cmake/kansei_interfaces__rosidl_typesupport_introspection_cppExport-noconfig.cmake
[29.004s] -- Installing: /home/azriel19/Documents/File TA/File Simul ICHIRO/ros2_ws/install/kansei_interfaces/share/kansei_interfaces/cmake/kansei_interfaces__rosidl_typesupport_cppExport.cmake
[29.004s] -- Installing: /home/azriel19/Documents/File TA/File Simul ICHIRO/ros2_ws/install/kansei_interfaces/share/kansei_interfaces/cmake/kansei_interfaces__rosidl_typesupport_cppExport-noconfig.cmake
[29.004s] -- Installing: /home/azriel19/Documents/File TA/File Simul ICHIRO/ros2_ws/install/kansei_interfaces/share/kansei_interfaces/cmake/rosidl_cmake-extras.cmake
[29.005s] -- Installing: /home/azriel19/Documents/File TA/File Simul ICHIRO/ros2_ws/install/kansei_interfaces/share/kansei_interfaces/cmake/ament_cmake_export_dependencies-extras.cmake
[29.005s] -- Installing: /home/azriel19/Documents/File TA/File Simul ICHIRO/ros2_ws/install/kansei_interfaces/share/kansei_interfaces/cmake/ament_cmake_export_libraries-extras.cmake
[29.006s] -- Installing: /home/azriel19/Documents/File TA/File Simul ICHIRO/ros2_ws/install/kansei_interfaces/share/kansei_interfaces/cmake/ament_cmake_export_targets-extras.cmake
[29.006s] -- Installing: /home/azriel19/Documents/File TA/File Simul ICHIRO/ros2_ws/install/kansei_interfaces/share/kansei_interfaces/cmake/ament_cmake_export_include_directories-extras.cmake
[29.006s] -- Installing: /home/azriel19/Documents/File TA/File Simul ICHIRO/ros2_ws/install/kansei_interfaces/share/kansei_interfaces/cmake/rosidl_cmake_export_typesupport_libraries-extras.cmake
[29.006s] -- Installing: /home/azriel19/Documents/File TA/File Simul ICHIRO/ros2_ws/install/kansei_interfaces/share/kansei_interfaces/cmake/rosidl_cmake_export_typesupport_targets-extras.cmake
[29.006s] -- Installing: /home/azriel19/Documents/File TA/File Simul ICHIRO/ros2_ws/install/kansei_interfaces/share/kansei_interfaces/cmake/kansei_interfacesConfig.cmake
[29.006s] -- Installing: /home/azriel19/Documents/File TA/File Simul ICHIRO/ros2_ws/install/kansei_interfaces/share/kansei_interfaces/cmake/kansei_interfacesConfig-version.cmake
[29.006s] -- Installing: /home/azriel19/Documents/File TA/File Simul ICHIRO/ros2_ws/install/kansei_interfaces/share/kansei_interfaces/package.xml
[29.039s] Invoked command in '/home/azriel19/Documents/File TA/File Simul ICHIRO/ros2_ws/build/kansei_interfaces' returned '0': CMAKE_PREFIX_PATH=/opt/ros/foxy /usr/bin/cmake --install /home/azriel19/Documents/File TA/File Simul ICHIRO/ros2_ws/build/kansei_interfaces
