[0.015s] Invoking command in '/home/azriel19/Documents/File TA/File Simul ICHIRO/ros2_ws/build/robocup_client': AMENT_PREFIX_PATH=/home/azriel19/Documents/File TA/File Simul ICHIRO/ros2_ws/install/musen:/home/azriel19/Documents/File TA/File Simul ICHIRO/ros2_ws/install/keisan:${AMENT_PREFIX_PATH} CMAKE_PREFIX_PATH=/home/azriel19/Documents/File TA/File Simul ICHIRO/ros2_ws/install/musen:/home/azriel19/Documents/File TA/File Simul ICHIRO/ros2_ws/install/keisan:/opt/ros/foxy LD_LIBRARY_PATH=/home/azriel19/Documents/File TA/File Simul ICHIRO/ros2_ws/install/musen/lib:/home/azriel19/Documents/File TA/File Simul ICHIRO/ros2_ws/install/keisan/lib:${LD_LIBRARY_PATH} /usr/bin/cmake /home/azriel19/Documents/File TA/File Simul ICHIRO/ros2_ws/src/robocup_client -DCMAKE_INSTALL_PREFIX=/home/azriel19/Documents/File TA/File Simul ICHIRO/ros2_ws/install/robocup_client
[0.089s] -- The C compiler identification is GNU 9.4.0
[0.164s] -- The CXX compiler identification is GNU 9.4.0
[0.168s] -- Check for working C compiler: /usr/bin/cc
[0.263s] -- Check for working C compiler: /usr/bin/cc -- works
[0.265s] -- Detecting C compiler ABI info
[0.361s] -- Detecting C compiler ABI info - done
[0.378s] -- Detecting C compile features
[0.378s] -- Detecting C compile features - done
[0.381s] -- Check for working CXX compiler: /usr/bin/c++
[0.478s] -- Check for working CXX compiler: /usr/bin/c++ -- works
[0.479s] -- Detecting CXX compiler ABI info
[0.585s] -- Detecting CXX compiler ABI info - done
[0.607s] -- Detecting CXX compile features
[0.608s] -- Detecting CXX compile features - done
[0.611s] -- Found ament_cmake: 0.9.9 (/opt/ros/foxy/share/ament_cmake/cmake)
[0.642s] -- Found PythonInterp: /usr/bin/python3 (found suitable version "3.8.10", minimum required is "3") 
[0.642s] -- Using PYTHON_EXECUTABLE: /usr/bin/python3
[0.928s] -- Found keisan: 0.3.0 (/home/azriel19/Documents/File TA/File Simul ICHIRO/ros2_ws/install/keisan/share/keisan/cmake)
[0.933s] -- Found musen: 1.1.0 (/home/azriel19/Documents/File TA/File Simul ICHIRO/ros2_ws/install/musen/share/musen/cmake)
[0.936s] -- Found rclcpp: 2.4.1 (/opt/ros/foxy/share/rclcpp/cmake)
[0.988s] -- Using all available rosidl_typesupport_c: rosidl_typesupport_fastrtps_c;rosidl_typesupport_introspection_c
[0.997s] -- Found rosidl_adapter: 1.2.1 (/opt/ros/foxy/share/rosidl_adapter/cmake)
[1.098s] -- Found OpenSSL: /usr/lib/x86_64-linux-gnu/libcrypto.so (found version "1.1.1f")  
[1.137s] -- Found FastRTPS: /opt/ros/foxy/include  
[1.235s] -- Using all available rosidl_typesupport_cpp: rosidl_typesupport_fastrtps_cpp;rosidl_typesupport_introspection_cpp
[1.299s] -- Found rmw_implementation_cmake: 1.0.3 (/opt/ros/foxy/share/rmw_implementation_cmake/cmake)
[1.300s] -- Using RMW implementation 'rmw_fastrtps_cpp' as default
[1.301s] -- Looking for pthread.h
[1.401s] -- Looking for pthread.h - found
[1.402s] -- Performing Test CMAKE_HAVE_LIBC_PTHREAD
[1.490s] -- Performing Test CMAKE_HAVE_LIBC_PTHREAD - Failed
[1.490s] -- Looking for pthread_create in pthreads
[1.565s] -- Looking for pthread_create in pthreads - not found
[1.567s] -- Looking for pthread_create in pthread
[1.656s] -- Looking for pthread_create in pthread - found
[1.657s] -- Found Threads: TRUE  
[1.868s] -- Found Protobuf: /usr/lib/x86_64-linux-gnu/libprotobuf.so;-lpthread (found version "3.6.1") 
[1.872s] -- Found ament_lint_auto: 0.9.6 (/opt/ros/foxy/share/ament_lint_auto/cmake)
[1.990s] -- Added test 'copyright' to check source files copyright and LICENSE
[1.994s] -- Added test 'cppcheck' to perform static code analysis on C / C++ code
[1.994s] -- Configured cppcheck include dirs: $<BUILD_INTERFACE:/home/azriel19/Documents/File TA/File Simul ICHIRO/ros2_ws/src/robocup_client/include>
[1.995s] -- Configured cppcheck exclude dirs and/or files: 
[1.998s] -- Added test 'cpplint' to check C / C++ code against the Google style
[1.999s] -- Configured cpplint exclude dirs and/or files: 
[2.001s] -- Added test 'lint_cmake' to check CMake code style
[2.005s] -- Added test 'uncrustify' to check C / C++ code style
[2.005s] -- Configured uncrustify additional arguments: 
[2.007s] -- Added test 'xmllint' to check XML markup files
[2.012s] -- Configuring done
[2.026s] -- Generating done
[2.028s] -- Build files have been written to: /home/azriel19/Documents/File TA/File Simul ICHIRO/ros2_ws/build/robocup_client
[2.038s] Invoked command in '/home/azriel19/Documents/File TA/File Simul ICHIRO/ros2_ws/build/robocup_client' returned '0': AMENT_PREFIX_PATH=/home/azriel19/Documents/File TA/File Simul ICHIRO/ros2_ws/install/musen:/home/azriel19/Documents/File TA/File Simul ICHIRO/ros2_ws/install/keisan:${AMENT_PREFIX_PATH} CMAKE_PREFIX_PATH=/home/azriel19/Documents/File TA/File Simul ICHIRO/ros2_ws/install/musen:/home/azriel19/Documents/File TA/File Simul ICHIRO/ros2_ws/install/keisan:/opt/ros/foxy LD_LIBRARY_PATH=/home/azriel19/Documents/File TA/File Simul ICHIRO/ros2_ws/install/musen/lib:/home/azriel19/Documents/File TA/File Simul ICHIRO/ros2_ws/install/keisan/lib:${LD_LIBRARY_PATH} /usr/bin/cmake /home/azriel19/Documents/File TA/File Simul ICHIRO/ros2_ws/src/robocup_client -DCMAKE_INSTALL_PREFIX=/home/azriel19/Documents/File TA/File Simul ICHIRO/ros2_ws/install/robocup_client
[2.047s] Invoking command in '/home/azriel19/Documents/File TA/File Simul ICHIRO/ros2_ws/build/robocup_client': AMENT_PREFIX_PATH=/home/azriel19/Documents/File TA/File Simul ICHIRO/ros2_ws/install/musen:/home/azriel19/Documents/File TA/File Simul ICHIRO/ros2_ws/install/keisan:${AMENT_PREFIX_PATH} CMAKE_PREFIX_PATH=/home/azriel19/Documents/File TA/File Simul ICHIRO/ros2_ws/install/musen:/home/azriel19/Documents/File TA/File Simul ICHIRO/ros2_ws/install/keisan:/opt/ros/foxy LD_LIBRARY_PATH=/home/azriel19/Documents/File TA/File Simul ICHIRO/ros2_ws/install/musen/lib:/home/azriel19/Documents/File TA/File Simul ICHIRO/ros2_ws/install/keisan/lib:${LD_LIBRARY_PATH} /usr/bin/cmake --build /home/azriel19/Documents/File TA/File Simul ICHIRO/ros2_ws/build/robocup_client -- -j4 -l4
[2.095s] [ 12%] [34m[1mRunning cpp protocol buffer compiler on include/robocup_client/messages.proto[0m
[2.127s] [35m[1mScanning dependencies of target robocup_client[0m
[2.155s] [ 25%] [32mBuilding CXX object CMakeFiles/robocup_client.dir/examples/client.cpp.o[0m
[3.546s] [ 37%] [32mBuilding CXX object CMakeFiles/robocup_client.dir/messages.pb.cc.o[0m
[6.312s] [ 50%] [32mBuilding CXX object CMakeFiles/robocup_client.dir/src/robocup_client/message_handler.cpp.o[0m
[8.762s] [ 62%] [32mBuilding CXX object CMakeFiles/robocup_client.dir/src/robocup_client/robot_client.cpp.o[0m
[10.203s] [ 75%] [32m[1mLinking CXX shared library librobocup_client.so[0m
[10.429s] [ 75%] Built target robocup_client
[10.441s] [35m[1mScanning dependencies of target client[0m
[10.460s] [ 87%] [32mBuilding CXX object CMakeFiles/client.dir/examples/client.cpp.o[0m
[11.743s] [100%] [32m[1mLinking CXX executable client[0m
[11.894s] [100%] Built target client
[11.914s] Invoked command in '/home/azriel19/Documents/File TA/File Simul ICHIRO/ros2_ws/build/robocup_client' returned '0': AMENT_PREFIX_PATH=/home/azriel19/Documents/File TA/File Simul ICHIRO/ros2_ws/install/musen:/home/azriel19/Documents/File TA/File Simul ICHIRO/ros2_ws/install/keisan:${AMENT_PREFIX_PATH} CMAKE_PREFIX_PATH=/home/azriel19/Documents/File TA/File Simul ICHIRO/ros2_ws/install/musen:/home/azriel19/Documents/File TA/File Simul ICHIRO/ros2_ws/install/keisan:/opt/ros/foxy LD_LIBRARY_PATH=/home/azriel19/Documents/File TA/File Simul ICHIRO/ros2_ws/install/musen/lib:/home/azriel19/Documents/File TA/File Simul ICHIRO/ros2_ws/install/keisan/lib:${LD_LIBRARY_PATH} /usr/bin/cmake --build /home/azriel19/Documents/File TA/File Simul ICHIRO/ros2_ws/build/robocup_client -- -j4 -l4
[11.950s] Invoking command in '/home/azriel19/Documents/File TA/File Simul ICHIRO/ros2_ws/build/robocup_client': AMENT_PREFIX_PATH=/home/azriel19/Documents/File TA/File Simul ICHIRO/ros2_ws/install/musen:/home/azriel19/Documents/File TA/File Simul ICHIRO/ros2_ws/install/keisan:${AMENT_PREFIX_PATH} CMAKE_PREFIX_PATH=/home/azriel19/Documents/File TA/File Simul ICHIRO/ros2_ws/install/musen:/home/azriel19/Documents/File TA/File Simul ICHIRO/ros2_ws/install/keisan:/opt/ros/foxy LD_LIBRARY_PATH=/home/azriel19/Documents/File TA/File Simul ICHIRO/ros2_ws/install/musen/lib:/home/azriel19/Documents/File TA/File Simul ICHIRO/ros2_ws/install/keisan/lib:${LD_LIBRARY_PATH} /usr/bin/cmake --install /home/azriel19/Documents/File TA/File Simul ICHIRO/ros2_ws/build/robocup_client
[11.962s] -- Install configuration: ""
[11.962s] -- Installing: /home/azriel19/Documents/File TA/File Simul ICHIRO/ros2_ws/install/robocup_client/./include
[11.962s] -- Installing: /home/azriel19/Documents/File TA/File Simul ICHIRO/ros2_ws/install/robocup_client/./include/robocup_client
[11.962s] -- Installing: /home/azriel19/Documents/File TA/File Simul ICHIRO/ros2_ws/install/robocup_client/./include/robocup_client/message_handler.hpp
[11.962s] -- Installing: /home/azriel19/Documents/File TA/File Simul ICHIRO/ros2_ws/install/robocup_client/./include/robocup_client/messages.proto
[11.962s] -- Installing: /home/azriel19/Documents/File TA/File Simul ICHIRO/ros2_ws/install/robocup_client/./include/robocup_client/robot_client.hpp
[11.963s] -- Installing: /home/azriel19/Documents/File TA/File Simul ICHIRO/ros2_ws/install/robocup_client/./include/robocup_client/robocup_client.hpp
[11.963s] -- Installing: /home/azriel19/Documents/File TA/File Simul ICHIRO/ros2_ws/install/robocup_client/include/robocup_client/messages.pb.h
[11.963s] -- Installing: /home/azriel19/Documents/File TA/File Simul ICHIRO/ros2_ws/install/robocup_client/lib/librobocup_client.so
[11.963s] -- Set runtime path of "/home/azriel19/Documents/File TA/File Simul ICHIRO/ros2_ws/install/robocup_client/lib/librobocup_client.so" to ""
[11.963s] -- Installing: /home/azriel19/Documents/File TA/File Simul ICHIRO/ros2_ws/install/robocup_client/lib/robocup_client/client
[11.963s] -- Set runtime path of "/home/azriel19/Documents/File TA/File Simul ICHIRO/ros2_ws/install/robocup_client/lib/robocup_client/client" to ""
[11.963s] -- Installing: /home/azriel19/Documents/File TA/File Simul ICHIRO/ros2_ws/install/robocup_client/share/robocup_client/environment/library_path.sh
[11.964s] -- Installing: /home/azriel19/Documents/File TA/File Simul ICHIRO/ros2_ws/install/robocup_client/share/robocup_client/environment/library_path.dsv
[11.964s] -- Installing: /home/azriel19/Documents/File TA/File Simul ICHIRO/ros2_ws/install/robocup_client/share/ament_index/resource_index/package_run_dependencies/robocup_client
[11.964s] -- Installing: /home/azriel19/Documents/File TA/File Simul ICHIRO/ros2_ws/install/robocup_client/share/ament_index/resource_index/parent_prefix_path/robocup_client
[11.964s] -- Installing: /home/azriel19/Documents/File TA/File Simul ICHIRO/ros2_ws/install/robocup_client/share/robocup_client/environment/ament_prefix_path.sh
[11.964s] -- Installing: /home/azriel19/Documents/File TA/File Simul ICHIRO/ros2_ws/install/robocup_client/share/robocup_client/environment/ament_prefix_path.dsv
[11.964s] -- Installing: /home/azriel19/Documents/File TA/File Simul ICHIRO/ros2_ws/install/robocup_client/share/robocup_client/environment/path.sh
[11.964s] -- Installing: /home/azriel19/Documents/File TA/File Simul ICHIRO/ros2_ws/install/robocup_client/share/robocup_client/environment/path.dsv
[11.965s] -- Installing: /home/azriel19/Documents/File TA/File Simul ICHIRO/ros2_ws/install/robocup_client/share/robocup_client/local_setup.bash
[11.965s] -- Installing: /home/azriel19/Documents/File TA/File Simul ICHIRO/ros2_ws/install/robocup_client/share/robocup_client/local_setup.sh
[11.965s] -- Installing: /home/azriel19/Documents/File TA/File Simul ICHIRO/ros2_ws/install/robocup_client/share/robocup_client/local_setup.zsh
[11.965s] -- Installing: /home/azriel19/Documents/File TA/File Simul ICHIRO/ros2_ws/install/robocup_client/share/robocup_client/local_setup.dsv
[11.965s] -- Installing: /home/azriel19/Documents/File TA/File Simul ICHIRO/ros2_ws/install/robocup_client/share/robocup_client/package.dsv
[11.965s] -- Installing: /home/azriel19/Documents/File TA/File Simul ICHIRO/ros2_ws/install/robocup_client/share/ament_index/resource_index/packages/robocup_client
[11.966s] -- Installing: /home/azriel19/Documents/File TA/File Simul ICHIRO/ros2_ws/install/robocup_client/share/robocup_client/cmake/ament_cmake_export_dependencies-extras.cmake
[11.966s] -- Installing: /home/azriel19/Documents/File TA/File Simul ICHIRO/ros2_ws/install/robocup_client/share/robocup_client/cmake/ament_cmake_export_include_directories-extras.cmake
[11.966s] -- Installing: /home/azriel19/Documents/File TA/File Simul ICHIRO/ros2_ws/install/robocup_client/share/robocup_client/cmake/ament_cmake_export_libraries-extras.cmake
[11.966s] -- Installing: /home/azriel19/Documents/File TA/File Simul ICHIRO/ros2_ws/install/robocup_client/share/robocup_client/cmake/robocup_clientConfig.cmake
[11.966s] -- Installing: /home/azriel19/Documents/File TA/File Simul ICHIRO/ros2_ws/install/robocup_client/share/robocup_client/cmake/robocup_clientConfig-version.cmake
[11.966s] -- Installing: /home/azriel19/Documents/File TA/File Simul ICHIRO/ros2_ws/install/robocup_client/share/robocup_client/package.xml
[11.970s] Invoked command in '/home/azriel19/Documents/File TA/File Simul ICHIRO/ros2_ws/build/robocup_client' returned '0': AMENT_PREFIX_PATH=/home/azriel19/Documents/File TA/File Simul ICHIRO/ros2_ws/install/musen:/home/azriel19/Documents/File TA/File Simul ICHIRO/ros2_ws/install/keisan:${AMENT_PREFIX_PATH} CMAKE_PREFIX_PATH=/home/azriel19/Documents/File TA/File Simul ICHIRO/ros2_ws/install/musen:/home/azriel19/Documents/File TA/File Simul ICHIRO/ros2_ws/install/keisan:/opt/ros/foxy LD_LIBRARY_PATH=/home/azriel19/Documents/File TA/File Simul ICHIRO/ros2_ws/install/musen/lib:/home/azriel19/Documents/File TA/File Simul ICHIRO/ros2_ws/install/keisan/lib:${LD_LIBRARY_PATH} /usr/bin/cmake --install /home/azriel19/Documents/File TA/File Simul ICHIRO/ros2_ws/build/robocup_client
