[0.027s] Invoking command in '/home/azriel19/Documents/File TA/File Simul ICHIRO/ros2_ws/build/tachimawari_interfaces': CMAKE_PREFIX_PATH=/opt/ros/foxy /usr/bin/cmake /home/azriel19/Documents/File TA/File Simul ICHIRO/ros2_ws/src/tachimawari_interfaces -DCMAKE_INSTALL_PREFIX=/home/azriel19/Documents/File TA/File Simul ICHIRO/ros2_ws/install/tachimawari_interfaces
[0.109s] -- The C compiler identification is GNU 9.4.0
[0.210s] -- The CXX compiler identification is GNU 9.4.0
[0.216s] -- Check for working C compiler: /usr/bin/cc
[0.346s] -- Check for working C compiler: /usr/bin/cc -- works
[0.347s] -- Detecting C compiler ABI info
[0.480s] -- Detecting C compiler ABI info - done
[0.492s] -- Detecting C compile features
[0.492s] -- Detecting C compile features - done
[0.495s] -- Check for working CXX compiler: /usr/bin/c++
[0.635s] -- Check for working CXX compiler: /usr/bin/c++ -- works
[0.635s] -- Detecting CXX compiler ABI info
[0.780s] -- Detecting CXX compiler ABI info - done
[0.801s] -- Detecting CXX compile features
[0.802s] -- Detecting CXX compile features - done
[0.806s] -- Found ament_cmake: 0.9.9 (/opt/ros/foxy/share/ament_cmake/cmake)
[0.844s] -- Found PythonInterp: /usr/bin/python3 (found suitable version "3.8.10", minimum required is "3") 
[0.844s] -- Using PYTHON_EXECUTABLE: /usr/bin/python3
[1.307s] -- Found rosidl_default_generators: 1.0.1 (/opt/ros/foxy/share/rosidl_default_generators/cmake)
[1.312s] -- Using all available rosidl_typesupport_c: rosidl_typesupport_fastrtps_c;rosidl_typesupport_introspection_c
[1.322s] -- Found rosidl_adapter: 1.2.1 (/opt/ros/foxy/share/rosidl_adapter/cmake)
[1.485s] -- Found OpenSSL: /usr/lib/x86_64-linux-gnu/libcrypto.so (found version "1.1.1f")  
[1.528s] -- Found FastRTPS: /opt/ros/foxy/include  
[1.657s] -- Using all available rosidl_typesupport_cpp: rosidl_typesupport_fastrtps_cpp;rosidl_typesupport_introspection_cpp
[1.725s] -- Found PythonInterp: /usr/bin/python3 (found version "3.8.10") 
[1.963s] -- Found ament_cmake_ros: 0.9.2 (/opt/ros/foxy/share/ament_cmake_ros/cmake)
[2.400s] -- Using all available rosidl_typesupport_c: rosidl_typesupport_fastrtps_c;rosidl_typesupport_introspection_c
[2.442s] -- Using all available rosidl_typesupport_cpp: rosidl_typesupport_fastrtps_cpp;rosidl_typesupport_introspection_cpp
[2.566s] -- Found PythonInterp: /usr/bin/python3 (found suitable version "3.8.10", minimum required is "3.5") 
[2.566s] -- Found python_cmake_module: 0.8.1 (/opt/ros/foxy/share/python_cmake_module/cmake)
[2.695s] -- Found PythonLibs: /usr/lib/x86_64-linux-gnu/libpython3.8.so (found suitable version "3.8.10", minimum required is "3.5") 
[2.695s] -- Using PYTHON_EXECUTABLE: /usr/bin/python3
[2.695s] -- Using PYTHON_INCLUDE_DIRS: /usr/include/python3.8
[2.695s] -- Using PYTHON_LIBRARIES: /usr/lib/x86_64-linux-gnu/libpython3.8.so
[2.823s] -- Found PythonExtra: .so  
[3.035s] -- Configuring done
[3.296s] -- Generating done
[3.301s] -- Build files have been written to: /home/azriel19/Documents/File TA/File Simul ICHIRO/ros2_ws/build/tachimawari_interfaces
[3.363s] Invoked command in '/home/azriel19/Documents/File TA/File Simul ICHIRO/ros2_ws/build/tachimawari_interfaces' returned '0': CMAKE_PREFIX_PATH=/opt/ros/foxy /usr/bin/cmake /home/azriel19/Documents/File TA/File Simul ICHIRO/ros2_ws/src/tachimawari_interfaces -DCMAKE_INSTALL_PREFIX=/home/azriel19/Documents/File TA/File Simul ICHIRO/ros2_ws/install/tachimawari_interfaces
[3.364s] Invoking command in '/home/azriel19/Documents/File TA/File Simul ICHIRO/ros2_ws/build/tachimawari_interfaces': CMAKE_PREFIX_PATH=/opt/ros/foxy /usr/bin/cmake --build /home/azriel19/Documents/File TA/File Simul ICHIRO/ros2_ws/build/tachimawari_interfaces -- -j4 -l4
[5.221s] [  2%] [34m[1mGenerating C code for ROS interfaces[0m
[5.764s] [35m[1mScanning dependencies of target tachimawari_interfaces__cpp[0m
[6.104s] [  5%] [34m[1mGenerating C++ code for ROS interfaces[0m
[12.296s] [35m[1mScanning dependencies of target tachimawari_interfaces__rosidl_generator_c[0m
[12.422s] [  7%] [32mBuilding C object CMakeFiles/tachimawari_interfaces__rosidl_generator_c.dir/rosidl_generator_c/tachimawari_interfaces/msg/detail/joint__functions.c.o[0m
[12.422s] [ 10%] [32mBuilding C object CMakeFiles/tachimawari_interfaces__rosidl_generator_c.dir/rosidl_generator_c/tachimawari_interfaces/srv/detail/set_joints__functions.c.o[0m
[12.439s] [ 10%] Built target tachimawari_interfaces__cpp
[12.561s] [ 12%] [34m[1mGenerating C++ introspection for ROS interfaces[0m
[12.570s] [ 15%] [34m[1mGenerating C++ type support for eProsima Fast-RTPS[0m
[12.892s] [ 17%] [32m[1mLinking C shared library libtachimawari_interfaces__rosidl_generator_c.so[0m
[13.225s] [ 17%] Built target tachimawari_interfaces__rosidl_generator_c
[14.326s] [ 20%] [34m[1mGenerating C type support dispatch for ROS interfaces[0m
[14.839s] [35m[1mScanning dependencies of target tachimawari_interfaces__rosidl_typesupport_introspection_cpp[0m
[14.984s] [ 23%] [32mBuilding CXX object CMakeFiles/tachimawari_interfaces__rosidl_typesupport_introspection_cpp.dir/rosidl_typesupport_introspection_cpp/tachimawari_interfaces/msg/detail/joint__type_support.cpp.o[0m
[15.369s] [35m[1mScanning dependencies of target tachimawari_interfaces__rosidl_typesupport_fastrtps_cpp[0m
[15.567s] [ 25%] [32mBuilding CXX object CMakeFiles/tachimawari_interfaces__rosidl_typesupport_fastrtps_cpp.dir/rosidl_typesupport_fastrtps_cpp/tachimawari_interfaces/msg/detail/dds_fastrtps/joint__type_support.cpp.o[0m
[16.487s] [35m[1mScanning dependencies of target tachimawari_interfaces__rosidl_typesupport_c[0m
[16.607s] [ 28%] [32mBuilding CXX object CMakeFiles/tachimawari_interfaces__rosidl_typesupport_c.dir/rosidl_typesupport_c/tachimawari_interfaces/msg/joint__type_support.cpp.o[0m
[16.923s] [ 30%] [32mBuilding CXX object CMakeFiles/tachimawari_interfaces__rosidl_typesupport_c.dir/rosidl_typesupport_c/tachimawari_interfaces/srv/set_joints__type_support.cpp.o[0m
[17.199s] [ 33%] [32m[1mLinking CXX shared library libtachimawari_interfaces__rosidl_typesupport_c.so[0m
[17.535s] [ 35%] [32mBuilding CXX object CMakeFiles/tachimawari_interfaces__rosidl_typesupport_introspection_cpp.dir/rosidl_typesupport_introspection_cpp/tachimawari_interfaces/srv/detail/set_joints__type_support.cpp.o[0m
[17.650s] [ 35%] Built target tachimawari_interfaces__rosidl_typesupport_c
[18.504s] [ 38%] [32mBuilding CXX object CMakeFiles/tachimawari_interfaces__rosidl_typesupport_fastrtps_cpp.dir/rosidl_typesupport_fastrtps_cpp/tachimawari_interfaces/srv/detail/dds_fastrtps/set_joints__type_support.cpp.o[0m
[19.389s] [ 41%] [32m[1mLinking CXX shared library libtachimawari_interfaces__rosidl_typesupport_introspection_cpp.so[0m
[19.730s] [ 41%] Built target tachimawari_interfaces__rosidl_typesupport_introspection_cpp
[20.177s] [ 43%] [32m[1mLinking CXX shared library libtachimawari_interfaces__rosidl_typesupport_fastrtps_cpp.so[0m
[20.510s] [ 43%] Built target tachimawari_interfaces__rosidl_typesupport_fastrtps_cpp
[20.574s] [ 46%] [34m[1mGenerating C introspection for ROS interfaces[0m
[21.294s] [35m[1mScanning dependencies of target tachimawari_interfaces__rosidl_typesupport_introspection_c[0m
[21.350s] [ 48%] [32mBuilding C object CMakeFiles/tachimawari_interfaces__rosidl_typesupport_introspection_c.dir/rosidl_typesupport_introspection_c/tachimawari_interfaces/msg/detail/joint__type_support.c.o[0m
[21.518s] [ 51%] [32mBuilding C object CMakeFiles/tachimawari_interfaces__rosidl_typesupport_introspection_c.dir/rosidl_typesupport_introspection_c/tachimawari_interfaces/srv/detail/set_joints__type_support.c.o[0m
[21.594s] [ 53%] [32m[1mLinking C shared library libtachimawari_interfaces__rosidl_typesupport_introspection_c.so[0m
[21.650s] [ 53%] Built target tachimawari_interfaces__rosidl_typesupport_introspection_c
[21.665s] [ 56%] [34m[1mGenerating C type support for eProsima Fast-RTPS[0m
[22.448s] [35m[1mScanning dependencies of target tachimawari_interfaces__rosidl_typesupport_fastrtps_c[0m
[22.482s] [ 58%] [32mBuilding CXX object CMakeFiles/tachimawari_interfaces__rosidl_typesupport_fastrtps_c.dir/rosidl_typesupport_fastrtps_c/tachimawari_interfaces/msg/detail/joint__type_support_c.cpp.o[0m
[23.278s] [ 61%] [32mBuilding CXX object CMakeFiles/tachimawari_interfaces__rosidl_typesupport_fastrtps_c.dir/rosidl_typesupport_fastrtps_c/tachimawari_interfaces/srv/detail/set_joints__type_support_c.cpp.o[0m
[24.000s] [ 64%] [32m[1mLinking CXX shared library libtachimawari_interfaces__rosidl_typesupport_fastrtps_c.so[0m
[24.165s] [ 64%] Built target tachimawari_interfaces__rosidl_typesupport_fastrtps_c
[24.200s] [ 66%] [34m[1mGenerating C++ type support dispatch for ROS interfaces[0m
[24.822s] [35m[1mScanning dependencies of target tachimawari_interfaces__rosidl_typesupport_cpp[0m
[24.843s] [ 69%] [32mBuilding CXX object CMakeFiles/tachimawari_interfaces__rosidl_typesupport_cpp.dir/rosidl_typesupport_cpp/tachimawari_interfaces/msg/joint__type_support.cpp.o[0m
[25.397s] [ 71%] [32mBuilding CXX object CMakeFiles/tachimawari_interfaces__rosidl_typesupport_cpp.dir/rosidl_typesupport_cpp/tachimawari_interfaces/srv/set_joints__type_support.cpp.o[0m
[25.838s] [ 74%] [32m[1mLinking CXX shared library libtachimawari_interfaces__rosidl_typesupport_cpp.so[0m
[25.894s] [ 74%] Built target tachimawari_interfaces__rosidl_typesupport_cpp
[25.907s] [35m[1mScanning dependencies of target tachimawari_interfaces[0m
[25.921s] [ 74%] Built target tachimawari_interfaces
[25.959s] [35m[1mScanning dependencies of target tachimawari_interfaces__py[0m
[26.010s] [ 76%] [34m[1mGenerating Python code for ROS interfaces[0m
[27.292s] [ 76%] Built target tachimawari_interfaces__py
[27.317s] [35m[1mScanning dependencies of target tachimawari_interfaces__python[0m
[27.355s] [ 79%] [32mBuilding C object CMakeFiles/tachimawari_interfaces__python.dir/rosidl_generator_py/tachimawari_interfaces/msg/_joint_s.c.o[0m
[27.509s] [ 82%] [32mBuilding C object CMakeFiles/tachimawari_interfaces__python.dir/rosidl_generator_py/tachimawari_interfaces/srv/_set_joints_s.c.o[0m
[27.650s] [ 84%] [32m[1mLinking C shared library rosidl_generator_py/tachimawari_interfaces/libtachimawari_interfaces__python.so[0m
[27.707s] [ 84%] Built target tachimawari_interfaces__python
[27.721s] [35m[1mScanning dependencies of target tachimawari_interfaces__rosidl_typesupport_c__pyext[0m
[27.752s] [ 87%] [32mBuilding C object CMakeFiles/tachimawari_interfaces__rosidl_typesupport_c__pyext.dir/rosidl_generator_py/tachimawari_interfaces/_tachimawari_interfaces_s.ep.rosidl_typesupport_c.c.o[0m
[27.896s] [ 89%] [32m[1mLinking C shared library rosidl_generator_py/tachimawari_interfaces/tachimawari_interfaces_s__rosidl_typesupport_c.cpython-38-x86_64-linux-gnu.so[0m
[28.015s] [ 89%] Built target tachimawari_interfaces__rosidl_typesupport_c__pyext
[28.052s] [35m[1mScanning dependencies of target tachimawari_interfaces__rosidl_typesupport_fastrtps_c__pyext[0m
[28.127s] [ 92%] [32mBuilding C object CMakeFiles/tachimawari_interfaces__rosidl_typesupport_fastrtps_c__pyext.dir/rosidl_generator_py/tachimawari_interfaces/_tachimawari_interfaces_s.ep.rosidl_typesupport_fastrtps_c.c.o[0m
[28.321s] [ 94%] [32m[1mLinking CXX shared library rosidl_generator_py/tachimawari_interfaces/tachimawari_interfaces_s__rosidl_typesupport_fastrtps_c.cpython-38-x86_64-linux-gnu.so[0m
[28.443s] [ 94%] Built target tachimawari_interfaces__rosidl_typesupport_fastrtps_c__pyext
[28.461s] [35m[1mScanning dependencies of target tachimawari_interfaces__rosidl_typesupport_introspection_c__pyext[0m
[28.499s] [ 97%] [32mBuilding C object CMakeFiles/tachimawari_interfaces__rosidl_typesupport_introspection_c__pyext.dir/rosidl_generator_py/tachimawari_interfaces/_tachimawari_interfaces_s.ep.rosidl_typesupport_introspection_c.c.o[0m
[28.660s] [100%] [32m[1mLinking C shared library rosidl_generator_py/tachimawari_interfaces/tachimawari_interfaces_s__rosidl_typesupport_introspection_c.cpython-38-x86_64-linux-gnu.so[0m
[28.735s] [100%] Built target tachimawari_interfaces__rosidl_typesupport_introspection_c__pyext
[28.784s] Invoked command in '/home/azriel19/Documents/File TA/File Simul ICHIRO/ros2_ws/build/tachimawari_interfaces' returned '0': CMAKE_PREFIX_PATH=/opt/ros/foxy /usr/bin/cmake --build /home/azriel19/Documents/File TA/File Simul ICHIRO/ros2_ws/build/tachimawari_interfaces -- -j4 -l4
[29.011s] Invoking command in '/home/azriel19/Documents/File TA/File Simul ICHIRO/ros2_ws/build/tachimawari_interfaces': CMAKE_PREFIX_PATH=/opt/ros/foxy /usr/bin/cmake --install /home/azriel19/Documents/File TA/File Simul ICHIRO/ros2_ws/build/tachimawari_interfaces
[29.045s] -- Install configuration: ""
[29.046s] -- Installing: /home/azriel19/Documents/File TA/File Simul ICHIRO/ros2_ws/install/tachimawari_interfaces/share/ament_index/resource_index/rosidl_interfaces/tachimawari_interfaces
[29.046s] -- Installing: /home/azriel19/Documents/File TA/File Simul ICHIRO/ros2_ws/install/tachimawari_interfaces/include/tachimawari_interfaces
[29.046s] -- Installing: /home/azriel19/Documents/File TA/File Simul ICHIRO/ros2_ws/install/tachimawari_interfaces/include/tachimawari_interfaces/srv
[29.046s] -- Installing: /home/azriel19/Documents/File TA/File Simul ICHIRO/ros2_ws/install/tachimawari_interfaces/include/tachimawari_interfaces/srv/set_joints.h
[29.046s] -- Installing: /home/azriel19/Documents/File TA/File Simul ICHIRO/ros2_ws/install/tachimawari_interfaces/include/tachimawari_interfaces/srv/detail
[29.046s] -- Installing: /home/azriel19/Documents/File TA/File Simul ICHIRO/ros2_ws/install/tachimawari_interfaces/include/tachimawari_interfaces/srv/detail/set_joints__functions.h
[29.046s] -- Installing: /home/azriel19/Documents/File TA/File Simul ICHIRO/ros2_ws/install/tachimawari_interfaces/include/tachimawari_interfaces/srv/detail/set_joints__functions.c
[29.046s] -- Installing: /home/azriel19/Documents/File TA/File Simul ICHIRO/ros2_ws/install/tachimawari_interfaces/include/tachimawari_interfaces/srv/detail/set_joints__struct.h
[29.046s] -- Installing: /home/azriel19/Documents/File TA/File Simul ICHIRO/ros2_ws/install/tachimawari_interfaces/include/tachimawari_interfaces/srv/detail/set_joints__type_support.h
[29.047s] -- Installing: /home/azriel19/Documents/File TA/File Simul ICHIRO/ros2_ws/install/tachimawari_interfaces/include/tachimawari_interfaces/msg
[29.047s] -- Installing: /home/azriel19/Documents/File TA/File Simul ICHIRO/ros2_ws/install/tachimawari_interfaces/include/tachimawari_interfaces/msg/rosidl_generator_c__visibility_control.h
[29.047s] -- Installing: /home/azriel19/Documents/File TA/File Simul ICHIRO/ros2_ws/install/tachimawari_interfaces/include/tachimawari_interfaces/msg/joint.h
[29.047s] -- Installing: /home/azriel19/Documents/File TA/File Simul ICHIRO/ros2_ws/install/tachimawari_interfaces/include/tachimawari_interfaces/msg/detail
[29.047s] -- Installing: /home/azriel19/Documents/File TA/File Simul ICHIRO/ros2_ws/install/tachimawari_interfaces/include/tachimawari_interfaces/msg/detail/joint__type_support.h
[29.047s] -- Installing: /home/azriel19/Documents/File TA/File Simul ICHIRO/ros2_ws/install/tachimawari_interfaces/include/tachimawari_interfaces/msg/detail/joint__functions.h
[29.047s] -- Installing: /home/azriel19/Documents/File TA/File Simul ICHIRO/ros2_ws/install/tachimawari_interfaces/include/tachimawari_interfaces/msg/detail/joint__struct.h
[29.047s] -- Installing: /home/azriel19/Documents/File TA/File Simul ICHIRO/ros2_ws/install/tachimawari_interfaces/include/tachimawari_interfaces/msg/detail/joint__functions.c
[29.047s] -- Installing: /home/azriel19/Documents/File TA/File Simul ICHIRO/ros2_ws/install/tachimawari_interfaces/share/tachimawari_interfaces/environment/library_path.sh
[29.048s] -- Installing: /home/azriel19/Documents/File TA/File Simul ICHIRO/ros2_ws/install/tachimawari_interfaces/share/tachimawari_interfaces/environment/library_path.dsv
[29.048s] -- Installing: /home/azriel19/Documents/File TA/File Simul ICHIRO/ros2_ws/install/tachimawari_interfaces/lib/libtachimawari_interfaces__rosidl_generator_c.so
[29.048s] -- Set runtime path of "/home/azriel19/Documents/File TA/File Simul ICHIRO/ros2_ws/install/tachimawari_interfaces/lib/libtachimawari_interfaces__rosidl_generator_c.so" to ""
[29.048s] -- Up-to-date: /home/azriel19/Documents/File TA/File Simul ICHIRO/ros2_ws/install/tachimawari_interfaces/include/tachimawari_interfaces
[29.048s] -- Up-to-date: /home/azriel19/Documents/File TA/File Simul ICHIRO/ros2_ws/install/tachimawari_interfaces/include/tachimawari_interfaces/srv
[29.048s] -- Up-to-date: /home/azriel19/Documents/File TA/File Simul ICHIRO/ros2_ws/install/tachimawari_interfaces/include/tachimawari_interfaces/srv/detail
[29.048s] -- Installing: /home/azriel19/Documents/File TA/File Simul ICHIRO/ros2_ws/install/tachimawari_interfaces/include/tachimawari_interfaces/srv/detail/set_joints__rosidl_typesupport_fastrtps_c.h
[29.048s] -- Up-to-date: /home/azriel19/Documents/File TA/File Simul ICHIRO/ros2_ws/install/tachimawari_interfaces/include/tachimawari_interfaces/msg
[29.048s] -- Installing: /home/azriel19/Documents/File TA/File Simul ICHIRO/ros2_ws/install/tachimawari_interfaces/include/tachimawari_interfaces/msg/rosidl_typesupport_fastrtps_c__visibility_control.h
[29.048s] -- Up-to-date: /home/azriel19/Documents/File TA/File Simul ICHIRO/ros2_ws/install/tachimawari_interfaces/include/tachimawari_interfaces/msg/detail
[29.049s] -- Installing: /home/azriel19/Documents/File TA/File Simul ICHIRO/ros2_ws/install/tachimawari_interfaces/include/tachimawari_interfaces/msg/detail/joint__rosidl_typesupport_fastrtps_c.h
[29.049s] -- Installing: /home/azriel19/Documents/File TA/File Simul ICHIRO/ros2_ws/install/tachimawari_interfaces/lib/libtachimawari_interfaces__rosidl_typesupport_fastrtps_c.so
[29.049s] -- Set runtime path of "/home/azriel19/Documents/File TA/File Simul ICHIRO/ros2_ws/install/tachimawari_interfaces/lib/libtachimawari_interfaces__rosidl_typesupport_fastrtps_c.so" to ""
[29.049s] -- Up-to-date: /home/azriel19/Documents/File TA/File Simul ICHIRO/ros2_ws/install/tachimawari_interfaces/include/tachimawari_interfaces
[29.049s] -- Up-to-date: /home/azriel19/Documents/File TA/File Simul ICHIRO/ros2_ws/install/tachimawari_interfaces/include/tachimawari_interfaces/srv
[29.049s] -- Up-to-date: /home/azriel19/Documents/File TA/File Simul ICHIRO/ros2_ws/install/tachimawari_interfaces/include/tachimawari_interfaces/srv/detail
[29.049s] -- Installing: /home/azriel19/Documents/File TA/File Simul ICHIRO/ros2_ws/install/tachimawari_interfaces/include/tachimawari_interfaces/srv/detail/set_joints__rosidl_typesupport_fastrtps_cpp.hpp
[29.049s] -- Installing: /home/azriel19/Documents/File TA/File Simul ICHIRO/ros2_ws/install/tachimawari_interfaces/include/tachimawari_interfaces/srv/detail/dds_fastrtps
[29.049s] -- Up-to-date: /home/azriel19/Documents/File TA/File Simul ICHIRO/ros2_ws/install/tachimawari_interfaces/include/tachimawari_interfaces/msg
[29.049s] -- Installing: /home/azriel19/Documents/File TA/File Simul ICHIRO/ros2_ws/install/tachimawari_interfaces/include/tachimawari_interfaces/msg/rosidl_typesupport_fastrtps_cpp__visibility_control.h
[29.050s] -- Up-to-date: /home/azriel19/Documents/File TA/File Simul ICHIRO/ros2_ws/install/tachimawari_interfaces/include/tachimawari_interfaces/msg/detail
[29.050s] -- Installing: /home/azriel19/Documents/File TA/File Simul ICHIRO/ros2_ws/install/tachimawari_interfaces/include/tachimawari_interfaces/msg/detail/dds_fastrtps
[29.050s] -- Installing: /home/azriel19/Documents/File TA/File Simul ICHIRO/ros2_ws/install/tachimawari_interfaces/include/tachimawari_interfaces/msg/detail/joint__rosidl_typesupport_fastrtps_cpp.hpp
[29.050s] -- Installing: /home/azriel19/Documents/File TA/File Simul ICHIRO/ros2_ws/install/tachimawari_interfaces/lib/libtachimawari_interfaces__rosidl_typesupport_fastrtps_cpp.so
[29.051s] -- Set runtime path of "/home/azriel19/Documents/File TA/File Simul ICHIRO/ros2_ws/install/tachimawari_interfaces/lib/libtachimawari_interfaces__rosidl_typesupport_fastrtps_cpp.so" to ""
[29.051s] -- Up-to-date: /home/azriel19/Documents/File TA/File Simul ICHIRO/ros2_ws/install/tachimawari_interfaces/include/tachimawari_interfaces
[29.051s] -- Up-to-date: /home/azriel19/Documents/File TA/File Simul ICHIRO/ros2_ws/install/tachimawari_interfaces/include/tachimawari_interfaces/srv
[29.052s] -- Up-to-date: /home/azriel19/Documents/File TA/File Simul ICHIRO/ros2_ws/install/tachimawari_interfaces/include/tachimawari_interfaces/srv/detail
[29.052s] -- Installing: /home/azriel19/Documents/File TA/File Simul ICHIRO/ros2_ws/install/tachimawari_interfaces/include/tachimawari_interfaces/srv/detail/set_joints__rosidl_typesupport_introspection_c.h
[29.052s] -- Installing: /home/azriel19/Documents/File TA/File Simul ICHIRO/ros2_ws/install/tachimawari_interfaces/include/tachimawari_interfaces/srv/detail/set_joints__type_support.c
[29.053s] -- Up-to-date: /home/azriel19/Documents/File TA/File Simul ICHIRO/ros2_ws/install/tachimawari_interfaces/include/tachimawari_interfaces/msg
[29.053s] -- Installing: /home/azriel19/Documents/File TA/File Simul ICHIRO/ros2_ws/install/tachimawari_interfaces/include/tachimawari_interfaces/msg/rosidl_typesupport_introspection_c__visibility_control.h
[29.053s] -- Up-to-date: /home/azriel19/Documents/File TA/File Simul ICHIRO/ros2_ws/install/tachimawari_interfaces/include/tachimawari_interfaces/msg/detail
[29.054s] -- Installing: /home/azriel19/Documents/File TA/File Simul ICHIRO/ros2_ws/install/tachimawari_interfaces/include/tachimawari_interfaces/msg/detail/joint__rosidl_typesupport_introspection_c.h
[29.054s] -- Installing: /home/azriel19/Documents/File TA/File Simul ICHIRO/ros2_ws/install/tachimawari_interfaces/include/tachimawari_interfaces/msg/detail/joint__type_support.c
[29.060s] -- Installing: /home/azriel19/Documents/File TA/File Simul ICHIRO/ros2_ws/install/tachimawari_interfaces/lib/libtachimawari_interfaces__rosidl_typesupport_introspection_c.so
[29.072s] -- Set runtime path of "/home/azriel19/Documents/File TA/File Simul ICHIRO/ros2_ws/install/tachimawari_interfaces/lib/libtachimawari_interfaces__rosidl_typesupport_introspection_c.so" to ""
[29.072s] -- Installing: /home/azriel19/Documents/File TA/File Simul ICHIRO/ros2_ws/install/tachimawari_interfaces/lib/libtachimawari_interfaces__rosidl_typesupport_c.so
[29.072s] -- Set runtime path of "/home/azriel19/Documents/File TA/File Simul ICHIRO/ros2_ws/install/tachimawari_interfaces/lib/libtachimawari_interfaces__rosidl_typesupport_c.so" to ""
[29.072s] -- Up-to-date: /home/azriel19/Documents/File TA/File Simul ICHIRO/ros2_ws/install/tachimawari_interfaces/include/tachimawari_interfaces
[29.072s] -- Up-to-date: /home/azriel19/Documents/File TA/File Simul ICHIRO/ros2_ws/install/tachimawari_interfaces/include/tachimawari_interfaces/srv
[29.072s] -- Installing: /home/azriel19/Documents/File TA/File Simul ICHIRO/ros2_ws/install/tachimawari_interfaces/include/tachimawari_interfaces/srv/set_joints.hpp
[29.072s] -- Up-to-date: /home/azriel19/Documents/File TA/File Simul ICHIRO/ros2_ws/install/tachimawari_interfaces/include/tachimawari_interfaces/srv/detail
[29.072s] -- Installing: /home/azriel19/Documents/File TA/File Simul ICHIRO/ros2_ws/install/tachimawari_interfaces/include/tachimawari_interfaces/srv/detail/set_joints__builder.hpp
[29.073s] -- Installing: /home/azriel19/Documents/File TA/File Simul ICHIRO/ros2_ws/install/tachimawari_interfaces/include/tachimawari_interfaces/srv/detail/set_joints__traits.hpp
[29.073s] -- Installing: /home/azriel19/Documents/File TA/File Simul ICHIRO/ros2_ws/install/tachimawari_interfaces/include/tachimawari_interfaces/srv/detail/set_joints__struct.hpp
[29.073s] -- Up-to-date: /home/azriel19/Documents/File TA/File Simul ICHIRO/ros2_ws/install/tachimawari_interfaces/include/tachimawari_interfaces/msg
[29.073s] -- Installing: /home/azriel19/Documents/File TA/File Simul ICHIRO/ros2_ws/install/tachimawari_interfaces/include/tachimawari_interfaces/msg/joint.hpp
[29.073s] -- Up-to-date: /home/azriel19/Documents/File TA/File Simul ICHIRO/ros2_ws/install/tachimawari_interfaces/include/tachimawari_interfaces/msg/detail
[29.073s] -- Installing: /home/azriel19/Documents/File TA/File Simul ICHIRO/ros2_ws/install/tachimawari_interfaces/include/tachimawari_interfaces/msg/detail/joint__builder.hpp
[29.073s] -- Installing: /home/azriel19/Documents/File TA/File Simul ICHIRO/ros2_ws/install/tachimawari_interfaces/include/tachimawari_interfaces/msg/detail/joint__struct.hpp
[29.073s] -- Installing: /home/azriel19/Documents/File TA/File Simul ICHIRO/ros2_ws/install/tachimawari_interfaces/include/tachimawari_interfaces/msg/detail/joint__traits.hpp
[29.073s] -- Up-to-date: /home/azriel19/Documents/File TA/File Simul ICHIRO/ros2_ws/install/tachimawari_interfaces/include/tachimawari_interfaces
[29.074s] -- Up-to-date: /home/azriel19/Documents/File TA/File Simul ICHIRO/ros2_ws/install/tachimawari_interfaces/include/tachimawari_interfaces/srv
[29.074s] -- Up-to-date: /home/azriel19/Documents/File TA/File Simul ICHIRO/ros2_ws/install/tachimawari_interfaces/include/tachimawari_interfaces/srv/detail
[29.074s] -- Installing: /home/azriel19/Documents/File TA/File Simul ICHIRO/ros2_ws/install/tachimawari_interfaces/include/tachimawari_interfaces/srv/detail/set_joints__rosidl_typesupport_introspection_cpp.hpp
[29.074s] -- Installing: /home/azriel19/Documents/File TA/File Simul ICHIRO/ros2_ws/install/tachimawari_interfaces/include/tachimawari_interfaces/srv/detail/set_joints__type_support.cpp
[29.074s] -- Up-to-date: /home/azriel19/Documents/File TA/File Simul ICHIRO/ros2_ws/install/tachimawari_interfaces/include/tachimawari_interfaces/msg
[29.074s] -- Up-to-date: /home/azriel19/Documents/File TA/File Simul ICHIRO/ros2_ws/install/tachimawari_interfaces/include/tachimawari_interfaces/msg/detail
[29.074s] -- Installing: /home/azriel19/Documents/File TA/File Simul ICHIRO/ros2_ws/install/tachimawari_interfaces/include/tachimawari_interfaces/msg/detail/joint__type_support.cpp
[29.074s] -- Installing: /home/azriel19/Documents/File TA/File Simul ICHIRO/ros2_ws/install/tachimawari_interfaces/include/tachimawari_interfaces/msg/detail/joint__rosidl_typesupport_introspection_cpp.hpp
[29.075s] -- Installing: /home/azriel19/Documents/File TA/File Simul ICHIRO/ros2_ws/install/tachimawari_interfaces/lib/libtachimawari_interfaces__rosidl_typesupport_introspection_cpp.so
[29.076s] -- Set runtime path of "/home/azriel19/Documents/File TA/File Simul ICHIRO/ros2_ws/install/tachimawari_interfaces/lib/libtachimawari_interfaces__rosidl_typesupport_introspection_cpp.so" to ""
[29.076s] -- Installing: /home/azriel19/Documents/File TA/File Simul ICHIRO/ros2_ws/install/tachimawari_interfaces/lib/libtachimawari_interfaces__rosidl_typesupport_cpp.so
[29.077s] -- Set runtime path of "/home/azriel19/Documents/File TA/File Simul ICHIRO/ros2_ws/install/tachimawari_interfaces/lib/libtachimawari_interfaces__rosidl_typesupport_cpp.so" to ""
[29.077s] -- Installing: /home/azriel19/Documents/File TA/File Simul ICHIRO/ros2_ws/install/tachimawari_interfaces/share/tachimawari_interfaces/environment/pythonpath.sh
[29.077s] -- Installing: /home/azriel19/Documents/File TA/File Simul ICHIRO/ros2_ws/install/tachimawari_interfaces/share/tachimawari_interfaces/environment/pythonpath.dsv
[29.078s] -- Installing: /home/azriel19/Documents/File TA/File Simul ICHIRO/ros2_ws/install/tachimawari_interfaces/lib/python3.8/site-packages/tachimawari_interfaces/__init__.py
[29.129s] Compiling '/home/azriel19/Documents/File TA/File Simul ICHIRO/ros2_ws/install/tachimawari_interfaces/lib/python3.8/site-packages/tachimawari_interfaces/__init__.py'...
[29.146s] -- Installing: /home/azriel19/Documents/File TA/File Simul ICHIRO/ros2_ws/install/tachimawari_interfaces/lib/python3.8/site-packages/tachimawari_interfaces/msg
[29.147s] -- Installing: /home/azriel19/Documents/File TA/File Simul ICHIRO/ros2_ws/install/tachimawari_interfaces/lib/python3.8/site-packages/tachimawari_interfaces/msg/_joint_s.c
[29.147s] -- Installing: /home/azriel19/Documents/File TA/File Simul ICHIRO/ros2_ws/install/tachimawari_interfaces/lib/python3.8/site-packages/tachimawari_interfaces/msg/__init__.py
[29.147s] -- Installing: /home/azriel19/Documents/File TA/File Simul ICHIRO/ros2_ws/install/tachimawari_interfaces/lib/python3.8/site-packages/tachimawari_interfaces/msg/_joint.py
[29.147s] -- Installing: /home/azriel19/Documents/File TA/File Simul ICHIRO/ros2_ws/install/tachimawari_interfaces/lib/python3.8/site-packages/tachimawari_interfaces/srv
[29.147s] -- Installing: /home/azriel19/Documents/File TA/File Simul ICHIRO/ros2_ws/install/tachimawari_interfaces/lib/python3.8/site-packages/tachimawari_interfaces/srv/_set_joints.py
[29.148s] -- Installing: /home/azriel19/Documents/File TA/File Simul ICHIRO/ros2_ws/install/tachimawari_interfaces/lib/python3.8/site-packages/tachimawari_interfaces/srv/__init__.py
[29.148s] -- Installing: /home/azriel19/Documents/File TA/File Simul ICHIRO/ros2_ws/install/tachimawari_interfaces/lib/python3.8/site-packages/tachimawari_interfaces/srv/_set_joints_s.c
[29.148s] -- Installing: /home/azriel19/Documents/File TA/File Simul ICHIRO/ros2_ws/install/tachimawari_interfaces/lib/python3.8/site-packages/tachimawari_interfaces/tachimawari_interfaces_s__rosidl_typesupport_fastrtps_c.cpython-38-x86_64-linux-gnu.so
[29.148s] -- Set runtime path of "/home/azriel19/Documents/File TA/File Simul ICHIRO/ros2_ws/install/tachimawari_interfaces/lib/python3.8/site-packages/tachimawari_interfaces/tachimawari_interfaces_s__rosidl_typesupport_fastrtps_c.cpython-38-x86_64-linux-gnu.so" to ""
[29.148s] -- Installing: /home/azriel19/Documents/File TA/File Simul ICHIRO/ros2_ws/install/tachimawari_interfaces/lib/python3.8/site-packages/tachimawari_interfaces/tachimawari_interfaces_s__rosidl_typesupport_introspection_c.cpython-38-x86_64-linux-gnu.so
[29.150s] -- Set runtime path of "/home/azriel19/Documents/File TA/File Simul ICHIRO/ros2_ws/install/tachimawari_interfaces/lib/python3.8/site-packages/tachimawari_interfaces/tachimawari_interfaces_s__rosidl_typesupport_introspection_c.cpython-38-x86_64-linux-gnu.so" to ""
[29.150s] -- Installing: /home/azriel19/Documents/File TA/File Simul ICHIRO/ros2_ws/install/tachimawari_interfaces/lib/python3.8/site-packages/tachimawari_interfaces/tachimawari_interfaces_s__rosidl_typesupport_c.cpython-38-x86_64-linux-gnu.so
[29.150s] -- Set runtime path of "/home/azriel19/Documents/File TA/File Simul ICHIRO/ros2_ws/install/tachimawari_interfaces/lib/python3.8/site-packages/tachimawari_interfaces/tachimawari_interfaces_s__rosidl_typesupport_c.cpython-38-x86_64-linux-gnu.so" to ""
[29.152s] -- Installing: /home/azriel19/Documents/File TA/File Simul ICHIRO/ros2_ws/install/tachimawari_interfaces/lib/libtachimawari_interfaces__python.so
[29.152s] -- Set runtime path of "/home/azriel19/Documents/File TA/File Simul ICHIRO/ros2_ws/install/tachimawari_interfaces/lib/libtachimawari_interfaces__python.so" to ""
[29.152s] -- Installing: /home/azriel19/Documents/File TA/File Simul ICHIRO/ros2_ws/install/tachimawari_interfaces/share/tachimawari_interfaces/msg/Joint.idl
[29.153s] -- Installing: /home/azriel19/Documents/File TA/File Simul ICHIRO/ros2_ws/install/tachimawari_interfaces/share/tachimawari_interfaces/srv/SetJoints.idl
[29.153s] -- Installing: /home/azriel19/Documents/File TA/File Simul ICHIRO/ros2_ws/install/tachimawari_interfaces/share/tachimawari_interfaces/msg/Joint.msg
[29.154s] -- Installing: /home/azriel19/Documents/File TA/File Simul ICHIRO/ros2_ws/install/tachimawari_interfaces/share/tachimawari_interfaces/srv/SetJoints.srv
[29.154s] -- Installing: /home/azriel19/Documents/File TA/File Simul ICHIRO/ros2_ws/install/tachimawari_interfaces/share/tachimawari_interfaces/srv/SetJoints_Request.msg
[29.163s] -- Installing: /home/azriel19/Documents/File TA/File Simul ICHIRO/ros2_ws/install/tachimawari_interfaces/share/tachimawari_interfaces/srv/SetJoints_Response.msg
[29.163s] -- Installing: /home/azriel19/Documents/File TA/File Simul ICHIRO/ros2_ws/install/tachimawari_interfaces/share/ament_index/resource_index/package_run_dependencies/tachimawari_interfaces
[29.163s] -- Installing: /home/azriel19/Documents/File TA/File Simul ICHIRO/ros2_ws/install/tachimawari_interfaces/share/ament_index/resource_index/parent_prefix_path/tachimawari_interfaces
[29.163s] -- Installing: /home/azriel19/Documents/File TA/File Simul ICHIRO/ros2_ws/install/tachimawari_interfaces/share/tachimawari_interfaces/environment/ament_prefix_path.sh
[29.163s] -- Installing: /home/azriel19/Documents/File TA/File Simul ICHIRO/ros2_ws/install/tachimawari_interfaces/share/tachimawari_interfaces/environment/ament_prefix_path.dsv
[29.163s] -- Installing: /home/azriel19/Documents/File TA/File Simul ICHIRO/ros2_ws/install/tachimawari_interfaces/share/tachimawari_interfaces/environment/path.sh
[29.164s] -- Installing: /home/azriel19/Documents/File TA/File Simul ICHIRO/ros2_ws/install/tachimawari_interfaces/share/tachimawari_interfaces/environment/path.dsv
[29.164s] -- Installing: /home/azriel19/Documents/File TA/File Simul ICHIRO/ros2_ws/install/tachimawari_interfaces/share/tachimawari_interfaces/local_setup.bash
[29.164s] -- Installing: /home/azriel19/Documents/File TA/File Simul ICHIRO/ros2_ws/install/tachimawari_interfaces/share/tachimawari_interfaces/local_setup.sh
[29.164s] -- Installing: /home/azriel19/Documents/File TA/File Simul ICHIRO/ros2_ws/install/tachimawari_interfaces/share/tachimawari_interfaces/local_setup.zsh
[29.164s] -- Installing: /home/azriel19/Documents/File TA/File Simul ICHIRO/ros2_ws/install/tachimawari_interfaces/share/tachimawari_interfaces/local_setup.dsv
[29.164s] -- Installing: /home/azriel19/Documents/File TA/File Simul ICHIRO/ros2_ws/install/tachimawari_interfaces/share/tachimawari_interfaces/package.dsv
[29.164s] -- Installing: /home/azriel19/Documents/File TA/File Simul ICHIRO/ros2_ws/install/tachimawari_interfaces/share/ament_index/resource_index/packages/tachimawari_interfaces
[29.164s] -- Installing: /home/azriel19/Documents/File TA/File Simul ICHIRO/ros2_ws/install/tachimawari_interfaces/share/tachimawari_interfaces/cmake/tachimawari_interfaces__rosidl_generator_cExport.cmake
[29.164s] -- Installing: /home/azriel19/Documents/File TA/File Simul ICHIRO/ros2_ws/install/tachimawari_interfaces/share/tachimawari_interfaces/cmake/tachimawari_interfaces__rosidl_generator_cExport-noconfig.cmake
[29.165s] -- Installing: /home/azriel19/Documents/File TA/File Simul ICHIRO/ros2_ws/install/tachimawari_interfaces/share/tachimawari_interfaces/cmake/tachimawari_interfaces__rosidl_typesupport_introspection_cExport.cmake
[29.165s] -- Installing: /home/azriel19/Documents/File TA/File Simul ICHIRO/ros2_ws/install/tachimawari_interfaces/share/tachimawari_interfaces/cmake/tachimawari_interfaces__rosidl_typesupport_introspection_cExport-noconfig.cmake
[29.165s] -- Installing: /home/azriel19/Documents/File TA/File Simul ICHIRO/ros2_ws/install/tachimawari_interfaces/share/tachimawari_interfaces/cmake/tachimawari_interfaces__rosidl_typesupport_cExport.cmake
[29.165s] -- Installing: /home/azriel19/Documents/File TA/File Simul ICHIRO/ros2_ws/install/tachimawari_interfaces/share/tachimawari_interfaces/cmake/tachimawari_interfaces__rosidl_typesupport_cExport-noconfig.cmake
[29.165s] -- Installing: /home/azriel19/Documents/File TA/File Simul ICHIRO/ros2_ws/install/tachimawari_interfaces/share/tachimawari_interfaces/cmake/tachimawari_interfaces__rosidl_generator_cppExport.cmake
[29.165s] -- Installing: /home/azriel19/Documents/File TA/File Simul ICHIRO/ros2_ws/install/tachimawari_interfaces/share/tachimawari_interfaces/cmake/tachimawari_interfaces__rosidl_typesupport_introspection_cppExport.cmake
[29.165s] -- Installing: /home/azriel19/Documents/File TA/File Simul ICHIRO/ros2_ws/install/tachimawari_interfaces/share/tachimawari_interfaces/cmake/tachimawari_interfaces__rosidl_typesupport_introspection_cppExport-noconfig.cmake
[29.165s] -- Installing: /home/azriel19/Documents/File TA/File Simul ICHIRO/ros2_ws/install/tachimawari_interfaces/share/tachimawari_interfaces/cmake/tachimawari_interfaces__rosidl_typesupport_cppExport.cmake
[29.165s] -- Installing: /home/azriel19/Documents/File TA/File Simul ICHIRO/ros2_ws/install/tachimawari_interfaces/share/tachimawari_interfaces/cmake/tachimawari_interfaces__rosidl_typesupport_cppExport-noconfig.cmake
[29.166s] -- Installing: /home/azriel19/Documents/File TA/File Simul ICHIRO/ros2_ws/install/tachimawari_interfaces/share/tachimawari_interfaces/cmake/rosidl_cmake-extras.cmake
[29.166s] -- Installing: /home/azriel19/Documents/File TA/File Simul ICHIRO/ros2_ws/install/tachimawari_interfaces/share/tachimawari_interfaces/cmake/ament_cmake_export_dependencies-extras.cmake
[29.166s] -- Installing: /home/azriel19/Documents/File TA/File Simul ICHIRO/ros2_ws/install/tachimawari_interfaces/share/tachimawari_interfaces/cmake/ament_cmake_export_libraries-extras.cmake
[29.166s] -- Installing: /home/azriel19/Documents/File TA/File Simul ICHIRO/ros2_ws/install/tachimawari_interfaces/share/tachimawari_interfaces/cmake/ament_cmake_export_targets-extras.cmake
[29.166s] -- Installing: /home/azriel19/Documents/File TA/File Simul ICHIRO/ros2_ws/install/tachimawari_interfaces/share/tachimawari_interfaces/cmake/ament_cmake_export_include_directories-extras.cmake
[29.166s] -- Installing: /home/azriel19/Documents/File TA/File Simul ICHIRO/ros2_ws/install/tachimawari_interfaces/share/tachimawari_interfaces/cmake/rosidl_cmake_export_typesupport_libraries-extras.cmake
[29.166s] -- Installing: /home/azriel19/Documents/File TA/File Simul ICHIRO/ros2_ws/install/tachimawari_interfaces/share/tachimawari_interfaces/cmake/rosidl_cmake_export_typesupport_targets-extras.cmake
[29.166s] -- Installing: /home/azriel19/Documents/File TA/File Simul ICHIRO/ros2_ws/install/tachimawari_interfaces/share/tachimawari_interfaces/cmake/tachimawari_interfacesConfig.cmake
[29.166s] -- Installing: /home/azriel19/Documents/File TA/File Simul ICHIRO/ros2_ws/install/tachimawari_interfaces/share/tachimawari_interfaces/cmake/tachimawari_interfacesConfig-version.cmake
[29.166s] -- Installing: /home/azriel19/Documents/File TA/File Simul ICHIRO/ros2_ws/install/tachimawari_interfaces/share/tachimawari_interfaces/package.xml
[29.193s] Invoked command in '/home/azriel19/Documents/File TA/File Simul ICHIRO/ros2_ws/build/tachimawari_interfaces' returned '0': CMAKE_PREFIX_PATH=/opt/ros/foxy /usr/bin/cmake --install /home/azriel19/Documents/File TA/File Simul ICHIRO/ros2_ws/build/tachimawari_interfaces
