Performing C SOURCE FILE Test CMAKE_HAVE_LIBC_PTHREAD failed with the following output:
Change Dir: /home/azriel19/Documents/File TA/File Simul ICHIRO/webots_ws/build/robocup_client/CMakeFiles/CMakeTmp

Run Build Command(s):/usr/bin/make cmTC_8cd89/fast && /usr/bin/make -f CMakeFiles/cmTC_8cd89.dir/build.make CMakeFiles/cmTC_8cd89.dir/build
make[1]: Entering directory '/home/azriel19/Documents/File TA/File Simul ICHIRO/webots_ws/build/robocup_client/CMakeFiles/CMakeTmp'
Building C object CMakeFiles/cmTC_8cd89.dir/src.c.o
/usr/bin/cc   -DCMAKE_HAVE_LIBC_PTHREAD   -o CMakeFiles/cmTC_8cd89.dir/src.c.o   -c "/home/azriel19/Documents/File TA/File Simul ICHIRO/webots_ws/build/robocup_client/CMakeFiles/CMakeTmp/src.c"
Linking C executable cmTC_8cd89
/usr/bin/cmake -E cmake_link_script CMakeFiles/cmTC_8cd89.dir/link.txt --verbose=1
/usr/bin/cc  -DCMAKE_HAVE_LIBC_PTHREAD    CMakeFiles/cmTC_8cd89.dir/src.c.o  -o cmTC_8cd89 
/usr/bin/ld: CMakeFiles/cmTC_8cd89.dir/src.c.o: in function `main':
src.c:(.text+0x46): undefined reference to `pthread_create'
/usr/bin/ld: src.c:(.text+0x52): undefined reference to `pthread_detach'
/usr/bin/ld: src.c:(.text+0x63): undefined reference to `pthread_join'
collect2: error: ld returned 1 exit status
make[1]: *** [CMakeFiles/cmTC_8cd89.dir/build.make:87: cmTC_8cd89] Error 1
make[1]: Leaving directory '/home/azriel19/Documents/File TA/File Simul ICHIRO/webots_ws/build/robocup_client/CMakeFiles/CMakeTmp'
make: *** [Makefile:121: cmTC_8cd89/fast] Error 2


Source file was:
#include <pthread.h>

void* test_func(void* data)
{
  return data;
}

int main(void)
{
  pthread_t thread;
  pthread_create(&thread, NULL, test_func, NULL);
  pthread_detach(thread);
  pthread_join(thread, NULL);
  pthread_atfork(NULL, NULL, NULL);
  pthread_exit(NULL);

  return 0;
}

Determining if the function pthread_create exists in the pthreads failed with the following output:
Change Dir: /home/azriel19/Documents/File TA/File Simul ICHIRO/webots_ws/build/robocup_client/CMakeFiles/CMakeTmp

Run Build Command(s):/usr/bin/make cmTC_96263/fast && /usr/bin/make -f CMakeFiles/cmTC_96263.dir/build.make CMakeFiles/cmTC_96263.dir/build
make[1]: Entering directory '/home/azriel19/Documents/File TA/File Simul ICHIRO/webots_ws/build/robocup_client/CMakeFiles/CMakeTmp'
Building C object CMakeFiles/cmTC_96263.dir/CheckFunctionExists.c.o
/usr/bin/cc   -DCHECK_FUNCTION_EXISTS=pthread_create   -o CMakeFiles/cmTC_96263.dir/CheckFunctionExists.c.o   -c /usr/share/cmake-3.16/Modules/CheckFunctionExists.c
Linking C executable cmTC_96263
/usr/bin/cmake -E cmake_link_script CMakeFiles/cmTC_96263.dir/link.txt --verbose=1
/usr/bin/cc  -DCHECK_FUNCTION_EXISTS=pthread_create    CMakeFiles/cmTC_96263.dir/CheckFunctionExists.c.o  -o cmTC_96263  -lpthreads 
/usr/bin/ld: cannot find -lpthreads
collect2: error: ld returned 1 exit status
make[1]: *** [CMakeFiles/cmTC_96263.dir/build.make:87: cmTC_96263] Error 1
make[1]: Leaving directory '/home/azriel19/Documents/File TA/File Simul ICHIRO/webots_ws/build/robocup_client/CMakeFiles/CMakeTmp'
make: *** [Makefile:121: cmTC_96263/fast] Error 2



