[0.311s] DEBUG:colcon:Command line arguments: ['/usr/bin/colcon', 'build', '--packages-select', 'akushon', '--allow-overriding', 'akushon']
[0.312s] DEBUG:colcon:Parsed command line arguments: Namespace(allow_overriding=['akushon'], ament_cmake_args=None, base_paths=['.'], build_base='build', catkin_cmake_args=None, catkin_skip_building_tests=False, cmake_args=None, cmake_clean_cache=False, cmake_clean_first=False, cmake_force_configure=False, cmake_target=None, cmake_target_skip_unavailable=False, continue_on_error=False, event_handlers=None, executor='parallel', ignore_user_meta=False, install_base='install', log_base=None, log_level=None, main=<bound method BuildVerb.main of <colcon_core.verb.build.BuildVerb object at 0x7f6c3cb253d0>>, merge_install=False, metas=['./colcon.meta'], packages_above=None, packages_above_and_dependencies=None, packages_above_depth=None, packages_end=None, packages_ignore=None, packages_ignore_regex=None, packages_select=['akushon'], packages_select_build_failed=False, packages_select_by_dep=None, packages_select_regex=None, packages_select_test_failures=False, packages_skip=None, packages_skip_build_finished=False, packages_skip_by_dep=None, packages_skip_regex=None, packages_skip_test_passed=False, packages_skip_up_to=None, packages_start=None, packages_up_to=None, packages_up_to_regex=None, parallel_workers=4, paths=None, symlink_install=False, test_result_base=None, verb_extension=<colcon_core.verb.build.BuildVerb object at 0x7f6c3cb253d0>, verb_name='build', verb_parser=<colcon_defaults.argument_parser.defaults.DefaultArgumentsDecorator object at 0x7f6c3cb25910>)
[0.322s] Level 1:colcon.colcon_core.package_discovery:discover_packages(colcon_meta) check parameters
[0.322s] Level 1:colcon.colcon_core.package_discovery:discover_packages(recursive) check parameters
[0.323s] Level 1:colcon.colcon_core.package_discovery:discover_packages(ignore) check parameters
[0.323s] Level 1:colcon.colcon_core.package_discovery:discover_packages(path) check parameters
[0.323s] Level 1:colcon.colcon_core.package_discovery:discover_packages(colcon_meta) discover
[0.323s] Level 1:colcon.colcon_core.package_discovery:discover_packages(recursive) discover
[0.323s] INFO:colcon.colcon_core.package_discovery:Crawling recursively for packages in '/home/azriel19/Documents/File TA/File Simul ICHIRO/webots_ws'
[0.323s] Level 1:colcon.colcon_core.package_identification:_identify(.) by extensions ['ignore', 'ignore_ament_install']
[0.324s] Level 1:colcon.colcon_core.package_identification:_identify(.) by extension 'ignore'
[0.324s] Level 1:colcon.colcon_core.package_identification:_identify(.) by extension 'ignore_ament_install'
[0.324s] Level 1:colcon.colcon_core.package_identification:_identify(.) by extensions ['colcon_pkg']
[0.324s] Level 1:colcon.colcon_core.package_identification:_identify(.) by extension 'colcon_pkg'
[0.324s] Level 1:colcon.colcon_core.package_identification:_identify(.) by extensions ['colcon_meta']
[0.324s] Level 1:colcon.colcon_core.package_identification:_identify(.) by extension 'colcon_meta'
[0.324s] Level 1:colcon.colcon_core.package_identification:_identify(.) by extensions ['ros']
[0.325s] Level 1:colcon.colcon_core.package_identification:_identify(.) by extension 'ros'
[0.353s] Level 1:colcon.colcon_core.package_identification:_identify(.) by extensions ['cmake', 'python']
[0.354s] Level 1:colcon.colcon_core.package_identification:_identify(.) by extension 'cmake'
[0.355s] Level 1:colcon.colcon_core.package_identification:_identify(.) by extension 'python'
[0.355s] Level 1:colcon.colcon_core.package_identification:_identify(.) by extensions ['python_setup_py']
[0.355s] Level 1:colcon.colcon_core.package_identification:_identify(.) by extension 'python_setup_py'
[0.355s] Level 1:colcon.colcon_core.package_identification:_identify(build) by extensions ['ignore', 'ignore_ament_install']
[0.356s] Level 1:colcon.colcon_core.package_identification:_identify(build) by extension 'ignore'
[0.356s] Level 1:colcon.colcon_core.package_identification:_identify(build) ignored
[0.356s] Level 1:colcon.colcon_core.package_identification:_identify(install) by extensions ['ignore', 'ignore_ament_install']
[0.356s] Level 1:colcon.colcon_core.package_identification:_identify(install) by extension 'ignore'
[0.356s] Level 1:colcon.colcon_core.package_identification:_identify(install) ignored
[0.357s] Level 1:colcon.colcon_core.package_identification:_identify(log) by extensions ['ignore', 'ignore_ament_install']
[0.357s] Level 1:colcon.colcon_core.package_identification:_identify(log) by extension 'ignore'
[0.357s] Level 1:colcon.colcon_core.package_identification:_identify(log) ignored
[0.357s] Level 1:colcon.colcon_core.package_identification:_identify(src) by extensions ['ignore', 'ignore_ament_install']
[0.357s] Level 1:colcon.colcon_core.package_identification:_identify(src) by extension 'ignore'
[0.357s] Level 1:colcon.colcon_core.package_identification:_identify(src) by extension 'ignore_ament_install'
[0.358s] Level 1:colcon.colcon_core.package_identification:_identify(src) by extensions ['colcon_pkg']
[0.358s] Level 1:colcon.colcon_core.package_identification:_identify(src) by extension 'colcon_pkg'
[0.358s] Level 1:colcon.colcon_core.package_identification:_identify(src) by extensions ['colcon_meta']
[0.358s] Level 1:colcon.colcon_core.package_identification:_identify(src) by extension 'colcon_meta'
[0.358s] Level 1:colcon.colcon_core.package_identification:_identify(src) by extensions ['ros']
[0.358s] Level 1:colcon.colcon_core.package_identification:_identify(src) by extension 'ros'
[0.358s] Level 1:colcon.colcon_core.package_identification:_identify(src) by extensions ['cmake', 'python']
[0.358s] Level 1:colcon.colcon_core.package_identification:_identify(src) by extension 'cmake'
[0.359s] Level 1:colcon.colcon_core.package_identification:_identify(src) by extension 'python'
[0.359s] Level 1:colcon.colcon_core.package_identification:_identify(src) by extensions ['python_setup_py']
[0.359s] Level 1:colcon.colcon_core.package_identification:_identify(src) by extension 'python_setup_py'
[0.359s] Level 1:colcon.colcon_core.package_identification:_identify(src/akushon) by extensions ['ignore', 'ignore_ament_install']
[0.359s] Level 1:colcon.colcon_core.package_identification:_identify(src/akushon) by extension 'ignore'
[0.359s] Level 1:colcon.colcon_core.package_identification:_identify(src/akushon) by extension 'ignore_ament_install'
[0.360s] Level 1:colcon.colcon_core.package_identification:_identify(src/akushon) by extensions ['colcon_pkg']
[0.360s] Level 1:colcon.colcon_core.package_identification:_identify(src/akushon) by extension 'colcon_pkg'
[0.360s] Level 1:colcon.colcon_core.package_identification:_identify(src/akushon) by extensions ['colcon_meta']
[0.360s] Level 1:colcon.colcon_core.package_identification:_identify(src/akushon) by extension 'colcon_meta'
[0.360s] Level 1:colcon.colcon_core.package_identification:_identify(src/akushon) by extensions ['ros']
[0.360s] Level 1:colcon.colcon_core.package_identification:_identify(src/akushon) by extension 'ros'
[0.364s] DEBUG:colcon.colcon_core.package_identification:Package 'src/akushon' with type 'ros.ament_cmake' and name 'akushon'
[0.365s] Level 1:colcon.colcon_core.package_identification:_identify(src/aruku) by extensions ['ignore', 'ignore_ament_install']
[0.365s] Level 1:colcon.colcon_core.package_identification:_identify(src/aruku) by extension 'ignore'
[0.366s] Level 1:colcon.colcon_core.package_identification:_identify(src/aruku) by extension 'ignore_ament_install'
[0.366s] Level 1:colcon.colcon_core.package_identification:_identify(src/aruku) by extensions ['colcon_pkg']
[0.366s] Level 1:colcon.colcon_core.package_identification:_identify(src/aruku) by extension 'colcon_pkg'
[0.366s] Level 1:colcon.colcon_core.package_identification:_identify(src/aruku) by extensions ['colcon_meta']
[0.367s] Level 1:colcon.colcon_core.package_identification:_identify(src/aruku) by extension 'colcon_meta'
[0.367s] Level 1:colcon.colcon_core.package_identification:_identify(src/aruku) by extensions ['ros']
[0.367s] Level 1:colcon.colcon_core.package_identification:_identify(src/aruku) by extension 'ros'
[0.369s] DEBUG:colcon.colcon_core.package_identification:Package 'src/aruku' with type 'ros.ament_cmake' and name 'aruku'
[0.369s] Level 1:colcon.colcon_core.package_identification:_identify(src/framework_common) by extensions ['ignore', 'ignore_ament_install']
[0.369s] Level 1:colcon.colcon_core.package_identification:_identify(src/framework_common) by extension 'ignore'
[0.370s] Level 1:colcon.colcon_core.package_identification:_identify(src/framework_common) by extension 'ignore_ament_install'
[0.370s] Level 1:colcon.colcon_core.package_identification:_identify(src/framework_common) by extensions ['colcon_pkg']
[0.370s] Level 1:colcon.colcon_core.package_identification:_identify(src/framework_common) by extension 'colcon_pkg'
[0.370s] Level 1:colcon.colcon_core.package_identification:_identify(src/framework_common) by extensions ['colcon_meta']
[0.370s] Level 1:colcon.colcon_core.package_identification:_identify(src/framework_common) by extension 'colcon_meta'
[0.370s] Level 1:colcon.colcon_core.package_identification:_identify(src/framework_common) by extensions ['ros']
[0.370s] Level 1:colcon.colcon_core.package_identification:_identify(src/framework_common) by extension 'ros'
[0.371s] DEBUG:colcon.colcon_core.package_identification:Package 'src/framework_common' with type 'ros.ament_cmake' and name 'framework_common'
[0.371s] Level 1:colcon.colcon_core.package_identification:_identify(src/framework_math) by extensions ['ignore', 'ignore_ament_install']
[0.372s] Level 1:colcon.colcon_core.package_identification:_identify(src/framework_math) by extension 'ignore'
[0.372s] Level 1:colcon.colcon_core.package_identification:_identify(src/framework_math) by extension 'ignore_ament_install'
[0.372s] Level 1:colcon.colcon_core.package_identification:_identify(src/framework_math) by extensions ['colcon_pkg']
[0.372s] Level 1:colcon.colcon_core.package_identification:_identify(src/framework_math) by extension 'colcon_pkg'
[0.372s] Level 1:colcon.colcon_core.package_identification:_identify(src/framework_math) by extensions ['colcon_meta']
[0.372s] Level 1:colcon.colcon_core.package_identification:_identify(src/framework_math) by extension 'colcon_meta'
[0.373s] Level 1:colcon.colcon_core.package_identification:_identify(src/framework_math) by extensions ['ros']
[0.373s] Level 1:colcon.colcon_core.package_identification:_identify(src/framework_math) by extension 'ros'
[0.374s] DEBUG:colcon.colcon_core.package_identification:Package 'src/framework_math' with type 'ros.ament_cmake' and name 'framework_math'
[0.374s] Level 1:colcon.colcon_core.package_identification:_identify(src/kansei) by extensions ['ignore', 'ignore_ament_install']
[0.374s] Level 1:colcon.colcon_core.package_identification:_identify(src/kansei) by extension 'ignore'
[0.374s] Level 1:colcon.colcon_core.package_identification:_identify(src/kansei) by extension 'ignore_ament_install'
[0.374s] Level 1:colcon.colcon_core.package_identification:_identify(src/kansei) by extensions ['colcon_pkg']
[0.375s] Level 1:colcon.colcon_core.package_identification:_identify(src/kansei) by extension 'colcon_pkg'
[0.375s] Level 1:colcon.colcon_core.package_identification:_identify(src/kansei) by extensions ['colcon_meta']
[0.375s] Level 1:colcon.colcon_core.package_identification:_identify(src/kansei) by extension 'colcon_meta'
[0.375s] Level 1:colcon.colcon_core.package_identification:_identify(src/kansei) by extensions ['ros']
[0.375s] Level 1:colcon.colcon_core.package_identification:_identify(src/kansei) by extension 'ros'
[0.377s] DEBUG:colcon.colcon_core.package_identification:Package 'src/kansei' with type 'ros.ament_cmake' and name 'kansei'
[0.377s] Level 1:colcon.colcon_core.package_identification:_identify(src/kansei_interfaces) by extensions ['ignore', 'ignore_ament_install']
[0.377s] Level 1:colcon.colcon_core.package_identification:_identify(src/kansei_interfaces) by extension 'ignore'
[0.378s] Level 1:colcon.colcon_core.package_identification:_identify(src/kansei_interfaces) by extension 'ignore_ament_install'
[0.378s] Level 1:colcon.colcon_core.package_identification:_identify(src/kansei_interfaces) by extensions ['colcon_pkg']
[0.378s] Level 1:colcon.colcon_core.package_identification:_identify(src/kansei_interfaces) by extension 'colcon_pkg'
[0.378s] Level 1:colcon.colcon_core.package_identification:_identify(src/kansei_interfaces) by extensions ['colcon_meta']
[0.378s] Level 1:colcon.colcon_core.package_identification:_identify(src/kansei_interfaces) by extension 'colcon_meta'
[0.378s] Level 1:colcon.colcon_core.package_identification:_identify(src/kansei_interfaces) by extensions ['ros']
[0.378s] Level 1:colcon.colcon_core.package_identification:_identify(src/kansei_interfaces) by extension 'ros'
[0.380s] DEBUG:colcon.colcon_core.package_identification:Package 'src/kansei_interfaces' with type 'ros.ament_cmake' and name 'kansei_interfaces'
[0.380s] Level 1:colcon.colcon_core.package_identification:_identify(src/keisan) by extensions ['ignore', 'ignore_ament_install']
[0.380s] Level 1:colcon.colcon_core.package_identification:_identify(src/keisan) by extension 'ignore'
[0.381s] Level 1:colcon.colcon_core.package_identification:_identify(src/keisan) by extension 'ignore_ament_install'
[0.381s] Level 1:colcon.colcon_core.package_identification:_identify(src/keisan) by extensions ['colcon_pkg']
[0.381s] Level 1:colcon.colcon_core.package_identification:_identify(src/keisan) by extension 'colcon_pkg'
[0.381s] Level 1:colcon.colcon_core.package_identification:_identify(src/keisan) by extensions ['colcon_meta']
[0.381s] Level 1:colcon.colcon_core.package_identification:_identify(src/keisan) by extension 'colcon_meta'
[0.381s] Level 1:colcon.colcon_core.package_identification:_identify(src/keisan) by extensions ['ros']
[0.381s] Level 1:colcon.colcon_core.package_identification:_identify(src/keisan) by extension 'ros'
[0.383s] DEBUG:colcon.colcon_core.package_identification:Package 'src/keisan' with type 'ros.ament_cmake' and name 'keisan'
[0.383s] Level 1:colcon.colcon_core.package_identification:_identify(src/musen) by extensions ['ignore', 'ignore_ament_install']
[0.383s] Level 1:colcon.colcon_core.package_identification:_identify(src/musen) by extension 'ignore'
[0.384s] Level 1:colcon.colcon_core.package_identification:_identify(src/musen) by extension 'ignore_ament_install'
[0.384s] Level 1:colcon.colcon_core.package_identification:_identify(src/musen) by extensions ['colcon_pkg']
[0.384s] Level 1:colcon.colcon_core.package_identification:_identify(src/musen) by extension 'colcon_pkg'
[0.385s] Level 1:colcon.colcon_core.package_identification:_identify(src/musen) by extensions ['colcon_meta']
[0.385s] Level 1:colcon.colcon_core.package_identification:_identify(src/musen) by extension 'colcon_meta'
[0.385s] Level 1:colcon.colcon_core.package_identification:_identify(src/musen) by extensions ['ros']
[0.385s] Level 1:colcon.colcon_core.package_identification:_identify(src/musen) by extension 'ros'
[0.386s] DEBUG:colcon.colcon_core.package_identification:Package 'src/musen' with type 'ros.ament_cmake' and name 'musen'
[0.387s] Level 1:colcon.colcon_core.package_identification:_identify(src/robocup_client) by extensions ['ignore', 'ignore_ament_install']
[0.388s] Level 1:colcon.colcon_core.package_identification:_identify(src/robocup_client) by extension 'ignore'
[0.388s] Level 1:colcon.colcon_core.package_identification:_identify(src/robocup_client) by extension 'ignore_ament_install'
[0.389s] Level 1:colcon.colcon_core.package_identification:_identify(src/robocup_client) by extensions ['colcon_pkg']
[0.389s] Level 1:colcon.colcon_core.package_identification:_identify(src/robocup_client) by extension 'colcon_pkg'
[0.389s] Level 1:colcon.colcon_core.package_identification:_identify(src/robocup_client) by extensions ['colcon_meta']
[0.389s] Level 1:colcon.colcon_core.package_identification:_identify(src/robocup_client) by extension 'colcon_meta'
[0.390s] Level 1:colcon.colcon_core.package_identification:_identify(src/robocup_client) by extensions ['ros']
[0.390s] Level 1:colcon.colcon_core.package_identification:_identify(src/robocup_client) by extension 'ros'
[0.392s] DEBUG:colcon.colcon_core.package_identification:Package 'src/robocup_client' with type 'ros.ament_cmake' and name 'robocup_client'
[0.393s] Level 1:colcon.colcon_core.package_identification:_identify(src/tachimawari) by extensions ['ignore', 'ignore_ament_install']
[0.393s] Level 1:colcon.colcon_core.package_identification:_identify(src/tachimawari) by extension 'ignore'
[0.393s] Level 1:colcon.colcon_core.package_identification:_identify(src/tachimawari) by extension 'ignore_ament_install'
[0.393s] Level 1:colcon.colcon_core.package_identification:_identify(src/tachimawari) by extensions ['colcon_pkg']
[0.393s] Level 1:colcon.colcon_core.package_identification:_identify(src/tachimawari) by extension 'colcon_pkg'
[0.393s] Level 1:colcon.colcon_core.package_identification:_identify(src/tachimawari) by extensions ['colcon_meta']
[0.394s] Level 1:colcon.colcon_core.package_identification:_identify(src/tachimawari) by extension 'colcon_meta'
[0.394s] Level 1:colcon.colcon_core.package_identification:_identify(src/tachimawari) by extensions ['ros']
[0.394s] Level 1:colcon.colcon_core.package_identification:_identify(src/tachimawari) by extension 'ros'
[0.396s] DEBUG:colcon.colcon_core.package_identification:Package 'src/tachimawari' with type 'ros.ament_cmake' and name 'tachimawari'
[0.396s] Level 1:colcon.colcon_core.package_identification:_identify(src/tachimawari_interfaces) by extensions ['ignore', 'ignore_ament_install']
[0.396s] Level 1:colcon.colcon_core.package_identification:_identify(src/tachimawari_interfaces) by extension 'ignore'
[0.397s] Level 1:colcon.colcon_core.package_identification:_identify(src/tachimawari_interfaces) by extension 'ignore_ament_install'
[0.397s] Level 1:colcon.colcon_core.package_identification:_identify(src/tachimawari_interfaces) by extensions ['colcon_pkg']
[0.397s] Level 1:colcon.colcon_core.package_identification:_identify(src/tachimawari_interfaces) by extension 'colcon_pkg'
[0.397s] Level 1:colcon.colcon_core.package_identification:_identify(src/tachimawari_interfaces) by extensions ['colcon_meta']
[0.397s] Level 1:colcon.colcon_core.package_identification:_identify(src/tachimawari_interfaces) by extension 'colcon_meta'
[0.397s] Level 1:colcon.colcon_core.package_identification:_identify(src/tachimawari_interfaces) by extensions ['ros']
[0.398s] Level 1:colcon.colcon_core.package_identification:_identify(src/tachimawari_interfaces) by extension 'ros'
[0.399s] DEBUG:colcon.colcon_core.package_identification:Package 'src/tachimawari_interfaces' with type 'ros.ament_cmake' and name 'tachimawari_interfaces'
[0.399s] Level 1:colcon.colcon_core.package_discovery:discover_packages(recursive) using defaults
[0.399s] Level 1:colcon.colcon_core.package_discovery:discover_packages(ignore) discover
[0.399s] Level 1:colcon.colcon_core.package_discovery:discover_packages(ignore) using defaults
[0.399s] Level 1:colcon.colcon_core.package_discovery:discover_packages(path) discover
[0.399s] Level 1:colcon.colcon_core.package_discovery:discover_packages(path) using defaults
[0.442s] INFO:colcon.colcon_core.package_selection:Skipping not selected package 'framework_common' in 'src/framework_common'
[0.442s] INFO:colcon.colcon_core.package_selection:Skipping not selected package 'framework_math' in 'src/framework_math'
[0.442s] INFO:colcon.colcon_core.package_selection:Skipping not selected package 'kansei_interfaces' in 'src/kansei_interfaces'
[0.442s] INFO:colcon.colcon_core.package_selection:Skipping not selected package 'keisan' in 'src/keisan'
[0.443s] INFO:colcon.colcon_core.package_selection:Skipping not selected package 'musen' in 'src/musen'
[0.443s] INFO:colcon.colcon_core.package_selection:Skipping not selected package 'tachimawari_interfaces' in 'src/tachimawari_interfaces'
[0.443s] INFO:colcon.colcon_core.package_selection:Skipping not selected package 'kansei' in 'src/kansei'
[0.443s] INFO:colcon.colcon_core.package_selection:Skipping not selected package 'robocup_client' in 'src/robocup_client'
[0.443s] INFO:colcon.colcon_core.package_selection:Skipping not selected package 'tachimawari' in 'src/tachimawari'
[0.443s] INFO:colcon.colcon_core.package_selection:Skipping not selected package 'aruku' in 'src/aruku'
[0.445s] Level 5:colcon.colcon_core.verb:set package 'akushon' build argument 'cmake_args' from command line to 'None'
[0.445s] Level 5:colcon.colcon_core.verb:set package 'akushon' build argument 'cmake_target' from command line to 'None'
[0.445s] Level 5:colcon.colcon_core.verb:set package 'akushon' build argument 'cmake_target_skip_unavailable' from command line to 'False'
[0.445s] Level 5:colcon.colcon_core.verb:set package 'akushon' build argument 'cmake_clean_cache' from command line to 'False'
[0.446s] Level 5:colcon.colcon_core.verb:set package 'akushon' build argument 'cmake_clean_first' from command line to 'False'
[0.446s] Level 5:colcon.colcon_core.verb:set package 'akushon' build argument 'cmake_force_configure' from command line to 'False'
[0.446s] Level 5:colcon.colcon_core.verb:set package 'akushon' build argument 'ament_cmake_args' from command line to 'None'
[0.446s] Level 5:colcon.colcon_core.verb:set package 'akushon' build argument 'catkin_cmake_args' from command line to 'None'
[0.446s] Level 5:colcon.colcon_core.verb:set package 'akushon' build argument 'catkin_skip_building_tests' from command line to 'False'
[0.446s] DEBUG:colcon.colcon_core.verb:Building package 'akushon' with the following arguments: {'ament_cmake_args': None, 'build_base': '/home/azriel19/Documents/File TA/File Simul ICHIRO/webots_ws/build/akushon', 'catkin_cmake_args': None, 'catkin_skip_building_tests': False, 'cmake_args': None, 'cmake_clean_cache': False, 'cmake_clean_first': False, 'cmake_force_configure': False, 'cmake_target': None, 'cmake_target_skip_unavailable': False, 'install_base': '/home/azriel19/Documents/File TA/File Simul ICHIRO/webots_ws/install/akushon', 'merge_install': False, 'path': '/home/azriel19/Documents/File TA/File Simul ICHIRO/webots_ws/src/akushon', 'symlink_install': False, 'test_result_base': None}
[0.457s] INFO:colcon.colcon_core.executor:Executing jobs using 'parallel' executor
[0.460s] DEBUG:colcon.colcon_parallel_executor.executor.parallel:run_until_complete
[0.461s] INFO:colcon.colcon_ros.task.ament_cmake.build:Building ROS package in '/home/azriel19/Documents/File TA/File Simul ICHIRO/webots_ws/src/akushon' with build type 'ament_cmake'
[0.461s] INFO:colcon.colcon_cmake.task.cmake.build:Building CMake package in '/home/azriel19/Documents/File TA/File Simul ICHIRO/webots_ws/src/akushon'
[0.468s] INFO:colcon.colcon_core.plugin_system:Skipping extension 'colcon_core.shell.bat': Not used on non-Windows systems
[0.469s] INFO:colcon.colcon_core.shell:Skip shell extension 'powershell' for command environment: Not usable outside of PowerShell
[0.469s] DEBUG:colcon.colcon_core.shell:Skip shell extension 'dsv' for command environment
[0.525s] DEBUG:colcon.colcon_core.event_handler.log_command:Invoking command in '/home/azriel19/Documents/File TA/File Simul ICHIRO/webots_ws/build/akushon': CMAKE_PREFIX_PATH=/home/azriel19/Documents/File TA/File Simul ICHIRO/webots_ws/install/tachimawari:/home/azriel19/Documents/File TA/File Simul ICHIRO/webots_ws/install/robocup_client:/home/azriel19/Documents/File TA/File Simul ICHIRO/webots_ws/install/tachimawari_interfaces:/home/azriel19/Documents/File TA/File Simul ICHIRO/webots_ws/install/musen:/home/azriel19/Documents/File TA/File Simul ICHIRO/webots_ws/install/keisan:/home/azriel19/Documents/File TA/File Simul ICHIRO/webots_ws/install/aruku:/home/azriel19/Documents/File TA/File Simul ICHIRO/webots_ws/install/akushon:/home/azriel19/Documents/File TA/File Simul ICHIRO/webots_ws/install/kansei:/home/azriel19/Documents/File TA/File Simul ICHIRO/webots_ws/install/kansei_interfaces:/home/azriel19/Documents/File TA/File Simul ICHIRO/webots_ws/install/framework_math:/home/azriel19/Documents/File TA/File Simul ICHIRO/webots_ws/install/framework_common:/opt/ros/foxy LD_LIBRARY_PATH=/home/azriel19/Documents/File TA/File Simul ICHIRO/webots_ws/install/tachimawari/lib:/home/azriel19/Documents/File TA/File Simul ICHIRO/webots_ws/install/robocup_client/lib:/home/azriel19/Documents/File TA/File Simul ICHIRO/webots_ws/install/tachimawari_interfaces/lib:/home/azriel19/Documents/File TA/File Simul ICHIRO/webots_ws/install/musen/lib:/home/azriel19/Documents/File TA/File Simul ICHIRO/webots_ws/install/keisan/lib:/home/azriel19/Documents/File TA/File Simul ICHIRO/webots_ws/install/aruku/lib:/home/azriel19/Documents/File TA/File Simul ICHIRO/webots_ws/install/akushon/lib:/home/azriel19/Documents/File TA/File Simul ICHIRO/webots_ws/install/kansei/lib:/home/azriel19/Documents/File TA/File Simul ICHIRO/webots_ws/install/kansei_interfaces/lib:/home/azriel19/Documents/File TA/File Simul ICHIRO/webots_ws/install/framework_math/lib:/home/azriel19/Documents/File TA/File Simul ICHIRO/webots_ws/install/framework_common/lib:/opt/ros/foxy/opt/yaml_cpp_vendor/lib:/opt/ros/foxy/opt/rviz_ogre_vendor/lib:/opt/ros/foxy/lib/x86_64-linux-gnu:/opt/ros/foxy/lib /usr/bin/cmake --build /home/azriel19/Documents/File TA/File Simul ICHIRO/webots_ws/build/akushon -- -j4 -l4
[9.958s] DEBUG:colcon.colcon_core.event_handler.log_command:Invoked command in '/home/azriel19/Documents/File TA/File Simul ICHIRO/webots_ws/build/akushon' returned '0': CMAKE_PREFIX_PATH=/home/azriel19/Documents/File TA/File Simul ICHIRO/webots_ws/install/tachimawari:/home/azriel19/Documents/File TA/File Simul ICHIRO/webots_ws/install/robocup_client:/home/azriel19/Documents/File TA/File Simul ICHIRO/webots_ws/install/tachimawari_interfaces:/home/azriel19/Documents/File TA/File Simul ICHIRO/webots_ws/install/musen:/home/azriel19/Documents/File TA/File Simul ICHIRO/webots_ws/install/keisan:/home/azriel19/Documents/File TA/File Simul ICHIRO/webots_ws/install/aruku:/home/azriel19/Documents/File TA/File Simul ICHIRO/webots_ws/install/akushon:/home/azriel19/Documents/File TA/File Simul ICHIRO/webots_ws/install/kansei:/home/azriel19/Documents/File TA/File Simul ICHIRO/webots_ws/install/kansei_interfaces:/home/azriel19/Documents/File TA/File Simul ICHIRO/webots_ws/install/framework_math:/home/azriel19/Documents/File TA/File Simul ICHIRO/webots_ws/install/framework_common:/opt/ros/foxy LD_LIBRARY_PATH=/home/azriel19/Documents/File TA/File Simul ICHIRO/webots_ws/install/tachimawari/lib:/home/azriel19/Documents/File TA/File Simul ICHIRO/webots_ws/install/robocup_client/lib:/home/azriel19/Documents/File TA/File Simul ICHIRO/webots_ws/install/tachimawari_interfaces/lib:/home/azriel19/Documents/File TA/File Simul ICHIRO/webots_ws/install/musen/lib:/home/azriel19/Documents/File TA/File Simul ICHIRO/webots_ws/install/keisan/lib:/home/azriel19/Documents/File TA/File Simul ICHIRO/webots_ws/install/aruku/lib:/home/azriel19/Documents/File TA/File Simul ICHIRO/webots_ws/install/akushon/lib:/home/azriel19/Documents/File TA/File Simul ICHIRO/webots_ws/install/kansei/lib:/home/azriel19/Documents/File TA/File Simul ICHIRO/webots_ws/install/kansei_interfaces/lib:/home/azriel19/Documents/File TA/File Simul ICHIRO/webots_ws/install/framework_math/lib:/home/azriel19/Documents/File TA/File Simul ICHIRO/webots_ws/install/framework_common/lib:/opt/ros/foxy/opt/yaml_cpp_vendor/lib:/opt/ros/foxy/opt/rviz_ogre_vendor/lib:/opt/ros/foxy/lib/x86_64-linux-gnu:/opt/ros/foxy/lib /usr/bin/cmake --build /home/azriel19/Documents/File TA/File Simul ICHIRO/webots_ws/build/akushon -- -j4 -l4
[10.071s] DEBUG:colcon.colcon_core.event_handler.log_command:Invoking command in '/home/azriel19/Documents/File TA/File Simul ICHIRO/webots_ws/build/akushon': CMAKE_PREFIX_PATH=/home/azriel19/Documents/File TA/File Simul ICHIRO/webots_ws/install/tachimawari:/home/azriel19/Documents/File TA/File Simul ICHIRO/webots_ws/install/robocup_client:/home/azriel19/Documents/File TA/File Simul ICHIRO/webots_ws/install/tachimawari_interfaces:/home/azriel19/Documents/File TA/File Simul ICHIRO/webots_ws/install/musen:/home/azriel19/Documents/File TA/File Simul ICHIRO/webots_ws/install/keisan:/home/azriel19/Documents/File TA/File Simul ICHIRO/webots_ws/install/aruku:/home/azriel19/Documents/File TA/File Simul ICHIRO/webots_ws/install/akushon:/home/azriel19/Documents/File TA/File Simul ICHIRO/webots_ws/install/kansei:/home/azriel19/Documents/File TA/File Simul ICHIRO/webots_ws/install/kansei_interfaces:/home/azriel19/Documents/File TA/File Simul ICHIRO/webots_ws/install/framework_math:/home/azriel19/Documents/File TA/File Simul ICHIRO/webots_ws/install/framework_common:/opt/ros/foxy LD_LIBRARY_PATH=/home/azriel19/Documents/File TA/File Simul ICHIRO/webots_ws/install/tachimawari/lib:/home/azriel19/Documents/File TA/File Simul ICHIRO/webots_ws/install/robocup_client/lib:/home/azriel19/Documents/File TA/File Simul ICHIRO/webots_ws/install/tachimawari_interfaces/lib:/home/azriel19/Documents/File TA/File Simul ICHIRO/webots_ws/install/musen/lib:/home/azriel19/Documents/File TA/File Simul ICHIRO/webots_ws/install/keisan/lib:/home/azriel19/Documents/File TA/File Simul ICHIRO/webots_ws/install/aruku/lib:/home/azriel19/Documents/File TA/File Simul ICHIRO/webots_ws/install/akushon/lib:/home/azriel19/Documents/File TA/File Simul ICHIRO/webots_ws/install/kansei/lib:/home/azriel19/Documents/File TA/File Simul ICHIRO/webots_ws/install/kansei_interfaces/lib:/home/azriel19/Documents/File TA/File Simul ICHIRO/webots_ws/install/framework_math/lib:/home/azriel19/Documents/File TA/File Simul ICHIRO/webots_ws/install/framework_common/lib:/opt/ros/foxy/opt/yaml_cpp_vendor/lib:/opt/ros/foxy/opt/rviz_ogre_vendor/lib:/opt/ros/foxy/lib/x86_64-linux-gnu:/opt/ros/foxy/lib /usr/bin/cmake --install /home/azriel19/Documents/File TA/File Simul ICHIRO/webots_ws/build/akushon
[10.108s] Level 1:colcon.colcon_core.environment:create_environment_scripts_only(akushon)
[10.117s] Level 1:colcon.colcon_core.environment:checking '/home/azriel19/Documents/File TA/File Simul ICHIRO/webots_ws/install/akushon' for CMake module files
[10.120s] Level 1:colcon.colcon_core.environment:checking '/home/azriel19/Documents/File TA/File Simul ICHIRO/webots_ws/install/akushon' for CMake config files
[10.122s] Level 1:colcon.colcon_core.shell:create_environment_hook('akushon', 'cmake_prefix_path')
[10.124s] INFO:colcon.colcon_core.shell:Creating environment hook '/home/azriel19/Documents/File TA/File Simul ICHIRO/webots_ws/install/akushon/share/akushon/hook/cmake_prefix_path.ps1'
[10.125s] DEBUG:colcon.colcon_core.event_handler.log_command:Invoked command in '/home/azriel19/Documents/File TA/File Simul ICHIRO/webots_ws/build/akushon' returned '0': CMAKE_PREFIX_PATH=/home/azriel19/Documents/File TA/File Simul ICHIRO/webots_ws/install/tachimawari:/home/azriel19/Documents/File TA/File Simul ICHIRO/webots_ws/install/robocup_client:/home/azriel19/Documents/File TA/File Simul ICHIRO/webots_ws/install/tachimawari_interfaces:/home/azriel19/Documents/File TA/File Simul ICHIRO/webots_ws/install/musen:/home/azriel19/Documents/File TA/File Simul ICHIRO/webots_ws/install/keisan:/home/azriel19/Documents/File TA/File Simul ICHIRO/webots_ws/install/aruku:/home/azriel19/Documents/File TA/File Simul ICHIRO/webots_ws/install/akushon:/home/azriel19/Documents/File TA/File Simul ICHIRO/webots_ws/install/kansei:/home/azriel19/Documents/File TA/File Simul ICHIRO/webots_ws/install/kansei_interfaces:/home/azriel19/Documents/File TA/File Simul ICHIRO/webots_ws/install/framework_math:/home/azriel19/Documents/File TA/File Simul ICHIRO/webots_ws/install/framework_common:/opt/ros/foxy LD_LIBRARY_PATH=/home/azriel19/Documents/File TA/File Simul ICHIRO/webots_ws/install/tachimawari/lib:/home/azriel19/Documents/File TA/File Simul ICHIRO/webots_ws/install/robocup_client/lib:/home/azriel19/Documents/File TA/File Simul ICHIRO/webots_ws/install/tachimawari_interfaces/lib:/home/azriel19/Documents/File TA/File Simul ICHIRO/webots_ws/install/musen/lib:/home/azriel19/Documents/File TA/File Simul ICHIRO/webots_ws/install/keisan/lib:/home/azriel19/Documents/File TA/File Simul ICHIRO/webots_ws/install/aruku/lib:/home/azriel19/Documents/File TA/File Simul ICHIRO/webots_ws/install/akushon/lib:/home/azriel19/Documents/File TA/File Simul ICHIRO/webots_ws/install/kansei/lib:/home/azriel19/Documents/File TA/File Simul ICHIRO/webots_ws/install/kansei_interfaces/lib:/home/azriel19/Documents/File TA/File Simul ICHIRO/webots_ws/install/framework_math/lib:/home/azriel19/Documents/File TA/File Simul ICHIRO/webots_ws/install/framework_common/lib:/opt/ros/foxy/opt/yaml_cpp_vendor/lib:/opt/ros/foxy/opt/rviz_ogre_vendor/lib:/opt/ros/foxy/lib/x86_64-linux-gnu:/opt/ros/foxy/lib /usr/bin/cmake --install /home/azriel19/Documents/File TA/File Simul ICHIRO/webots_ws/build/akushon
[10.126s] INFO:colcon.colcon_core.shell:Creating environment descriptor '/home/azriel19/Documents/File TA/File Simul ICHIRO/webots_ws/install/akushon/share/akushon/hook/cmake_prefix_path.dsv'
[10.127s] INFO:colcon.colcon_core.shell:Creating environment hook '/home/azriel19/Documents/File TA/File Simul ICHIRO/webots_ws/install/akushon/share/akushon/hook/cmake_prefix_path.sh'
[10.128s] Level 1:colcon.colcon_core.environment:checking '/home/azriel19/Documents/File TA/File Simul ICHIRO/webots_ws/install/akushon/lib'
[10.129s] Level 1:colcon.colcon_core.shell:create_environment_hook('akushon', 'ld_library_path_lib')
[10.129s] INFO:colcon.colcon_core.shell:Creating environment hook '/home/azriel19/Documents/File TA/File Simul ICHIRO/webots_ws/install/akushon/share/akushon/hook/ld_library_path_lib.ps1'
[10.130s] INFO:colcon.colcon_core.shell:Creating environment descriptor '/home/azriel19/Documents/File TA/File Simul ICHIRO/webots_ws/install/akushon/share/akushon/hook/ld_library_path_lib.dsv'
[10.131s] INFO:colcon.colcon_core.shell:Creating environment hook '/home/azriel19/Documents/File TA/File Simul ICHIRO/webots_ws/install/akushon/share/akushon/hook/ld_library_path_lib.sh'
[10.131s] Level 1:colcon.colcon_core.environment:checking '/home/azriel19/Documents/File TA/File Simul ICHIRO/webots_ws/install/akushon/bin'
[10.131s] Level 1:colcon.colcon_core.environment:checking '/home/azriel19/Documents/File TA/File Simul ICHIRO/webots_ws/install/akushon/lib/pkgconfig/akushon.pc'
[10.132s] Level 1:colcon.colcon_core.environment:checking '/home/azriel19/Documents/File TA/File Simul ICHIRO/webots_ws/install/akushon/lib/python3.8/site-packages'
[10.133s] INFO:colcon.colcon_core.shell:Creating package script '/home/azriel19/Documents/File TA/File Simul ICHIRO/webots_ws/install/akushon/share/akushon/package.ps1'
[10.134s] INFO:colcon.colcon_core.shell:Creating package descriptor '/home/azriel19/Documents/File TA/File Simul ICHIRO/webots_ws/install/akushon/share/akushon/package.dsv'
[10.135s] INFO:colcon.colcon_core.shell:Creating package script '/home/azriel19/Documents/File TA/File Simul ICHIRO/webots_ws/install/akushon/share/akushon/package.sh'
[10.137s] INFO:colcon.colcon_core.shell:Creating package script '/home/azriel19/Documents/File TA/File Simul ICHIRO/webots_ws/install/akushon/share/akushon/package.bash'
[10.138s] INFO:colcon.colcon_core.shell:Creating package script '/home/azriel19/Documents/File TA/File Simul ICHIRO/webots_ws/install/akushon/share/akushon/package.zsh'
[10.140s] Level 1:colcon.colcon_core.environment:create_file_with_runtime_dependencies(/home/azriel19/Documents/File TA/File Simul ICHIRO/webots_ws/install/akushon/share/colcon-core/packages/akushon)
[10.223s] Level 1:colcon.colcon_core.environment:create_environment_scripts_only(akushon)
[10.225s] Level 1:colcon.colcon_core.environment:checking '/home/azriel19/Documents/File TA/File Simul ICHIRO/webots_ws/install/akushon' for CMake module files
[10.226s] Level 1:colcon.colcon_core.environment:checking '/home/azriel19/Documents/File TA/File Simul ICHIRO/webots_ws/install/akushon' for CMake config files
[10.227s] Level 1:colcon.colcon_core.shell:create_environment_hook('akushon', 'cmake_prefix_path')
[10.228s] INFO:colcon.colcon_core.shell:Creating environment hook '/home/azriel19/Documents/File TA/File Simul ICHIRO/webots_ws/install/akushon/share/akushon/hook/cmake_prefix_path.ps1'
[10.229s] INFO:colcon.colcon_core.shell:Creating environment descriptor '/home/azriel19/Documents/File TA/File Simul ICHIRO/webots_ws/install/akushon/share/akushon/hook/cmake_prefix_path.dsv'
[10.230s] INFO:colcon.colcon_core.shell:Creating environment hook '/home/azriel19/Documents/File TA/File Simul ICHIRO/webots_ws/install/akushon/share/akushon/hook/cmake_prefix_path.sh'
[10.231s] Level 1:colcon.colcon_core.environment:checking '/home/azriel19/Documents/File TA/File Simul ICHIRO/webots_ws/install/akushon/lib'
[10.231s] Level 1:colcon.colcon_core.shell:create_environment_hook('akushon', 'ld_library_path_lib')
[10.233s] INFO:colcon.colcon_core.shell:Creating environment hook '/home/azriel19/Documents/File TA/File Simul ICHIRO/webots_ws/install/akushon/share/akushon/hook/ld_library_path_lib.ps1'
[10.234s] INFO:colcon.colcon_core.shell:Creating environment descriptor '/home/azriel19/Documents/File TA/File Simul ICHIRO/webots_ws/install/akushon/share/akushon/hook/ld_library_path_lib.dsv'
[10.235s] INFO:colcon.colcon_core.shell:Creating environment hook '/home/azriel19/Documents/File TA/File Simul ICHIRO/webots_ws/install/akushon/share/akushon/hook/ld_library_path_lib.sh'
[10.237s] Level 1:colcon.colcon_core.environment:checking '/home/azriel19/Documents/File TA/File Simul ICHIRO/webots_ws/install/akushon/bin'
[10.238s] Level 1:colcon.colcon_core.environment:checking '/home/azriel19/Documents/File TA/File Simul ICHIRO/webots_ws/install/akushon/lib/pkgconfig/akushon.pc'
[10.239s] Level 1:colcon.colcon_core.environment:checking '/home/azriel19/Documents/File TA/File Simul ICHIRO/webots_ws/install/akushon/lib/python3.8/site-packages'
[10.242s] INFO:colcon.colcon_core.shell:Creating package script '/home/azriel19/Documents/File TA/File Simul ICHIRO/webots_ws/install/akushon/share/akushon/package.ps1'
[10.244s] INFO:colcon.colcon_core.shell:Creating package descriptor '/home/azriel19/Documents/File TA/File Simul ICHIRO/webots_ws/install/akushon/share/akushon/package.dsv'
[10.246s] INFO:colcon.colcon_core.shell:Creating package script '/home/azriel19/Documents/File TA/File Simul ICHIRO/webots_ws/install/akushon/share/akushon/package.sh'
[10.248s] INFO:colcon.colcon_core.shell:Creating package script '/home/azriel19/Documents/File TA/File Simul ICHIRO/webots_ws/install/akushon/share/akushon/package.bash'
[10.249s] INFO:colcon.colcon_core.shell:Creating package script '/home/azriel19/Documents/File TA/File Simul ICHIRO/webots_ws/install/akushon/share/akushon/package.zsh'
[10.250s] Level 1:colcon.colcon_core.environment:create_file_with_runtime_dependencies(/home/azriel19/Documents/File TA/File Simul ICHIRO/webots_ws/install/akushon/share/colcon-core/packages/akushon)
[10.252s] DEBUG:colcon.colcon_parallel_executor.executor.parallel:closing loop
[10.253s] DEBUG:colcon.colcon_parallel_executor.executor.parallel:loop closed
[10.253s] DEBUG:colcon.colcon_parallel_executor.executor.parallel:run_until_complete finished with '0'
[10.253s] DEBUG:colcon.colcon_core.event_reactor:joining thread
[10.266s] INFO:colcon.colcon_core.plugin_system:Skipping extension 'colcon_notification.desktop_notification.terminal_notifier': Not used on non-Darwin systems
[10.266s] INFO:colcon.colcon_core.plugin_system:Skipping extension 'colcon_notification.desktop_notification.win32': Not used on non-Windows systems
[10.266s] INFO:colcon.colcon_notification.desktop_notification:Sending desktop notification using 'notify2'
[10.314s] DEBUG:colcon.colcon_core.event_reactor:joined thread
[10.315s] INFO:colcon.colcon_core.shell:Creating prefix script '/home/azriel19/Documents/File TA/File Simul ICHIRO/webots_ws/install/local_setup.ps1'
[10.318s] INFO:colcon.colcon_core.shell:Creating prefix util module '/home/azriel19/Documents/File TA/File Simul ICHIRO/webots_ws/install/_local_setup_util_ps1.py'
[10.322s] INFO:colcon.colcon_core.shell:Creating prefix chain script '/home/azriel19/Documents/File TA/File Simul ICHIRO/webots_ws/install/setup.ps1'
[10.327s] INFO:colcon.colcon_core.shell:Creating prefix script '/home/azriel19/Documents/File TA/File Simul ICHIRO/webots_ws/install/local_setup.sh'
[10.330s] INFO:colcon.colcon_core.shell:Creating prefix util module '/home/azriel19/Documents/File TA/File Simul ICHIRO/webots_ws/install/_local_setup_util_sh.py'
[10.332s] INFO:colcon.colcon_core.shell:Creating prefix chain script '/home/azriel19/Documents/File TA/File Simul ICHIRO/webots_ws/install/setup.sh'
[10.340s] INFO:colcon.colcon_core.shell:Creating prefix script '/home/azriel19/Documents/File TA/File Simul ICHIRO/webots_ws/install/local_setup.bash'
[10.342s] INFO:colcon.colcon_core.shell:Creating prefix chain script '/home/azriel19/Documents/File TA/File Simul ICHIRO/webots_ws/install/setup.bash'
[10.347s] INFO:colcon.colcon_core.shell:Creating prefix script '/home/azriel19/Documents/File TA/File Simul ICHIRO/webots_ws/install/local_setup.zsh'
[10.349s] INFO:colcon.colcon_core.shell:Creating prefix chain script '/home/azriel19/Documents/File TA/File Simul ICHIRO/webots_ws/install/setup.zsh'
